2024-12-05 21:51:26.698 [main] INFO  DiscoveryServerApplication - Starting DiscoveryServerApplication using Java 17.0.11 with PID 11676 (C:\Users\omera\Desktop\laboratory-reporting-project\backend\discovery-server\target\classes started by asaf in C:\Users\omera\Desktop\laboratory-reporting-project)
2024-12-05 21:51:26.704 [main] DEBUG DiscoveryServerApplication - Running with Spring Boot v3.3.3, Spring v6.1.12
2024-12-05 21:51:26.705 [main] INFO  DiscoveryServerApplication - No active profile set, falling back to 1 default profile: "default"
2024-12-05 21:51:26.738 [main] INFO  ConfigServerConfigDataLoader - Fetching config from server at : http://localhost:8888
2024-12-05 21:51:26.740 [main] INFO  ConfigServerConfigDataLoader - Located environment: name=discovery-server, profiles=[default], label=null, version=a767abdc35d745c50f4555eafb10639fe4cfb72b, state=null
2024-12-05 21:51:27.665 [main] INFO  GenericScope - BeanFactory id=27fa30f8-6ad4-3c22-b5f7-660e2421446b
2024-12-05 21:51:27.712 [main] WARN  PostProcessorRegistrationDelegate$BeanPostProcessorChecker - Bean 'org.springframework.cloud.client.loadbalancer.LoadBalancerAutoConfiguration$DeferringLoadBalancerInterceptorConfig' of type [org.springframework.cloud.client.loadbalancer.LoadBalancerAutoConfiguration$DeferringLoadBalancerInterceptorConfig] is not eligible for getting processed by all BeanPostProcessors (for example: not eligible for auto-proxying). The currently created BeanPostProcessor [lbRestClientPostProcessor] is declared through a non-static factory method on that class; consider declaring it as static instead.
2024-12-05 21:51:27.714 [main] WARN  PostProcessorRegistrationDelegate$BeanPostProcessorChecker - Bean 'deferringLoadBalancerInterceptor' of type [org.springframework.cloud.client.loadbalancer.DeferringLoadBalancerInterceptor] is not eligible for getting processed by all BeanPostProcessors (for example: not eligible for auto-proxying). Is this bean getting eagerly injected into a currently created BeanPostProcessor [lbRestClientPostProcessor]? Check the corresponding BeanPostProcessor declaration and its dependencies.
2024-12-05 21:51:27.981 [main] INFO  TomcatWebServer - Tomcat initialized with port 8761 (http)
2024-12-05 21:51:27.994 [main] INFO  Http11NioProtocol - Initializing ProtocolHandler ["http-nio-8761"]
2024-12-05 21:51:27.996 [main] INFO  StandardService - Starting service [Tomcat]
2024-12-05 21:51:27.997 [main] INFO  StandardEngine - Starting Servlet engine: [Apache Tomcat/10.1.28]
2024-12-05 21:51:28.067 [main] INFO  [/] - Initializing Spring embedded WebApplicationContext
2024-12-05 21:51:28.068 [main] INFO  ServletWebServerApplicationContext - Root WebApplicationContext: initialization completed in 1326 ms
2024-12-05 21:51:28.964 [main] INFO  DiscoveryJerseyProvider - Using JSON encoding codec LegacyJacksonJson
2024-12-05 21:51:28.964 [main] INFO  DiscoveryJerseyProvider - Using JSON decoding codec LegacyJacksonJson
2024-12-05 21:51:29.123 [main] INFO  DiscoveryJerseyProvider - Using XML encoding codec XStreamXml
2024-12-05 21:51:29.123 [main] INFO  DiscoveryJerseyProvider - Using XML decoding codec XStreamXml
2024-12-05 21:51:30.302 [main] WARN  LoadBalancerCacheAutoConfiguration$LoadBalancerCaffeineWarnLogger - Spring Cloud LoadBalancer is currently working with the default cache. While this cache implementation is useful for development and tests, it's recommended to use Caffeine cache in production.You can switch to using Caffeine cache, by adding it and org.springframework.cache.caffeine.CaffeineCacheManager to the classpath.
2024-12-05 21:51:30.317 [main] INFO  InstanceInfoFactory - Setting initial instance status as: STARTING
2024-12-05 21:51:30.345 [main] INFO  DiscoveryClient - Initializing Eureka in region us-east-1
2024-12-05 21:51:30.345 [main] INFO  DiscoveryClient - Client configured to neither register nor query for data.
2024-12-05 21:51:30.355 [main] INFO  DiscoveryClient - Discovery Client initialized at timestamp 1733424690355 with initial instances count: 0
2024-12-05 21:51:30.389 [main] INFO  DefaultEurekaServerContext - Initializing ...
2024-12-05 21:51:30.390 [main] INFO  PeerEurekaNodes - Adding new peer nodes [http://localhost:8761/eureka/]
2024-12-05 21:51:30.425 [main] INFO  DiscoveryJerseyProvider - Using JSON encoding codec LegacyJacksonJson
2024-12-05 21:51:30.425 [main] INFO  DiscoveryJerseyProvider - Using JSON decoding codec LegacyJacksonJson
2024-12-05 21:51:30.425 [main] INFO  DiscoveryJerseyProvider - Using XML encoding codec XStreamXml
2024-12-05 21:51:30.425 [main] INFO  DiscoveryJerseyProvider - Using XML decoding codec XStreamXml
2024-12-05 21:51:30.470 [main] INFO  PeerEurekaNodes - Replica node URL:  http://localhost:8761/eureka/
2024-12-05 21:51:30.476 [main] INFO  AbstractInstanceRegistry - Finished initializing remote region registries. All known remote regions: []
2024-12-05 21:51:30.477 [main] INFO  DefaultEurekaServerContext - Initialized
2024-12-05 21:51:30.484 [main] INFO  EndpointLinksResolver - Exposing 1 endpoint beneath base path '/actuator'
2024-12-05 21:51:30.538 [main] INFO  EurekaServiceRegistry - Registering application DISCOVERY-SERVER with eureka with status UP
2024-12-05 21:51:30.544 [main] INFO  Http11NioProtocol - Starting ProtocolHandler ["http-nio-8761"]
2024-12-05 21:51:30.566 [Thread-10] INFO  EurekaServerBootstrap - isAws returned false
2024-12-05 21:51:30.567 [Thread-10] INFO  EurekaServerBootstrap - Initialized server context
2024-12-05 21:51:30.567 [Thread-10] INFO  PeerAwareInstanceRegistryImpl - Got 1 instances from neighboring DS node
2024-12-05 21:51:30.568 [Thread-10] INFO  PeerAwareInstanceRegistryImpl - Renew threshold is: 1
2024-12-05 21:51:30.569 [Thread-10] INFO  PeerAwareInstanceRegistryImpl - Changing status to UP
2024-12-05 21:51:30.583 [Thread-10] INFO  EurekaServerInitializerConfiguration - Started Eureka Server
2024-12-05 21:51:30.592 [main] INFO  TomcatWebServer - Tomcat started on port 8761 (http) with context path '/'
2024-12-05 21:51:30.594 [main] INFO  EurekaAutoServiceRegistration - Updating port to 8761
2024-12-05 21:51:30.746 [main] INFO  DiscoveryServerApplication - Started DiscoveryServerApplication in 7.419 seconds (process running for 11.587)
2024-12-05 21:52:30.571 [Eureka-EvictionTimer] INFO  AbstractInstanceRegistry - Running the evict task with compensationTime 0ms
2024-12-05 21:53:24.510 [http-nio-8761-exec-1] INFO  [/] - Initializing Spring DispatcherServlet 'dispatcherServlet'
2024-12-05 21:53:24.511 [http-nio-8761-exec-1] INFO  DispatcherServlet - Initializing Servlet 'dispatcherServlet'
2024-12-05 21:53:24.512 [http-nio-8761-exec-1] INFO  DispatcherServlet - Completed initialization in 1 ms
2024-12-05 21:53:24.842 [http-nio-8761-exec-2] INFO  AbstractInstanceRegistry - Registered instance API-GATEWAY/10.7.85.246:api-gateway:8080 with status UP (replication=false)
2024-12-05 21:53:25.623 [http-nio-8761-exec-3] INFO  AbstractInstanceRegistry - Registered instance API-GATEWAY/10.7.85.246:api-gateway:8080 with status UP (replication=true)
2024-12-05 21:53:30.571 [Eureka-EvictionTimer] INFO  AbstractInstanceRegistry - Running the evict task with compensationTime 0ms
2024-12-05 21:54:06.667 [http-nio-8761-exec-6] INFO  AbstractInstanceRegistry - Registered instance AUTH-SERVICE/10.7.85.246:auth-service:8081 with status UP (replication=false)
2024-12-05 21:54:07.182 [http-nio-8761-exec-9] INFO  AbstractInstanceRegistry - Registered instance AUTH-SERVICE/10.7.85.246:auth-service:8081 with status UP (replication=true)
2024-12-05 21:54:30.572 [Eureka-EvictionTimer] INFO  AbstractInstanceRegistry - Running the evict task with compensationTime 0ms
2024-12-05 21:54:43.269 [http-nio-8761-exec-5] INFO  AbstractInstanceRegistry - Registered instance USER-MANAGEMENT-SERVICE/10.7.85.246:user-management-service:8082 with status UP (replication=false)
2024-12-05 21:54:43.778 [http-nio-8761-exec-6] INFO  AbstractInstanceRegistry - Registered instance USER-MANAGEMENT-SERVICE/10.7.85.246:user-management-service:8082 with status UP (replication=true)
2024-12-05 21:55:26.770 [http-nio-8761-exec-2] INFO  AbstractInstanceRegistry - Registered instance PATIENT-SERVICE/10.7.85.246:patient-service:8083 with status UP (replication=false)
2024-12-05 21:55:27.279 [http-nio-8761-exec-3] INFO  AbstractInstanceRegistry - Registered instance PATIENT-SERVICE/10.7.85.246:patient-service:8083 with status UP (replication=true)
2024-12-05 21:55:30.572 [Eureka-EvictionTimer] INFO  AbstractInstanceRegistry - Running the evict task with compensationTime 0ms
2024-12-05 21:56:30.572 [Eureka-EvictionTimer] INFO  AbstractInstanceRegistry - Running the evict task with compensationTime 0ms
2024-12-05 21:57:02.511 [http-nio-8761-exec-1] INFO  AbstractInstanceRegistry - Registered instance REPORT-SERVICE/10.7.85.246:report-service:8084 with status UP (replication=false)
2024-12-05 21:57:03.022 [http-nio-8761-exec-2] INFO  AbstractInstanceRegistry - Registered instance REPORT-SERVICE/10.7.85.246:report-service:8084 with status UP (replication=true)
2024-12-05 21:57:30.573 [Eureka-EvictionTimer] INFO  AbstractInstanceRegistry - Running the evict task with compensationTime 0ms
2024-12-05 21:58:30.574 [Eureka-EvictionTimer] INFO  AbstractInstanceRegistry - Running the evict task with compensationTime 0ms
2024-12-05 21:59:30.578 [Eureka-EvictionTimer] INFO  AbstractInstanceRegistry - Running the evict task with compensationTime 4ms
2024-12-05 22:00:30.581 [Eureka-EvictionTimer] INFO  AbstractInstanceRegistry - Running the evict task with compensationTime 3ms
2024-12-05 22:01:30.589 [Eureka-EvictionTimer] INFO  AbstractInstanceRegistry - Running the evict task with compensationTime 7ms
2024-12-05 22:02:30.596 [Eureka-EvictionTimer] INFO  AbstractInstanceRegistry - Running the evict task with compensationTime 7ms
2024-12-05 22:03:30.601 [Eureka-EvictionTimer] INFO  AbstractInstanceRegistry - Running the evict task with compensationTime 4ms
2024-12-05 22:04:30.607 [Eureka-EvictionTimer] INFO  AbstractInstanceRegistry - Running the evict task with compensationTime 6ms
2024-12-05 22:05:30.619 [Eureka-EvictionTimer] INFO  AbstractInstanceRegistry - Running the evict task with compensationTime 11ms
2024-12-05 22:06:30.486 [ReplicaAwareInstanceRegistry - RenewalThresholdUpdater] INFO  PeerAwareInstanceRegistryImpl - Current renewal threshold is : 10
2024-12-05 22:06:30.628 [Eureka-EvictionTimer] INFO  AbstractInstanceRegistry - Running the evict task with compensationTime 8ms
2024-12-05 22:07:30.675 [Eureka-EvictionTimer] INFO  AbstractInstanceRegistry - Running the evict task with compensationTime 6ms
2024-12-05 22:08:30.635 [Eureka-EvictionTimer] INFO  AbstractInstanceRegistry - Running the evict task with compensationTime 0ms
2024-12-05 22:08:32.110 [http-nio-8761-exec-1] INFO  AbstractInstanceRegistry - Registered instance ANALYTICS-SERVICE/10.7.85.246:analytics-service:8085 with status UP (replication=false)
2024-12-05 22:08:32.630 [http-nio-8761-exec-4] INFO  AbstractInstanceRegistry - Registered instance ANALYTICS-SERVICE/10.7.85.246:analytics-service:8085 with status UP (replication=true)
2024-12-05 22:09:18.774 [TaskBatchingWorker-target_localhost-7] ERROR ReplicationTaskProcessor - It seems to be a socket read timeout exception, it will retry later. if it continues to happen and some eureka node occupied all the cpu time, you should set property 'eureka.server.peer-node-read-timeout-ms' to a bigger value
jakarta.ws.rs.ProcessingException: java.net.SocketTimeoutException: Read timed out
	at org.glassfish.jersey.apache.connector.ApacheConnector.apply(ApacheConnector.java:534) ~[jersey-apache-connector-3.1.8.jar:?]
	at org.glassfish.jersey.client.ClientRuntime.invoke(ClientRuntime.java:300) ~[jersey-client-3.1.8.jar:?]
	at org.glassfish.jersey.client.JerseyInvocation.lambda$invoke$0(JerseyInvocation.java:674) ~[jersey-client-3.1.8.jar:?]
	at org.glassfish.jersey.client.JerseyInvocation.call(JerseyInvocation.java:709) ~[jersey-client-3.1.8.jar:?]
	at org.glassfish.jersey.client.JerseyInvocation.lambda$runInScope$3(JerseyInvocation.java:703) ~[jersey-client-3.1.8.jar:?]
	at org.glassfish.jersey.internal.Errors.process(Errors.java:292) ~[jersey-common-3.1.8.jar:?]
	at org.glassfish.jersey.internal.Errors.process(Errors.java:274) ~[jersey-common-3.1.8.jar:?]
	at org.glassfish.jersey.internal.Errors.process(Errors.java:205) ~[jersey-common-3.1.8.jar:?]
	at org.glassfish.jersey.process.internal.RequestScope.runInScope(RequestScope.java:391) ~[jersey-common-3.1.8.jar:?]
	at org.glassfish.jersey.client.JerseyInvocation.runInScope(JerseyInvocation.java:703) ~[jersey-client-3.1.8.jar:?]
	at org.glassfish.jersey.client.JerseyInvocation.invoke(JerseyInvocation.java:673) ~[jersey-client-3.1.8.jar:?]
	at org.glassfish.jersey.client.JerseyInvocation$Builder.method(JerseyInvocation.java:439) ~[jersey-client-3.1.8.jar:?]
	at org.glassfish.jersey.client.JerseyInvocation$Builder.post(JerseyInvocation.java:345) ~[jersey-client-3.1.8.jar:?]
	at com.netflix.eureka.transport.Jersey3ReplicationClient.submitBatchUpdates(Jersey3ReplicationClient.java:116) ~[eureka-core-jersey3-2.0.2.jar:2.0.2]
	at com.netflix.eureka.cluster.ReplicationTaskProcessor.process(ReplicationTaskProcessor.java:80) [eureka-core-2.0.2.jar:2.0.2]
	at com.netflix.eureka.util.batcher.TaskExecutors$BatchWorkerRunnable.run(TaskExecutors.java:190) [eureka-core-2.0.2.jar:2.0.2]
	at java.base/java.lang.Thread.run(Thread.java:842) [?:?]
Caused by: java.net.SocketTimeoutException: Read timed out
	at java.base/sun.nio.ch.NioSocketImpl.timedRead(NioSocketImpl.java:288) ~[?:?]
	at java.base/sun.nio.ch.NioSocketImpl.implRead(NioSocketImpl.java:314) ~[?:?]
	at java.base/sun.nio.ch.NioSocketImpl.read(NioSocketImpl.java:355) ~[?:?]
	at java.base/sun.nio.ch.NioSocketImpl$1.read(NioSocketImpl.java:808) ~[?:?]
	at java.base/java.net.Socket$SocketInputStream.read(Socket.java:966) ~[?:?]
	at org.apache.http.impl.io.SessionInputBufferImpl.streamRead(SessionInputBufferImpl.java:137) ~[httpcore-4.4.16.jar:4.4.16]
	at org.apache.http.impl.io.SessionInputBufferImpl.fillBuffer(SessionInputBufferImpl.java:153) ~[httpcore-4.4.16.jar:4.4.16]
	at org.apache.http.impl.io.SessionInputBufferImpl.readLine(SessionInputBufferImpl.java:280) ~[httpcore-4.4.16.jar:4.4.16]
	at org.apache.http.impl.conn.DefaultHttpResponseParser.parseHead(DefaultHttpResponseParser.java:138) ~[httpclient-4.5.3.jar:4.5.3]
	at org.apache.http.impl.conn.DefaultHttpResponseParser.parseHead(DefaultHttpResponseParser.java:56) ~[httpclient-4.5.3.jar:4.5.3]
	at org.apache.http.impl.io.AbstractMessageParser.parse(AbstractMessageParser.java:259) ~[httpcore-4.4.16.jar:4.4.16]
	at org.apache.http.impl.DefaultBHttpClientConnection.receiveResponseHeader(DefaultBHttpClientConnection.java:163) ~[httpcore-4.4.16.jar:4.4.16]
	at org.apache.http.impl.conn.CPoolProxy.receiveResponseHeader(CPoolProxy.java:165) ~[httpclient-4.5.3.jar:4.5.3]
	at org.apache.http.protocol.HttpRequestExecutor.doReceiveResponse(HttpRequestExecutor.java:273) ~[httpcore-4.4.16.jar:4.4.16]
	at org.apache.http.protocol.HttpRequestExecutor.execute(HttpRequestExecutor.java:125) ~[httpcore-4.4.16.jar:4.4.16]
	at org.apache.http.impl.execchain.MainClientExec.execute(MainClientExec.java:272) ~[httpclient-4.5.3.jar:4.5.3]
	at org.apache.http.impl.execchain.ProtocolExec.execute(ProtocolExec.java:185) ~[httpclient-4.5.3.jar:4.5.3]
	at org.apache.http.impl.execchain.RetryExec.execute(RetryExec.java:89) ~[httpclient-4.5.3.jar:4.5.3]
	at org.apache.http.impl.execchain.RedirectExec.execute(RedirectExec.java:111) ~[httpclient-4.5.3.jar:4.5.3]
	at org.apache.http.impl.client.InternalHttpClient.doExecute(InternalHttpClient.java:185) ~[httpclient-4.5.3.jar:4.5.3]
	at org.apache.http.impl.client.CloseableHttpClient.execute(CloseableHttpClient.java:72) ~[httpclient-4.5.3.jar:4.5.3]
	at org.glassfish.jersey.apache.connector.ApacheConnector.apply(ApacheConnector.java:486) ~[jersey-apache-connector-3.1.8.jar:?]
	... 16 more
2024-12-05 22:09:30.636 [Eureka-EvictionTimer] INFO  AbstractInstanceRegistry - Running the evict task with compensationTime 0ms
2024-12-05 22:10:30.650 [Eureka-EvictionTimer] INFO  AbstractInstanceRegistry - Running the evict task with compensationTime 14ms
2024-12-05 22:11:30.651 [Eureka-EvictionTimer] INFO  AbstractInstanceRegistry - Running the evict task with compensationTime 1ms
2024-12-05 22:12:30.655 [Eureka-EvictionTimer] INFO  AbstractInstanceRegistry - Running the evict task with compensationTime 3ms
2024-12-05 22:13:30.665 [Eureka-EvictionTimer] INFO  AbstractInstanceRegistry - Running the evict task with compensationTime 10ms
2024-12-05 22:14:30.671 [Eureka-EvictionTimer] INFO  AbstractInstanceRegistry - Running the evict task with compensationTime 6ms
2024-12-05 22:15:30.680 [Eureka-EvictionTimer] INFO  AbstractInstanceRegistry - Running the evict task with compensationTime 7ms
2024-12-05 22:15:34.813 [http-nio-8761-exec-7] INFO  AbstractInstanceRegistry - Registered instance ANALYTICS-SERVICE/10.7.85.246:analytics-service:8085 with status DOWN (replication=false)
2024-12-05 22:15:34.929 [http-nio-8761-exec-1] INFO  AbstractInstanceRegistry - Registered instance AUTH-SERVICE/10.7.85.246:auth-service:8081 with status DOWN (replication=false)
2024-12-05 22:15:34.979 [SpringApplicationShutdownHook] INFO  EurekaServiceRegistry - Unregistering application DISCOVERY-SERVER with eureka with status DOWN
2024-12-05 22:15:35.033 [http-nio-8761-exec-6] INFO  AbstractInstanceRegistry - Registered instance API-GATEWAY/10.7.85.246:api-gateway:8080 with status DOWN (replication=false)
2024-12-05 22:15:35.411 [TaskBatchingWorker-target_localhost-12] ERROR ReplicationTaskProcessor - Network level connection to peer localhost; retrying after delay
jakarta.ws.rs.ProcessingException: org.apache.http.NoHttpResponseException: localhost:8761 failed to respond
	at org.glassfish.jersey.apache.connector.ApacheConnector.apply(ApacheConnector.java:534) ~[jersey-apache-connector-3.1.8.jar:?]
	at org.glassfish.jersey.client.ClientRuntime.invoke(ClientRuntime.java:300) ~[jersey-client-3.1.8.jar:?]
	at org.glassfish.jersey.client.JerseyInvocation.lambda$invoke$0(JerseyInvocation.java:674) ~[jersey-client-3.1.8.jar:?]
	at org.glassfish.jersey.client.JerseyInvocation.call(JerseyInvocation.java:709) ~[jersey-client-3.1.8.jar:?]
	at org.glassfish.jersey.client.JerseyInvocation.lambda$runInScope$3(JerseyInvocation.java:703) ~[jersey-client-3.1.8.jar:?]
	at org.glassfish.jersey.internal.Errors.process(Errors.java:292) ~[jersey-common-3.1.8.jar:?]
	at org.glassfish.jersey.internal.Errors.process(Errors.java:274) ~[jersey-common-3.1.8.jar:?]
	at org.glassfish.jersey.internal.Errors.process(Errors.java:205) ~[jersey-common-3.1.8.jar:?]
	at org.glassfish.jersey.process.internal.RequestScope.runInScope(RequestScope.java:391) ~[jersey-common-3.1.8.jar:?]
	at org.glassfish.jersey.client.JerseyInvocation.runInScope(JerseyInvocation.java:703) ~[jersey-client-3.1.8.jar:?]
	at org.glassfish.jersey.client.JerseyInvocation.invoke(JerseyInvocation.java:673) ~[jersey-client-3.1.8.jar:?]
	at org.glassfish.jersey.client.JerseyInvocation$Builder.method(JerseyInvocation.java:439) ~[jersey-client-3.1.8.jar:?]
	at org.glassfish.jersey.client.JerseyInvocation$Builder.post(JerseyInvocation.java:345) ~[jersey-client-3.1.8.jar:?]
	at com.netflix.eureka.transport.Jersey3ReplicationClient.submitBatchUpdates(Jersey3ReplicationClient.java:116) ~[eureka-core-jersey3-2.0.2.jar:2.0.2]
	at com.netflix.eureka.cluster.ReplicationTaskProcessor.process(ReplicationTaskProcessor.java:80) [eureka-core-2.0.2.jar:2.0.2]
	at com.netflix.eureka.util.batcher.TaskExecutors$BatchWorkerRunnable.run(TaskExecutors.java:190) [eureka-core-2.0.2.jar:2.0.2]
	at java.base/java.lang.Thread.run(Thread.java:842) [?:?]
Caused by: org.apache.http.NoHttpResponseException: localhost:8761 failed to respond
	at org.apache.http.impl.conn.DefaultHttpResponseParser.parseHead(DefaultHttpResponseParser.java:141) ~[httpclient-4.5.3.jar:4.5.3]
	at org.apache.http.impl.conn.DefaultHttpResponseParser.parseHead(DefaultHttpResponseParser.java:56) ~[httpclient-4.5.3.jar:4.5.3]
	at org.apache.http.impl.io.AbstractMessageParser.parse(AbstractMessageParser.java:259) ~[httpcore-4.4.16.jar:4.4.16]
	at org.apache.http.impl.DefaultBHttpClientConnection.receiveResponseHeader(DefaultBHttpClientConnection.java:163) ~[httpcore-4.4.16.jar:4.4.16]
	at org.apache.http.impl.conn.CPoolProxy.receiveResponseHeader(CPoolProxy.java:165) ~[httpclient-4.5.3.jar:4.5.3]
	at org.apache.http.protocol.HttpRequestExecutor.doReceiveResponse(HttpRequestExecutor.java:273) ~[httpcore-4.4.16.jar:4.4.16]
	at org.apache.http.protocol.HttpRequestExecutor.execute(HttpRequestExecutor.java:125) ~[httpcore-4.4.16.jar:4.4.16]
	at org.apache.http.impl.execchain.MainClientExec.execute(MainClientExec.java:272) ~[httpclient-4.5.3.jar:4.5.3]
	at org.apache.http.impl.execchain.ProtocolExec.execute(ProtocolExec.java:185) ~[httpclient-4.5.3.jar:4.5.3]
	at org.apache.http.impl.execchain.RetryExec.execute(RetryExec.java:89) ~[httpclient-4.5.3.jar:4.5.3]
	at org.apache.http.impl.execchain.RedirectExec.execute(RedirectExec.java:111) ~[httpclient-4.5.3.jar:4.5.3]
	at org.apache.http.impl.client.InternalHttpClient.doExecute(InternalHttpClient.java:185) ~[httpclient-4.5.3.jar:4.5.3]
	at org.apache.http.impl.client.CloseableHttpClient.execute(CloseableHttpClient.java:72) ~[httpclient-4.5.3.jar:4.5.3]
	at org.glassfish.jersey.apache.connector.ApacheConnector.apply(ApacheConnector.java:486) ~[jersey-apache-connector-3.1.8.jar:?]
	... 16 more
2024-12-05 22:15:35.533 [TaskBatchingWorker-target_localhost-0] INFO  RetryExec - I/O exception (java.net.SocketException) caught when processing request to {}->http://localhost:8761: An established connection was aborted by the software in your host machine
2024-12-05 22:15:35.852 [TaskBatchingWorker-target_localhost-18] ERROR ReplicationTaskProcessor - It seems to be a socket read timeout exception, it will retry later. if it continues to happen and some eureka node occupied all the cpu time, you should set property 'eureka.server.peer-node-read-timeout-ms' to a bigger value
jakarta.ws.rs.ProcessingException: java.net.SocketTimeoutException: Read timed out
	at org.glassfish.jersey.apache.connector.ApacheConnector.apply(ApacheConnector.java:534) ~[jersey-apache-connector-3.1.8.jar:?]
	at org.glassfish.jersey.client.ClientRuntime.invoke(ClientRuntime.java:300) ~[jersey-client-3.1.8.jar:?]
	at org.glassfish.jersey.client.JerseyInvocation.lambda$invoke$0(JerseyInvocation.java:674) ~[jersey-client-3.1.8.jar:?]
	at org.glassfish.jersey.client.JerseyInvocation.call(JerseyInvocation.java:709) ~[jersey-client-3.1.8.jar:?]
	at org.glassfish.jersey.client.JerseyInvocation.lambda$runInScope$3(JerseyInvocation.java:703) ~[jersey-client-3.1.8.jar:?]
	at org.glassfish.jersey.internal.Errors.process(Errors.java:292) ~[jersey-common-3.1.8.jar:?]
	at org.glassfish.jersey.internal.Errors.process(Errors.java:274) ~[jersey-common-3.1.8.jar:?]
	at org.glassfish.jersey.internal.Errors.process(Errors.java:205) ~[jersey-common-3.1.8.jar:?]
	at org.glassfish.jersey.process.internal.RequestScope.runInScope(RequestScope.java:391) ~[jersey-common-3.1.8.jar:?]
	at org.glassfish.jersey.client.JerseyInvocation.runInScope(JerseyInvocation.java:703) ~[jersey-client-3.1.8.jar:?]
	at org.glassfish.jersey.client.JerseyInvocation.invoke(JerseyInvocation.java:673) ~[jersey-client-3.1.8.jar:?]
	at org.glassfish.jersey.client.JerseyInvocation$Builder.method(JerseyInvocation.java:439) ~[jersey-client-3.1.8.jar:?]
	at org.glassfish.jersey.client.JerseyInvocation$Builder.post(JerseyInvocation.java:345) ~[jersey-client-3.1.8.jar:?]
	at com.netflix.eureka.transport.Jersey3ReplicationClient.submitBatchUpdates(Jersey3ReplicationClient.java:116) ~[eureka-core-jersey3-2.0.2.jar:2.0.2]
	at com.netflix.eureka.cluster.ReplicationTaskProcessor.process(ReplicationTaskProcessor.java:80) [eureka-core-2.0.2.jar:2.0.2]
	at com.netflix.eureka.util.batcher.TaskExecutors$BatchWorkerRunnable.run(TaskExecutors.java:190) [eureka-core-2.0.2.jar:2.0.2]
	at java.base/java.lang.Thread.run(Thread.java:842) [?:?]
Caused by: java.net.SocketTimeoutException: Read timed out
	at java.base/sun.nio.ch.NioSocketImpl.timedRead(NioSocketImpl.java:288) ~[?:?]
	at java.base/sun.nio.ch.NioSocketImpl.implRead(NioSocketImpl.java:314) ~[?:?]
	at java.base/sun.nio.ch.NioSocketImpl.read(NioSocketImpl.java:355) ~[?:?]
	at java.base/sun.nio.ch.NioSocketImpl$1.read(NioSocketImpl.java:808) ~[?:?]
	at java.base/java.net.Socket$SocketInputStream.read(Socket.java:966) ~[?:?]
	at org.apache.http.impl.io.SessionInputBufferImpl.streamRead(SessionInputBufferImpl.java:137) ~[httpcore-4.4.16.jar:4.4.16]
	at org.apache.http.impl.io.SessionInputBufferImpl.fillBuffer(SessionInputBufferImpl.java:153) ~[httpcore-4.4.16.jar:4.4.16]
	at org.apache.http.impl.io.SessionInputBufferImpl.readLine(SessionInputBufferImpl.java:280) ~[httpcore-4.4.16.jar:4.4.16]
	at org.apache.http.impl.conn.DefaultHttpResponseParser.parseHead(DefaultHttpResponseParser.java:138) ~[httpclient-4.5.3.jar:4.5.3]
	at org.apache.http.impl.conn.DefaultHttpResponseParser.parseHead(DefaultHttpResponseParser.java:56) ~[httpclient-4.5.3.jar:4.5.3]
	at org.apache.http.impl.io.AbstractMessageParser.parse(AbstractMessageParser.java:259) ~[httpcore-4.4.16.jar:4.4.16]
	at org.apache.http.impl.DefaultBHttpClientConnection.receiveResponseHeader(DefaultBHttpClientConnection.java:163) ~[httpcore-4.4.16.jar:4.4.16]
	at org.apache.http.impl.conn.CPoolProxy.receiveResponseHeader(CPoolProxy.java:165) ~[httpclient-4.5.3.jar:4.5.3]
	at org.apache.http.protocol.HttpRequestExecutor.doReceiveResponse(HttpRequestExecutor.java:273) ~[httpcore-4.4.16.jar:4.4.16]
	at org.apache.http.protocol.HttpRequestExecutor.execute(HttpRequestExecutor.java:125) ~[httpcore-4.4.16.jar:4.4.16]
	at org.apache.http.impl.execchain.MainClientExec.execute(MainClientExec.java:272) ~[httpclient-4.5.3.jar:4.5.3]
	at org.apache.http.impl.execchain.ProtocolExec.execute(ProtocolExec.java:185) ~[httpclient-4.5.3.jar:4.5.3]
	at org.apache.http.impl.execchain.RetryExec.execute(RetryExec.java:89) ~[httpclient-4.5.3.jar:4.5.3]
	at org.apache.http.impl.execchain.RedirectExec.execute(RedirectExec.java:111) ~[httpclient-4.5.3.jar:4.5.3]
	at org.apache.http.impl.client.InternalHttpClient.doExecute(InternalHttpClient.java:185) ~[httpclient-4.5.3.jar:4.5.3]
	at org.apache.http.impl.client.CloseableHttpClient.execute(CloseableHttpClient.java:72) ~[httpclient-4.5.3.jar:4.5.3]
	at org.glassfish.jersey.apache.connector.ApacheConnector.apply(ApacheConnector.java:486) ~[jersey-apache-connector-3.1.8.jar:?]
	... 16 more
2024-12-05 22:15:35.953 [SpringApplicationShutdownHook] INFO  EurekaServerBootstrap - Shutting down Eureka Server..
2024-12-05 22:15:36.006 [SpringApplicationShutdownHook] INFO  DefaultEurekaServerContext - Shutting down ...
2024-12-05 22:15:36.018 [SpringApplicationShutdownHook] INFO  StatsMonitor - Attempting to get the value for an expired monitor: eurekaServer.replication.batchSize.Will start computing stats again.
2024-12-05 22:15:36.033 [SpringApplicationShutdownHook] INFO  StatsMonitor - Attempting to get the value for an expired monitor: eurekaServer.replication.executionTime.Will start computing stats again.
2024-12-05 22:15:36.034 [SpringApplicationShutdownHook] INFO  StatsMonitor - Attempting to get the value for an expired monitor: eurekaServer.replication.executionTime.Will start computing stats again.
2024-12-05 22:15:36.036 [SpringApplicationShutdownHook] INFO  StatsMonitor - Attempting to get the value for an expired monitor: eurekaServer.replication.batchSize.Will start computing stats again.
2024-12-05 22:15:36.050 [Eureka-Jersey3Client-Conn-Cleaner2] ERROR EurekaJersey3ClientImpl - Cannot clean connections
java.lang.IllegalStateException: Client instance has been closed.
	at org.glassfish.jersey.internal.guava.Preconditions.checkState(Preconditions.java:169) ~[jersey-common-3.1.8.jar:?]
	at org.glassfish.jersey.client.JerseyClient.checkNotClosed(JerseyClient.java:248) ~[jersey-client-3.1.8.jar:?]
	at org.glassfish.jersey.client.JerseyClient.getConfiguration(JerseyClient.java:363) ~[jersey-client-3.1.8.jar:?]
	at org.glassfish.jersey.client.JerseyClient.getConfiguration(JerseyClient.java:54) ~[jersey-client-3.1.8.jar:?]
	at com.netflix.discovery.shared.transport.jersey3.EurekaJersey3ClientImpl$ConnectionCleanerTask.run(EurekaJersey3ClientImpl.java:347) [eureka-client-jersey3-2.0.2.jar:2.0.2]
	at java.base/java.util.concurrent.Executors$RunnableAdapter.call(Executors.java:539) [?:?]
	at java.base/java.util.concurrent.FutureTask.run(FutureTask.java:264) [?:?]
	at java.base/java.util.concurrent.ScheduledThreadPoolExecutor$ScheduledFutureTask.run(ScheduledThreadPoolExecutor.java:304) [?:?]
	at java.base/java.util.concurrent.ThreadPoolExecutor.runWorker(ThreadPoolExecutor.java:1136) [?:?]
	at java.base/java.util.concurrent.ThreadPoolExecutor$Worker.run(ThreadPoolExecutor.java:635) [?:?]
	at java.base/java.lang.Thread.run(Thread.java:842) [?:?]
2024-12-05 22:15:36.155 [SpringApplicationShutdownHook] INFO  DefaultEurekaServerContext - Shut down
2024-12-05 22:15:36.155 [SpringApplicationShutdownHook] INFO  EurekaServerBootstrap - Eureka Service is now shutdown...
2024-12-05 22:15:36.171 [SpringApplicationShutdownHook] INFO  DefaultEurekaServerContext - Shutting down ...
2024-12-05 22:15:36.198 [SpringApplicationShutdownHook] INFO  DefaultEurekaServerContext - Shut down
2024-12-05 22:15:36.314 [SpringApplicationShutdownHook] INFO  DiscoveryClient - Shutting down DiscoveryClient ...
2024-12-05 22:15:36.332 [SpringApplicationShutdownHook] INFO  DiscoveryClient - Completed shut down of DiscoveryClient
