2025-01-19 21:15:14.977 [main] INFO  DiscoveryServerApplication - Starting DiscoveryServerApplication using Java 17.0.11 with PID 17288 (C:\Users\omera\Desktop\laboratory-reporting-project\backend\discovery-server\target\classes started by asaf in C:\Users\omera\Desktop\laboratory-reporting-project)
2025-01-19 21:15:14.982 [main] DEBUG DiscoveryServerApplication - Running with Spring Boot v3.3.3, Spring v6.1.12
2025-01-19 21:15:14.983 [main] INFO  DiscoveryServerApplication - No active profile set, falling back to 1 default profile: "default"
2025-01-19 21:15:15.048 [main] INFO  ConfigServerConfigDataLoader - Fetching config from server at : http://localhost:8888
2025-01-19 21:15:15.048 [main] INFO  ConfigServerConfigDataLoader - Located environment: name=discovery-server, profiles=[default], label=null, version=893b91768adbc0eed10d53f79e497402ed99ef19, state=null
2025-01-19 21:15:16.650 [main] INFO  GenericScope - BeanFactory id=27fa30f8-6ad4-3c22-b5f7-660e2421446b
2025-01-19 21:15:16.763 [main] WARN  PostProcessorRegistrationDelegate$BeanPostProcessorChecker - Bean 'org.springframework.cloud.client.loadbalancer.LoadBalancerAutoConfiguration$DeferringLoadBalancerInterceptorConfig' of type [org.springframework.cloud.client.loadbalancer.LoadBalancerAutoConfiguration$DeferringLoadBalancerInterceptorConfig] is not eligible for getting processed by all BeanPostProcessors (for example: not eligible for auto-proxying). The currently created BeanPostProcessor [lbRestClientPostProcessor] is declared through a non-static factory method on that class; consider declaring it as static instead.
2025-01-19 21:15:16.770 [main] WARN  PostProcessorRegistrationDelegate$BeanPostProcessorChecker - Bean 'deferringLoadBalancerInterceptor' of type [org.springframework.cloud.client.loadbalancer.DeferringLoadBalancerInterceptor] is not eligible for getting processed by all BeanPostProcessors (for example: not eligible for auto-proxying). Is this bean getting eagerly injected into a currently created BeanPostProcessor [lbRestClientPostProcessor]? Check the corresponding BeanPostProcessor declaration and its dependencies.
2025-01-19 21:15:17.386 [main] INFO  TomcatWebServer - Tomcat initialized with port 8761 (http)
2025-01-19 21:15:17.405 [main] INFO  Http11NioProtocol - Initializing ProtocolHandler ["http-nio-8761"]
2025-01-19 21:15:17.412 [main] INFO  StandardService - Starting service [Tomcat]
2025-01-19 21:15:17.412 [main] INFO  StandardEngine - Starting Servlet engine: [Apache Tomcat/10.1.28]
2025-01-19 21:15:17.521 [main] INFO  [/] - Initializing Spring embedded WebApplicationContext
2025-01-19 21:15:17.524 [main] INFO  ServletWebServerApplicationContext - Root WebApplicationContext: initialization completed in 2471 ms
2025-01-19 21:15:19.105 [main] INFO  DiscoveryJerseyProvider - Using JSON encoding codec LegacyJacksonJson
2025-01-19 21:15:19.106 [main] INFO  DiscoveryJerseyProvider - Using JSON decoding codec LegacyJacksonJson
2025-01-19 21:15:19.386 [main] INFO  DiscoveryJerseyProvider - Using XML encoding codec XStreamXml
2025-01-19 21:15:19.386 [main] INFO  DiscoveryJerseyProvider - Using XML decoding codec XStreamXml
2025-01-19 21:15:21.335 [main] WARN  LoadBalancerCacheAutoConfiguration$LoadBalancerCaffeineWarnLogger - Spring Cloud LoadBalancer is currently working with the default cache. While this cache implementation is useful for development and tests, it's recommended to use Caffeine cache in production.You can switch to using Caffeine cache, by adding it and org.springframework.cache.caffeine.CaffeineCacheManager to the classpath.
2025-01-19 21:15:21.355 [main] INFO  InstanceInfoFactory - Setting initial instance status as: STARTING
2025-01-19 21:15:21.401 [main] INFO  DiscoveryClient - Initializing Eureka in region us-east-1
2025-01-19 21:15:21.401 [main] INFO  DiscoveryClient - Client configured to neither register nor query for data.
2025-01-19 21:15:21.419 [main] INFO  DiscoveryClient - Discovery Client initialized at timestamp 1737310521419 with initial instances count: 0
2025-01-19 21:15:21.490 [main] INFO  DefaultEurekaServerContext - Initializing ...
2025-01-19 21:15:21.494 [main] INFO  PeerEurekaNodes - Adding new peer nodes [http://localhost:8761/eureka/]
2025-01-19 21:15:21.559 [main] INFO  DiscoveryJerseyProvider - Using JSON encoding codec LegacyJacksonJson
2025-01-19 21:15:21.559 [main] INFO  DiscoveryJerseyProvider - Using JSON decoding codec LegacyJacksonJson
2025-01-19 21:15:21.560 [main] INFO  DiscoveryJerseyProvider - Using XML encoding codec XStreamXml
2025-01-19 21:15:21.560 [main] INFO  DiscoveryJerseyProvider - Using XML decoding codec XStreamXml
2025-01-19 21:15:21.656 [main] INFO  PeerEurekaNodes - Replica node URL:  http://localhost:8761/eureka/
2025-01-19 21:15:21.668 [main] INFO  AbstractInstanceRegistry - Finished initializing remote region registries. All known remote regions: []
2025-01-19 21:15:21.670 [main] INFO  DefaultEurekaServerContext - Initialized
2025-01-19 21:15:21.684 [main] INFO  EndpointLinksResolver - Exposing 1 endpoint beneath base path '/actuator'
2025-01-19 21:15:21.773 [main] INFO  EurekaServiceRegistry - Registering application DISCOVERY-SERVER with eureka with status UP
2025-01-19 21:15:21.783 [main] INFO  Http11NioProtocol - Starting ProtocolHandler ["http-nio-8761"]
2025-01-19 21:15:21.803 [Thread-10] INFO  EurekaServerBootstrap - isAws returned false
2025-01-19 21:15:21.804 [Thread-10] INFO  EurekaServerBootstrap - Initialized server context
2025-01-19 21:15:21.804 [Thread-10] INFO  PeerAwareInstanceRegistryImpl - Got 1 instances from neighboring DS node
2025-01-19 21:15:21.804 [Thread-10] INFO  PeerAwareInstanceRegistryImpl - Renew threshold is: 1
2025-01-19 21:15:21.805 [Thread-10] INFO  PeerAwareInstanceRegistryImpl - Changing status to UP
2025-01-19 21:15:21.819 [Thread-10] INFO  EurekaServerInitializerConfiguration - Started Eureka Server
2025-01-19 21:15:21.823 [main] INFO  TomcatWebServer - Tomcat started on port 8761 (http) with context path '/'
2025-01-19 21:15:21.824 [main] INFO  EurekaAutoServiceRegistration - Updating port to 8761
2025-01-19 21:15:22.070 [main] INFO  DiscoveryServerApplication - Started DiscoveryServerApplication in 10.254 seconds (process running for 15.4)
2025-01-19 21:16:21.812 [Eureka-EvictionTimer] INFO  AbstractInstanceRegistry - Running the evict task with compensationTime 0ms
2025-01-19 21:17:12.983 [http-nio-8761-exec-1] INFO  [/] - Initializing Spring DispatcherServlet 'dispatcherServlet'
2025-01-19 21:17:12.984 [http-nio-8761-exec-1] INFO  DispatcherServlet - Initializing Servlet 'dispatcherServlet'
2025-01-19 21:17:12.987 [http-nio-8761-exec-1] INFO  DispatcherServlet - Completed initialization in 3 ms
2025-01-19 21:17:13.346 [http-nio-8761-exec-2] INFO  AbstractInstanceRegistry - Registered instance API-GATEWAY/asaf:api-gateway:8080 with status UP (replication=false)
2025-01-19 21:17:14.057 [http-nio-8761-exec-3] INFO  AbstractInstanceRegistry - Registered instance API-GATEWAY/asaf:api-gateway:8080 with status UP (replication=true)
2025-01-19 21:17:21.812 [Eureka-EvictionTimer] INFO  AbstractInstanceRegistry - Running the evict task with compensationTime 0ms
2025-01-19 21:18:21.819 [Eureka-EvictionTimer] INFO  AbstractInstanceRegistry - Running the evict task with compensationTime 6ms
2025-01-19 21:19:21.821 [Eureka-EvictionTimer] INFO  AbstractInstanceRegistry - Running the evict task with compensationTime 2ms
2025-01-19 21:20:21.825 [Eureka-EvictionTimer] INFO  AbstractInstanceRegistry - Running the evict task with compensationTime 4ms
2025-01-19 21:20:27.347 [http-nio-8761-exec-3] INFO  AbstractInstanceRegistry - Registered instance AUTH-SERVICE/asaf:auth-service:8081 with status UP (replication=false)
2025-01-19 21:20:27.869 [http-nio-8761-exec-5] INFO  AbstractInstanceRegistry - Registered instance AUTH-SERVICE/asaf:auth-service:8081 with status UP (replication=true)
2025-01-19 21:21:21.838 [Eureka-EvictionTimer] INFO  AbstractInstanceRegistry - Running the evict task with compensationTime 13ms
2025-01-19 21:22:21.851 [Eureka-EvictionTimer] INFO  AbstractInstanceRegistry - Running the evict task with compensationTime 12ms
2025-01-19 21:22:50.711 [http-nio-8761-exec-3] INFO  AbstractInstanceRegistry - Registered instance USER-MANAGEMENT-SERVICE/asaf:user-management-service:8082 with status UP (replication=false)
2025-01-19 21:22:51.240 [http-nio-8761-exec-5] INFO  AbstractInstanceRegistry - Registered instance USER-MANAGEMENT-SERVICE/asaf:user-management-service:8082 with status UP (replication=true)
2025-01-19 21:23:21.858 [Eureka-EvictionTimer] INFO  AbstractInstanceRegistry - Running the evict task with compensationTime 7ms
2025-01-19 21:24:21.859 [Eureka-EvictionTimer] INFO  AbstractInstanceRegistry - Running the evict task with compensationTime 0ms
2025-01-19 21:25:21.870 [Eureka-EvictionTimer] INFO  AbstractInstanceRegistry - Running the evict task with compensationTime 11ms
2025-01-19 21:26:21.877 [Eureka-EvictionTimer] INFO  AbstractInstanceRegistry - Running the evict task with compensationTime 6ms
2025-01-19 21:26:52.236 [http-nio-8761-exec-7] INFO  AbstractInstanceRegistry - Registered instance PATIENT-SERVICE/asaf:patient-service:8083 with status UP (replication=false)
2025-01-19 21:26:52.756 [http-nio-8761-exec-1] INFO  AbstractInstanceRegistry - Registered instance PATIENT-SERVICE/asaf:patient-service:8083 with status UP (replication=true)
2025-01-19 21:27:21.877 [Eureka-EvictionTimer] INFO  AbstractInstanceRegistry - Running the evict task with compensationTime 0ms
2025-01-19 21:28:21.892 [Eureka-EvictionTimer] INFO  AbstractInstanceRegistry - Running the evict task with compensationTime 14ms
2025-01-19 21:29:21.904 [Eureka-EvictionTimer] INFO  AbstractInstanceRegistry - Running the evict task with compensationTime 12ms
2025-01-19 21:30:21.674 [ReplicaAwareInstanceRegistry - RenewalThresholdUpdater] INFO  PeerAwareInstanceRegistryImpl - Current renewal threshold is : 8
2025-01-19 21:30:21.908 [Eureka-EvictionTimer] INFO  AbstractInstanceRegistry - Running the evict task with compensationTime 3ms
2025-01-19 21:31:21.919 [Eureka-EvictionTimer] INFO  AbstractInstanceRegistry - Running the evict task with compensationTime 10ms
2025-01-19 21:32:21.934 [Eureka-EvictionTimer] INFO  AbstractInstanceRegistry - Running the evict task with compensationTime 14ms
2025-01-19 21:33:21.944 [Eureka-EvictionTimer] INFO  AbstractInstanceRegistry - Running the evict task with compensationTime 10ms
2025-01-19 21:34:21.948 [Eureka-EvictionTimer] INFO  AbstractInstanceRegistry - Running the evict task with compensationTime 3ms
2025-01-19 21:35:21.949 [Eureka-EvictionTimer] INFO  AbstractInstanceRegistry - Running the evict task with compensationTime 0ms
2025-01-19 21:36:21.953 [Eureka-EvictionTimer] INFO  AbstractInstanceRegistry - Running the evict task with compensationTime 3ms
2025-01-19 21:37:21.956 [Eureka-EvictionTimer] INFO  AbstractInstanceRegistry - Running the evict task with compensationTime 3ms
2025-01-19 21:37:22.339 [http-nio-8761-exec-3] INFO  AbstractInstanceRegistry - Registered instance PATIENT-SERVICE/asaf:patient-service:8083 with status DOWN (replication=false)
2025-01-19 21:37:22.843 [http-nio-8761-exec-9] INFO  AbstractInstanceRegistry - Registered instance PATIENT-SERVICE/asaf:patient-service:8083 with status DOWN (replication=true)
2025-01-19 21:37:58.685 [http-nio-8761-exec-8] INFO  AbstractInstanceRegistry - Registered instance PATIENT-SERVICE/asaf:patient-service:8083 with status UP (replication=false)
2025-01-19 21:37:58.737 [http-nio-8761-exec-6] INFO  AbstractInstanceRegistry - Registered instance PATIENT-SERVICE/asaf:patient-service:8083 with status UP (replication=true)
2025-01-19 21:38:21.957 [Eureka-EvictionTimer] INFO  AbstractInstanceRegistry - Running the evict task with compensationTime 0ms
2025-01-19 21:39:21.958 [Eureka-EvictionTimer] INFO  AbstractInstanceRegistry - Running the evict task with compensationTime 0ms
2025-01-19 21:39:35.856 [http-nio-8761-exec-4] INFO  AbstractInstanceRegistry - Registered instance REPORT-SERVICE/asaf:report-service:8084 with status UP (replication=false)
2025-01-19 21:39:36.369 [http-nio-8761-exec-9] INFO  AbstractInstanceRegistry - Registered instance REPORT-SERVICE/asaf:report-service:8084 with status UP (replication=true)
2025-01-19 21:40:03.489 [http-nio-8761-exec-6] INFO  AbstractInstanceRegistry - Registered instance ANALYTICS-SERVICE/asaf:analytics-service:8085 with status UP (replication=false)
2025-01-19 21:40:04.009 [http-nio-8761-exec-1] INFO  AbstractInstanceRegistry - Registered instance ANALYTICS-SERVICE/asaf:analytics-service:8085 with status UP (replication=true)
2025-01-19 21:40:21.958 [Eureka-EvictionTimer] INFO  AbstractInstanceRegistry - Running the evict task with compensationTime 0ms
2025-01-19 21:41:21.959 [Eureka-EvictionTimer] INFO  AbstractInstanceRegistry - Running the evict task with compensationTime 0ms
2025-01-19 21:42:20.527 [http-nio-8761-exec-8] INFO  AbstractInstanceRegistry - Registered instance ANALYTICS-SERVICE/asaf:analytics-service:8085 with status DOWN (replication=false)
2025-01-19 21:42:21.060 [http-nio-8761-exec-1] INFO  AbstractInstanceRegistry - Registered instance ANALYTICS-SERVICE/asaf:analytics-service:8085 with status DOWN (replication=true)
2025-01-19 21:42:21.959 [Eureka-EvictionTimer] INFO  AbstractInstanceRegistry - Running the evict task with compensationTime 0ms
2025-01-19 21:42:23.247 [http-nio-8761-exec-4] INFO  AbstractInstanceRegistry - Registered instance PATIENT-SERVICE/asaf:patient-service:8083 with status DOWN (replication=false)
2025-01-19 21:42:23.756 [http-nio-8761-exec-6] INFO  AbstractInstanceRegistry - Registered instance PATIENT-SERVICE/asaf:patient-service:8083 with status DOWN (replication=true)
2025-01-19 21:42:25.139 [http-nio-8761-exec-7] INFO  AbstractInstanceRegistry - Registered instance REPORT-SERVICE/asaf:report-service:8084 with status DOWN (replication=false)
2025-01-19 21:42:25.643 [http-nio-8761-exec-3] INFO  AbstractInstanceRegistry - Registered instance REPORT-SERVICE/asaf:report-service:8084 with status DOWN (replication=true)
2025-01-19 21:43:21.960 [Eureka-EvictionTimer] INFO  AbstractInstanceRegistry - Running the evict task with compensationTime 0ms
2025-01-19 21:44:21.961 [Eureka-EvictionTimer] INFO  AbstractInstanceRegistry - Running the evict task with compensationTime 0ms
2025-01-19 21:44:21.961 [Eureka-EvictionTimer] INFO  AbstractInstanceRegistry - Evicting 1 items (expired=3, evictionLimit=1)
2025-01-19 21:44:21.962 [Eureka-EvictionTimer] WARN  AbstractInstanceRegistry - DS: Registry: expired lease for PATIENT-SERVICE/asaf:patient-service:8083
2025-01-19 21:44:21.990 [Eureka-EvictionTimer] INFO  AbstractInstanceRegistry - Cancelled instance PATIENT-SERVICE/asaf:patient-service:8083 (replication=false)
2025-01-19 21:45:21.685 [ReplicaAwareInstanceRegistry - RenewalThresholdUpdater] INFO  PeerAwareInstanceRegistryImpl - Current renewal threshold is : 10
2025-01-19 21:45:21.969 [Eureka-EvictionTimer] INFO  AbstractInstanceRegistry - Running the evict task with compensationTime 7ms
2025-01-19 21:45:21.969 [Eureka-EvictionTimer] INFO  AbstractInstanceRegistry - Evicting 1 items (expired=2, evictionLimit=1)
2025-01-19 21:45:21.969 [Eureka-EvictionTimer] WARN  AbstractInstanceRegistry - DS: Registry: expired lease for REPORT-SERVICE/asaf:report-service:8084
2025-01-19 21:45:21.969 [Eureka-EvictionTimer] INFO  AbstractInstanceRegistry - Cancelled instance REPORT-SERVICE/asaf:report-service:8084 (replication=false)
2025-01-19 21:46:21.974 [Eureka-EvictionTimer] INFO  AbstractInstanceRegistry - Running the evict task with compensationTime 5ms
2025-01-19 21:46:21.974 [Eureka-EvictionTimer] INFO  AbstractInstanceRegistry - Evicting 1 items (expired=1, evictionLimit=1)
2025-01-19 21:46:21.974 [Eureka-EvictionTimer] WARN  AbstractInstanceRegistry - DS: Registry: expired lease for ANALYTICS-SERVICE/asaf:analytics-service:8085
2025-01-19 21:46:21.974 [Eureka-EvictionTimer] INFO  AbstractInstanceRegistry - Cancelled instance ANALYTICS-SERVICE/asaf:analytics-service:8085 (replication=false)
2025-01-19 21:47:21.986 [Eureka-EvictionTimer] INFO  AbstractInstanceRegistry - Running the evict task with compensationTime 12ms
2025-01-19 21:48:21.992 [Eureka-EvictionTimer] INFO  AbstractInstanceRegistry - Running the evict task with compensationTime 5ms
2025-01-19 21:49:22.003 [Eureka-EvictionTimer] INFO  AbstractInstanceRegistry - Running the evict task with compensationTime 11ms
2025-01-19 21:50:22.012 [Eureka-EvictionTimer] INFO  AbstractInstanceRegistry - Running the evict task with compensationTime 9ms
2025-01-19 21:51:22.012 [Eureka-EvictionTimer] INFO  AbstractInstanceRegistry - Running the evict task with compensationTime 0ms
2025-01-19 21:52:22.023 [Eureka-EvictionTimer] INFO  AbstractInstanceRegistry - Running the evict task with compensationTime 10ms
2025-01-19 21:53:22.037 [Eureka-EvictionTimer] INFO  AbstractInstanceRegistry - Running the evict task with compensationTime 14ms
2025-01-19 21:54:22.050 [Eureka-EvictionTimer] INFO  AbstractInstanceRegistry - Running the evict task with compensationTime 13ms
2025-01-19 21:55:22.054 [Eureka-EvictionTimer] INFO  AbstractInstanceRegistry - Running the evict task with compensationTime 3ms
2025-01-19 21:56:22.056 [Eureka-EvictionTimer] INFO  AbstractInstanceRegistry - Running the evict task with compensationTime 2ms
2025-01-19 21:57:22.067 [Eureka-EvictionTimer] INFO  AbstractInstanceRegistry - Running the evict task with compensationTime 11ms
2025-01-19 21:58:22.068 [Eureka-EvictionTimer] INFO  AbstractInstanceRegistry - Running the evict task with compensationTime 0ms
2025-01-19 21:59:22.070 [Eureka-EvictionTimer] INFO  AbstractInstanceRegistry - Running the evict task with compensationTime 2ms
2025-01-19 22:00:21.691 [ReplicaAwareInstanceRegistry - RenewalThresholdUpdater] INFO  PeerAwareInstanceRegistryImpl - Current renewal threshold is : 6
2025-01-19 22:00:22.078 [Eureka-EvictionTimer] INFO  AbstractInstanceRegistry - Running the evict task with compensationTime 8ms
2025-01-19 22:01:22.081 [Eureka-EvictionTimer] INFO  AbstractInstanceRegistry - Running the evict task with compensationTime 1ms
2025-01-19 22:02:22.096 [Eureka-EvictionTimer] INFO  AbstractInstanceRegistry - Running the evict task with compensationTime 15ms
2025-01-19 22:03:22.112 [Eureka-EvictionTimer] INFO  AbstractInstanceRegistry - Running the evict task with compensationTime 16ms
2025-01-19 22:04:22.120 [Eureka-EvictionTimer] INFO  AbstractInstanceRegistry - Running the evict task with compensationTime 8ms
2025-01-19 22:05:22.121 [Eureka-EvictionTimer] INFO  AbstractInstanceRegistry - Running the evict task with compensationTime 0ms
2025-01-19 22:06:22.136 [Eureka-EvictionTimer] INFO  AbstractInstanceRegistry - Running the evict task with compensationTime 15ms
2025-01-19 22:07:22.137 [Eureka-EvictionTimer] INFO  AbstractInstanceRegistry - Running the evict task with compensationTime 0ms
2025-01-19 22:08:22.140 [Eureka-EvictionTimer] INFO  AbstractInstanceRegistry - Running the evict task with compensationTime 2ms
2025-01-19 22:09:22.143 [Eureka-EvictionTimer] INFO  AbstractInstanceRegistry - Running the evict task with compensationTime 2ms
2025-01-19 22:10:22.146 [Eureka-EvictionTimer] INFO  AbstractInstanceRegistry - Running the evict task with compensationTime 3ms
2025-01-19 22:11:22.156 [Eureka-EvictionTimer] INFO  AbstractInstanceRegistry - Running the evict task with compensationTime 9ms
2025-01-19 22:12:22.155 [Eureka-EvictionTimer] INFO  AbstractInstanceRegistry - Running the evict task with compensationTime 0ms
2025-01-19 22:13:22.167 [Eureka-EvictionTimer] INFO  AbstractInstanceRegistry - Running the evict task with compensationTime 12ms
2025-01-19 22:14:22.177 [Eureka-EvictionTimer] INFO  AbstractInstanceRegistry - Running the evict task with compensationTime 9ms
2025-01-19 22:15:21.692 [ReplicaAwareInstanceRegistry - RenewalThresholdUpdater] INFO  PeerAwareInstanceRegistryImpl - Current renewal threshold is : 6
2025-01-19 22:15:22.183 [Eureka-EvictionTimer] INFO  AbstractInstanceRegistry - Running the evict task with compensationTime 5ms
2025-01-19 22:16:22.229 [Eureka-EvictionTimer] INFO  AbstractInstanceRegistry - Running the evict task with compensationTime 45ms
2025-01-19 22:17:22.230 [Eureka-EvictionTimer] INFO  AbstractInstanceRegistry - Running the evict task with compensationTime 1ms
2025-01-19 22:18:22.236 [Eureka-EvictionTimer] INFO  AbstractInstanceRegistry - Running the evict task with compensationTime 6ms
2025-01-19 22:19:22.244 [Eureka-EvictionTimer] INFO  AbstractInstanceRegistry - Running the evict task with compensationTime 7ms
2025-01-19 22:20:22.258 [Eureka-EvictionTimer] INFO  AbstractInstanceRegistry - Running the evict task with compensationTime 14ms
2025-01-19 22:21:22.274 [Eureka-EvictionTimer] INFO  AbstractInstanceRegistry - Running the evict task with compensationTime 15ms
2025-01-19 22:22:22.286 [Eureka-EvictionTimer] INFO  AbstractInstanceRegistry - Running the evict task with compensationTime 11ms
2025-01-19 22:23:22.293 [Eureka-EvictionTimer] INFO  AbstractInstanceRegistry - Running the evict task with compensationTime 7ms
2025-01-19 22:24:22.302 [Eureka-EvictionTimer] INFO  AbstractInstanceRegistry - Running the evict task with compensationTime 9ms
2025-01-19 22:25:22.316 [Eureka-EvictionTimer] INFO  AbstractInstanceRegistry - Running the evict task with compensationTime 13ms
2025-01-19 22:26:22.321 [Eureka-EvictionTimer] INFO  AbstractInstanceRegistry - Running the evict task with compensationTime 5ms
2025-01-19 22:27:22.323 [Eureka-EvictionTimer] INFO  AbstractInstanceRegistry - Running the evict task with compensationTime 1ms
2025-01-19 22:28:22.333 [Eureka-EvictionTimer] INFO  AbstractInstanceRegistry - Running the evict task with compensationTime 9ms
2025-01-19 22:29:22.339 [Eureka-EvictionTimer] INFO  AbstractInstanceRegistry - Running the evict task with compensationTime 5ms
2025-01-19 22:30:21.696 [ReplicaAwareInstanceRegistry - RenewalThresholdUpdater] INFO  PeerAwareInstanceRegistryImpl - Current renewal threshold is : 6
2025-01-19 22:30:22.354 [Eureka-EvictionTimer] INFO  AbstractInstanceRegistry - Running the evict task with compensationTime 14ms
2025-01-19 22:31:22.354 [Eureka-EvictionTimer] INFO  AbstractInstanceRegistry - Running the evict task with compensationTime 0ms
2025-01-19 22:31:37.356 [http-nio-8761-exec-3] INFO  AbstractInstanceRegistry - Registered instance PATIENT-SERVICE/asaf:patient-service:8083 with status UP (replication=false)
2025-01-19 22:31:37.880 [http-nio-8761-exec-2] INFO  AbstractInstanceRegistry - Registered instance PATIENT-SERVICE/asaf:patient-service:8083 with status UP (replication=true)
2025-01-19 22:32:14.856 [http-nio-8761-exec-9] INFO  AbstractInstanceRegistry - Registered instance REPORT-SERVICE/asaf:report-service:8084 with status UP (replication=false)
2025-01-19 22:32:15.369 [http-nio-8761-exec-6] INFO  AbstractInstanceRegistry - Registered instance REPORT-SERVICE/asaf:report-service:8084 with status UP (replication=true)
2025-01-19 22:32:22.354 [Eureka-EvictionTimer] INFO  AbstractInstanceRegistry - Running the evict task with compensationTime 0ms
2025-01-19 22:32:44.713 [http-nio-8761-exec-3] INFO  AbstractInstanceRegistry - Registered instance ANALYTICS-SERVICE/asaf:analytics-service:8085 with status UP (replication=false)
2025-01-19 22:32:45.225 [http-nio-8761-exec-1] INFO  AbstractInstanceRegistry - Registered instance ANALYTICS-SERVICE/asaf:analytics-service:8085 with status UP (replication=true)
2025-01-19 22:33:22.355 [Eureka-EvictionTimer] INFO  AbstractInstanceRegistry - Running the evict task with compensationTime 0ms
2025-01-19 22:34:22.355 [Eureka-EvictionTimer] INFO  AbstractInstanceRegistry - Running the evict task with compensationTime 0ms
2025-01-19 22:35:22.355 [Eureka-EvictionTimer] INFO  AbstractInstanceRegistry - Running the evict task with compensationTime 0ms
2025-01-19 22:36:22.356 [Eureka-EvictionTimer] INFO  AbstractInstanceRegistry - Running the evict task with compensationTime 0ms
2025-01-19 22:37:22.356 [Eureka-EvictionTimer] INFO  AbstractInstanceRegistry - Running the evict task with compensationTime 0ms
2025-01-19 22:38:22.357 [Eureka-EvictionTimer] INFO  AbstractInstanceRegistry - Running the evict task with compensationTime 0ms
2025-01-19 22:38:51.745 [TaskBatchingWorker-target_localhost-8] ERROR ReplicationTaskProcessor - It seems to be a socket read timeout exception, it will retry later. if it continues to happen and some eureka node occupied all the cpu time, you should set property 'eureka.server.peer-node-read-timeout-ms' to a bigger value
jakarta.ws.rs.ProcessingException: java.net.SocketTimeoutException: Read timed out
	at org.glassfish.jersey.apache.connector.ApacheConnector.apply(ApacheConnector.java:534) ~[jersey-apache-connector-3.1.8.jar:?]
	at org.glassfish.jersey.client.ClientRuntime.invoke(ClientRuntime.java:300) ~[jersey-client-3.1.8.jar:?]
	at org.glassfish.jersey.client.JerseyInvocation.lambda$invoke$0(JerseyInvocation.java:674) ~[jersey-client-3.1.8.jar:?]
	at org.glassfish.jersey.client.JerseyInvocation.call(JerseyInvocation.java:709) ~[jersey-client-3.1.8.jar:?]
	at org.glassfish.jersey.client.JerseyInvocation.lambda$runInScope$3(JerseyInvocation.java:703) ~[jersey-client-3.1.8.jar:?]
	at org.glassfish.jersey.internal.Errors.process(Errors.java:292) ~[jersey-common-3.1.8.jar:?]
	at org.glassfish.jersey.internal.Errors.process(Errors.java:274) ~[jersey-common-3.1.8.jar:?]
	at org.glassfish.jersey.internal.Errors.process(Errors.java:205) ~[jersey-common-3.1.8.jar:?]
	at org.glassfish.jersey.process.internal.RequestScope.runInScope(RequestScope.java:391) ~[jersey-common-3.1.8.jar:?]
	at org.glassfish.jersey.client.JerseyInvocation.runInScope(JerseyInvocation.java:703) ~[jersey-client-3.1.8.jar:?]
	at org.glassfish.jersey.client.JerseyInvocation.invoke(JerseyInvocation.java:673) ~[jersey-client-3.1.8.jar:?]
	at org.glassfish.jersey.client.JerseyInvocation$Builder.method(JerseyInvocation.java:439) ~[jersey-client-3.1.8.jar:?]
	at org.glassfish.jersey.client.JerseyInvocation$Builder.post(JerseyInvocation.java:345) ~[jersey-client-3.1.8.jar:?]
	at com.netflix.eureka.transport.Jersey3ReplicationClient.submitBatchUpdates(Jersey3ReplicationClient.java:116) ~[eureka-core-jersey3-2.0.2.jar:2.0.2]
	at com.netflix.eureka.cluster.ReplicationTaskProcessor.process(ReplicationTaskProcessor.java:80) [eureka-core-2.0.2.jar:2.0.2]
	at com.netflix.eureka.util.batcher.TaskExecutors$BatchWorkerRunnable.run(TaskExecutors.java:190) [eureka-core-2.0.2.jar:2.0.2]
	at java.base/java.lang.Thread.run(Thread.java:842) [?:?]
Caused by: java.net.SocketTimeoutException: Read timed out
	at java.base/sun.nio.ch.NioSocketImpl.timedRead(NioSocketImpl.java:288) ~[?:?]
	at java.base/sun.nio.ch.NioSocketImpl.implRead(NioSocketImpl.java:314) ~[?:?]
	at java.base/sun.nio.ch.NioSocketImpl.read(NioSocketImpl.java:355) ~[?:?]
	at java.base/sun.nio.ch.NioSocketImpl$1.read(NioSocketImpl.java:808) ~[?:?]
	at java.base/java.net.Socket$SocketInputStream.read(Socket.java:966) ~[?:?]
	at org.apache.http.impl.io.SessionInputBufferImpl.streamRead(SessionInputBufferImpl.java:137) ~[httpcore-4.4.16.jar:4.4.16]
	at org.apache.http.impl.io.SessionInputBufferImpl.fillBuffer(SessionInputBufferImpl.java:153) ~[httpcore-4.4.16.jar:4.4.16]
	at org.apache.http.impl.io.SessionInputBufferImpl.readLine(SessionInputBufferImpl.java:280) ~[httpcore-4.4.16.jar:4.4.16]
	at org.apache.http.impl.conn.DefaultHttpResponseParser.parseHead(DefaultHttpResponseParser.java:138) ~[httpclient-4.5.3.jar:4.5.3]
	at org.apache.http.impl.conn.DefaultHttpResponseParser.parseHead(DefaultHttpResponseParser.java:56) ~[httpclient-4.5.3.jar:4.5.3]
	at org.apache.http.impl.io.AbstractMessageParser.parse(AbstractMessageParser.java:259) ~[httpcore-4.4.16.jar:4.4.16]
	at org.apache.http.impl.DefaultBHttpClientConnection.receiveResponseHeader(DefaultBHttpClientConnection.java:163) ~[httpcore-4.4.16.jar:4.4.16]
	at org.apache.http.impl.conn.CPoolProxy.receiveResponseHeader(CPoolProxy.java:165) ~[httpclient-4.5.3.jar:4.5.3]
	at org.apache.http.protocol.HttpRequestExecutor.doReceiveResponse(HttpRequestExecutor.java:273) ~[httpcore-4.4.16.jar:4.4.16]
	at org.apache.http.protocol.HttpRequestExecutor.execute(HttpRequestExecutor.java:125) ~[httpcore-4.4.16.jar:4.4.16]
	at org.apache.http.impl.execchain.MainClientExec.execute(MainClientExec.java:272) ~[httpclient-4.5.3.jar:4.5.3]
	at org.apache.http.impl.execchain.ProtocolExec.execute(ProtocolExec.java:185) ~[httpclient-4.5.3.jar:4.5.3]
	at org.apache.http.impl.execchain.RetryExec.execute(RetryExec.java:89) ~[httpclient-4.5.3.jar:4.5.3]
	at org.apache.http.impl.execchain.RedirectExec.execute(RedirectExec.java:111) ~[httpclient-4.5.3.jar:4.5.3]
	at org.apache.http.impl.client.InternalHttpClient.doExecute(InternalHttpClient.java:185) ~[httpclient-4.5.3.jar:4.5.3]
	at org.apache.http.impl.client.CloseableHttpClient.execute(CloseableHttpClient.java:72) ~[httpclient-4.5.3.jar:4.5.3]
	at org.glassfish.jersey.apache.connector.ApacheConnector.apply(ApacheConnector.java:486) ~[jersey-apache-connector-3.1.8.jar:?]
	... 16 more
2025-01-19 22:39:02.895 [TaskBatchingWorker-target_localhost-11] ERROR ReplicationTaskProcessor - It seems to be a socket read timeout exception, it will retry later. if it continues to happen and some eureka node occupied all the cpu time, you should set property 'eureka.server.peer-node-read-timeout-ms' to a bigger value
jakarta.ws.rs.ProcessingException: java.net.SocketTimeoutException: Read timed out
	at org.glassfish.jersey.apache.connector.ApacheConnector.apply(ApacheConnector.java:534) ~[jersey-apache-connector-3.1.8.jar:?]
	at org.glassfish.jersey.client.ClientRuntime.invoke(ClientRuntime.java:300) ~[jersey-client-3.1.8.jar:?]
	at org.glassfish.jersey.client.JerseyInvocation.lambda$invoke$0(JerseyInvocation.java:674) ~[jersey-client-3.1.8.jar:?]
	at org.glassfish.jersey.client.JerseyInvocation.call(JerseyInvocation.java:709) ~[jersey-client-3.1.8.jar:?]
	at org.glassfish.jersey.client.JerseyInvocation.lambda$runInScope$3(JerseyInvocation.java:703) ~[jersey-client-3.1.8.jar:?]
	at org.glassfish.jersey.internal.Errors.process(Errors.java:292) ~[jersey-common-3.1.8.jar:?]
	at org.glassfish.jersey.internal.Errors.process(Errors.java:274) ~[jersey-common-3.1.8.jar:?]
	at org.glassfish.jersey.internal.Errors.process(Errors.java:205) ~[jersey-common-3.1.8.jar:?]
	at org.glassfish.jersey.process.internal.RequestScope.runInScope(RequestScope.java:391) ~[jersey-common-3.1.8.jar:?]
	at org.glassfish.jersey.client.JerseyInvocation.runInScope(JerseyInvocation.java:703) ~[jersey-client-3.1.8.jar:?]
	at org.glassfish.jersey.client.JerseyInvocation.invoke(JerseyInvocation.java:673) ~[jersey-client-3.1.8.jar:?]
	at org.glassfish.jersey.client.JerseyInvocation$Builder.method(JerseyInvocation.java:439) ~[jersey-client-3.1.8.jar:?]
	at org.glassfish.jersey.client.JerseyInvocation$Builder.post(JerseyInvocation.java:345) ~[jersey-client-3.1.8.jar:?]
	at com.netflix.eureka.transport.Jersey3ReplicationClient.submitBatchUpdates(Jersey3ReplicationClient.java:116) ~[eureka-core-jersey3-2.0.2.jar:2.0.2]
	at com.netflix.eureka.cluster.ReplicationTaskProcessor.process(ReplicationTaskProcessor.java:80) [eureka-core-2.0.2.jar:2.0.2]
	at com.netflix.eureka.util.batcher.TaskExecutors$BatchWorkerRunnable.run(TaskExecutors.java:190) [eureka-core-2.0.2.jar:2.0.2]
	at java.base/java.lang.Thread.run(Thread.java:842) [?:?]
Caused by: java.net.SocketTimeoutException: Read timed out
	at java.base/sun.nio.ch.NioSocketImpl.timedRead(NioSocketImpl.java:288) ~[?:?]
	at java.base/sun.nio.ch.NioSocketImpl.implRead(NioSocketImpl.java:314) ~[?:?]
	at java.base/sun.nio.ch.NioSocketImpl.read(NioSocketImpl.java:355) ~[?:?]
	at java.base/sun.nio.ch.NioSocketImpl$1.read(NioSocketImpl.java:808) ~[?:?]
	at java.base/java.net.Socket$SocketInputStream.read(Socket.java:966) ~[?:?]
	at org.apache.http.impl.io.SessionInputBufferImpl.streamRead(SessionInputBufferImpl.java:137) ~[httpcore-4.4.16.jar:4.4.16]
	at org.apache.http.impl.io.SessionInputBufferImpl.fillBuffer(SessionInputBufferImpl.java:153) ~[httpcore-4.4.16.jar:4.4.16]
	at org.apache.http.impl.io.SessionInputBufferImpl.readLine(SessionInputBufferImpl.java:280) ~[httpcore-4.4.16.jar:4.4.16]
	at org.apache.http.impl.conn.DefaultHttpResponseParser.parseHead(DefaultHttpResponseParser.java:138) ~[httpclient-4.5.3.jar:4.5.3]
	at org.apache.http.impl.conn.DefaultHttpResponseParser.parseHead(DefaultHttpResponseParser.java:56) ~[httpclient-4.5.3.jar:4.5.3]
	at org.apache.http.impl.io.AbstractMessageParser.parse(AbstractMessageParser.java:259) ~[httpcore-4.4.16.jar:4.4.16]
	at org.apache.http.impl.DefaultBHttpClientConnection.receiveResponseHeader(DefaultBHttpClientConnection.java:163) ~[httpcore-4.4.16.jar:4.4.16]
	at org.apache.http.impl.conn.CPoolProxy.receiveResponseHeader(CPoolProxy.java:165) ~[httpclient-4.5.3.jar:4.5.3]
	at org.apache.http.protocol.HttpRequestExecutor.doReceiveResponse(HttpRequestExecutor.java:273) ~[httpcore-4.4.16.jar:4.4.16]
	at org.apache.http.protocol.HttpRequestExecutor.execute(HttpRequestExecutor.java:125) ~[httpcore-4.4.16.jar:4.4.16]
	at org.apache.http.impl.execchain.MainClientExec.execute(MainClientExec.java:272) ~[httpclient-4.5.3.jar:4.5.3]
	at org.apache.http.impl.execchain.ProtocolExec.execute(ProtocolExec.java:185) ~[httpclient-4.5.3.jar:4.5.3]
	at org.apache.http.impl.execchain.RetryExec.execute(RetryExec.java:89) ~[httpclient-4.5.3.jar:4.5.3]
	at org.apache.http.impl.execchain.RedirectExec.execute(RedirectExec.java:111) ~[httpclient-4.5.3.jar:4.5.3]
	at org.apache.http.impl.client.InternalHttpClient.doExecute(InternalHttpClient.java:185) ~[httpclient-4.5.3.jar:4.5.3]
	at org.apache.http.impl.client.CloseableHttpClient.execute(CloseableHttpClient.java:72) ~[httpclient-4.5.3.jar:4.5.3]
	at org.glassfish.jersey.apache.connector.ApacheConnector.apply(ApacheConnector.java:486) ~[jersey-apache-connector-3.1.8.jar:?]
	... 16 more
2025-01-19 22:39:22.358 [Eureka-EvictionTimer] INFO  AbstractInstanceRegistry - Running the evict task with compensationTime 0ms
2025-01-19 22:40:22.359 [Eureka-EvictionTimer] INFO  AbstractInstanceRegistry - Running the evict task with compensationTime 0ms
2025-01-19 22:41:22.359 [Eureka-EvictionTimer] INFO  AbstractInstanceRegistry - Running the evict task with compensationTime 0ms
2025-01-19 22:42:22.359 [Eureka-EvictionTimer] INFO  AbstractInstanceRegistry - Running the evict task with compensationTime 0ms
2025-01-19 22:43:22.359 [Eureka-EvictionTimer] INFO  AbstractInstanceRegistry - Running the evict task with compensationTime 0ms
2025-01-19 22:44:22.360 [Eureka-EvictionTimer] INFO  AbstractInstanceRegistry - Running the evict task with compensationTime 0ms
2025-01-19 22:45:21.701 [ReplicaAwareInstanceRegistry - RenewalThresholdUpdater] INFO  PeerAwareInstanceRegistryImpl - Current renewal threshold is : 11
2025-01-19 22:45:22.360 [Eureka-EvictionTimer] INFO  AbstractInstanceRegistry - Running the evict task with compensationTime 0ms
2025-01-19 22:46:22.360 [Eureka-EvictionTimer] INFO  AbstractInstanceRegistry - Running the evict task with compensationTime 0ms
2025-01-19 22:47:22.361 [Eureka-EvictionTimer] INFO  AbstractInstanceRegistry - Running the evict task with compensationTime 0ms
2025-01-19 22:48:22.362 [Eureka-EvictionTimer] INFO  AbstractInstanceRegistry - Running the evict task with compensationTime 0ms
2025-01-19 22:49:22.362 [Eureka-EvictionTimer] INFO  AbstractInstanceRegistry - Running the evict task with compensationTime 0ms
2025-01-19 22:50:22.363 [Eureka-EvictionTimer] INFO  AbstractInstanceRegistry - Running the evict task with compensationTime 0ms
2025-01-19 22:51:22.363 [Eureka-EvictionTimer] INFO  AbstractInstanceRegistry - Running the evict task with compensationTime 0ms
2025-01-19 22:52:22.364 [Eureka-EvictionTimer] INFO  AbstractInstanceRegistry - Running the evict task with compensationTime 0ms
2025-01-19 22:53:22.364 [Eureka-EvictionTimer] INFO  AbstractInstanceRegistry - Running the evict task with compensationTime 0ms
2025-01-19 22:54:22.365 [Eureka-EvictionTimer] INFO  AbstractInstanceRegistry - Running the evict task with compensationTime 0ms
2025-01-19 22:55:22.365 [Eureka-EvictionTimer] INFO  AbstractInstanceRegistry - Running the evict task with compensationTime 0ms
2025-01-19 22:56:22.366 [Eureka-EvictionTimer] INFO  AbstractInstanceRegistry - Running the evict task with compensationTime 0ms
2025-01-19 22:57:22.366 [Eureka-EvictionTimer] INFO  AbstractInstanceRegistry - Running the evict task with compensationTime 0ms
2025-01-19 22:58:22.367 [Eureka-EvictionTimer] INFO  AbstractInstanceRegistry - Running the evict task with compensationTime 0ms
2025-01-19 22:59:22.367 [Eureka-EvictionTimer] INFO  AbstractInstanceRegistry - Running the evict task with compensationTime 0ms
2025-01-19 23:00:21.696 [ReplicaAwareInstanceRegistry - RenewalThresholdUpdater] INFO  PeerAwareInstanceRegistryImpl - Current renewal threshold is : 11
2025-01-19 23:00:22.368 [Eureka-EvictionTimer] INFO  AbstractInstanceRegistry - Running the evict task with compensationTime 0ms
2025-01-19 23:01:22.379 [Eureka-EvictionTimer] INFO  AbstractInstanceRegistry - Running the evict task with compensationTime 11ms
2025-01-19 23:01:56.213 [http-nio-8761-exec-1] INFO  AbstractInstanceRegistry - Registered instance ANALYTICS-SERVICE/asaf:analytics-service:8085 with status DOWN (replication=false)
2025-01-19 23:01:56.240 [http-nio-8761-exec-8] INFO  AbstractInstanceRegistry - Registered instance PATIENT-SERVICE/asaf:patient-service:8083 with status DOWN (replication=false)
2025-01-19 23:01:56.249 [http-nio-8761-exec-2] INFO  AbstractInstanceRegistry - Registered instance REPORT-SERVICE/asaf:report-service:8084 with status DOWN (replication=false)
2025-01-19 23:01:56.449 [SpringApplicationShutdownHook] INFO  EurekaServiceRegistry - Unregistering application DISCOVERY-SERVER with eureka with status DOWN
2025-01-19 23:01:56.764 [TaskBatchingWorker-target_localhost-0] ERROR ReplicationTaskProcessor - Network level connection to peer localhost; retrying after delay
jakarta.ws.rs.ProcessingException: org.apache.http.NoHttpResponseException: localhost:8761 failed to respond
	at org.glassfish.jersey.apache.connector.ApacheConnector.apply(ApacheConnector.java:534) ~[jersey-apache-connector-3.1.8.jar:?]
	at org.glassfish.jersey.client.ClientRuntime.invoke(ClientRuntime.java:300) ~[jersey-client-3.1.8.jar:?]
	at org.glassfish.jersey.client.JerseyInvocation.lambda$invoke$0(JerseyInvocation.java:674) ~[jersey-client-3.1.8.jar:?]
	at org.glassfish.jersey.client.JerseyInvocation.call(JerseyInvocation.java:709) ~[jersey-client-3.1.8.jar:?]
	at org.glassfish.jersey.client.JerseyInvocation.lambda$runInScope$3(JerseyInvocation.java:703) ~[jersey-client-3.1.8.jar:?]
	at org.glassfish.jersey.internal.Errors.process(Errors.java:292) ~[jersey-common-3.1.8.jar:?]
	at org.glassfish.jersey.internal.Errors.process(Errors.java:274) ~[jersey-common-3.1.8.jar:?]
	at org.glassfish.jersey.internal.Errors.process(Errors.java:205) ~[jersey-common-3.1.8.jar:?]
	at org.glassfish.jersey.process.internal.RequestScope.runInScope(RequestScope.java:391) ~[jersey-common-3.1.8.jar:?]
	at org.glassfish.jersey.client.JerseyInvocation.runInScope(JerseyInvocation.java:703) ~[jersey-client-3.1.8.jar:?]
	at org.glassfish.jersey.client.JerseyInvocation.invoke(JerseyInvocation.java:673) ~[jersey-client-3.1.8.jar:?]
	at org.glassfish.jersey.client.JerseyInvocation$Builder.method(JerseyInvocation.java:439) ~[jersey-client-3.1.8.jar:?]
	at org.glassfish.jersey.client.JerseyInvocation$Builder.post(JerseyInvocation.java:345) ~[jersey-client-3.1.8.jar:?]
	at com.netflix.eureka.transport.Jersey3ReplicationClient.submitBatchUpdates(Jersey3ReplicationClient.java:116) ~[eureka-core-jersey3-2.0.2.jar:2.0.2]
	at com.netflix.eureka.cluster.ReplicationTaskProcessor.process(ReplicationTaskProcessor.java:80) [eureka-core-2.0.2.jar:2.0.2]
	at com.netflix.eureka.util.batcher.TaskExecutors$BatchWorkerRunnable.run(TaskExecutors.java:190) [eureka-core-2.0.2.jar:2.0.2]
	at java.base/java.lang.Thread.run(Thread.java:842) [?:?]
Caused by: org.apache.http.NoHttpResponseException: localhost:8761 failed to respond
	at org.apache.http.impl.conn.DefaultHttpResponseParser.parseHead(DefaultHttpResponseParser.java:141) ~[httpclient-4.5.3.jar:4.5.3]
	at org.apache.http.impl.conn.DefaultHttpResponseParser.parseHead(DefaultHttpResponseParser.java:56) ~[httpclient-4.5.3.jar:4.5.3]
	at org.apache.http.impl.io.AbstractMessageParser.parse(AbstractMessageParser.java:259) ~[httpcore-4.4.16.jar:4.4.16]
	at org.apache.http.impl.DefaultBHttpClientConnection.receiveResponseHeader(DefaultBHttpClientConnection.java:163) ~[httpcore-4.4.16.jar:4.4.16]
	at org.apache.http.impl.conn.CPoolProxy.receiveResponseHeader(CPoolProxy.java:165) ~[httpclient-4.5.3.jar:4.5.3]
	at org.apache.http.protocol.HttpRequestExecutor.doReceiveResponse(HttpRequestExecutor.java:273) ~[httpcore-4.4.16.jar:4.4.16]
	at org.apache.http.protocol.HttpRequestExecutor.execute(HttpRequestExecutor.java:125) ~[httpcore-4.4.16.jar:4.4.16]
	at org.apache.http.impl.execchain.MainClientExec.execute(MainClientExec.java:272) ~[httpclient-4.5.3.jar:4.5.3]
	at org.apache.http.impl.execchain.ProtocolExec.execute(ProtocolExec.java:185) ~[httpclient-4.5.3.jar:4.5.3]
	at org.apache.http.impl.execchain.RetryExec.execute(RetryExec.java:89) ~[httpclient-4.5.3.jar:4.5.3]
	at org.apache.http.impl.execchain.RedirectExec.execute(RedirectExec.java:111) ~[httpclient-4.5.3.jar:4.5.3]
	at org.apache.http.impl.client.InternalHttpClient.doExecute(InternalHttpClient.java:185) ~[httpclient-4.5.3.jar:4.5.3]
	at org.apache.http.impl.client.CloseableHttpClient.execute(CloseableHttpClient.java:72) ~[httpclient-4.5.3.jar:4.5.3]
	at org.glassfish.jersey.apache.connector.ApacheConnector.apply(ApacheConnector.java:486) ~[jersey-apache-connector-3.1.8.jar:?]
	... 16 more
2025-01-19 23:01:56.887 [TaskBatchingWorker-target_localhost-13] INFO  RetryExec - I/O exception (java.net.SocketException) caught when processing request to {}->http://localhost:8761: An established connection was aborted by the software in your host machine
2025-01-19 23:01:57.216 [TaskBatchingWorker-target_localhost-1] ERROR ReplicationTaskProcessor - It seems to be a socket read timeout exception, it will retry later. if it continues to happen and some eureka node occupied all the cpu time, you should set property 'eureka.server.peer-node-read-timeout-ms' to a bigger value
jakarta.ws.rs.ProcessingException: java.net.SocketTimeoutException: Read timed out
	at org.glassfish.jersey.apache.connector.ApacheConnector.apply(ApacheConnector.java:534) ~[jersey-apache-connector-3.1.8.jar:?]
	at org.glassfish.jersey.client.ClientRuntime.invoke(ClientRuntime.java:300) ~[jersey-client-3.1.8.jar:?]
	at org.glassfish.jersey.client.JerseyInvocation.lambda$invoke$0(JerseyInvocation.java:674) ~[jersey-client-3.1.8.jar:?]
	at org.glassfish.jersey.client.JerseyInvocation.call(JerseyInvocation.java:709) ~[jersey-client-3.1.8.jar:?]
	at org.glassfish.jersey.client.JerseyInvocation.lambda$runInScope$3(JerseyInvocation.java:703) ~[jersey-client-3.1.8.jar:?]
	at org.glassfish.jersey.internal.Errors.process(Errors.java:292) ~[jersey-common-3.1.8.jar:?]
	at org.glassfish.jersey.internal.Errors.process(Errors.java:274) ~[jersey-common-3.1.8.jar:?]
	at org.glassfish.jersey.internal.Errors.process(Errors.java:205) ~[jersey-common-3.1.8.jar:?]
	at org.glassfish.jersey.process.internal.RequestScope.runInScope(RequestScope.java:391) ~[jersey-common-3.1.8.jar:?]
	at org.glassfish.jersey.client.JerseyInvocation.runInScope(JerseyInvocation.java:703) ~[jersey-client-3.1.8.jar:?]
	at org.glassfish.jersey.client.JerseyInvocation.invoke(JerseyInvocation.java:673) ~[jersey-client-3.1.8.jar:?]
	at org.glassfish.jersey.client.JerseyInvocation$Builder.method(JerseyInvocation.java:439) ~[jersey-client-3.1.8.jar:?]
	at org.glassfish.jersey.client.JerseyInvocation$Builder.post(JerseyInvocation.java:345) ~[jersey-client-3.1.8.jar:?]
	at com.netflix.eureka.transport.Jersey3ReplicationClient.submitBatchUpdates(Jersey3ReplicationClient.java:116) ~[eureka-core-jersey3-2.0.2.jar:2.0.2]
	at com.netflix.eureka.cluster.ReplicationTaskProcessor.process(ReplicationTaskProcessor.java:80) [eureka-core-2.0.2.jar:2.0.2]
	at com.netflix.eureka.util.batcher.TaskExecutors$BatchWorkerRunnable.run(TaskExecutors.java:190) [eureka-core-2.0.2.jar:2.0.2]
	at java.base/java.lang.Thread.run(Thread.java:842) [?:?]
Caused by: java.net.SocketTimeoutException: Read timed out
	at java.base/sun.nio.ch.NioSocketImpl.timedRead(NioSocketImpl.java:288) ~[?:?]
	at java.base/sun.nio.ch.NioSocketImpl.implRead(NioSocketImpl.java:314) ~[?:?]
	at java.base/sun.nio.ch.NioSocketImpl.read(NioSocketImpl.java:355) ~[?:?]
	at java.base/sun.nio.ch.NioSocketImpl$1.read(NioSocketImpl.java:808) ~[?:?]
	at java.base/java.net.Socket$SocketInputStream.read(Socket.java:966) ~[?:?]
	at org.apache.http.impl.io.SessionInputBufferImpl.streamRead(SessionInputBufferImpl.java:137) ~[httpcore-4.4.16.jar:4.4.16]
	at org.apache.http.impl.io.SessionInputBufferImpl.fillBuffer(SessionInputBufferImpl.java:153) ~[httpcore-4.4.16.jar:4.4.16]
	at org.apache.http.impl.io.SessionInputBufferImpl.readLine(SessionInputBufferImpl.java:280) ~[httpcore-4.4.16.jar:4.4.16]
	at org.apache.http.impl.conn.DefaultHttpResponseParser.parseHead(DefaultHttpResponseParser.java:138) ~[httpclient-4.5.3.jar:4.5.3]
	at org.apache.http.impl.conn.DefaultHttpResponseParser.parseHead(DefaultHttpResponseParser.java:56) ~[httpclient-4.5.3.jar:4.5.3]
	at org.apache.http.impl.io.AbstractMessageParser.parse(AbstractMessageParser.java:259) ~[httpcore-4.4.16.jar:4.4.16]
	at org.apache.http.impl.DefaultBHttpClientConnection.receiveResponseHeader(DefaultBHttpClientConnection.java:163) ~[httpcore-4.4.16.jar:4.4.16]
	at org.apache.http.impl.conn.CPoolProxy.receiveResponseHeader(CPoolProxy.java:165) ~[httpclient-4.5.3.jar:4.5.3]
	at org.apache.http.protocol.HttpRequestExecutor.doReceiveResponse(HttpRequestExecutor.java:273) ~[httpcore-4.4.16.jar:4.4.16]
	at org.apache.http.protocol.HttpRequestExecutor.execute(HttpRequestExecutor.java:125) ~[httpcore-4.4.16.jar:4.4.16]
	at org.apache.http.impl.execchain.MainClientExec.execute(MainClientExec.java:272) ~[httpclient-4.5.3.jar:4.5.3]
	at org.apache.http.impl.execchain.ProtocolExec.execute(ProtocolExec.java:185) ~[httpclient-4.5.3.jar:4.5.3]
	at org.apache.http.impl.execchain.RetryExec.execute(RetryExec.java:89) ~[httpclient-4.5.3.jar:4.5.3]
	at org.apache.http.impl.execchain.RedirectExec.execute(RedirectExec.java:111) ~[httpclient-4.5.3.jar:4.5.3]
	at org.apache.http.impl.client.InternalHttpClient.doExecute(InternalHttpClient.java:185) ~[httpclient-4.5.3.jar:4.5.3]
	at org.apache.http.impl.client.CloseableHttpClient.execute(CloseableHttpClient.java:72) ~[httpclient-4.5.3.jar:4.5.3]
	at org.glassfish.jersey.apache.connector.ApacheConnector.apply(ApacheConnector.java:486) ~[jersey-apache-connector-3.1.8.jar:?]
	... 16 more
2025-01-19 23:01:57.591 [SpringApplicationShutdownHook] INFO  EurekaServerBootstrap - Shutting down Eureka Server..
2025-01-19 23:01:57.658 [SpringApplicationShutdownHook] INFO  DefaultEurekaServerContext - Shutting down ...
2025-01-19 23:01:57.685 [SpringApplicationShutdownHook] INFO  StatsMonitor - Attempting to get the value for an expired monitor: eurekaServer.replication.batchSize.Will start computing stats again.
2025-01-19 23:01:57.689 [SpringApplicationShutdownHook] INFO  StatsMonitor - Attempting to get the value for an expired monitor: eurekaServer.replication.executionTime.Will start computing stats again.
2025-01-19 23:01:57.690 [SpringApplicationShutdownHook] INFO  StatsMonitor - Attempting to get the value for an expired monitor: eurekaServer.replication.executionTime.Will start computing stats again.
2025-01-19 23:01:57.691 [SpringApplicationShutdownHook] INFO  StatsMonitor - Attempting to get the value for an expired monitor: eurekaServer.replication.batchSize.Will start computing stats again.
2025-01-19 23:01:57.710 [Eureka-Jersey3Client-Conn-Cleaner2] ERROR EurekaJersey3ClientImpl - Cannot clean connections
java.lang.IllegalStateException: Client instance has been closed.
	at org.glassfish.jersey.internal.guava.Preconditions.checkState(Preconditions.java:169) ~[jersey-common-3.1.8.jar:?]
	at org.glassfish.jersey.client.JerseyClient.checkNotClosed(JerseyClient.java:248) ~[jersey-client-3.1.8.jar:?]
	at org.glassfish.jersey.client.JerseyClient.getConfiguration(JerseyClient.java:363) ~[jersey-client-3.1.8.jar:?]
	at org.glassfish.jersey.client.JerseyClient.getConfiguration(JerseyClient.java:54) ~[jersey-client-3.1.8.jar:?]
	at com.netflix.discovery.shared.transport.jersey3.EurekaJersey3ClientImpl$ConnectionCleanerTask.run(EurekaJersey3ClientImpl.java:347) [eureka-client-jersey3-2.0.2.jar:2.0.2]
	at java.base/java.util.concurrent.Executors$RunnableAdapter.call(Executors.java:539) [?:?]
	at java.base/java.util.concurrent.FutureTask.run(FutureTask.java:264) [?:?]
	at java.base/java.util.concurrent.ScheduledThreadPoolExecutor$ScheduledFutureTask.run(ScheduledThreadPoolExecutor.java:304) [?:?]
	at java.base/java.util.concurrent.ThreadPoolExecutor.runWorker(ThreadPoolExecutor.java:1136) [?:?]
	at java.base/java.util.concurrent.ThreadPoolExecutor$Worker.run(ThreadPoolExecutor.java:635) [?:?]
	at java.base/java.lang.Thread.run(Thread.java:842) [?:?]
2025-01-19 23:01:58.182 [SpringApplicationShutdownHook] INFO  DefaultEurekaServerContext - Shut down
2025-01-19 23:01:58.182 [SpringApplicationShutdownHook] INFO  EurekaServerBootstrap - Eureka Service is now shutdown...
2025-01-19 23:01:58.201 [SpringApplicationShutdownHook] INFO  DefaultEurekaServerContext - Shutting down ...
2025-01-19 23:01:58.220 [SpringApplicationShutdownHook] INFO  DefaultEurekaServerContext - Shut down
2025-01-19 23:01:58.302 [SpringApplicationShutdownHook] INFO  DiscoveryClient - Shutting down DiscoveryClient ...
2025-01-19 23:01:58.313 [SpringApplicationShutdownHook] INFO  DiscoveryClient - Completed shut down of DiscoveryClient
