2024-11-22 10:06:55.209 [main] TRACE UserController - Entering handlePasswordReset method in UserController
2024-11-22 10:06:55.240 [main] TRACE UserController - Exiting handlePasswordReset method in UserController
2024-11-22 10:06:55.365 [main] TRACE UserController - Entering verifyEmail method in UserController
2024-11-22 10:06:55.365 [main] TRACE UserController - Exiting verifyEmail method in UserController
2024-11-22 10:06:55.380 [main] TRACE UserController - Entering logout method in UserController
2024-11-22 10:06:55.380 [main] TRACE UserController - Exiting logout method in UserController
2024-11-22 10:06:55.396 [main] TRACE UserController - Entering changePassword method in UserController
2024-11-22 10:06:55.396 [main] TRACE UserController - Exiting changePassword method in UserController
2024-11-22 10:06:55.396 [main] TRACE UserController - Entering login method in UserController
2024-11-22 10:06:55.412 [main] TRACE UserController - Exiting login method in UserController
2024-11-22 10:06:55.412 [main] TRACE UserController - Entering refreshToken method in UserController
2024-11-22 10:06:55.412 [main] TRACE UserController - Exiting refreshToken method in UserController
2024-11-22 10:06:55.427 [main] TRACE UserController - Entering initiatePasswordReset method in UserController
2024-11-22 10:06:55.427 [main] TRACE UserController - Exiting initiatePasswordReset method in UserController
2024-11-22 10:06:55.693 [main] TRACE JwtServiceImpl - Entering buildToken method in JwtUtils class with claims and expiration: 3600000
2024-11-22 10:06:55.771 [main] TRACE JwtServiceImpl - Entering getSignInKey method in JwtUtils class
2024-11-22 10:06:55.787 [main] TRACE JwtServiceImpl - Exiting getSignInKey method in JwtUtils class with key
2024-11-22 10:06:56.021 [main] TRACE JwtServiceImpl - Exiting buildToken method in JwtUtils class with token: eyJhbGciOiJIUzI1NiJ9.eyJzdWIiOiJ1c2VyIiwiaWF0IjoxNzMyMjU5MjE1LCJleHAiOjE3MzIyNjI4MTV9.UBrI5GJbCPKOdb4Y9Wq0EJq7JV4xF3yUPbLT0jXJT9s
2024-11-22 10:06:56.037 [main] TRACE JwtServiceImpl - Entering extractUsername method in JwtUtils class
2024-11-22 10:06:56.037 [main] TRACE JwtServiceImpl - Entering extractClaim method in JwtUtils class
2024-11-22 10:06:56.037 [main] TRACE JwtServiceImpl - Entering extractAllClaims method in JwtUtils class
2024-11-22 10:06:56.084 [main] TRACE JwtServiceImpl - Entering getSignInKey method in JwtUtils class
2024-11-22 10:06:56.084 [main] TRACE JwtServiceImpl - Exiting getSignInKey method in JwtUtils class with key
2024-11-22 10:06:56.115 [main] TRACE JwtServiceImpl - Entering generateAccessToken method in JwtUtils class with username: user
2024-11-22 10:06:56.115 [main] TRACE JwtServiceImpl - Entering buildToken method in JwtUtils class with claims and expiration: 3600000
2024-11-22 10:06:56.115 [main] TRACE JwtServiceImpl - Entering getSignInKey method in JwtUtils class
2024-11-22 10:06:56.115 [main] TRACE JwtServiceImpl - Exiting getSignInKey method in JwtUtils class with key
2024-11-22 10:06:56.115 [main] TRACE JwtServiceImpl - Exiting buildToken method in JwtUtils class with token: eyJhbGciOiJIUzI1NiJ9.eyJzdWIiOiJ1c2VyIiwicm9sZXMiOlsiUk9MRV9VU0VSIl0sImlhdCI6MTczMjI1OTIxNiwiZXhwIjoxNzMyMjYyODE2fQ.aeoSty7ce0WrCi28g9-7k6johoOc7VANp2KYSX4Lhu4
2024-11-22 10:06:56.115 [main] TRACE JwtServiceImpl - Exiting generateAccessToken method in JwtUtils class with accessToken: eyJhbGciOiJIUzI1NiJ9.eyJzdWIiOiJ1c2VyIiwicm9sZXMiOlsiUk9MRV9VU0VSIl0sImlhdCI6MTczMjI1OTIxNiwiZXhwIjoxNzMyMjYyODE2fQ.aeoSty7ce0WrCi28g9-7k6johoOc7VANp2KYSX4Lhu4
2024-11-22 10:06:56.115 [main] TRACE JwtServiceImpl - Entering extractClaim method in JwtUtils class
2024-11-22 10:06:56.115 [main] TRACE JwtServiceImpl - Entering extractAllClaims method in JwtUtils class
2024-11-22 10:06:56.115 [main] TRACE JwtServiceImpl - Entering getSignInKey method in JwtUtils class
2024-11-22 10:06:56.115 [main] TRACE JwtServiceImpl - Exiting getSignInKey method in JwtUtils class with key
2024-11-22 10:06:56.177 [main] TRACE JwtServiceImpl - Exiting extractAllClaims method in JwtUtils class
2024-11-22 10:06:56.177 [main] TRACE JwtServiceImpl - Exiting extractClaim method in JwtUtils class with claim: user
2024-11-22 10:06:56.177 [main] TRACE JwtServiceImpl - Entering generateRefreshToken method in JwtUtils class with username: user
2024-11-22 10:06:56.177 [main] TRACE JwtServiceImpl - Entering buildToken method in JwtUtils class with claims and expiration: 86400000
2024-11-22 10:06:56.177 [main] TRACE JwtServiceImpl - Entering getSignInKey method in JwtUtils class
2024-11-22 10:06:56.177 [main] TRACE JwtServiceImpl - Exiting getSignInKey method in JwtUtils class with key
2024-11-22 10:06:56.177 [main] TRACE JwtServiceImpl - Exiting buildToken method in JwtUtils class with token: eyJhbGciOiJIUzI1NiJ9.eyJzdWIiOiJ1c2VyIiwiaWF0IjoxNzMyMjU5MjE2LCJleHAiOjE3MzIzNDU2MTZ9.FPZHJMxOIxs-8w6_BD-Qn4C5h0sosTuDux9iGmGDSDw
2024-11-22 10:06:56.177 [main] TRACE JwtServiceImpl - Exiting generateRefreshToken method in JwtUtils class with refreshToken: eyJhbGciOiJIUzI1NiJ9.eyJzdWIiOiJ1c2VyIiwiaWF0IjoxNzMyMjU5MjE2LCJleHAiOjE3MzIzNDU2MTZ9.FPZHJMxOIxs-8w6_BD-Qn4C5h0sosTuDux9iGmGDSDw
2024-11-22 10:06:56.193 [main] TRACE JwtServiceImpl - Entering generateAccessToken method in JwtUtils class with username: user
2024-11-22 10:06:56.193 [main] TRACE JwtServiceImpl - Entering buildToken method in JwtUtils class with claims and expiration: 3600000
2024-11-22 10:06:56.193 [main] TRACE JwtServiceImpl - Entering getSignInKey method in JwtUtils class
2024-11-22 10:06:56.193 [main] TRACE JwtServiceImpl - Exiting getSignInKey method in JwtUtils class with key
2024-11-22 10:06:56.193 [main] TRACE JwtServiceImpl - Exiting buildToken method in JwtUtils class with token: eyJhbGciOiJIUzI1NiJ9.eyJzdWIiOiJ1c2VyIiwicm9sZXMiOlsiUk9MRV9BRE1JTiJdLCJpYXQiOjE3MzIyNTkyMTYsImV4cCI6MTczMjI2MjgxNn0.ZyXl8GN9pGeU0rhDzLCUfH9w_eUpQTY0lhdTTHc82u4
2024-11-22 10:06:56.193 [main] TRACE JwtServiceImpl - Exiting generateAccessToken method in JwtUtils class with accessToken: eyJhbGciOiJIUzI1NiJ9.eyJzdWIiOiJ1c2VyIiwicm9sZXMiOlsiUk9MRV9BRE1JTiJdLCJpYXQiOjE3MzIyNTkyMTYsImV4cCI6MTczMjI2MjgxNn0.ZyXl8GN9pGeU0rhDzLCUfH9w_eUpQTY0lhdTTHc82u4
2024-11-22 10:06:56.193 [main] TRACE JwtServiceImpl - Entering extractUsername method in JwtUtils class
2024-11-22 10:06:56.193 [main] TRACE JwtServiceImpl - Entering extractClaim method in JwtUtils class
2024-11-22 10:06:56.193 [main] TRACE JwtServiceImpl - Entering extractAllClaims method in JwtUtils class
2024-11-22 10:06:56.193 [main] TRACE JwtServiceImpl - Entering getSignInKey method in JwtUtils class
2024-11-22 10:06:56.193 [main] TRACE JwtServiceImpl - Exiting getSignInKey method in JwtUtils class with key
2024-11-22 10:06:56.193 [main] TRACE JwtServiceImpl - Exiting extractAllClaims method in JwtUtils class
2024-11-22 10:06:56.193 [main] TRACE JwtServiceImpl - Exiting extractClaim method in JwtUtils class with claim: user
2024-11-22 10:06:56.193 [main] TRACE JwtServiceImpl - Exiting extractUsername method in JwtUtils class with username: user
2024-11-22 10:06:56.193 [main] TRACE JwtServiceImpl - Entering generateAccessToken method in JwtUtils class with username: user
2024-11-22 10:06:56.193 [main] TRACE JwtServiceImpl - Entering buildToken method in JwtUtils class with claims and expiration: 3600000
2024-11-22 10:06:56.193 [main] TRACE JwtServiceImpl - Entering getSignInKey method in JwtUtils class
2024-11-22 10:06:56.193 [main] TRACE JwtServiceImpl - Exiting getSignInKey method in JwtUtils class with key
2024-11-22 10:06:56.193 [main] TRACE JwtServiceImpl - Exiting buildToken method in JwtUtils class with token: eyJhbGciOiJIUzI1NiJ9.eyJzdWIiOiJ1c2VyIiwicm9sZXMiOlsiUk9MRV9VU0VSIl0sImlhdCI6MTczMjI1OTIxNiwiZXhwIjoxNzMyMjYyODE2fQ.aeoSty7ce0WrCi28g9-7k6johoOc7VANp2KYSX4Lhu4
2024-11-22 10:06:56.209 [main] TRACE JwtServiceImpl - Exiting generateAccessToken method in JwtUtils class with accessToken: eyJhbGciOiJIUzI1NiJ9.eyJzdWIiOiJ1c2VyIiwicm9sZXMiOlsiUk9MRV9VU0VSIl0sImlhdCI6MTczMjI1OTIxNiwiZXhwIjoxNzMyMjYyODE2fQ.aeoSty7ce0WrCi28g9-7k6johoOc7VANp2KYSX4Lhu4
2024-11-22 10:06:56.209 [main] TRACE JwtServiceImpl - Entering generateAccessToken method in JwtUtils class with username: user
2024-11-22 10:06:56.209 [main] TRACE JwtServiceImpl - Entering buildToken method in JwtUtils class with claims and expiration: 3600000
2024-11-22 10:06:56.209 [main] TRACE JwtServiceImpl - Entering getSignInKey method in JwtUtils class
2024-11-22 10:06:56.209 [main] TRACE JwtServiceImpl - Exiting getSignInKey method in JwtUtils class with key
2024-11-22 10:06:56.209 [main] TRACE JwtServiceImpl - Exiting buildToken method in JwtUtils class with token: eyJhbGciOiJIUzI1NiJ9.eyJzdWIiOiJ1c2VyIiwicm9sZXMiOlsiUk9MRV9BRE1JTiJdLCJpYXQiOjE3MzIyNTkyMTYsImV4cCI6MTczMjI2MjgxNn0.ZyXl8GN9pGeU0rhDzLCUfH9w_eUpQTY0lhdTTHc82u4
2024-11-22 10:06:56.209 [main] TRACE JwtServiceImpl - Exiting generateAccessToken method in JwtUtils class with accessToken: eyJhbGciOiJIUzI1NiJ9.eyJzdWIiOiJ1c2VyIiwicm9sZXMiOlsiUk9MRV9BRE1JTiJdLCJpYXQiOjE3MzIyNTkyMTYsImV4cCI6MTczMjI2MjgxNn0.ZyXl8GN9pGeU0rhDzLCUfH9w_eUpQTY0lhdTTHc82u4
2024-11-22 10:06:56.209 [main] TRACE JwtServiceImpl - Entering isTokenValid method in JwtUtils class with token and user: user
2024-11-22 10:06:56.209 [main] TRACE JwtServiceImpl - Entering extractUsername method in JwtUtils class
2024-11-22 10:06:56.209 [main] TRACE JwtServiceImpl - Entering extractClaim method in JwtUtils class
2024-11-22 10:06:56.209 [main] TRACE JwtServiceImpl - Entering extractAllClaims method in JwtUtils class
2024-11-22 10:06:56.209 [main] TRACE JwtServiceImpl - Entering getSignInKey method in JwtUtils class
2024-11-22 10:06:56.209 [main] TRACE JwtServiceImpl - Exiting getSignInKey method in JwtUtils class with key
2024-11-22 10:06:56.209 [main] TRACE JwtServiceImpl - Exiting extractAllClaims method in JwtUtils class
2024-11-22 10:06:56.209 [main] TRACE JwtServiceImpl - Exiting extractClaim method in JwtUtils class with claim: user
2024-11-22 10:06:56.209 [main] TRACE JwtServiceImpl - Exiting extractUsername method in JwtUtils class with username: user
2024-11-22 10:06:56.209 [main] TRACE JwtServiceImpl - Entering isTokenExpired method in JwtUtils class
2024-11-22 10:06:56.209 [main] TRACE JwtServiceImpl - Entering extractExpiration method in JwtUtils class
2024-11-22 10:06:56.209 [main] TRACE JwtServiceImpl - Entering extractClaim method in JwtUtils class
2024-11-22 10:06:56.209 [main] TRACE JwtServiceImpl - Entering extractAllClaims method in JwtUtils class
2024-11-22 10:06:56.209 [main] TRACE JwtServiceImpl - Entering getSignInKey method in JwtUtils class
2024-11-22 10:06:56.209 [main] TRACE JwtServiceImpl - Exiting getSignInKey method in JwtUtils class with key
2024-11-22 10:06:56.209 [main] TRACE JwtServiceImpl - Exiting extractAllClaims method in JwtUtils class
2024-11-22 10:06:56.209 [main] TRACE JwtServiceImpl - Exiting extractClaim method in JwtUtils class with claim: 2024-11-22T11:06:56.000+0300
2024-11-22 10:06:56.224 [main] TRACE JwtServiceImpl - Exiting extractExpiration method in JwtUtils class with expiration date: 2024-11-22T11:06:56.000+0300
2024-11-22 10:06:56.224 [main] TRACE JwtServiceImpl - Exiting isTokenExpired method in JwtUtils class with result: false
2024-11-22 10:06:56.224 [main] TRACE JwtServiceImpl - Exiting isTokenValid method in JwtUtils class with result: true
2024-11-22 10:06:56.443 [main] TRACE UserDetailsServiceImpl - Entering loadUserByUsername with username: nonexistentuser
2024-11-22 10:06:56.443 [main] ERROR UserDetailsServiceImpl - User not found with username: nonexistentuser
2024-11-22 10:06:56.443 [main] TRACE UserDetailsServiceImpl - Entering loadUserByUsername with username: testuser
2024-11-22 10:06:56.443 [main] INFO  UserDetailsServiceImpl - User found: testuser
2024-11-22 10:06:56.443 [main] DEBUG UserDetailsServiceImpl - Mapping role USER to authority ROLE_USER
2024-11-22 10:06:56.443 [main] INFO  UserDetailsServiceImpl - User authorities: [ROLE_USER]
2024-11-22 10:06:56.459 [main] TRACE UserDetailsServiceImpl - Exiting loadUserByUsername method in UserDetailsServiceImpl with username: testuser
2024-11-22 10:06:57.443 [main] TRACE UserServiceImpl - Entering refreshToken method in UserServiceImpl
2024-11-22 10:06:57.443 [main] DEBUG UserServiceImpl - Attempting to refresh token
2024-11-22 10:06:57.443 [main] INFO  UserServiceImpl - Extracted username from refresh token: testUser
2024-11-22 10:06:57.443 [main] ERROR UserServiceImpl - User not found : testUser
2024-11-22 10:06:57.459 [main] TRACE UserServiceImpl - Entering login method in UserServiceImpl
2024-11-22 10:06:57.459 [main] DEBUG UserServiceImpl - Attempting to authenticate user: testUser
2024-11-22 10:06:57.459 [main] ERROR UserServiceImpl - Email not verified for user: testUser
2024-11-22 10:06:57.505 [main] TRACE UserServiceImpl - Entering login method in UserServiceImpl
2024-11-22 10:06:57.505 [main] DEBUG UserServiceImpl - Attempting to authenticate user: testUser
2024-11-22 10:06:57.505 [main] ERROR UserServiceImpl - User not found with username: testUser
2024-11-22 10:06:59.663 [main] TRACE UserServiceImpl - Entering logout method in UserServiceImpl
2024-11-22 10:06:59.663 [main] DEBUG UserServiceImpl - Logout initiated
2024-11-22 10:06:59.663 [main] ERROR UserServiceImpl - Failed to log out token in Redis
redis.clients.jedis.exceptions.JedisException: Redis error
	at redis.clients.jedis.Jedis.set(Jedis.java:4892) ~[jedis-5.0.2.jar:?]
	at com.lab.backend.auth.service.concretes.UserServiceImpl.logout(UserServiceImpl.java:250) ~[classes/:?]
	at com.lab.backend.auth.service.concretes.UserServiceImplTest.lambda$logout_withRedisFailure_shouldThrowRedisOperationException$11(UserServiceImplTest.java:354) ~[test-classes/:?]
	at org.junit.jupiter.api.AssertThrows.assertThrows(AssertThrows.java:53) ~[junit-jupiter-api-5.10.3.jar:5.10.3]
	at org.junit.jupiter.api.AssertThrows.assertThrows(AssertThrows.java:35) ~[junit-jupiter-api-5.10.3.jar:5.10.3]
	at org.junit.jupiter.api.Assertions.assertThrows(Assertions.java:3115) ~[junit-jupiter-api-5.10.3.jar:5.10.3]
	at com.lab.backend.auth.service.concretes.UserServiceImplTest.logout_withRedisFailure_shouldThrowRedisOperationException(UserServiceImplTest.java:353) ~[test-classes/:?]
	at java.base/jdk.internal.reflect.NativeMethodAccessorImpl.invoke0(Native Method) ~[?:?]
	at java.base/jdk.internal.reflect.NativeMethodAccessorImpl.invoke(NativeMethodAccessorImpl.java:77) ~[?:?]
	at java.base/jdk.internal.reflect.DelegatingMethodAccessorImpl.invoke(DelegatingMethodAccessorImpl.java:43) ~[?:?]
	at java.base/java.lang.reflect.Method.invoke(Method.java:568) ~[?:?]
	at org.junit.platform.commons.util.ReflectionUtils.invokeMethod(ReflectionUtils.java:728) ~[junit-platform-commons-1.10.3.jar:1.10.3]
	at org.junit.jupiter.engine.execution.MethodInvocation.proceed(MethodInvocation.java:60) ~[junit-jupiter-engine-5.10.3.jar:5.10.3]
	at org.junit.jupiter.engine.execution.InvocationInterceptorChain$ValidatingInvocation.proceed(InvocationInterceptorChain.java:131) ~[junit-jupiter-engine-5.10.3.jar:5.10.3]
	at org.junit.jupiter.engine.extension.TimeoutExtension.intercept(TimeoutExtension.java:156) ~[junit-jupiter-engine-5.10.3.jar:5.10.3]
	at org.junit.jupiter.engine.extension.TimeoutExtension.interceptTestableMethod(TimeoutExtension.java:147) ~[junit-jupiter-engine-5.10.3.jar:5.10.3]
	at org.junit.jupiter.engine.extension.TimeoutExtension.interceptTestMethod(TimeoutExtension.java:86) ~[junit-jupiter-engine-5.10.3.jar:5.10.3]
	at org.junit.jupiter.engine.execution.InterceptingExecutableInvoker$ReflectiveInterceptorCall.lambda$ofVoidMethod$0(InterceptingExecutableInvoker.java:103) ~[junit-jupiter-engine-5.10.3.jar:5.10.3]
	at org.junit.jupiter.engine.execution.InterceptingExecutableInvoker.lambda$invoke$0(InterceptingExecutableInvoker.java:93) ~[junit-jupiter-engine-5.10.3.jar:5.10.3]
	at org.junit.jupiter.engine.execution.InvocationInterceptorChain$InterceptedInvocation.proceed(InvocationInterceptorChain.java:106) ~[junit-jupiter-engine-5.10.3.jar:5.10.3]
	at org.junit.jupiter.engine.execution.InvocationInterceptorChain.proceed(InvocationInterceptorChain.java:64) ~[junit-jupiter-engine-5.10.3.jar:5.10.3]
	at org.junit.jupiter.engine.execution.InvocationInterceptorChain.chainAndInvoke(InvocationInterceptorChain.java:45) ~[junit-jupiter-engine-5.10.3.jar:5.10.3]
	at org.junit.jupiter.engine.execution.InvocationInterceptorChain.invoke(InvocationInterceptorChain.java:37) ~[junit-jupiter-engine-5.10.3.jar:5.10.3]
	at org.junit.jupiter.engine.execution.InterceptingExecutableInvoker.invoke(InterceptingExecutableInvoker.java:92) ~[junit-jupiter-engine-5.10.3.jar:5.10.3]
	at org.junit.jupiter.engine.execution.InterceptingExecutableInvoker.invoke(InterceptingExecutableInvoker.java:86) ~[junit-jupiter-engine-5.10.3.jar:5.10.3]
	at org.junit.jupiter.engine.descriptor.TestMethodTestDescriptor.lambda$invokeTestMethod$7(TestMethodTestDescriptor.java:218) ~[junit-jupiter-engine-5.10.3.jar:5.10.3]
	at org.junit.platform.engine.support.hierarchical.ThrowableCollector.execute(ThrowableCollector.java:73) ~[junit-platform-engine-1.10.3.jar:1.10.3]
	at org.junit.jupiter.engine.descriptor.TestMethodTestDescriptor.invokeTestMethod(TestMethodTestDescriptor.java:214) ~[junit-jupiter-engine-5.10.3.jar:5.10.3]
	at org.junit.jupiter.engine.descriptor.TestMethodTestDescriptor.execute(TestMethodTestDescriptor.java:139) ~[junit-jupiter-engine-5.10.3.jar:5.10.3]
	at org.junit.jupiter.engine.descriptor.TestMethodTestDescriptor.execute(TestMethodTestDescriptor.java:69) ~[junit-jupiter-engine-5.10.3.jar:5.10.3]
	at org.junit.platform.engine.support.hierarchical.NodeTestTask.lambda$executeRecursively$6(NodeTestTask.java:151) ~[junit-platform-engine-1.10.3.jar:1.10.3]
	at org.junit.platform.engine.support.hierarchical.ThrowableCollector.execute(ThrowableCollector.java:73) ~[junit-platform-engine-1.10.3.jar:1.10.3]
	at org.junit.platform.engine.support.hierarchical.NodeTestTask.lambda$executeRecursively$8(NodeTestTask.java:141) ~[junit-platform-engine-1.10.3.jar:1.10.3]
	at org.junit.platform.engine.support.hierarchical.Node.around(Node.java:137) ~[junit-platform-engine-1.10.3.jar:1.10.3]
	at org.junit.platform.engine.support.hierarchical.NodeTestTask.lambda$executeRecursively$9(NodeTestTask.java:139) ~[junit-platform-engine-1.10.3.jar:1.10.3]
	at org.junit.platform.engine.support.hierarchical.ThrowableCollector.execute(ThrowableCollector.java:73) ~[junit-platform-engine-1.10.3.jar:1.10.3]
	at org.junit.platform.engine.support.hierarchical.NodeTestTask.executeRecursively(NodeTestTask.java:138) ~[junit-platform-engine-1.10.3.jar:1.10.3]
	at org.junit.platform.engine.support.hierarchical.NodeTestTask.execute(NodeTestTask.java:95) ~[junit-platform-engine-1.10.3.jar:1.10.3]
	at java.base/java.util.ArrayList.forEach(ArrayList.java:1511) ~[?:?]
	at org.junit.platform.engine.support.hierarchical.SameThreadHierarchicalTestExecutorService.invokeAll(SameThreadHierarchicalTestExecutorService.java:41) ~[junit-platform-engine-1.10.3.jar:1.10.3]
	at org.junit.platform.engine.support.hierarchical.NodeTestTask.lambda$executeRecursively$6(NodeTestTask.java:155) ~[junit-platform-engine-1.10.3.jar:1.10.3]
	at org.junit.platform.engine.support.hierarchical.ThrowableCollector.execute(ThrowableCollector.java:73) ~[junit-platform-engine-1.10.3.jar:1.10.3]
	at org.junit.platform.engine.support.hierarchical.NodeTestTask.lambda$executeRecursively$8(NodeTestTask.java:141) ~[junit-platform-engine-1.10.3.jar:1.10.3]
	at org.junit.platform.engine.support.hierarchical.Node.around(Node.java:137) ~[junit-platform-engine-1.10.3.jar:1.10.3]
	at org.junit.platform.engine.support.hierarchical.NodeTestTask.lambda$executeRecursively$9(NodeTestTask.java:139) ~[junit-platform-engine-1.10.3.jar:1.10.3]
	at org.junit.platform.engine.support.hierarchical.ThrowableCollector.execute(ThrowableCollector.java:73) ~[junit-platform-engine-1.10.3.jar:1.10.3]
	at org.junit.platform.engine.support.hierarchical.NodeTestTask.executeRecursively(NodeTestTask.java:138) ~[junit-platform-engine-1.10.3.jar:1.10.3]
	at org.junit.platform.engine.support.hierarchical.NodeTestTask.execute(NodeTestTask.java:95) ~[junit-platform-engine-1.10.3.jar:1.10.3]
	at java.base/java.util.ArrayList.forEach(ArrayList.java:1511) ~[?:?]
	at org.junit.platform.engine.support.hierarchical.SameThreadHierarchicalTestExecutorService.invokeAll(SameThreadHierarchicalTestExecutorService.java:41) ~[junit-platform-engine-1.10.3.jar:1.10.3]
	at org.junit.platform.engine.support.hierarchical.NodeTestTask.lambda$executeRecursively$6(NodeTestTask.java:155) ~[junit-platform-engine-1.10.3.jar:1.10.3]
	at org.junit.platform.engine.support.hierarchical.ThrowableCollector.execute(ThrowableCollector.java:73) ~[junit-platform-engine-1.10.3.jar:1.10.3]
	at org.junit.platform.engine.support.hierarchical.NodeTestTask.lambda$executeRecursively$8(NodeTestTask.java:141) ~[junit-platform-engine-1.10.3.jar:1.10.3]
	at org.junit.platform.engine.support.hierarchical.Node.around(Node.java:137) ~[junit-platform-engine-1.10.3.jar:1.10.3]
	at org.junit.platform.engine.support.hierarchical.NodeTestTask.lambda$executeRecursively$9(NodeTestTask.java:139) ~[junit-platform-engine-1.10.3.jar:1.10.3]
	at org.junit.platform.engine.support.hierarchical.ThrowableCollector.execute(ThrowableCollector.java:73) ~[junit-platform-engine-1.10.3.jar:1.10.3]
	at org.junit.platform.engine.support.hierarchical.NodeTestTask.executeRecursively(NodeTestTask.java:138) ~[junit-platform-engine-1.10.3.jar:1.10.3]
	at org.junit.platform.engine.support.hierarchical.NodeTestTask.execute(NodeTestTask.java:95) ~[junit-platform-engine-1.10.3.jar:1.10.3]
	at org.junit.platform.engine.support.hierarchical.SameThreadHierarchicalTestExecutorService.submit(SameThreadHierarchicalTestExecutorService.java:35) ~[junit-platform-engine-1.10.3.jar:1.10.3]
	at org.junit.platform.engine.support.hierarchical.HierarchicalTestExecutor.execute(HierarchicalTestExecutor.java:57) ~[junit-platform-engine-1.10.3.jar:1.10.3]
	at org.junit.platform.engine.support.hierarchical.HierarchicalTestEngine.execute(HierarchicalTestEngine.java:54) ~[junit-platform-engine-1.10.3.jar:1.10.3]
	at org.junit.platform.launcher.core.EngineExecutionOrchestrator.execute(EngineExecutionOrchestrator.java:198) ~[junit-platform-launcher-1.10.3.jar:1.10.3]
	at org.junit.platform.launcher.core.EngineExecutionOrchestrator.execute(EngineExecutionOrchestrator.java:169) ~[junit-platform-launcher-1.10.3.jar:1.10.3]
	at org.junit.platform.launcher.core.EngineExecutionOrchestrator.execute(EngineExecutionOrchestrator.java:93) ~[junit-platform-launcher-1.10.3.jar:1.10.3]
	at org.junit.platform.launcher.core.EngineExecutionOrchestrator.lambda$execute$0(EngineExecutionOrchestrator.java:58) ~[junit-platform-launcher-1.10.3.jar:1.10.3]
	at org.junit.platform.launcher.core.EngineExecutionOrchestrator.withInterceptedStreams(EngineExecutionOrchestrator.java:141) [junit-platform-launcher-1.10.3.jar:1.10.3]
	at org.junit.platform.launcher.core.EngineExecutionOrchestrator.execute(EngineExecutionOrchestrator.java:57) [junit-platform-launcher-1.10.3.jar:1.10.3]
	at org.junit.platform.launcher.core.DefaultLauncher.execute(DefaultLauncher.java:103) [junit-platform-launcher-1.10.3.jar:1.10.3]
	at org.junit.platform.launcher.core.DefaultLauncher.execute(DefaultLauncher.java:85) [junit-platform-launcher-1.10.3.jar:1.10.3]
	at org.junit.platform.launcher.core.DelegatingLauncher.execute(DelegatingLauncher.java:47) [junit-platform-launcher-1.10.3.jar:1.10.3]
	at org.apache.maven.surefire.junitplatform.LazyLauncher.execute(LazyLauncher.java:56) [surefire-junit-platform-3.2.5.jar:3.2.5]
	at org.apache.maven.surefire.junitplatform.JUnitPlatformProvider.execute(JUnitPlatformProvider.java:184) [surefire-junit-platform-3.2.5.jar:3.2.5]
	at org.apache.maven.surefire.junitplatform.JUnitPlatformProvider.invokeAllTests(JUnitPlatformProvider.java:148) [surefire-junit-platform-3.2.5.jar:3.2.5]
	at org.apache.maven.surefire.junitplatform.JUnitPlatformProvider.invoke(JUnitPlatformProvider.java:122) [surefire-junit-platform-3.2.5.jar:3.2.5]
	at org.apache.maven.surefire.booter.ForkedBooter.runSuitesInProcess(ForkedBooter.java:385) [surefire-booter-3.2.5.jar:3.2.5]
	at org.apache.maven.surefire.booter.ForkedBooter.execute(ForkedBooter.java:162) [surefire-booter-3.2.5.jar:3.2.5]
	at org.apache.maven.surefire.booter.ForkedBooter.run(ForkedBooter.java:507) [surefire-booter-3.2.5.jar:3.2.5]
	at org.apache.maven.surefire.booter.ForkedBooter.main(ForkedBooter.java:495) [surefire-booter-3.2.5.jar:3.2.5]
2024-11-22 10:06:59.694 [main] TRACE UserServiceImpl - Entering removeRole method in UserServiceImpl
2024-11-22 10:06:59.694 [main] ERROR UserServiceImpl - No user found to remove role: nonExistingUser
2024-11-22 10:06:59.694 [main] TRACE UserServiceImpl - Entering createUser method in UserServiceImpl
2024-11-22 10:06:59.709 [main] ERROR UserServiceImpl - No valid roles found
2024-11-22 10:06:59.725 [main] TRACE UserServiceImpl - Entering logout method in UserServiceImpl
2024-11-22 10:06:59.725 [main] DEBUG UserServiceImpl - Logout initiated
2024-11-22 10:06:59.725 [main] INFO  UserServiceImpl - Token successfully logged out and saved in Redis
2024-11-22 10:06:59.725 [main] TRACE UserServiceImpl - Exiting logout method in UserServiceImpl
2024-11-22 10:06:59.741 [main] TRACE UserServiceImpl - Entering login method in UserServiceImpl
2024-11-22 10:06:59.741 [main] DEBUG UserServiceImpl - Attempting to authenticate user: testUser
2024-11-22 10:06:59.741 [main] ERROR UserServiceImpl - Authentication failed for user: testUser
2024-11-22 10:06:59.741 [main] TRACE UserServiceImpl - Entering changePassword method in UserServiceImpl
2024-11-22 10:06:59.741 [main] DEBUG UserServiceImpl - Password change request initiated
2024-11-22 10:06:59.741 [main] ERROR UserServiceImpl - User not found for username: testUser
2024-11-22 10:06:59.756 [main] TRACE UserServiceImpl - Entering handlePasswordReset method in UserServiceImpl
2024-11-22 10:06:59.756 [main] DEBUG UserServiceImpl - Handling password reset for token: validToken
2024-11-22 10:06:59.756 [main] ERROR UserServiceImpl - New password does not meet the minimum length requirement
2024-11-22 10:06:59.772 [main] TRACE UserServiceImpl - Entering refreshToken method in UserServiceImpl
2024-11-22 10:06:59.772 [main] DEBUG UserServiceImpl - Attempting to refresh token
2024-11-22 10:06:59.772 [main] INFO  UserServiceImpl - Extracted username from refresh token: testUser
2024-11-22 10:06:59.772 [main] ERROR UserServiceImpl - Email not verified for user testUser so refresh token cannot be done.
2024-11-22 10:06:59.788 [main] TRACE UserServiceImpl - Entering updateUser method in UserServiceImpl
2024-11-22 10:06:59.788 [main] ERROR UserServiceImpl - Username is already taken: newUsername
2024-11-22 10:06:59.803 [main] TRACE UserServiceImpl - Entering verifyEmail method in UserServiceImpl
2024-11-22 10:06:59.803 [main] ERROR UserServiceImpl - User with the given verification token not found
2024-11-22 10:06:59.803 [main] TRACE UserServiceImpl - Entering addRole method in UserServiceImpl
2024-11-22 10:06:59.803 [main] ERROR UserServiceImpl - Role not found: NON_EXISTING_ROLE
2024-11-22 10:06:59.820 [main] TRACE UserServiceImpl - Entering handlePasswordReset method in UserServiceImpl
2024-11-22 10:06:59.820 [main] DEBUG UserServiceImpl - Handling password reset for token: validToken
2024-11-22 10:06:59.820 [main] INFO  UserServiceImpl - Password reset successfully for user: testUser
2024-11-22 10:06:59.820 [main] TRACE UserServiceImpl - Exiting handlePasswordReset method in UserServiceImpl
2024-11-22 10:06:59.835 [main] TRACE UserServiceImpl - Entering createUser method in UserServiceImpl
2024-11-22 10:06:59.835 [main] ERROR UserServiceImpl - No role found for registration!
2024-11-22 10:06:59.835 [main] TRACE UserServiceImpl - Entering changePassword method in UserServiceImpl
2024-11-22 10:06:59.835 [main] DEBUG UserServiceImpl - Password change request initiated
2024-11-22 10:06:59.835 [main] ERROR UserServiceImpl - Invalid token format to change password
2024-11-22 10:06:59.851 [main] TRACE UserServiceImpl - Entering refreshToken method in UserServiceImpl
2024-11-22 10:06:59.851 [main] DEBUG UserServiceImpl - Attempting to refresh token
2024-11-22 10:06:59.851 [main] ERROR UserServiceImpl - Invalid token format
2024-11-22 10:06:59.867 [main] TRACE UserServiceImpl - Entering createUser method in UserServiceImpl
2024-11-22 10:06:59.867 [main] INFO  UserServiceImpl - User 'newUser' created successfully
2024-11-22 10:06:59.867 [main] INFO  UserServiceImpl - Verification email sent to 'newUser@example.com'
2024-11-22 10:06:59.867 [main] TRACE UserServiceImpl - Exiting createUser method in UserServiceImpl
2024-11-22 10:06:59.867 [main] TRACE UserServiceImpl - Entering deleteUser method in UserServiceImpl
2024-11-22 10:06:59.867 [main] ERROR UserServiceImpl - User not found: username
2024-11-22 10:06:59.882 [main] TRACE UserServiceImpl - Initializing JedisPool with Redis Host: localhost and Port: invalidPort
2024-11-22 10:06:59.882 [main] TRACE UserServiceImpl - Entering updateUser method in UserServiceImpl
2024-11-22 10:06:59.882 [main] INFO  UserServiceImpl - User 'newUsername' updated successfully
2024-11-22 10:06:59.882 [main] TRACE UserServiceImpl - Exiting updateUser method in UserServiceImpl
2024-11-22 10:06:59.898 [main] TRACE UserServiceImpl - Entering handlePasswordReset method in UserServiceImpl
2024-11-22 10:06:59.898 [main] DEBUG UserServiceImpl - Handling password reset for token: invalidToken
2024-11-22 10:06:59.898 [main] ERROR UserServiceImpl - Invalid reset token provided
2024-11-22 10:06:59.913 [main] TRACE UserServiceImpl - Entering deleteUser method in UserServiceImpl
2024-11-22 10:06:59.913 [main] ERROR UserServiceImpl - User not found: username
2024-11-22 10:06:59.913 [main] TRACE UserServiceImpl - Entering addRole method in UserServiceImpl
2024-11-22 10:06:59.913 [main] INFO  UserServiceImpl - Role 'TECHNICIAN' added to user 'testUser'
2024-11-22 10:06:59.913 [main] TRACE UserServiceImpl - Exiting addRole method in UserServiceImpl
2024-11-22 10:06:59.929 [main] TRACE UserServiceImpl - Entering updateUser method in UserServiceImpl
2024-11-22 10:06:59.929 [main] ERROR UserServiceImpl - User not found
2024-11-22 10:06:59.945 [main] TRACE UserServiceImpl - Entering restoreUser method in UserServiceImpl
2024-11-22 10:06:59.945 [main] TRACE UserServiceImpl - Entering revokeAllTokensByUser method in UserServiceImpl
2024-11-22 10:06:59.945 [main] DEBUG UserServiceImpl - Revoking all tokens for user ID: 1
2024-11-22 10:06:59.945 [main] INFO  UserServiceImpl - No valid tokens found for user ID: 1
2024-11-22 10:06:59.945 [main] INFO  UserServiceImpl - User 'username' restored successfully
2024-11-22 10:06:59.945 [main] TRACE UserServiceImpl - Exiting restoreUser method in UserServiceImpl
2024-11-22 10:06:59.960 [main] TRACE UserServiceImpl - Entering deleteUser method in UserServiceImpl
2024-11-22 10:06:59.960 [main] TRACE UserServiceImpl - Entering revokeAllTokensByUser method in UserServiceImpl
2024-11-22 10:06:59.960 [main] DEBUG UserServiceImpl - Revoking all tokens for user ID: 1
2024-11-22 10:06:59.960 [main] INFO  UserServiceImpl - No valid tokens found for user ID: 1
2024-11-22 10:06:59.960 [main] INFO  UserServiceImpl - User 'username' marked as deleted
2024-11-22 10:06:59.960 [main] TRACE UserServiceImpl - Exiting deleteUser method in UserServiceImpl
2024-11-22 10:06:59.976 [main] TRACE UserServiceImpl - Entering refreshToken method in UserServiceImpl
2024-11-22 10:06:59.976 [main] DEBUG UserServiceImpl - Attempting to refresh token
2024-11-22 10:06:59.976 [main] INFO  UserServiceImpl - Extracted username from refresh token: null
2024-11-22 10:06:59.976 [main] ERROR UserServiceImpl - Username extraction failed from token
2024-11-22 10:07:00.007 [main] TRACE UserServiceImpl - Entering addRole method in UserServiceImpl
2024-11-22 10:07:00.007 [main] ERROR UserServiceImpl - No user found to add role: nonExistingUser
2024-11-22 10:07:00.023 [main] TRACE UserServiceImpl - Entering removeRole method in UserServiceImpl
2024-11-22 10:07:00.023 [main] INFO  UserServiceImpl - Role 'ADMIN' removed from user 'testUser'
2024-11-22 10:07:00.023 [main] TRACE UserServiceImpl - Exiting removeRole method in UserServiceImpl
2024-11-22 10:07:00.038 [main] TRACE UserServiceImpl - Entering changePassword method in UserServiceImpl
2024-11-22 10:07:00.038 [main] DEBUG UserServiceImpl - Password change request initiated
2024-11-22 10:07:00.038 [main] TRACE UserServiceImpl - Entering revokeAllTokensByUser method in UserServiceImpl
2024-11-22 10:07:00.038 [main] DEBUG UserServiceImpl - Revoking all tokens for user ID: 1
2024-11-22 10:07:00.038 [main] INFO  UserServiceImpl - No valid tokens found for user ID: 1
2024-11-22 10:07:00.038 [main] INFO  UserServiceImpl - Password changed successfully for user: testUser
2024-11-22 10:07:00.038 [main] TRACE UserServiceImpl - Exiting changePassword method in UserServiceImpl
2024-11-22 10:07:00.054 [main] TRACE UserServiceImpl - Entering createUser method in UserServiceImpl
2024-11-22 10:07:00.054 [main] ERROR UserServiceImpl - Username 'existingUser' is already taken
2024-11-22 10:07:00.054 [main] TRACE UserServiceImpl - Entering refreshToken method in UserServiceImpl
2024-11-22 10:07:00.054 [main] DEBUG UserServiceImpl - Attempting to refresh token
2024-11-22 10:07:00.054 [main] INFO  UserServiceImpl - Extracted username from refresh token: testUser
2024-11-22 10:07:00.054 [main] ERROR UserServiceImpl - User not found : testUser
2024-11-22 10:07:00.070 [main] TRACE UserServiceImpl - Entering changePassword method in UserServiceImpl
2024-11-22 10:07:00.070 [main] DEBUG UserServiceImpl - Password change request initiated
2024-11-22 10:07:00.070 [main] ERROR UserServiceImpl - Old password is incorrect for user: testUser
2024-11-22 10:07:00.070 [main] TRACE UserServiceImpl - Entering verifyEmail method in UserServiceImpl
2024-11-22 10:07:00.070 [main] INFO  UserServiceImpl - Email verified for user: testUser
2024-11-22 10:07:00.070 [main] TRACE UserServiceImpl - Exiting verifyEmail method in UserServiceImpl
2024-11-22 10:07:00.085 [main] TRACE UserServiceImpl - Entering handlePasswordReset method in UserServiceImpl
2024-11-22 10:07:00.085 [main] DEBUG UserServiceImpl - Handling password reset for token: validToken
2024-11-22 10:07:00.085 [main] ERROR UserServiceImpl - Reset token has expired for user: testUser
2024-11-22 10:07:00.085 [main] TRACE UserServiceImpl - Entering removeRole method in UserServiceImpl
2024-11-22 10:07:00.085 [main] ERROR UserServiceImpl - Role not found to remove: NON_EXISTING_ROLE
2024-11-22 10:07:00.101 [main] TRACE UserServiceImpl - Entering logout method in UserServiceImpl
2024-11-22 10:07:00.101 [main] DEBUG UserServiceImpl - Logout initiated
2024-11-22 10:07:00.101 [main] ERROR UserServiceImpl - Invalid token
2024-11-22 10:07:00.117 [main] TRACE UserServiceImpl - Entering login method in UserServiceImpl
2024-11-22 10:07:00.117 [main] DEBUG UserServiceImpl - Attempting to authenticate user: testUser
2024-11-22 10:07:00.117 [main] INFO  UserServiceImpl - User authenticated successfully: testUser
2024-11-22 10:07:00.117 [main] TRACE UserServiceImpl - Entering getRolesAsString method in UserServiceImpl
2024-11-22 10:07:00.117 [main] TRACE UserServiceImpl - Exiting getRolesAsString method in UserServiceImpl
2024-11-22 10:07:00.117 [main] TRACE UserServiceImpl - Entering revokeAllTokensByUser method in UserServiceImpl
2024-11-22 10:07:00.117 [main] DEBUG UserServiceImpl - Revoking all tokens for user ID: 1
2024-11-22 10:07:00.117 [main] INFO  UserServiceImpl - No valid tokens found for user ID: 1
2024-11-22 10:07:00.117 [main] TRACE UserServiceImpl - Entering saveUserToken method in UserServiceImpl
2024-11-22 10:07:00.117 [main] DEBUG UserServiceImpl - Saving token for user: testUser
2024-11-22 10:07:00.132 [main] INFO  UserServiceImpl - Token saved in Redis for user: testUser
2024-11-22 10:07:00.132 [main] TRACE UserServiceImpl - Exiting saveUserToken method in UserServiceImpl
2024-11-22 10:07:00.132 [main] TRACE UserServiceImpl - Exiting login method in UserServiceImpl
2024-11-22 10:07:00.148 [main] TRACE UserServiceImpl - Entering logout method in UserServiceImpl
2024-11-22 10:07:00.148 [main] DEBUG UserServiceImpl - Logout initiated
2024-11-22 10:07:00.148 [main] ERROR UserServiceImpl - Token not found in repository
2024-11-22 10:07:00.148 [main] TRACE UserServiceImpl - Entering refreshToken method in UserServiceImpl
2024-11-22 10:07:00.148 [main] DEBUG UserServiceImpl - Attempting to refresh token
2024-11-22 10:07:00.148 [main] INFO  UserServiceImpl - Extracted username from refresh token: testUser
2024-11-22 10:07:00.148 [main] INFO  UserServiceImpl - Generating new tokens for user: testUser
2024-11-22 10:07:00.148 [main] TRACE UserServiceImpl - Entering getRolesAsString method in UserServiceImpl
2024-11-22 10:07:00.148 [main] TRACE UserServiceImpl - Exiting getRolesAsString method in UserServiceImpl
2024-11-22 10:07:00.163 [main] TRACE UserServiceImpl - Entering revokeAllTokensByUser method in UserServiceImpl
2024-11-22 10:07:00.163 [main] DEBUG UserServiceImpl - Revoking all tokens for user ID: 1
2024-11-22 10:07:00.163 [main] INFO  UserServiceImpl - No valid tokens found for user ID: 1
2024-11-22 10:07:00.163 [main] TRACE UserServiceImpl - Entering saveUserToken method in UserServiceImpl
2024-11-22 10:07:00.163 [main] DEBUG UserServiceImpl - Saving token for user: testUser
2024-11-22 10:07:00.163 [main] INFO  UserServiceImpl - Token saved in Redis for user: testUser
2024-11-22 10:07:00.163 [main] TRACE UserServiceImpl - Exiting saveUserToken method in UserServiceImpl
2024-11-22 10:07:00.163 [main] TRACE UserServiceImpl - Exiting refreshToken method in UserServiceImpl
2024-11-22 10:07:00.273 [main] TRACE UserServiceImpl - Initializing JedisPool with Redis Host: localhost and Port: 6379
2024-11-22 10:07:00.288 [main] TRACE UserServiceImpl - Exiting init method in UserServiceImpl
