2024-12-06 18:54:45.128 [main] TRACE UserController - Entering handlePasswordReset method in UserController
2024-12-06 18:54:45.148 [main] TRACE UserController - Exiting handlePasswordReset method in UserController
2024-12-06 18:54:45.227 [main] TRACE UserController - Entering verifyEmail method in UserController
2024-12-06 18:54:45.228 [main] TRACE UserController - Exiting verifyEmail method in UserController
2024-12-06 18:54:45.234 [main] TRACE UserController - Entering logout method in UserController
2024-12-06 18:54:45.234 [main] TRACE UserController - Exiting logout method in UserController
2024-12-06 18:54:45.239 [main] TRACE UserController - Entering changePassword method in UserController
2024-12-06 18:54:45.239 [main] TRACE UserController - Exiting changePassword method in UserController
2024-12-06 18:54:45.250 [main] TRACE UserController - Entering login method in UserController
2024-12-06 18:54:45.259 [main] TRACE UserController - Exiting login method in UserController
2024-12-06 18:54:45.268 [main] TRACE UserController - Entering refreshToken method in UserController
2024-12-06 18:54:45.268 [main] TRACE UserController - Exiting refreshToken method in UserController
2024-12-06 18:54:45.277 [main] TRACE UserController - Entering initiatePasswordReset method in UserController
2024-12-06 18:54:45.278 [main] TRACE UserController - Exiting initiatePasswordReset method in UserController
2024-12-06 18:54:45.489 [main] TRACE JwtServiceImpl - Entering buildToken method in JwtUtils class with claims and expiration: 3600000
2024-12-06 18:54:45.569 [main] TRACE JwtServiceImpl - Entering getSignInKey method in JwtUtils class
2024-12-06 18:54:45.569 [main] TRACE JwtServiceImpl - Exiting getSignInKey method in JwtUtils class with key
2024-12-06 18:54:45.801 [main] TRACE JwtServiceImpl - Exiting buildToken method in JwtUtils class with token: eyJhbGciOiJIUzI1NiJ9.eyJzdWIiOiJ1c2VyIiwiaWF0IjoxNzMzNTAwNDg1LCJleHAiOjE3MzM1MDQwODV9.Gz9ZZasPEb7Ds1uvrC_Bpv_vMYko-3YO-9eAMgknJsU
2024-12-06 18:54:45.809 [main] TRACE JwtServiceImpl - Entering extractUsername method in JwtUtils class
2024-12-06 18:54:45.809 [main] TRACE JwtServiceImpl - Entering extractClaim method in JwtUtils class
2024-12-06 18:54:45.809 [main] TRACE JwtServiceImpl - Entering extractAllClaims method in JwtUtils class
2024-12-06 18:54:45.838 [main] TRACE JwtServiceImpl - Entering getSignInKey method in JwtUtils class
2024-12-06 18:54:45.838 [main] TRACE JwtServiceImpl - Exiting getSignInKey method in JwtUtils class with key
2024-12-06 18:54:45.881 [main] TRACE JwtServiceImpl - Entering generateAccessToken method in JwtUtils class with username: user
2024-12-06 18:54:45.881 [main] TRACE JwtServiceImpl - Entering buildToken method in JwtUtils class with claims and expiration: 3600000
2024-12-06 18:54:45.881 [main] TRACE JwtServiceImpl - Entering getSignInKey method in JwtUtils class
2024-12-06 18:54:45.881 [main] TRACE JwtServiceImpl - Exiting getSignInKey method in JwtUtils class with key
2024-12-06 18:54:45.889 [main] TRACE JwtServiceImpl - Exiting buildToken method in JwtUtils class with token: eyJhbGciOiJIUzI1NiJ9.eyJzdWIiOiJ1c2VyIiwicm9sZXMiOlsiUk9MRV9VU0VSIl0sImlhdCI6MTczMzUwMDQ4NSwiZXhwIjoxNzMzNTA0MDg1fQ.nTBaQcZ1tSqNwbtdQ9zZDjM3KT5dJ3Ii05aFds09E8g
2024-12-06 18:54:45.889 [main] TRACE JwtServiceImpl - Exiting generateAccessToken method in JwtUtils class with accessToken: eyJhbGciOiJIUzI1NiJ9.eyJzdWIiOiJ1c2VyIiwicm9sZXMiOlsiUk9MRV9VU0VSIl0sImlhdCI6MTczMzUwMDQ4NSwiZXhwIjoxNzMzNTA0MDg1fQ.nTBaQcZ1tSqNwbtdQ9zZDjM3KT5dJ3Ii05aFds09E8g
2024-12-06 18:54:45.889 [main] TRACE JwtServiceImpl - Entering extractClaim method in JwtUtils class
2024-12-06 18:54:45.889 [main] TRACE JwtServiceImpl - Entering extractAllClaims method in JwtUtils class
2024-12-06 18:54:45.889 [main] TRACE JwtServiceImpl - Entering getSignInKey method in JwtUtils class
2024-12-06 18:54:45.889 [main] TRACE JwtServiceImpl - Exiting getSignInKey method in JwtUtils class with key
2024-12-06 18:54:45.918 [main] TRACE JwtServiceImpl - Exiting extractAllClaims method in JwtUtils class
2024-12-06 18:54:45.918 [main] TRACE JwtServiceImpl - Exiting extractClaim method in JwtUtils class with claim: user
2024-12-06 18:54:45.918 [main] TRACE JwtServiceImpl - Entering generateRefreshToken method in JwtUtils class with username: user
2024-12-06 18:54:45.918 [main] TRACE JwtServiceImpl - Entering buildToken method in JwtUtils class with claims and expiration: 86400000
2024-12-06 18:54:45.918 [main] TRACE JwtServiceImpl - Entering getSignInKey method in JwtUtils class
2024-12-06 18:54:45.918 [main] TRACE JwtServiceImpl - Exiting getSignInKey method in JwtUtils class with key
2024-12-06 18:54:45.918 [main] TRACE JwtServiceImpl - Exiting buildToken method in JwtUtils class with token: eyJhbGciOiJIUzI1NiJ9.eyJzdWIiOiJ1c2VyIiwiaWF0IjoxNzMzNTAwNDg1LCJleHAiOjE3MzM1ODY4ODV9.VOfm36kA3QXLTbJAHLWSfAWcGOdXrRqth1jAC2KWihE
2024-12-06 18:54:45.918 [main] TRACE JwtServiceImpl - Exiting generateRefreshToken method in JwtUtils class with refreshToken: eyJhbGciOiJIUzI1NiJ9.eyJzdWIiOiJ1c2VyIiwiaWF0IjoxNzMzNTAwNDg1LCJleHAiOjE3MzM1ODY4ODV9.VOfm36kA3QXLTbJAHLWSfAWcGOdXrRqth1jAC2KWihE
2024-12-06 18:54:45.929 [main] TRACE JwtServiceImpl - Entering generateAccessToken method in JwtUtils class with username: user
2024-12-06 18:54:45.929 [main] TRACE JwtServiceImpl - Entering buildToken method in JwtUtils class with claims and expiration: 3600000
2024-12-06 18:54:45.929 [main] TRACE JwtServiceImpl - Entering getSignInKey method in JwtUtils class
2024-12-06 18:54:45.929 [main] TRACE JwtServiceImpl - Exiting getSignInKey method in JwtUtils class with key
2024-12-06 18:54:45.929 [main] TRACE JwtServiceImpl - Exiting buildToken method in JwtUtils class with token: eyJhbGciOiJIUzI1NiJ9.eyJzdWIiOiJ1c2VyIiwicm9sZXMiOlsiUk9MRV9BRE1JTiJdLCJpYXQiOjE3MzM1MDA0ODUsImV4cCI6MTczMzUwNDA4NX0.pe-xcAbyZOk4jXbqPMVYrlRr5_BdtQoSJ4WFfbuVDi8
2024-12-06 18:54:45.929 [main] TRACE JwtServiceImpl - Exiting generateAccessToken method in JwtUtils class with accessToken: eyJhbGciOiJIUzI1NiJ9.eyJzdWIiOiJ1c2VyIiwicm9sZXMiOlsiUk9MRV9BRE1JTiJdLCJpYXQiOjE3MzM1MDA0ODUsImV4cCI6MTczMzUwNDA4NX0.pe-xcAbyZOk4jXbqPMVYrlRr5_BdtQoSJ4WFfbuVDi8
2024-12-06 18:54:45.929 [main] TRACE JwtServiceImpl - Entering extractUsername method in JwtUtils class
2024-12-06 18:54:45.929 [main] TRACE JwtServiceImpl - Entering extractClaim method in JwtUtils class
2024-12-06 18:54:45.929 [main] TRACE JwtServiceImpl - Entering extractAllClaims method in JwtUtils class
2024-12-06 18:54:45.929 [main] TRACE JwtServiceImpl - Entering getSignInKey method in JwtUtils class
2024-12-06 18:54:45.929 [main] TRACE JwtServiceImpl - Exiting getSignInKey method in JwtUtils class with key
2024-12-06 18:54:45.929 [main] TRACE JwtServiceImpl - Exiting extractAllClaims method in JwtUtils class
2024-12-06 18:54:45.929 [main] TRACE JwtServiceImpl - Exiting extractClaim method in JwtUtils class with claim: user
2024-12-06 18:54:45.929 [main] TRACE JwtServiceImpl - Exiting extractUsername method in JwtUtils class with username: user
2024-12-06 18:54:45.938 [main] TRACE JwtServiceImpl - Entering generateAccessToken method in JwtUtils class with username: user
2024-12-06 18:54:45.938 [main] TRACE JwtServiceImpl - Entering buildToken method in JwtUtils class with claims and expiration: 3600000
2024-12-06 18:54:45.938 [main] TRACE JwtServiceImpl - Entering getSignInKey method in JwtUtils class
2024-12-06 18:54:45.938 [main] TRACE JwtServiceImpl - Exiting getSignInKey method in JwtUtils class with key
2024-12-06 18:54:45.942 [main] TRACE JwtServiceImpl - Exiting buildToken method in JwtUtils class with token: eyJhbGciOiJIUzI1NiJ9.eyJzdWIiOiJ1c2VyIiwicm9sZXMiOlsiUk9MRV9VU0VSIl0sImlhdCI6MTczMzUwMDQ4NSwiZXhwIjoxNzMzNTA0MDg1fQ.nTBaQcZ1tSqNwbtdQ9zZDjM3KT5dJ3Ii05aFds09E8g
2024-12-06 18:54:45.942 [main] TRACE JwtServiceImpl - Exiting generateAccessToken method in JwtUtils class with accessToken: eyJhbGciOiJIUzI1NiJ9.eyJzdWIiOiJ1c2VyIiwicm9sZXMiOlsiUk9MRV9VU0VSIl0sImlhdCI6MTczMzUwMDQ4NSwiZXhwIjoxNzMzNTA0MDg1fQ.nTBaQcZ1tSqNwbtdQ9zZDjM3KT5dJ3Ii05aFds09E8g
2024-12-06 18:54:45.947 [main] TRACE JwtServiceImpl - Entering generateAccessToken method in JwtUtils class with username: user
2024-12-06 18:54:45.948 [main] TRACE JwtServiceImpl - Entering buildToken method in JwtUtils class with claims and expiration: 3600000
2024-12-06 18:54:45.948 [main] TRACE JwtServiceImpl - Entering getSignInKey method in JwtUtils class
2024-12-06 18:54:45.949 [main] TRACE JwtServiceImpl - Exiting getSignInKey method in JwtUtils class with key
2024-12-06 18:54:45.949 [main] TRACE JwtServiceImpl - Exiting buildToken method in JwtUtils class with token: eyJhbGciOiJIUzI1NiJ9.eyJzdWIiOiJ1c2VyIiwicm9sZXMiOlsiUk9MRV9BRE1JTiJdLCJpYXQiOjE3MzM1MDA0ODUsImV4cCI6MTczMzUwNDA4NX0.pe-xcAbyZOk4jXbqPMVYrlRr5_BdtQoSJ4WFfbuVDi8
2024-12-06 18:54:45.949 [main] TRACE JwtServiceImpl - Exiting generateAccessToken method in JwtUtils class with accessToken: eyJhbGciOiJIUzI1NiJ9.eyJzdWIiOiJ1c2VyIiwicm9sZXMiOlsiUk9MRV9BRE1JTiJdLCJpYXQiOjE3MzM1MDA0ODUsImV4cCI6MTczMzUwNDA4NX0.pe-xcAbyZOk4jXbqPMVYrlRr5_BdtQoSJ4WFfbuVDi8
2024-12-06 18:54:45.949 [main] TRACE JwtServiceImpl - Entering isTokenValid method in JwtUtils class with token and user: user
2024-12-06 18:54:45.949 [main] TRACE JwtServiceImpl - Entering extractUsername method in JwtUtils class
2024-12-06 18:54:45.949 [main] TRACE JwtServiceImpl - Entering extractClaim method in JwtUtils class
2024-12-06 18:54:45.949 [main] TRACE JwtServiceImpl - Entering extractAllClaims method in JwtUtils class
2024-12-06 18:54:45.949 [main] TRACE JwtServiceImpl - Entering getSignInKey method in JwtUtils class
2024-12-06 18:54:45.949 [main] TRACE JwtServiceImpl - Exiting getSignInKey method in JwtUtils class with key
2024-12-06 18:54:45.949 [main] TRACE JwtServiceImpl - Exiting extractAllClaims method in JwtUtils class
2024-12-06 18:54:45.949 [main] TRACE JwtServiceImpl - Exiting extractClaim method in JwtUtils class with claim: user
2024-12-06 18:54:45.949 [main] TRACE JwtServiceImpl - Exiting extractUsername method in JwtUtils class with username: user
2024-12-06 18:54:45.949 [main] TRACE JwtServiceImpl - Entering isTokenExpired method in JwtUtils class
2024-12-06 18:54:45.949 [main] TRACE JwtServiceImpl - Entering extractExpiration method in JwtUtils class
2024-12-06 18:54:45.949 [main] TRACE JwtServiceImpl - Entering extractClaim method in JwtUtils class
2024-12-06 18:54:45.949 [main] TRACE JwtServiceImpl - Entering extractAllClaims method in JwtUtils class
2024-12-06 18:54:45.949 [main] TRACE JwtServiceImpl - Entering getSignInKey method in JwtUtils class
2024-12-06 18:54:45.949 [main] TRACE JwtServiceImpl - Exiting getSignInKey method in JwtUtils class with key
2024-12-06 18:54:45.949 [main] TRACE JwtServiceImpl - Exiting extractAllClaims method in JwtUtils class
2024-12-06 18:54:45.949 [main] TRACE JwtServiceImpl - Exiting extractClaim method in JwtUtils class with claim: 2024-12-06T19:54:45.000+0300
2024-12-06 18:54:45.957 [main] TRACE JwtServiceImpl - Exiting extractExpiration method in JwtUtils class with expiration date: 2024-12-06T19:54:45.000+0300
2024-12-06 18:54:45.957 [main] TRACE JwtServiceImpl - Exiting isTokenExpired method in JwtUtils class with result: false
2024-12-06 18:54:45.957 [main] TRACE JwtServiceImpl - Exiting isTokenValid method in JwtUtils class with result: true
2024-12-06 18:54:46.140 [main] TRACE UserDetailsServiceImpl - Entering loadUserByUsername with username: nonexistentuser
2024-12-06 18:54:46.140 [main] ERROR UserDetailsServiceImpl - User not found with username: nonexistentuser
2024-12-06 18:54:46.150 [main] TRACE UserDetailsServiceImpl - Entering loadUserByUsername with username: testuser
2024-12-06 18:54:46.150 [main] INFO  UserDetailsServiceImpl - User found: testuser
2024-12-06 18:54:46.150 [main] DEBUG UserDetailsServiceImpl - Mapping role USER to authority ROLE_USER
2024-12-06 18:54:46.159 [main] INFO  UserDetailsServiceImpl - User authorities: [ROLE_USER]
2024-12-06 18:54:46.159 [main] TRACE UserDetailsServiceImpl - Exiting loadUserByUsername method in UserDetailsServiceImpl with username: testuser
2024-12-06 18:54:47.058 [main] TRACE UserServiceImpl - Entering refreshToken method in UserServiceImpl
2024-12-06 18:54:47.058 [main] DEBUG UserServiceImpl - Attempting to refresh token
2024-12-06 18:54:47.058 [main] INFO  UserServiceImpl - Extracted username from refresh token: testUser
2024-12-06 18:54:47.058 [main] ERROR UserServiceImpl - User not found : testUser
2024-12-06 18:54:47.078 [main] TRACE UserServiceImpl - Entering login method in UserServiceImpl
2024-12-06 18:54:47.078 [main] DEBUG UserServiceImpl - Attempting to authenticate user: testUser
2024-12-06 18:54:47.078 [main] ERROR UserServiceImpl - Email not verified for user: testUser
2024-12-06 18:54:47.108 [main] TRACE UserServiceImpl - Entering login method in UserServiceImpl
2024-12-06 18:54:47.108 [main] DEBUG UserServiceImpl - Attempting to authenticate user: testUser
2024-12-06 18:54:47.109 [main] ERROR UserServiceImpl - User not found with username: testUser
2024-12-06 18:54:50.111 [main] TRACE UserServiceImpl - Entering logout method in UserServiceImpl
2024-12-06 18:54:50.111 [main] DEBUG UserServiceImpl - Logout initiated
2024-12-06 18:54:50.117 [main] ERROR UserServiceImpl - Failed to log out token in Redis
redis.clients.jedis.exceptions.JedisException: Redis error
	at redis.clients.jedis.Jedis.set(Jedis.java:4892) ~[jedis-5.0.2.jar:?]
	at com.lab.backend.auth.service.concretes.UserServiceImpl.logout(UserServiceImpl.java:250) ~[classes/:?]
	at com.lab.backend.auth.service.concretes.UserServiceImplTest.lambda$logout_withRedisFailure_shouldThrowRedisOperationException$11(UserServiceImplTest.java:354) ~[test-classes/:?]
	at org.junit.jupiter.api.AssertThrows.assertThrows(AssertThrows.java:53) ~[junit-jupiter-api-5.10.3.jar:5.10.3]
	at org.junit.jupiter.api.AssertThrows.assertThrows(AssertThrows.java:35) ~[junit-jupiter-api-5.10.3.jar:5.10.3]
	at org.junit.jupiter.api.Assertions.assertThrows(Assertions.java:3115) ~[junit-jupiter-api-5.10.3.jar:5.10.3]
	at com.lab.backend.auth.service.concretes.UserServiceImplTest.logout_withRedisFailure_shouldThrowRedisOperationException(UserServiceImplTest.java:353) ~[test-classes/:?]
	at java.base/jdk.internal.reflect.NativeMethodAccessorImpl.invoke0(Native Method) ~[?:?]
	at java.base/jdk.internal.reflect.NativeMethodAccessorImpl.invoke(NativeMethodAccessorImpl.java:77) ~[?:?]
	at java.base/jdk.internal.reflect.DelegatingMethodAccessorImpl.invoke(DelegatingMethodAccessorImpl.java:43) ~[?:?]
	at java.base/java.lang.reflect.Method.invoke(Method.java:568) ~[?:?]
	at org.junit.platform.commons.util.ReflectionUtils.invokeMethod(ReflectionUtils.java:728) ~[junit-platform-commons-1.10.3.jar:1.10.3]
	at org.junit.jupiter.engine.execution.MethodInvocation.proceed(MethodInvocation.java:60) ~[junit-jupiter-engine-5.10.3.jar:5.10.3]
	at org.junit.jupiter.engine.execution.InvocationInterceptorChain$ValidatingInvocation.proceed(InvocationInterceptorChain.java:131) ~[junit-jupiter-engine-5.10.3.jar:5.10.3]
	at org.junit.jupiter.engine.extension.TimeoutExtension.intercept(TimeoutExtension.java:156) ~[junit-jupiter-engine-5.10.3.jar:5.10.3]
	at org.junit.jupiter.engine.extension.TimeoutExtension.interceptTestableMethod(TimeoutExtension.java:147) ~[junit-jupiter-engine-5.10.3.jar:5.10.3]
	at org.junit.jupiter.engine.extension.TimeoutExtension.interceptTestMethod(TimeoutExtension.java:86) ~[junit-jupiter-engine-5.10.3.jar:5.10.3]
	at org.junit.jupiter.engine.execution.InterceptingExecutableInvoker$ReflectiveInterceptorCall.lambda$ofVoidMethod$0(InterceptingExecutableInvoker.java:103) ~[junit-jupiter-engine-5.10.3.jar:5.10.3]
	at org.junit.jupiter.engine.execution.InterceptingExecutableInvoker.lambda$invoke$0(InterceptingExecutableInvoker.java:93) ~[junit-jupiter-engine-5.10.3.jar:5.10.3]
	at org.junit.jupiter.engine.execution.InvocationInterceptorChain$InterceptedInvocation.proceed(InvocationInterceptorChain.java:106) ~[junit-jupiter-engine-5.10.3.jar:5.10.3]
	at org.junit.jupiter.engine.execution.InvocationInterceptorChain.proceed(InvocationInterceptorChain.java:64) ~[junit-jupiter-engine-5.10.3.jar:5.10.3]
	at org.junit.jupiter.engine.execution.InvocationInterceptorChain.chainAndInvoke(InvocationInterceptorChain.java:45) ~[junit-jupiter-engine-5.10.3.jar:5.10.3]
	at org.junit.jupiter.engine.execution.InvocationInterceptorChain.invoke(InvocationInterceptorChain.java:37) ~[junit-jupiter-engine-5.10.3.jar:5.10.3]
	at org.junit.jupiter.engine.execution.InterceptingExecutableInvoker.invoke(InterceptingExecutableInvoker.java:92) ~[junit-jupiter-engine-5.10.3.jar:5.10.3]
	at org.junit.jupiter.engine.execution.InterceptingExecutableInvoker.invoke(InterceptingExecutableInvoker.java:86) ~[junit-jupiter-engine-5.10.3.jar:5.10.3]
	at org.junit.jupiter.engine.descriptor.TestMethodTestDescriptor.lambda$invokeTestMethod$7(TestMethodTestDescriptor.java:218) ~[junit-jupiter-engine-5.10.3.jar:5.10.3]
	at org.junit.platform.engine.support.hierarchical.ThrowableCollector.execute(ThrowableCollector.java:73) ~[junit-platform-engine-1.10.3.jar:1.10.3]
	at org.junit.jupiter.engine.descriptor.TestMethodTestDescriptor.invokeTestMethod(TestMethodTestDescriptor.java:214) ~[junit-jupiter-engine-5.10.3.jar:5.10.3]
	at org.junit.jupiter.engine.descriptor.TestMethodTestDescriptor.execute(TestMethodTestDescriptor.java:139) ~[junit-jupiter-engine-5.10.3.jar:5.10.3]
	at org.junit.jupiter.engine.descriptor.TestMethodTestDescriptor.execute(TestMethodTestDescriptor.java:69) ~[junit-jupiter-engine-5.10.3.jar:5.10.3]
	at org.junit.platform.engine.support.hierarchical.NodeTestTask.lambda$executeRecursively$6(NodeTestTask.java:151) ~[junit-platform-engine-1.10.3.jar:1.10.3]
	at org.junit.platform.engine.support.hierarchical.ThrowableCollector.execute(ThrowableCollector.java:73) ~[junit-platform-engine-1.10.3.jar:1.10.3]
	at org.junit.platform.engine.support.hierarchical.NodeTestTask.lambda$executeRecursively$8(NodeTestTask.java:141) ~[junit-platform-engine-1.10.3.jar:1.10.3]
	at org.junit.platform.engine.support.hierarchical.Node.around(Node.java:137) ~[junit-platform-engine-1.10.3.jar:1.10.3]
	at org.junit.platform.engine.support.hierarchical.NodeTestTask.lambda$executeRecursively$9(NodeTestTask.java:139) ~[junit-platform-engine-1.10.3.jar:1.10.3]
	at org.junit.platform.engine.support.hierarchical.ThrowableCollector.execute(ThrowableCollector.java:73) ~[junit-platform-engine-1.10.3.jar:1.10.3]
	at org.junit.platform.engine.support.hierarchical.NodeTestTask.executeRecursively(NodeTestTask.java:138) ~[junit-platform-engine-1.10.3.jar:1.10.3]
	at org.junit.platform.engine.support.hierarchical.NodeTestTask.execute(NodeTestTask.java:95) ~[junit-platform-engine-1.10.3.jar:1.10.3]
	at java.base/java.util.ArrayList.forEach(ArrayList.java:1511) ~[?:?]
	at org.junit.platform.engine.support.hierarchical.SameThreadHierarchicalTestExecutorService.invokeAll(SameThreadHierarchicalTestExecutorService.java:41) ~[junit-platform-engine-1.10.3.jar:1.10.3]
	at org.junit.platform.engine.support.hierarchical.NodeTestTask.lambda$executeRecursively$6(NodeTestTask.java:155) ~[junit-platform-engine-1.10.3.jar:1.10.3]
	at org.junit.platform.engine.support.hierarchical.ThrowableCollector.execute(ThrowableCollector.java:73) ~[junit-platform-engine-1.10.3.jar:1.10.3]
	at org.junit.platform.engine.support.hierarchical.NodeTestTask.lambda$executeRecursively$8(NodeTestTask.java:141) ~[junit-platform-engine-1.10.3.jar:1.10.3]
	at org.junit.platform.engine.support.hierarchical.Node.around(Node.java:137) ~[junit-platform-engine-1.10.3.jar:1.10.3]
	at org.junit.platform.engine.support.hierarchical.NodeTestTask.lambda$executeRecursively$9(NodeTestTask.java:139) ~[junit-platform-engine-1.10.3.jar:1.10.3]
	at org.junit.platform.engine.support.hierarchical.ThrowableCollector.execute(ThrowableCollector.java:73) ~[junit-platform-engine-1.10.3.jar:1.10.3]
	at org.junit.platform.engine.support.hierarchical.NodeTestTask.executeRecursively(NodeTestTask.java:138) ~[junit-platform-engine-1.10.3.jar:1.10.3]
	at org.junit.platform.engine.support.hierarchical.NodeTestTask.execute(NodeTestTask.java:95) ~[junit-platform-engine-1.10.3.jar:1.10.3]
	at java.base/java.util.ArrayList.forEach(ArrayList.java:1511) ~[?:?]
	at org.junit.platform.engine.support.hierarchical.SameThreadHierarchicalTestExecutorService.invokeAll(SameThreadHierarchicalTestExecutorService.java:41) ~[junit-platform-engine-1.10.3.jar:1.10.3]
	at org.junit.platform.engine.support.hierarchical.NodeTestTask.lambda$executeRecursively$6(NodeTestTask.java:155) ~[junit-platform-engine-1.10.3.jar:1.10.3]
	at org.junit.platform.engine.support.hierarchical.ThrowableCollector.execute(ThrowableCollector.java:73) ~[junit-platform-engine-1.10.3.jar:1.10.3]
	at org.junit.platform.engine.support.hierarchical.NodeTestTask.lambda$executeRecursively$8(NodeTestTask.java:141) ~[junit-platform-engine-1.10.3.jar:1.10.3]
	at org.junit.platform.engine.support.hierarchical.Node.around(Node.java:137) ~[junit-platform-engine-1.10.3.jar:1.10.3]
	at org.junit.platform.engine.support.hierarchical.NodeTestTask.lambda$executeRecursively$9(NodeTestTask.java:139) ~[junit-platform-engine-1.10.3.jar:1.10.3]
	at org.junit.platform.engine.support.hierarchical.ThrowableCollector.execute(ThrowableCollector.java:73) ~[junit-platform-engine-1.10.3.jar:1.10.3]
	at org.junit.platform.engine.support.hierarchical.NodeTestTask.executeRecursively(NodeTestTask.java:138) ~[junit-platform-engine-1.10.3.jar:1.10.3]
	at org.junit.platform.engine.support.hierarchical.NodeTestTask.execute(NodeTestTask.java:95) ~[junit-platform-engine-1.10.3.jar:1.10.3]
	at org.junit.platform.engine.support.hierarchical.SameThreadHierarchicalTestExecutorService.submit(SameThreadHierarchicalTestExecutorService.java:35) ~[junit-platform-engine-1.10.3.jar:1.10.3]
	at org.junit.platform.engine.support.hierarchical.HierarchicalTestExecutor.execute(HierarchicalTestExecutor.java:57) ~[junit-platform-engine-1.10.3.jar:1.10.3]
	at org.junit.platform.engine.support.hierarchical.HierarchicalTestEngine.execute(HierarchicalTestEngine.java:54) ~[junit-platform-engine-1.10.3.jar:1.10.3]
	at org.junit.platform.launcher.core.EngineExecutionOrchestrator.execute(EngineExecutionOrchestrator.java:198) ~[junit-platform-launcher-1.10.3.jar:1.10.3]
	at org.junit.platform.launcher.core.EngineExecutionOrchestrator.execute(EngineExecutionOrchestrator.java:169) ~[junit-platform-launcher-1.10.3.jar:1.10.3]
	at org.junit.platform.launcher.core.EngineExecutionOrchestrator.execute(EngineExecutionOrchestrator.java:93) ~[junit-platform-launcher-1.10.3.jar:1.10.3]
	at org.junit.platform.launcher.core.EngineExecutionOrchestrator.lambda$execute$0(EngineExecutionOrchestrator.java:58) ~[junit-platform-launcher-1.10.3.jar:1.10.3]
	at org.junit.platform.launcher.core.EngineExecutionOrchestrator.withInterceptedStreams(EngineExecutionOrchestrator.java:141) [junit-platform-launcher-1.10.3.jar:1.10.3]
	at org.junit.platform.launcher.core.EngineExecutionOrchestrator.execute(EngineExecutionOrchestrator.java:57) [junit-platform-launcher-1.10.3.jar:1.10.3]
	at org.junit.platform.launcher.core.DefaultLauncher.execute(DefaultLauncher.java:103) [junit-platform-launcher-1.10.3.jar:1.10.3]
	at org.junit.platform.launcher.core.DefaultLauncher.execute(DefaultLauncher.java:85) [junit-platform-launcher-1.10.3.jar:1.10.3]
	at org.junit.platform.launcher.core.DelegatingLauncher.execute(DelegatingLauncher.java:47) [junit-platform-launcher-1.10.3.jar:1.10.3]
	at org.apache.maven.surefire.junitplatform.LazyLauncher.execute(LazyLauncher.java:56) [surefire-junit-platform-3.2.5.jar:3.2.5]
	at org.apache.maven.surefire.junitplatform.JUnitPlatformProvider.execute(JUnitPlatformProvider.java:184) [surefire-junit-platform-3.2.5.jar:3.2.5]
	at org.apache.maven.surefire.junitplatform.JUnitPlatformProvider.invokeAllTests(JUnitPlatformProvider.java:148) [surefire-junit-platform-3.2.5.jar:3.2.5]
	at org.apache.maven.surefire.junitplatform.JUnitPlatformProvider.invoke(JUnitPlatformProvider.java:122) [surefire-junit-platform-3.2.5.jar:3.2.5]
	at org.apache.maven.surefire.booter.ForkedBooter.runSuitesInProcess(ForkedBooter.java:385) [surefire-booter-3.2.5.jar:3.2.5]
	at org.apache.maven.surefire.booter.ForkedBooter.execute(ForkedBooter.java:162) [surefire-booter-3.2.5.jar:3.2.5]
	at org.apache.maven.surefire.booter.ForkedBooter.run(ForkedBooter.java:507) [surefire-booter-3.2.5.jar:3.2.5]
	at org.apache.maven.surefire.booter.ForkedBooter.main(ForkedBooter.java:495) [surefire-booter-3.2.5.jar:3.2.5]
2024-12-06 18:54:50.148 [main] TRACE UserServiceImpl - Entering removeRole method in UserServiceImpl
2024-12-06 18:54:50.148 [main] ERROR UserServiceImpl - No user found to remove role: nonExistingUser
2024-12-06 18:54:50.159 [main] TRACE UserServiceImpl - Entering createUser method in UserServiceImpl
2024-12-06 18:54:50.159 [main] ERROR UserServiceImpl - No valid roles found
2024-12-06 18:54:50.174 [main] TRACE UserServiceImpl - Entering logout method in UserServiceImpl
2024-12-06 18:54:50.174 [main] DEBUG UserServiceImpl - Logout initiated
2024-12-06 18:54:50.174 [main] INFO  UserServiceImpl - Token successfully logged out and saved in Redis
2024-12-06 18:54:50.177 [main] TRACE UserServiceImpl - Exiting logout method in UserServiceImpl
2024-12-06 18:54:50.188 [main] TRACE UserServiceImpl - Entering login method in UserServiceImpl
2024-12-06 18:54:50.188 [main] DEBUG UserServiceImpl - Attempting to authenticate user: testUser
2024-12-06 18:54:50.188 [main] ERROR UserServiceImpl - Authentication failed for user: testUser
2024-12-06 18:54:50.190 [main] TRACE UserServiceImpl - Entering changePassword method in UserServiceImpl
2024-12-06 18:54:50.197 [main] DEBUG UserServiceImpl - Password change request initiated
2024-12-06 18:54:50.197 [main] ERROR UserServiceImpl - User not found for username: testUser
2024-12-06 18:54:50.199 [main] TRACE UserServiceImpl - Entering handlePasswordReset method in UserServiceImpl
2024-12-06 18:54:50.199 [main] DEBUG UserServiceImpl - Handling password reset for token: validToken
2024-12-06 18:54:50.199 [main] ERROR UserServiceImpl - New password does not meet the minimum length requirement
2024-12-06 18:54:50.208 [main] TRACE UserServiceImpl - Entering refreshToken method in UserServiceImpl
2024-12-06 18:54:50.208 [main] DEBUG UserServiceImpl - Attempting to refresh token
2024-12-06 18:54:50.208 [main] INFO  UserServiceImpl - Extracted username from refresh token: testUser
2024-12-06 18:54:50.208 [main] ERROR UserServiceImpl - Email not verified for user testUser so refresh token cannot be done.
2024-12-06 18:54:50.222 [main] TRACE UserServiceImpl - Entering updateUser method in UserServiceImpl
2024-12-06 18:54:50.222 [main] ERROR UserServiceImpl - Username is already taken: newUsername
2024-12-06 18:54:50.228 [main] TRACE UserServiceImpl - Entering verifyEmail method in UserServiceImpl
2024-12-06 18:54:50.228 [main] ERROR UserServiceImpl - User with the given verification token not found
2024-12-06 18:54:50.239 [main] TRACE UserServiceImpl - Entering addRole method in UserServiceImpl
2024-12-06 18:54:50.239 [main] ERROR UserServiceImpl - Role not found: NON_EXISTING_ROLE
2024-12-06 18:54:50.248 [main] TRACE UserServiceImpl - Entering handlePasswordReset method in UserServiceImpl
2024-12-06 18:54:50.248 [main] DEBUG UserServiceImpl - Handling password reset for token: validToken
2024-12-06 18:54:50.248 [main] INFO  UserServiceImpl - Password reset successfully for user: testUser
2024-12-06 18:54:50.248 [main] TRACE UserServiceImpl - Exiting handlePasswordReset method in UserServiceImpl
2024-12-06 18:54:50.259 [main] TRACE UserServiceImpl - Entering createUser method in UserServiceImpl
2024-12-06 18:54:50.259 [main] ERROR UserServiceImpl - No role found for registration!
2024-12-06 18:54:50.269 [main] TRACE UserServiceImpl - Entering changePassword method in UserServiceImpl
2024-12-06 18:54:50.269 [main] DEBUG UserServiceImpl - Password change request initiated
2024-12-06 18:54:50.269 [main] ERROR UserServiceImpl - Invalid token format to change password
2024-12-06 18:54:50.278 [main] TRACE UserServiceImpl - Entering refreshToken method in UserServiceImpl
2024-12-06 18:54:50.279 [main] DEBUG UserServiceImpl - Attempting to refresh token
2024-12-06 18:54:50.279 [main] ERROR UserServiceImpl - Invalid token format
2024-12-06 18:54:50.288 [main] TRACE UserServiceImpl - Entering createUser method in UserServiceImpl
2024-12-06 18:54:50.288 [main] INFO  UserServiceImpl - User 'newUser' created successfully
2024-12-06 18:54:50.288 [main] INFO  UserServiceImpl - Verification email sent to 'newUser@example.com'
2024-12-06 18:54:50.288 [main] TRACE UserServiceImpl - Exiting createUser method in UserServiceImpl
2024-12-06 18:54:50.288 [main] TRACE UserServiceImpl - Entering deleteUser method in UserServiceImpl
2024-12-06 18:54:50.297 [main] ERROR UserServiceImpl - User not found: username
2024-12-06 18:54:50.307 [main] TRACE UserServiceImpl - Initializing JedisPool with Redis Host: localhost and Port: invalidPort
2024-12-06 18:54:50.308 [main] TRACE UserServiceImpl - Entering updateUser method in UserServiceImpl
2024-12-06 18:54:50.308 [main] INFO  UserServiceImpl - User 'newUsername' updated successfully
2024-12-06 18:54:50.308 [main] TRACE UserServiceImpl - Exiting updateUser method in UserServiceImpl
2024-12-06 18:54:50.328 [main] TRACE UserServiceImpl - Entering handlePasswordReset method in UserServiceImpl
2024-12-06 18:54:50.328 [main] DEBUG UserServiceImpl - Handling password reset for token: invalidToken
2024-12-06 18:54:50.328 [main] ERROR UserServiceImpl - Invalid reset token provided
2024-12-06 18:54:50.339 [main] TRACE UserServiceImpl - Entering deleteUser method in UserServiceImpl
2024-12-06 18:54:50.339 [main] ERROR UserServiceImpl - User not found: username
2024-12-06 18:54:50.348 [main] TRACE UserServiceImpl - Entering addRole method in UserServiceImpl
2024-12-06 18:54:50.349 [main] INFO  UserServiceImpl - Role 'TECHNICIAN' added to user 'testUser'
2024-12-06 18:54:50.349 [main] TRACE UserServiceImpl - Exiting addRole method in UserServiceImpl
2024-12-06 18:54:50.368 [main] TRACE UserServiceImpl - Entering updateUser method in UserServiceImpl
2024-12-06 18:54:50.368 [main] ERROR UserServiceImpl - User not found
2024-12-06 18:54:50.381 [main] TRACE UserServiceImpl - Entering restoreUser method in UserServiceImpl
2024-12-06 18:54:50.381 [main] TRACE UserServiceImpl - Entering revokeAllTokensByUser method in UserServiceImpl
2024-12-06 18:54:50.381 [main] DEBUG UserServiceImpl - Revoking all tokens for user ID: 1
2024-12-06 18:54:50.387 [main] INFO  UserServiceImpl - No valid tokens found for user ID: 1
2024-12-06 18:54:50.387 [main] INFO  UserServiceImpl - User 'username' restored successfully
2024-12-06 18:54:50.388 [main] TRACE UserServiceImpl - Exiting restoreUser method in UserServiceImpl
2024-12-06 18:54:50.399 [main] TRACE UserServiceImpl - Entering deleteUser method in UserServiceImpl
2024-12-06 18:54:50.399 [main] TRACE UserServiceImpl - Entering revokeAllTokensByUser method in UserServiceImpl
2024-12-06 18:54:50.399 [main] DEBUG UserServiceImpl - Revoking all tokens for user ID: 1
2024-12-06 18:54:50.399 [main] INFO  UserServiceImpl - No valid tokens found for user ID: 1
2024-12-06 18:54:50.399 [main] INFO  UserServiceImpl - User 'username' marked as deleted
2024-12-06 18:54:50.399 [main] TRACE UserServiceImpl - Exiting deleteUser method in UserServiceImpl
2024-12-06 18:54:50.412 [main] TRACE UserServiceImpl - Entering refreshToken method in UserServiceImpl
2024-12-06 18:54:50.412 [main] DEBUG UserServiceImpl - Attempting to refresh token
2024-12-06 18:54:50.412 [main] INFO  UserServiceImpl - Extracted username from refresh token: null
2024-12-06 18:54:50.417 [main] ERROR UserServiceImpl - Username extraction failed from token
2024-12-06 18:54:50.432 [main] TRACE UserServiceImpl - Entering addRole method in UserServiceImpl
2024-12-06 18:54:50.432 [main] ERROR UserServiceImpl - No user found to add role: nonExistingUser
2024-12-06 18:54:50.444 [main] TRACE UserServiceImpl - Entering removeRole method in UserServiceImpl
2024-12-06 18:54:50.447 [main] INFO  UserServiceImpl - Role 'ADMIN' removed from user 'testUser'
2024-12-06 18:54:50.448 [main] TRACE UserServiceImpl - Exiting removeRole method in UserServiceImpl
2024-12-06 18:54:50.458 [main] TRACE UserServiceImpl - Entering changePassword method in UserServiceImpl
2024-12-06 18:54:50.459 [main] DEBUG UserServiceImpl - Password change request initiated
2024-12-06 18:54:50.459 [main] TRACE UserServiceImpl - Entering revokeAllTokensByUser method in UserServiceImpl
2024-12-06 18:54:50.459 [main] DEBUG UserServiceImpl - Revoking all tokens for user ID: 1
2024-12-06 18:54:50.459 [main] INFO  UserServiceImpl - No valid tokens found for user ID: 1
2024-12-06 18:54:50.468 [main] INFO  UserServiceImpl - Password changed successfully for user: testUser
2024-12-06 18:54:50.468 [main] TRACE UserServiceImpl - Exiting changePassword method in UserServiceImpl
2024-12-06 18:54:50.479 [main] TRACE UserServiceImpl - Entering createUser method in UserServiceImpl
2024-12-06 18:54:50.479 [main] ERROR UserServiceImpl - Username 'existingUser' is already taken
2024-12-06 18:54:50.491 [main] TRACE UserServiceImpl - Entering refreshToken method in UserServiceImpl
2024-12-06 18:54:50.491 [main] DEBUG UserServiceImpl - Attempting to refresh token
2024-12-06 18:54:50.491 [main] INFO  UserServiceImpl - Extracted username from refresh token: testUser
2024-12-06 18:54:50.491 [main] ERROR UserServiceImpl - User not found : testUser
2024-12-06 18:54:50.499 [main] TRACE UserServiceImpl - Entering changePassword method in UserServiceImpl
2024-12-06 18:54:50.508 [main] DEBUG UserServiceImpl - Password change request initiated
2024-12-06 18:54:50.508 [main] ERROR UserServiceImpl - Old password is incorrect for user: testUser
2024-12-06 18:54:50.508 [main] TRACE UserServiceImpl - Entering verifyEmail method in UserServiceImpl
2024-12-06 18:54:50.517 [main] INFO  UserServiceImpl - Email verified for user: testUser
2024-12-06 18:54:50.519 [main] TRACE UserServiceImpl - Exiting verifyEmail method in UserServiceImpl
2024-12-06 18:54:50.527 [main] TRACE UserServiceImpl - Entering handlePasswordReset method in UserServiceImpl
2024-12-06 18:54:50.528 [main] DEBUG UserServiceImpl - Handling password reset for token: validToken
2024-12-06 18:54:50.528 [main] ERROR UserServiceImpl - Reset token has expired for user: testUser
2024-12-06 18:54:50.528 [main] TRACE UserServiceImpl - Entering removeRole method in UserServiceImpl
2024-12-06 18:54:50.537 [main] ERROR UserServiceImpl - Role not found to remove: NON_EXISTING_ROLE
2024-12-06 18:54:50.539 [main] TRACE UserServiceImpl - Entering logout method in UserServiceImpl
2024-12-06 18:54:50.539 [main] DEBUG UserServiceImpl - Logout initiated
2024-12-06 18:54:50.547 [main] ERROR UserServiceImpl - Invalid token
2024-12-06 18:54:50.559 [main] TRACE UserServiceImpl - Entering login method in UserServiceImpl
2024-12-06 18:54:50.559 [main] DEBUG UserServiceImpl - Attempting to authenticate user: testUser
2024-12-06 18:54:50.559 [main] INFO  UserServiceImpl - User authenticated successfully: testUser
2024-12-06 18:54:50.559 [main] TRACE UserServiceImpl - Entering getRolesAsString method in UserServiceImpl
2024-12-06 18:54:50.559 [main] TRACE UserServiceImpl - Exiting getRolesAsString method in UserServiceImpl
2024-12-06 18:54:50.559 [main] TRACE UserServiceImpl - Entering revokeAllTokensByUser method in UserServiceImpl
2024-12-06 18:54:50.559 [main] DEBUG UserServiceImpl - Revoking all tokens for user ID: 1
2024-12-06 18:54:50.559 [main] INFO  UserServiceImpl - No valid tokens found for user ID: 1
2024-12-06 18:54:50.559 [main] TRACE UserServiceImpl - Entering saveUserToken method in UserServiceImpl
2024-12-06 18:54:50.559 [main] DEBUG UserServiceImpl - Saving token for user: testUser
2024-12-06 18:54:50.568 [main] INFO  UserServiceImpl - Token saved in Redis for user: testUser
2024-12-06 18:54:50.568 [main] TRACE UserServiceImpl - Exiting saveUserToken method in UserServiceImpl
2024-12-06 18:54:50.568 [main] TRACE UserServiceImpl - Exiting login method in UserServiceImpl
2024-12-06 18:54:50.582 [main] TRACE UserServiceImpl - Entering logout method in UserServiceImpl
2024-12-06 18:54:50.582 [main] DEBUG UserServiceImpl - Logout initiated
2024-12-06 18:54:50.582 [main] ERROR UserServiceImpl - Token not found in repository
2024-12-06 18:54:50.589 [main] TRACE UserServiceImpl - Entering refreshToken method in UserServiceImpl
2024-12-06 18:54:50.589 [main] DEBUG UserServiceImpl - Attempting to refresh token
2024-12-06 18:54:50.589 [main] INFO  UserServiceImpl - Extracted username from refresh token: testUser
2024-12-06 18:54:50.597 [main] INFO  UserServiceImpl - Generating new tokens for user: testUser
2024-12-06 18:54:50.597 [main] TRACE UserServiceImpl - Entering getRolesAsString method in UserServiceImpl
2024-12-06 18:54:50.597 [main] TRACE UserServiceImpl - Exiting getRolesAsString method in UserServiceImpl
2024-12-06 18:54:50.597 [main] TRACE UserServiceImpl - Entering revokeAllTokensByUser method in UserServiceImpl
2024-12-06 18:54:50.597 [main] DEBUG UserServiceImpl - Revoking all tokens for user ID: 1
2024-12-06 18:54:50.598 [main] INFO  UserServiceImpl - No valid tokens found for user ID: 1
2024-12-06 18:54:50.598 [main] TRACE UserServiceImpl - Entering saveUserToken method in UserServiceImpl
2024-12-06 18:54:50.598 [main] DEBUG UserServiceImpl - Saving token for user: testUser
2024-12-06 18:54:50.598 [main] INFO  UserServiceImpl - Token saved in Redis for user: testUser
2024-12-06 18:54:50.598 [main] TRACE UserServiceImpl - Exiting saveUserToken method in UserServiceImpl
2024-12-06 18:54:50.598 [main] TRACE UserServiceImpl - Exiting refreshToken method in UserServiceImpl
2024-12-06 18:54:50.689 [main] TRACE UserServiceImpl - Initializing JedisPool with Redis Host: localhost and Port: 6379
2024-12-06 18:54:50.709 [main] TRACE UserServiceImpl - Exiting init method in UserServiceImpl
2024-12-06 22:37:28.914 [main] TRACE UserServiceImpl - Entering refreshToken method in UserServiceImpl
2024-12-06 22:37:28.930 [main] DEBUG UserServiceImpl - Attempting to refresh token
2024-12-06 22:37:28.930 [main] INFO  UserServiceImpl - Extracted username from refresh token: testUser
2024-12-06 22:37:28.945 [main] ERROR UserServiceImpl - User not found : testUser
2024-12-06 22:37:28.992 [main] TRACE UserServiceImpl - Entering login method in UserServiceImpl
2024-12-06 22:37:28.992 [main] DEBUG UserServiceImpl - Attempting to authenticate user: testUser
2024-12-06 22:37:28.992 [main] ERROR UserServiceImpl - Email not verified for user: testUser
2024-12-06 22:37:29.024 [main] TRACE UserServiceImpl - Entering login method in UserServiceImpl
2024-12-06 22:37:29.024 [main] DEBUG UserServiceImpl - Attempting to authenticate user: testUser
2024-12-06 22:37:29.024 [main] ERROR UserServiceImpl - User not found with username: testUser
2024-12-06 22:37:30.198 [main] TRACE UserServiceImpl - Entering logout method in UserServiceImpl
2024-12-06 22:37:30.198 [main] DEBUG UserServiceImpl - Logout initiated
2024-12-06 22:37:30.198 [main] ERROR UserServiceImpl - Failed to log out token in Redis
redis.clients.jedis.exceptions.JedisException: Redis error
	at redis.clients.jedis.Jedis.set(Jedis.java:4892) ~[jedis-5.0.2.jar:?]
	at com.lab.backend.auth.service.concretes.UserServiceImpl.logout(UserServiceImpl.java:250) ~[classes/:?]
	at com.lab.backend.auth.service.concretes.UserServiceImplTest.lambda$logout_withRedisFailure_shouldThrowRedisOperationException$11(UserServiceImplTest.java:354) ~[test-classes/:?]
	at org.junit.jupiter.api.AssertThrows.assertThrows(AssertThrows.java:53) ~[junit-jupiter-api-5.10.3.jar:5.10.3]
	at org.junit.jupiter.api.AssertThrows.assertThrows(AssertThrows.java:35) ~[junit-jupiter-api-5.10.3.jar:5.10.3]
	at org.junit.jupiter.api.Assertions.assertThrows(Assertions.java:3115) ~[junit-jupiter-api-5.10.3.jar:5.10.3]
	at com.lab.backend.auth.service.concretes.UserServiceImplTest.logout_withRedisFailure_shouldThrowRedisOperationException(UserServiceImplTest.java:353) ~[test-classes/:?]
	at java.base/jdk.internal.reflect.NativeMethodAccessorImpl.invoke0(Native Method) ~[?:?]
	at java.base/jdk.internal.reflect.NativeMethodAccessorImpl.invoke(NativeMethodAccessorImpl.java:77) ~[?:?]
	at java.base/jdk.internal.reflect.DelegatingMethodAccessorImpl.invoke(DelegatingMethodAccessorImpl.java:43) ~[?:?]
	at java.base/java.lang.reflect.Method.invoke(Method.java:568) ~[?:?]
	at org.junit.platform.commons.util.ReflectionUtils.invokeMethod(ReflectionUtils.java:728) ~[junit-platform-commons-1.10.3.jar:1.10.3]
	at org.junit.jupiter.engine.execution.MethodInvocation.proceed(MethodInvocation.java:60) ~[junit-jupiter-engine-5.10.3.jar:5.10.3]
	at org.junit.jupiter.engine.execution.InvocationInterceptorChain$ValidatingInvocation.proceed(InvocationInterceptorChain.java:131) ~[junit-jupiter-engine-5.10.3.jar:5.10.3]
	at org.junit.jupiter.engine.extension.TimeoutExtension.intercept(TimeoutExtension.java:156) ~[junit-jupiter-engine-5.10.3.jar:5.10.3]
	at org.junit.jupiter.engine.extension.TimeoutExtension.interceptTestableMethod(TimeoutExtension.java:147) ~[junit-jupiter-engine-5.10.3.jar:5.10.3]
	at org.junit.jupiter.engine.extension.TimeoutExtension.interceptTestMethod(TimeoutExtension.java:86) ~[junit-jupiter-engine-5.10.3.jar:5.10.3]
	at org.junit.jupiter.engine.execution.InterceptingExecutableInvoker$ReflectiveInterceptorCall.lambda$ofVoidMethod$0(InterceptingExecutableInvoker.java:103) ~[junit-jupiter-engine-5.10.3.jar:5.10.3]
	at org.junit.jupiter.engine.execution.InterceptingExecutableInvoker.lambda$invoke$0(InterceptingExecutableInvoker.java:93) ~[junit-jupiter-engine-5.10.3.jar:5.10.3]
	at org.junit.jupiter.engine.execution.InvocationInterceptorChain$InterceptedInvocation.proceed(InvocationInterceptorChain.java:106) ~[junit-jupiter-engine-5.10.3.jar:5.10.3]
	at org.junit.jupiter.engine.execution.InvocationInterceptorChain.proceed(InvocationInterceptorChain.java:64) ~[junit-jupiter-engine-5.10.3.jar:5.10.3]
	at org.junit.jupiter.engine.execution.InvocationInterceptorChain.chainAndInvoke(InvocationInterceptorChain.java:45) ~[junit-jupiter-engine-5.10.3.jar:5.10.3]
	at org.junit.jupiter.engine.execution.InvocationInterceptorChain.invoke(InvocationInterceptorChain.java:37) ~[junit-jupiter-engine-5.10.3.jar:5.10.3]
	at org.junit.jupiter.engine.execution.InterceptingExecutableInvoker.invoke(InterceptingExecutableInvoker.java:92) ~[junit-jupiter-engine-5.10.3.jar:5.10.3]
	at org.junit.jupiter.engine.execution.InterceptingExecutableInvoker.invoke(InterceptingExecutableInvoker.java:86) ~[junit-jupiter-engine-5.10.3.jar:5.10.3]
	at org.junit.jupiter.engine.descriptor.TestMethodTestDescriptor.lambda$invokeTestMethod$7(TestMethodTestDescriptor.java:218) ~[junit-jupiter-engine-5.10.3.jar:5.10.3]
	at org.junit.platform.engine.support.hierarchical.ThrowableCollector.execute(ThrowableCollector.java:73) ~[junit-platform-engine-1.10.3.jar:1.10.3]
	at org.junit.jupiter.engine.descriptor.TestMethodTestDescriptor.invokeTestMethod(TestMethodTestDescriptor.java:214) ~[junit-jupiter-engine-5.10.3.jar:5.10.3]
	at org.junit.jupiter.engine.descriptor.TestMethodTestDescriptor.execute(TestMethodTestDescriptor.java:139) ~[junit-jupiter-engine-5.10.3.jar:5.10.3]
	at org.junit.jupiter.engine.descriptor.TestMethodTestDescriptor.execute(TestMethodTestDescriptor.java:69) ~[junit-jupiter-engine-5.10.3.jar:5.10.3]
	at org.junit.platform.engine.support.hierarchical.NodeTestTask.lambda$executeRecursively$6(NodeTestTask.java:151) ~[junit-platform-engine-1.10.3.jar:1.10.3]
	at org.junit.platform.engine.support.hierarchical.ThrowableCollector.execute(ThrowableCollector.java:73) ~[junit-platform-engine-1.10.3.jar:1.10.3]
	at org.junit.platform.engine.support.hierarchical.NodeTestTask.lambda$executeRecursively$8(NodeTestTask.java:141) ~[junit-platform-engine-1.10.3.jar:1.10.3]
	at org.junit.platform.engine.support.hierarchical.Node.around(Node.java:137) ~[junit-platform-engine-1.10.3.jar:1.10.3]
	at org.junit.platform.engine.support.hierarchical.NodeTestTask.lambda$executeRecursively$9(NodeTestTask.java:139) ~[junit-platform-engine-1.10.3.jar:1.10.3]
	at org.junit.platform.engine.support.hierarchical.ThrowableCollector.execute(ThrowableCollector.java:73) ~[junit-platform-engine-1.10.3.jar:1.10.3]
	at org.junit.platform.engine.support.hierarchical.NodeTestTask.executeRecursively(NodeTestTask.java:138) ~[junit-platform-engine-1.10.3.jar:1.10.3]
	at org.junit.platform.engine.support.hierarchical.NodeTestTask.execute(NodeTestTask.java:95) ~[junit-platform-engine-1.10.3.jar:1.10.3]
	at java.base/java.util.ArrayList.forEach(ArrayList.java:1511) ~[?:?]
	at org.junit.platform.engine.support.hierarchical.SameThreadHierarchicalTestExecutorService.invokeAll(SameThreadHierarchicalTestExecutorService.java:41) ~[junit-platform-engine-1.10.3.jar:1.10.3]
	at org.junit.platform.engine.support.hierarchical.NodeTestTask.lambda$executeRecursively$6(NodeTestTask.java:155) ~[junit-platform-engine-1.10.3.jar:1.10.3]
	at org.junit.platform.engine.support.hierarchical.ThrowableCollector.execute(ThrowableCollector.java:73) ~[junit-platform-engine-1.10.3.jar:1.10.3]
	at org.junit.platform.engine.support.hierarchical.NodeTestTask.lambda$executeRecursively$8(NodeTestTask.java:141) ~[junit-platform-engine-1.10.3.jar:1.10.3]
	at org.junit.platform.engine.support.hierarchical.Node.around(Node.java:137) ~[junit-platform-engine-1.10.3.jar:1.10.3]
	at org.junit.platform.engine.support.hierarchical.NodeTestTask.lambda$executeRecursively$9(NodeTestTask.java:139) ~[junit-platform-engine-1.10.3.jar:1.10.3]
	at org.junit.platform.engine.support.hierarchical.ThrowableCollector.execute(ThrowableCollector.java:73) ~[junit-platform-engine-1.10.3.jar:1.10.3]
	at org.junit.platform.engine.support.hierarchical.NodeTestTask.executeRecursively(NodeTestTask.java:138) ~[junit-platform-engine-1.10.3.jar:1.10.3]
	at org.junit.platform.engine.support.hierarchical.NodeTestTask.execute(NodeTestTask.java:95) ~[junit-platform-engine-1.10.3.jar:1.10.3]
	at java.base/java.util.ArrayList.forEach(ArrayList.java:1511) ~[?:?]
	at org.junit.platform.engine.support.hierarchical.SameThreadHierarchicalTestExecutorService.invokeAll(SameThreadHierarchicalTestExecutorService.java:41) ~[junit-platform-engine-1.10.3.jar:1.10.3]
	at org.junit.platform.engine.support.hierarchical.NodeTestTask.lambda$executeRecursively$6(NodeTestTask.java:155) ~[junit-platform-engine-1.10.3.jar:1.10.3]
	at org.junit.platform.engine.support.hierarchical.ThrowableCollector.execute(ThrowableCollector.java:73) ~[junit-platform-engine-1.10.3.jar:1.10.3]
	at org.junit.platform.engine.support.hierarchical.NodeTestTask.lambda$executeRecursively$8(NodeTestTask.java:141) ~[junit-platform-engine-1.10.3.jar:1.10.3]
	at org.junit.platform.engine.support.hierarchical.Node.around(Node.java:137) ~[junit-platform-engine-1.10.3.jar:1.10.3]
	at org.junit.platform.engine.support.hierarchical.NodeTestTask.lambda$executeRecursively$9(NodeTestTask.java:139) ~[junit-platform-engine-1.10.3.jar:1.10.3]
	at org.junit.platform.engine.support.hierarchical.ThrowableCollector.execute(ThrowableCollector.java:73) ~[junit-platform-engine-1.10.3.jar:1.10.3]
	at org.junit.platform.engine.support.hierarchical.NodeTestTask.executeRecursively(NodeTestTask.java:138) ~[junit-platform-engine-1.10.3.jar:1.10.3]
	at org.junit.platform.engine.support.hierarchical.NodeTestTask.execute(NodeTestTask.java:95) ~[junit-platform-engine-1.10.3.jar:1.10.3]
	at org.junit.platform.engine.support.hierarchical.SameThreadHierarchicalTestExecutorService.submit(SameThreadHierarchicalTestExecutorService.java:35) ~[junit-platform-engine-1.10.3.jar:1.10.3]
	at org.junit.platform.engine.support.hierarchical.HierarchicalTestExecutor.execute(HierarchicalTestExecutor.java:57) ~[junit-platform-engine-1.10.3.jar:1.10.3]
	at org.junit.platform.engine.support.hierarchical.HierarchicalTestEngine.execute(HierarchicalTestEngine.java:54) ~[junit-platform-engine-1.10.3.jar:1.10.3]
	at org.junit.platform.launcher.core.EngineExecutionOrchestrator.execute(EngineExecutionOrchestrator.java:198) ~[junit-platform-launcher-1.10.3.jar:1.10.3]
	at org.junit.platform.launcher.core.EngineExecutionOrchestrator.execute(EngineExecutionOrchestrator.java:169) ~[junit-platform-launcher-1.10.3.jar:1.10.3]
	at org.junit.platform.launcher.core.EngineExecutionOrchestrator.execute(EngineExecutionOrchestrator.java:93) ~[junit-platform-launcher-1.10.3.jar:1.10.3]
	at org.junit.platform.launcher.core.EngineExecutionOrchestrator.lambda$execute$0(EngineExecutionOrchestrator.java:58) ~[junit-platform-launcher-1.10.3.jar:1.10.3]
	at org.junit.platform.launcher.core.EngineExecutionOrchestrator.withInterceptedStreams(EngineExecutionOrchestrator.java:141) [junit-platform-launcher-1.10.3.jar:1.10.3]
	at org.junit.platform.launcher.core.EngineExecutionOrchestrator.execute(EngineExecutionOrchestrator.java:57) [junit-platform-launcher-1.10.3.jar:1.10.3]
	at org.junit.platform.launcher.core.DefaultLauncher.execute(DefaultLauncher.java:103) [junit-platform-launcher-1.10.3.jar:1.10.3]
	at org.junit.platform.launcher.core.DefaultLauncher.execute(DefaultLauncher.java:85) [junit-platform-launcher-1.10.3.jar:1.10.3]
	at org.junit.platform.launcher.core.DelegatingLauncher.execute(DelegatingLauncher.java:47) [junit-platform-launcher-1.10.3.jar:1.10.3]
	at org.junit.platform.launcher.core.SessionPerRequestLauncher.execute(SessionPerRequestLauncher.java:63) [junit-platform-launcher-1.10.3.jar:1.10.3]
	at com.intellij.junit5.JUnit5IdeaTestRunner.startRunnerWithArgs(JUnit5IdeaTestRunner.java:57) [junit5-rt.jar:?]
	at com.intellij.rt.junit.IdeaTestRunner$Repeater$1.execute(IdeaTestRunner.java:38) [junit-rt.jar:?]
	at com.intellij.rt.execution.junit.TestsRepeater.repeat(TestsRepeater.java:11) [idea_rt.jar:?]
	at com.intellij.rt.junit.IdeaTestRunner$Repeater.startRunnerWithArgs(IdeaTestRunner.java:35) [junit-rt.jar:?]
	at com.intellij.rt.junit.JUnitStarter.prepareStreamsAndStart(JUnitStarter.java:232) [junit-rt.jar:?]
	at com.intellij.rt.junit.JUnitStarter.main(JUnitStarter.java:55) [junit-rt.jar:?]
2024-12-06 22:37:30.231 [main] TRACE UserServiceImpl - Entering removeRole method in UserServiceImpl
2024-12-06 22:37:30.231 [main] ERROR UserServiceImpl - No user found to remove role: nonExistingUser
2024-12-06 22:37:30.231 [main] TRACE UserServiceImpl - Entering createUser method in UserServiceImpl
2024-12-06 22:37:30.231 [main] ERROR UserServiceImpl - No valid roles found
2024-12-06 22:37:30.247 [main] TRACE UserServiceImpl - Entering logout method in UserServiceImpl
2024-12-06 22:37:30.247 [main] DEBUG UserServiceImpl - Logout initiated
2024-12-06 22:37:30.247 [main] INFO  UserServiceImpl - Token successfully logged out and saved in Redis
2024-12-06 22:37:30.247 [main] TRACE UserServiceImpl - Exiting logout method in UserServiceImpl
2024-12-06 22:37:30.247 [main] TRACE UserServiceImpl - Entering login method in UserServiceImpl
2024-12-06 22:37:30.247 [main] DEBUG UserServiceImpl - Attempting to authenticate user: testUser
2024-12-06 22:37:30.247 [main] ERROR UserServiceImpl - Authentication failed for user: testUser
2024-12-06 22:37:30.263 [main] TRACE UserServiceImpl - Entering changePassword method in UserServiceImpl
2024-12-06 22:37:30.263 [main] DEBUG UserServiceImpl - Password change request initiated
2024-12-06 22:37:30.263 [main] ERROR UserServiceImpl - User not found for username: testUser
2024-12-06 22:37:30.278 [main] TRACE UserServiceImpl - Entering handlePasswordReset method in UserServiceImpl
2024-12-06 22:37:30.278 [main] DEBUG UserServiceImpl - Handling password reset for token: validToken
2024-12-06 22:37:30.278 [main] ERROR UserServiceImpl - New password does not meet the minimum length requirement
2024-12-06 22:37:30.278 [main] TRACE UserServiceImpl - Entering refreshToken method in UserServiceImpl
2024-12-06 22:37:30.278 [main] DEBUG UserServiceImpl - Attempting to refresh token
2024-12-06 22:37:30.278 [main] INFO  UserServiceImpl - Extracted username from refresh token: testUser
2024-12-06 22:37:30.278 [main] ERROR UserServiceImpl - Email not verified for user testUser so refresh token cannot be done.
2024-12-06 22:37:30.294 [main] TRACE UserServiceImpl - Entering updateUser method in UserServiceImpl
2024-12-06 22:37:30.294 [main] ERROR UserServiceImpl - Username is already taken: newUsername
2024-12-06 22:37:30.294 [main] TRACE UserServiceImpl - Entering verifyEmail method in UserServiceImpl
2024-12-06 22:37:30.294 [main] ERROR UserServiceImpl - User with the given verification token not found
2024-12-06 22:37:30.310 [main] TRACE UserServiceImpl - Entering addRole method in UserServiceImpl
2024-12-06 22:37:30.310 [main] ERROR UserServiceImpl - Role not found: NON_EXISTING_ROLE
2024-12-06 22:37:30.310 [main] TRACE UserServiceImpl - Entering handlePasswordReset method in UserServiceImpl
2024-12-06 22:37:30.310 [main] DEBUG UserServiceImpl - Handling password reset for token: validToken
2024-12-06 22:37:30.310 [main] INFO  UserServiceImpl - Password reset successfully for user: testUser
2024-12-06 22:37:30.310 [main] TRACE UserServiceImpl - Exiting handlePasswordReset method in UserServiceImpl
2024-12-06 22:37:30.325 [main] TRACE UserServiceImpl - Entering createUser method in UserServiceImpl
2024-12-06 22:37:30.325 [main] ERROR UserServiceImpl - No role found for registration!
2024-12-06 22:37:30.325 [main] TRACE UserServiceImpl - Entering changePassword method in UserServiceImpl
2024-12-06 22:37:30.325 [main] DEBUG UserServiceImpl - Password change request initiated
2024-12-06 22:37:30.325 [main] ERROR UserServiceImpl - Invalid token format to change password
2024-12-06 22:37:30.342 [main] TRACE UserServiceImpl - Entering refreshToken method in UserServiceImpl
2024-12-06 22:37:30.342 [main] DEBUG UserServiceImpl - Attempting to refresh token
2024-12-06 22:37:30.342 [main] ERROR UserServiceImpl - Invalid token format
2024-12-06 22:37:30.342 [main] TRACE UserServiceImpl - Entering createUser method in UserServiceImpl
2024-12-06 22:37:30.342 [main] INFO  UserServiceImpl - User 'newUser' created successfully
2024-12-06 22:37:30.342 [main] INFO  UserServiceImpl - Verification email sent to 'newUser@example.com'
2024-12-06 22:37:30.342 [main] TRACE UserServiceImpl - Exiting createUser method in UserServiceImpl
2024-12-06 22:37:30.357 [main] TRACE UserServiceImpl - Entering deleteUser method in UserServiceImpl
2024-12-06 22:37:30.357 [main] ERROR UserServiceImpl - User not found: username
2024-12-06 22:37:30.357 [main] TRACE UserServiceImpl - Initializing JedisPool with Redis Host: localhost and Port: invalidPort
2024-12-06 22:37:30.357 [main] TRACE UserServiceImpl - Entering updateUser method in UserServiceImpl
2024-12-06 22:37:30.357 [main] INFO  UserServiceImpl - User 'newUsername' updated successfully
2024-12-06 22:37:30.357 [main] TRACE UserServiceImpl - Exiting updateUser method in UserServiceImpl
2024-12-06 22:37:30.373 [main] TRACE UserServiceImpl - Entering handlePasswordReset method in UserServiceImpl
2024-12-06 22:37:30.373 [main] DEBUG UserServiceImpl - Handling password reset for token: invalidToken
2024-12-06 22:37:30.373 [main] ERROR UserServiceImpl - Invalid reset token provided
2024-12-06 22:37:30.373 [main] TRACE UserServiceImpl - Entering deleteUser method in UserServiceImpl
2024-12-06 22:37:30.373 [main] ERROR UserServiceImpl - User not found: username
2024-12-06 22:37:30.389 [main] TRACE UserServiceImpl - Entering addRole method in UserServiceImpl
2024-12-06 22:37:30.389 [main] INFO  UserServiceImpl - Role 'TECHNICIAN' added to user 'testUser'
2024-12-06 22:37:30.389 [main] TRACE UserServiceImpl - Exiting addRole method in UserServiceImpl
2024-12-06 22:37:30.389 [main] TRACE UserServiceImpl - Entering updateUser method in UserServiceImpl
2024-12-06 22:37:30.389 [main] ERROR UserServiceImpl - User not found
2024-12-06 22:37:30.404 [main] TRACE UserServiceImpl - Entering restoreUser method in UserServiceImpl
2024-12-06 22:37:30.404 [main] TRACE UserServiceImpl - Entering revokeAllTokensByUser method in UserServiceImpl
2024-12-06 22:37:30.404 [main] DEBUG UserServiceImpl - Revoking all tokens for user ID: 1
2024-12-06 22:37:30.404 [main] INFO  UserServiceImpl - No valid tokens found for user ID: 1
2024-12-06 22:37:30.404 [main] INFO  UserServiceImpl - User 'username' restored successfully
2024-12-06 22:37:30.404 [main] TRACE UserServiceImpl - Exiting restoreUser method in UserServiceImpl
2024-12-06 22:37:30.404 [main] TRACE UserServiceImpl - Entering deleteUser method in UserServiceImpl
2024-12-06 22:37:30.404 [main] TRACE UserServiceImpl - Entering revokeAllTokensByUser method in UserServiceImpl
2024-12-06 22:37:30.404 [main] DEBUG UserServiceImpl - Revoking all tokens for user ID: 1
2024-12-06 22:37:30.404 [main] INFO  UserServiceImpl - No valid tokens found for user ID: 1
2024-12-06 22:37:30.420 [main] INFO  UserServiceImpl - User 'username' marked as deleted
2024-12-06 22:37:30.420 [main] TRACE UserServiceImpl - Exiting deleteUser method in UserServiceImpl
2024-12-06 22:37:30.420 [main] TRACE UserServiceImpl - Entering refreshToken method in UserServiceImpl
2024-12-06 22:37:30.420 [main] DEBUG UserServiceImpl - Attempting to refresh token
2024-12-06 22:37:30.420 [main] INFO  UserServiceImpl - Extracted username from refresh token: null
2024-12-06 22:37:30.420 [main] ERROR UserServiceImpl - Username extraction failed from token
2024-12-06 22:37:30.435 [main] TRACE UserServiceImpl - Entering addRole method in UserServiceImpl
2024-12-06 22:37:30.435 [main] ERROR UserServiceImpl - No user found to add role: nonExistingUser
2024-12-06 22:37:30.451 [main] TRACE UserServiceImpl - Entering removeRole method in UserServiceImpl
2024-12-06 22:37:30.451 [main] INFO  UserServiceImpl - Role 'ADMIN' removed from user 'testUser'
2024-12-06 22:37:30.451 [main] TRACE UserServiceImpl - Exiting removeRole method in UserServiceImpl
2024-12-06 22:37:30.451 [main] TRACE UserServiceImpl - Entering changePassword method in UserServiceImpl
2024-12-06 22:37:30.451 [main] DEBUG UserServiceImpl - Password change request initiated
2024-12-06 22:37:30.467 [main] TRACE UserServiceImpl - Entering revokeAllTokensByUser method in UserServiceImpl
2024-12-06 22:37:30.467 [main] DEBUG UserServiceImpl - Revoking all tokens for user ID: 1
2024-12-06 22:37:30.467 [main] INFO  UserServiceImpl - No valid tokens found for user ID: 1
2024-12-06 22:37:30.467 [main] INFO  UserServiceImpl - Password changed successfully for user: testUser
2024-12-06 22:37:30.467 [main] TRACE UserServiceImpl - Exiting changePassword method in UserServiceImpl
2024-12-06 22:37:30.482 [main] TRACE UserServiceImpl - Entering createUser method in UserServiceImpl
2024-12-06 22:37:30.482 [main] ERROR UserServiceImpl - Username 'existingUser' is already taken
2024-12-06 22:37:30.482 [main] TRACE UserServiceImpl - Entering refreshToken method in UserServiceImpl
2024-12-06 22:37:30.498 [main] DEBUG UserServiceImpl - Attempting to refresh token
2024-12-06 22:37:30.498 [main] INFO  UserServiceImpl - Extracted username from refresh token: testUser
2024-12-06 22:37:30.498 [main] ERROR UserServiceImpl - User not found : testUser
2024-12-06 22:37:30.514 [main] TRACE UserServiceImpl - Entering changePassword method in UserServiceImpl
2024-12-06 22:37:30.514 [main] DEBUG UserServiceImpl - Password change request initiated
2024-12-06 22:37:30.514 [main] ERROR UserServiceImpl - Old password is incorrect for user: testUser
2024-12-06 22:37:30.514 [main] TRACE UserServiceImpl - Entering verifyEmail method in UserServiceImpl
2024-12-06 22:37:30.514 [main] INFO  UserServiceImpl - Email verified for user: testUser
2024-12-06 22:37:30.514 [main] TRACE UserServiceImpl - Exiting verifyEmail method in UserServiceImpl
2024-12-06 22:37:30.529 [main] TRACE UserServiceImpl - Entering handlePasswordReset method in UserServiceImpl
2024-12-06 22:37:30.529 [main] DEBUG UserServiceImpl - Handling password reset for token: validToken
2024-12-06 22:37:30.529 [main] ERROR UserServiceImpl - Reset token has expired for user: testUser
2024-12-06 22:37:30.545 [main] TRACE UserServiceImpl - Entering removeRole method in UserServiceImpl
2024-12-06 22:37:30.545 [main] ERROR UserServiceImpl - Role not found to remove: NON_EXISTING_ROLE
2024-12-06 22:37:30.545 [main] TRACE UserServiceImpl - Entering logout method in UserServiceImpl
2024-12-06 22:37:30.545 [main] DEBUG UserServiceImpl - Logout initiated
2024-12-06 22:37:30.560 [main] ERROR UserServiceImpl - Invalid token
2024-12-06 22:37:30.560 [main] TRACE UserServiceImpl - Entering login method in UserServiceImpl
2024-12-06 22:37:30.560 [main] DEBUG UserServiceImpl - Attempting to authenticate user: testUser
2024-12-06 22:37:30.560 [main] INFO  UserServiceImpl - User authenticated successfully: testUser
2024-12-06 22:37:30.560 [main] TRACE UserServiceImpl - Entering getRolesAsString method in UserServiceImpl
2024-12-06 22:37:30.560 [main] TRACE UserServiceImpl - Exiting getRolesAsString method in UserServiceImpl
2024-12-06 22:37:30.560 [main] TRACE UserServiceImpl - Entering revokeAllTokensByUser method in UserServiceImpl
2024-12-06 22:37:30.560 [main] DEBUG UserServiceImpl - Revoking all tokens for user ID: 1
2024-12-06 22:37:30.576 [main] INFO  UserServiceImpl - No valid tokens found for user ID: 1
2024-12-06 22:37:30.576 [main] TRACE UserServiceImpl - Entering saveUserToken method in UserServiceImpl
2024-12-06 22:37:30.576 [main] DEBUG UserServiceImpl - Saving token for user: testUser
2024-12-06 22:37:30.576 [main] INFO  UserServiceImpl - Token saved in Redis for user: testUser
2024-12-06 22:37:30.576 [main] TRACE UserServiceImpl - Exiting saveUserToken method in UserServiceImpl
2024-12-06 22:37:30.576 [main] TRACE UserServiceImpl - Exiting login method in UserServiceImpl
2024-12-06 22:37:30.597 [main] TRACE UserServiceImpl - Entering logout method in UserServiceImpl
2024-12-06 22:37:30.597 [main] DEBUG UserServiceImpl - Logout initiated
2024-12-06 22:37:30.597 [main] ERROR UserServiceImpl - Token not found in repository
2024-12-06 22:37:30.623 [main] TRACE UserServiceImpl - Entering refreshToken method in UserServiceImpl
2024-12-06 22:37:30.623 [main] DEBUG UserServiceImpl - Attempting to refresh token
2024-12-06 22:37:30.623 [main] INFO  UserServiceImpl - Extracted username from refresh token: testUser
2024-12-06 22:37:30.623 [main] INFO  UserServiceImpl - Generating new tokens for user: testUser
2024-12-06 22:37:30.623 [main] TRACE UserServiceImpl - Entering getRolesAsString method in UserServiceImpl
2024-12-06 22:37:30.623 [main] TRACE UserServiceImpl - Exiting getRolesAsString method in UserServiceImpl
2024-12-06 22:37:30.623 [main] TRACE UserServiceImpl - Entering revokeAllTokensByUser method in UserServiceImpl
2024-12-06 22:37:30.623 [main] DEBUG UserServiceImpl - Revoking all tokens for user ID: 1
2024-12-06 22:37:30.623 [main] INFO  UserServiceImpl - No valid tokens found for user ID: 1
2024-12-06 22:37:30.623 [main] TRACE UserServiceImpl - Entering saveUserToken method in UserServiceImpl
2024-12-06 22:37:30.623 [main] DEBUG UserServiceImpl - Saving token for user: testUser
2024-12-06 22:37:30.623 [main] INFO  UserServiceImpl - Token saved in Redis for user: testUser
2024-12-06 22:37:30.623 [main] TRACE UserServiceImpl - Exiting saveUserToken method in UserServiceImpl
2024-12-06 22:37:30.623 [main] TRACE UserServiceImpl - Exiting refreshToken method in UserServiceImpl
2024-12-06 22:37:30.686 [main] TRACE UserServiceImpl - Initializing JedisPool with Redis Host: localhost and Port: 6379
2024-12-06 22:37:30.701 [main] TRACE UserServiceImpl - Exiting init method in UserServiceImpl
