2025-01-25 00:09:32.224 [main] TRACE UserController - Entering handlePasswordReset method in UserController
2025-01-25 00:09:32.234 [main] TRACE UserController - Exiting handlePasswordReset method in UserController
2025-01-25 00:09:32.282 [main] TRACE UserController - Entering verifyEmail method in UserController
2025-01-25 00:09:32.282 [main] TRACE UserController - Exiting verifyEmail method in UserController
2025-01-25 00:09:32.287 [main] TRACE UserController - Entering logout method in UserController
2025-01-25 00:09:32.288 [main] TRACE UserController - Exiting logout method in UserController
2025-01-25 00:09:32.294 [main] TRACE UserController - Entering changePassword method in UserController
2025-01-25 00:09:32.295 [main] TRACE UserController - Exiting changePassword method in UserController
2025-01-25 00:09:32.300 [main] TRACE UserController - Entering login method in UserController
2025-01-25 00:09:32.304 [main] TRACE UserController - Exiting login method in UserController
2025-01-25 00:09:32.311 [main] TRACE UserController - Entering refreshToken method in UserController
2025-01-25 00:09:32.311 [main] TRACE UserController - Exiting refreshToken method in UserController
2025-01-25 00:09:32.316 [main] TRACE UserController - Entering initiatePasswordReset method in UserController
2025-01-25 00:09:32.317 [main] TRACE UserController - Exiting initiatePasswordReset method in UserController
2025-01-25 00:09:32.440 [main] TRACE JwtServiceImpl - Entering buildToken method in JwtUtils class with claims and expiration: 3600000
2025-01-25 00:09:32.478 [main] TRACE JwtServiceImpl - Entering getSignInKey method in JwtUtils class
2025-01-25 00:09:32.480 [main] TRACE JwtServiceImpl - Exiting getSignInKey method in JwtUtils class with key
2025-01-25 00:09:32.592 [main] TRACE JwtServiceImpl - Exiting buildToken method in JwtUtils class with token: eyJhbGciOiJIUzI1NiJ9.eyJzdWIiOiJ1c2VyIiwiaWF0IjoxNzM3NzUyOTcyLCJleHAiOjE3Mzc3NTY1NzJ9.bQZFNic4A4lx2eZmLdyptMSn6D_-A19yXvLDbV0dXRo
2025-01-25 00:09:32.598 [main] TRACE JwtServiceImpl - Entering extractUsername method in JwtUtils class
2025-01-25 00:09:32.598 [main] TRACE JwtServiceImpl - Entering extractClaim method in JwtUtils class
2025-01-25 00:09:32.599 [main] TRACE JwtServiceImpl - Entering extractAllClaims method in JwtUtils class
2025-01-25 00:09:32.620 [main] TRACE JwtServiceImpl - Entering getSignInKey method in JwtUtils class
2025-01-25 00:09:32.620 [main] TRACE JwtServiceImpl - Exiting getSignInKey method in JwtUtils class with key
2025-01-25 00:09:32.643 [main] TRACE JwtServiceImpl - Entering generateAccessToken method in JwtUtils class with username: user
2025-01-25 00:09:32.643 [main] TRACE JwtServiceImpl - Entering buildToken method in JwtUtils class with claims and expiration: 3600000
2025-01-25 00:09:32.643 [main] TRACE JwtServiceImpl - Entering getSignInKey method in JwtUtils class
2025-01-25 00:09:32.643 [main] TRACE JwtServiceImpl - Exiting getSignInKey method in JwtUtils class with key
2025-01-25 00:09:32.646 [main] TRACE JwtServiceImpl - Exiting buildToken method in JwtUtils class with token: eyJhbGciOiJIUzI1NiJ9.eyJzdWIiOiJ1c2VyIiwicm9sZXMiOlsiUk9MRV9VU0VSIl0sImlhdCI6MTczNzc1Mjk3MiwiZXhwIjoxNzM3NzU2NTcyfQ.blYh7lfIidGDXFmY-lYZcQEYpxW9XdtI5daLxkIZoZg
2025-01-25 00:09:32.646 [main] TRACE JwtServiceImpl - Exiting generateAccessToken method in JwtUtils class with accessToken: eyJhbGciOiJIUzI1NiJ9.eyJzdWIiOiJ1c2VyIiwicm9sZXMiOlsiUk9MRV9VU0VSIl0sImlhdCI6MTczNzc1Mjk3MiwiZXhwIjoxNzM3NzU2NTcyfQ.blYh7lfIidGDXFmY-lYZcQEYpxW9XdtI5daLxkIZoZg
2025-01-25 00:09:32.647 [main] TRACE JwtServiceImpl - Entering extractClaim method in JwtUtils class
2025-01-25 00:09:32.647 [main] TRACE JwtServiceImpl - Entering extractAllClaims method in JwtUtils class
2025-01-25 00:09:32.647 [main] TRACE JwtServiceImpl - Entering getSignInKey method in JwtUtils class
2025-01-25 00:09:32.647 [main] TRACE JwtServiceImpl - Exiting getSignInKey method in JwtUtils class with key
2025-01-25 00:09:32.672 [main] TRACE JwtServiceImpl - Exiting extractAllClaims method in JwtUtils class
2025-01-25 00:09:32.672 [main] TRACE JwtServiceImpl - Exiting extractClaim method in JwtUtils class with claim: user
2025-01-25 00:09:32.675 [main] TRACE JwtServiceImpl - Entering generateRefreshToken method in JwtUtils class with username: user
2025-01-25 00:09:32.676 [main] TRACE JwtServiceImpl - Entering buildToken method in JwtUtils class with claims and expiration: 86400000
2025-01-25 00:09:32.676 [main] TRACE JwtServiceImpl - Entering getSignInKey method in JwtUtils class
2025-01-25 00:09:32.676 [main] TRACE JwtServiceImpl - Exiting getSignInKey method in JwtUtils class with key
2025-01-25 00:09:32.677 [main] TRACE JwtServiceImpl - Exiting buildToken method in JwtUtils class with token: eyJhbGciOiJIUzI1NiJ9.eyJzdWIiOiJ1c2VyIiwiaWF0IjoxNzM3NzUyOTcyLCJleHAiOjE3Mzc4MzkzNzJ9.6gp5CAIt6zOLDEzLuQQbTs6XXIu_cmJxJESZbSxSfpQ
2025-01-25 00:09:32.677 [main] TRACE JwtServiceImpl - Exiting generateRefreshToken method in JwtUtils class with refreshToken: eyJhbGciOiJIUzI1NiJ9.eyJzdWIiOiJ1c2VyIiwiaWF0IjoxNzM3NzUyOTcyLCJleHAiOjE3Mzc4MzkzNzJ9.6gp5CAIt6zOLDEzLuQQbTs6XXIu_cmJxJESZbSxSfpQ
2025-01-25 00:09:32.684 [main] TRACE JwtServiceImpl - Entering generateAccessToken method in JwtUtils class with username: user
2025-01-25 00:09:32.684 [main] TRACE JwtServiceImpl - Entering buildToken method in JwtUtils class with claims and expiration: 3600000
2025-01-25 00:09:32.685 [main] TRACE JwtServiceImpl - Entering getSignInKey method in JwtUtils class
2025-01-25 00:09:32.685 [main] TRACE JwtServiceImpl - Exiting getSignInKey method in JwtUtils class with key
2025-01-25 00:09:32.686 [main] TRACE JwtServiceImpl - Exiting buildToken method in JwtUtils class with token: eyJhbGciOiJIUzI1NiJ9.eyJzdWIiOiJ1c2VyIiwicm9sZXMiOlsiUk9MRV9BRE1JTiJdLCJpYXQiOjE3Mzc3NTI5NzIsImV4cCI6MTczNzc1NjU3Mn0.H5HvnOUcxTXLMgHHBZ5qjMwj67OvPYEN68KBZCOMj8c
2025-01-25 00:09:32.686 [main] TRACE JwtServiceImpl - Exiting generateAccessToken method in JwtUtils class with accessToken: eyJhbGciOiJIUzI1NiJ9.eyJzdWIiOiJ1c2VyIiwicm9sZXMiOlsiUk9MRV9BRE1JTiJdLCJpYXQiOjE3Mzc3NTI5NzIsImV4cCI6MTczNzc1NjU3Mn0.H5HvnOUcxTXLMgHHBZ5qjMwj67OvPYEN68KBZCOMj8c
2025-01-25 00:09:32.686 [main] TRACE JwtServiceImpl - Entering extractUsername method in JwtUtils class
2025-01-25 00:09:32.686 [main] TRACE JwtServiceImpl - Entering extractClaim method in JwtUtils class
2025-01-25 00:09:32.686 [main] TRACE JwtServiceImpl - Entering extractAllClaims method in JwtUtils class
2025-01-25 00:09:32.686 [main] TRACE JwtServiceImpl - Entering getSignInKey method in JwtUtils class
2025-01-25 00:09:32.686 [main] TRACE JwtServiceImpl - Exiting getSignInKey method in JwtUtils class with key
2025-01-25 00:09:32.687 [main] TRACE JwtServiceImpl - Exiting extractAllClaims method in JwtUtils class
2025-01-25 00:09:32.687 [main] TRACE JwtServiceImpl - Exiting extractClaim method in JwtUtils class with claim: user
2025-01-25 00:09:32.687 [main] TRACE JwtServiceImpl - Exiting extractUsername method in JwtUtils class with username: user
2025-01-25 00:09:32.690 [main] TRACE JwtServiceImpl - Entering generateAccessToken method in JwtUtils class with username: user
2025-01-25 00:09:32.691 [main] TRACE JwtServiceImpl - Entering buildToken method in JwtUtils class with claims and expiration: 3600000
2025-01-25 00:09:32.691 [main] TRACE JwtServiceImpl - Entering getSignInKey method in JwtUtils class
2025-01-25 00:09:32.691 [main] TRACE JwtServiceImpl - Exiting getSignInKey method in JwtUtils class with key
2025-01-25 00:09:32.692 [main] TRACE JwtServiceImpl - Exiting buildToken method in JwtUtils class with token: eyJhbGciOiJIUzI1NiJ9.eyJzdWIiOiJ1c2VyIiwicm9sZXMiOlsiUk9MRV9VU0VSIl0sImlhdCI6MTczNzc1Mjk3MiwiZXhwIjoxNzM3NzU2NTcyfQ.blYh7lfIidGDXFmY-lYZcQEYpxW9XdtI5daLxkIZoZg
2025-01-25 00:09:32.692 [main] TRACE JwtServiceImpl - Exiting generateAccessToken method in JwtUtils class with accessToken: eyJhbGciOiJIUzI1NiJ9.eyJzdWIiOiJ1c2VyIiwicm9sZXMiOlsiUk9MRV9VU0VSIl0sImlhdCI6MTczNzc1Mjk3MiwiZXhwIjoxNzM3NzU2NTcyfQ.blYh7lfIidGDXFmY-lYZcQEYpxW9XdtI5daLxkIZoZg
2025-01-25 00:09:32.695 [main] TRACE JwtServiceImpl - Entering generateAccessToken method in JwtUtils class with username: user
2025-01-25 00:09:32.695 [main] TRACE JwtServiceImpl - Entering buildToken method in JwtUtils class with claims and expiration: 3600000
2025-01-25 00:09:32.696 [main] TRACE JwtServiceImpl - Entering getSignInKey method in JwtUtils class
2025-01-25 00:09:32.696 [main] TRACE JwtServiceImpl - Exiting getSignInKey method in JwtUtils class with key
2025-01-25 00:09:32.696 [main] TRACE JwtServiceImpl - Exiting buildToken method in JwtUtils class with token: eyJhbGciOiJIUzI1NiJ9.eyJzdWIiOiJ1c2VyIiwicm9sZXMiOlsiUk9MRV9BRE1JTiJdLCJpYXQiOjE3Mzc3NTI5NzIsImV4cCI6MTczNzc1NjU3Mn0.H5HvnOUcxTXLMgHHBZ5qjMwj67OvPYEN68KBZCOMj8c
2025-01-25 00:09:32.696 [main] TRACE JwtServiceImpl - Exiting generateAccessToken method in JwtUtils class with accessToken: eyJhbGciOiJIUzI1NiJ9.eyJzdWIiOiJ1c2VyIiwicm9sZXMiOlsiUk9MRV9BRE1JTiJdLCJpYXQiOjE3Mzc3NTI5NzIsImV4cCI6MTczNzc1NjU3Mn0.H5HvnOUcxTXLMgHHBZ5qjMwj67OvPYEN68KBZCOMj8c
2025-01-25 00:09:32.696 [main] TRACE JwtServiceImpl - Entering isTokenValid method in JwtUtils class with token and user: user
2025-01-25 00:09:32.696 [main] TRACE JwtServiceImpl - Entering extractUsername method in JwtUtils class
2025-01-25 00:09:32.697 [main] TRACE JwtServiceImpl - Entering extractClaim method in JwtUtils class
2025-01-25 00:09:32.697 [main] TRACE JwtServiceImpl - Entering extractAllClaims method in JwtUtils class
2025-01-25 00:09:32.697 [main] TRACE JwtServiceImpl - Entering getSignInKey method in JwtUtils class
2025-01-25 00:09:32.697 [main] TRACE JwtServiceImpl - Exiting getSignInKey method in JwtUtils class with key
2025-01-25 00:09:32.698 [main] TRACE JwtServiceImpl - Exiting extractAllClaims method in JwtUtils class
2025-01-25 00:09:32.698 [main] TRACE JwtServiceImpl - Exiting extractClaim method in JwtUtils class with claim: user
2025-01-25 00:09:32.698 [main] TRACE JwtServiceImpl - Exiting extractUsername method in JwtUtils class with username: user
2025-01-25 00:09:32.698 [main] TRACE JwtServiceImpl - Entering isTokenExpired method in JwtUtils class
2025-01-25 00:09:32.699 [main] TRACE JwtServiceImpl - Entering extractExpiration method in JwtUtils class
2025-01-25 00:09:32.699 [main] TRACE JwtServiceImpl - Entering extractClaim method in JwtUtils class
2025-01-25 00:09:32.699 [main] TRACE JwtServiceImpl - Entering extractAllClaims method in JwtUtils class
2025-01-25 00:09:32.699 [main] TRACE JwtServiceImpl - Entering getSignInKey method in JwtUtils class
2025-01-25 00:09:32.699 [main] TRACE JwtServiceImpl - Exiting getSignInKey method in JwtUtils class with key
2025-01-25 00:09:32.700 [main] TRACE JwtServiceImpl - Exiting extractAllClaims method in JwtUtils class
2025-01-25 00:09:32.700 [main] TRACE JwtServiceImpl - Exiting extractClaim method in JwtUtils class with claim: 2025-01-25T01:09:32.000+0300
2025-01-25 00:09:32.702 [main] TRACE JwtServiceImpl - Exiting extractExpiration method in JwtUtils class with expiration date: 2025-01-25T01:09:32.000+0300
2025-01-25 00:09:32.702 [main] TRACE JwtServiceImpl - Exiting isTokenExpired method in JwtUtils class with result: false
2025-01-25 00:09:32.702 [main] TRACE JwtServiceImpl - Exiting isTokenValid method in JwtUtils class with result: true
2025-01-25 00:09:32.811 [main] TRACE UserDetailsServiceImpl - Entering loadUserByUsername with username: nonexistentuser
2025-01-25 00:09:32.812 [main] ERROR UserDetailsServiceImpl - User not found with username: nonexistentuser
2025-01-25 00:09:32.816 [main] TRACE UserDetailsServiceImpl - Entering loadUserByUsername with username: testuser
2025-01-25 00:09:32.817 [main] INFO  UserDetailsServiceImpl - User found: testuser
2025-01-25 00:09:32.818 [main] DEBUG UserDetailsServiceImpl - Mapping role USER to authority ROLE_USER
2025-01-25 00:09:32.822 [main] INFO  UserDetailsServiceImpl - User authorities: [ROLE_USER]
2025-01-25 00:09:32.826 [main] TRACE UserDetailsServiceImpl - Exiting loadUserByUsername method in UserDetailsServiceImpl with username: testuser
2025-01-25 00:09:33.363 [main] TRACE UserServiceImpl - Entering refreshToken method in UserServiceImpl
2025-01-25 00:09:33.364 [main] DEBUG UserServiceImpl - Attempting to refresh token
2025-01-25 00:09:33.365 [main] INFO  UserServiceImpl - Extracted username from refresh token: testUser
2025-01-25 00:09:33.365 [main] ERROR UserServiceImpl - User not found : testUser
2025-01-25 00:09:33.381 [main] TRACE UserServiceImpl - Entering login method in UserServiceImpl
2025-01-25 00:09:33.381 [main] DEBUG UserServiceImpl - Attempting to authenticate user: testUser
2025-01-25 00:09:33.383 [main] ERROR UserServiceImpl - Email not verified for user: testUser
2025-01-25 00:09:33.407 [main] TRACE UserServiceImpl - Entering login method in UserServiceImpl
2025-01-25 00:09:33.407 [main] DEBUG UserServiceImpl - Attempting to authenticate user: testUser
2025-01-25 00:09:33.407 [main] ERROR UserServiceImpl - User not found with username: testUser
2025-01-25 00:09:34.769 [main] TRACE UserServiceImpl - Entering logout method in UserServiceImpl
2025-01-25 00:09:34.769 [main] DEBUG UserServiceImpl - Logout initiated
2025-01-25 00:09:34.770 [main] ERROR UserServiceImpl - Failed to log out token in Redis
redis.clients.jedis.exceptions.JedisException: Redis error
	at redis.clients.jedis.Jedis.set(Jedis.java:4892) ~[jedis-5.0.2.jar:?]
	at com.lab.backend.auth.service.concretes.UserServiceImpl.logout(UserServiceImpl.java:255) ~[classes/:?]
	at com.lab.backend.auth.service.concretes.UserServiceImplTest.lambda$logout_withRedisFailure_shouldThrowRedisOperationException$11(UserServiceImplTest.java:354) ~[test-classes/:?]
	at org.junit.jupiter.api.AssertThrows.assertThrows(AssertThrows.java:53) ~[junit-jupiter-api-5.10.3.jar:5.10.3]
	at org.junit.jupiter.api.AssertThrows.assertThrows(AssertThrows.java:35) ~[junit-jupiter-api-5.10.3.jar:5.10.3]
	at org.junit.jupiter.api.Assertions.assertThrows(Assertions.java:3115) ~[junit-jupiter-api-5.10.3.jar:5.10.3]
	at com.lab.backend.auth.service.concretes.UserServiceImplTest.logout_withRedisFailure_shouldThrowRedisOperationException(UserServiceImplTest.java:353) ~[test-classes/:?]
	at java.base/jdk.internal.reflect.NativeMethodAccessorImpl.invoke0(Native Method) ~[?:?]
	at java.base/jdk.internal.reflect.NativeMethodAccessorImpl.invoke(NativeMethodAccessorImpl.java:77) ~[?:?]
	at java.base/jdk.internal.reflect.DelegatingMethodAccessorImpl.invoke(DelegatingMethodAccessorImpl.java:43) ~[?:?]
	at java.base/java.lang.reflect.Method.invoke(Method.java:568) ~[?:?]
	at org.junit.platform.commons.util.ReflectionUtils.invokeMethod(ReflectionUtils.java:728) ~[junit-platform-commons-1.10.3.jar:1.10.3]
	at org.junit.jupiter.engine.execution.MethodInvocation.proceed(MethodInvocation.java:60) ~[junit-jupiter-engine-5.10.3.jar:5.10.3]
	at org.junit.jupiter.engine.execution.InvocationInterceptorChain$ValidatingInvocation.proceed(InvocationInterceptorChain.java:131) ~[junit-jupiter-engine-5.10.3.jar:5.10.3]
	at org.junit.jupiter.engine.extension.TimeoutExtension.intercept(TimeoutExtension.java:156) ~[junit-jupiter-engine-5.10.3.jar:5.10.3]
	at org.junit.jupiter.engine.extension.TimeoutExtension.interceptTestableMethod(TimeoutExtension.java:147) ~[junit-jupiter-engine-5.10.3.jar:5.10.3]
	at org.junit.jupiter.engine.extension.TimeoutExtension.interceptTestMethod(TimeoutExtension.java:86) ~[junit-jupiter-engine-5.10.3.jar:5.10.3]
	at org.junit.jupiter.engine.execution.InterceptingExecutableInvoker$ReflectiveInterceptorCall.lambda$ofVoidMethod$0(InterceptingExecutableInvoker.java:103) ~[junit-jupiter-engine-5.10.3.jar:5.10.3]
	at org.junit.jupiter.engine.execution.InterceptingExecutableInvoker.lambda$invoke$0(InterceptingExecutableInvoker.java:93) ~[junit-jupiter-engine-5.10.3.jar:5.10.3]
	at org.junit.jupiter.engine.execution.InvocationInterceptorChain$InterceptedInvocation.proceed(InvocationInterceptorChain.java:106) ~[junit-jupiter-engine-5.10.3.jar:5.10.3]
	at org.junit.jupiter.engine.execution.InvocationInterceptorChain.proceed(InvocationInterceptorChain.java:64) ~[junit-jupiter-engine-5.10.3.jar:5.10.3]
	at org.junit.jupiter.engine.execution.InvocationInterceptorChain.chainAndInvoke(InvocationInterceptorChain.java:45) ~[junit-jupiter-engine-5.10.3.jar:5.10.3]
	at org.junit.jupiter.engine.execution.InvocationInterceptorChain.invoke(InvocationInterceptorChain.java:37) ~[junit-jupiter-engine-5.10.3.jar:5.10.3]
	at org.junit.jupiter.engine.execution.InterceptingExecutableInvoker.invoke(InterceptingExecutableInvoker.java:92) ~[junit-jupiter-engine-5.10.3.jar:5.10.3]
	at org.junit.jupiter.engine.execution.InterceptingExecutableInvoker.invoke(InterceptingExecutableInvoker.java:86) ~[junit-jupiter-engine-5.10.3.jar:5.10.3]
	at org.junit.jupiter.engine.descriptor.TestMethodTestDescriptor.lambda$invokeTestMethod$7(TestMethodTestDescriptor.java:218) ~[junit-jupiter-engine-5.10.3.jar:5.10.3]
	at org.junit.platform.engine.support.hierarchical.ThrowableCollector.execute(ThrowableCollector.java:73) ~[junit-platform-engine-1.10.3.jar:1.10.3]
	at org.junit.jupiter.engine.descriptor.TestMethodTestDescriptor.invokeTestMethod(TestMethodTestDescriptor.java:214) ~[junit-jupiter-engine-5.10.3.jar:5.10.3]
	at org.junit.jupiter.engine.descriptor.TestMethodTestDescriptor.execute(TestMethodTestDescriptor.java:139) ~[junit-jupiter-engine-5.10.3.jar:5.10.3]
	at org.junit.jupiter.engine.descriptor.TestMethodTestDescriptor.execute(TestMethodTestDescriptor.java:69) ~[junit-jupiter-engine-5.10.3.jar:5.10.3]
	at org.junit.platform.engine.support.hierarchical.NodeTestTask.lambda$executeRecursively$6(NodeTestTask.java:151) ~[junit-platform-engine-1.10.3.jar:1.10.3]
	at org.junit.platform.engine.support.hierarchical.ThrowableCollector.execute(ThrowableCollector.java:73) ~[junit-platform-engine-1.10.3.jar:1.10.3]
	at org.junit.platform.engine.support.hierarchical.NodeTestTask.lambda$executeRecursively$8(NodeTestTask.java:141) ~[junit-platform-engine-1.10.3.jar:1.10.3]
	at org.junit.platform.engine.support.hierarchical.Node.around(Node.java:137) ~[junit-platform-engine-1.10.3.jar:1.10.3]
	at org.junit.platform.engine.support.hierarchical.NodeTestTask.lambda$executeRecursively$9(NodeTestTask.java:139) ~[junit-platform-engine-1.10.3.jar:1.10.3]
	at org.junit.platform.engine.support.hierarchical.ThrowableCollector.execute(ThrowableCollector.java:73) ~[junit-platform-engine-1.10.3.jar:1.10.3]
	at org.junit.platform.engine.support.hierarchical.NodeTestTask.executeRecursively(NodeTestTask.java:138) ~[junit-platform-engine-1.10.3.jar:1.10.3]
	at org.junit.platform.engine.support.hierarchical.NodeTestTask.execute(NodeTestTask.java:95) ~[junit-platform-engine-1.10.3.jar:1.10.3]
	at java.base/java.util.ArrayList.forEach(ArrayList.java:1511) ~[?:?]
	at org.junit.platform.engine.support.hierarchical.SameThreadHierarchicalTestExecutorService.invokeAll(SameThreadHierarchicalTestExecutorService.java:41) ~[junit-platform-engine-1.10.3.jar:1.10.3]
	at org.junit.platform.engine.support.hierarchical.NodeTestTask.lambda$executeRecursively$6(NodeTestTask.java:155) ~[junit-platform-engine-1.10.3.jar:1.10.3]
	at org.junit.platform.engine.support.hierarchical.ThrowableCollector.execute(ThrowableCollector.java:73) ~[junit-platform-engine-1.10.3.jar:1.10.3]
	at org.junit.platform.engine.support.hierarchical.NodeTestTask.lambda$executeRecursively$8(NodeTestTask.java:141) ~[junit-platform-engine-1.10.3.jar:1.10.3]
	at org.junit.platform.engine.support.hierarchical.Node.around(Node.java:137) ~[junit-platform-engine-1.10.3.jar:1.10.3]
	at org.junit.platform.engine.support.hierarchical.NodeTestTask.lambda$executeRecursively$9(NodeTestTask.java:139) ~[junit-platform-engine-1.10.3.jar:1.10.3]
	at org.junit.platform.engine.support.hierarchical.ThrowableCollector.execute(ThrowableCollector.java:73) ~[junit-platform-engine-1.10.3.jar:1.10.3]
	at org.junit.platform.engine.support.hierarchical.NodeTestTask.executeRecursively(NodeTestTask.java:138) ~[junit-platform-engine-1.10.3.jar:1.10.3]
	at org.junit.platform.engine.support.hierarchical.NodeTestTask.execute(NodeTestTask.java:95) ~[junit-platform-engine-1.10.3.jar:1.10.3]
	at java.base/java.util.ArrayList.forEach(ArrayList.java:1511) ~[?:?]
	at org.junit.platform.engine.support.hierarchical.SameThreadHierarchicalTestExecutorService.invokeAll(SameThreadHierarchicalTestExecutorService.java:41) ~[junit-platform-engine-1.10.3.jar:1.10.3]
	at org.junit.platform.engine.support.hierarchical.NodeTestTask.lambda$executeRecursively$6(NodeTestTask.java:155) ~[junit-platform-engine-1.10.3.jar:1.10.3]
	at org.junit.platform.engine.support.hierarchical.ThrowableCollector.execute(ThrowableCollector.java:73) ~[junit-platform-engine-1.10.3.jar:1.10.3]
	at org.junit.platform.engine.support.hierarchical.NodeTestTask.lambda$executeRecursively$8(NodeTestTask.java:141) ~[junit-platform-engine-1.10.3.jar:1.10.3]
	at org.junit.platform.engine.support.hierarchical.Node.around(Node.java:137) ~[junit-platform-engine-1.10.3.jar:1.10.3]
	at org.junit.platform.engine.support.hierarchical.NodeTestTask.lambda$executeRecursively$9(NodeTestTask.java:139) ~[junit-platform-engine-1.10.3.jar:1.10.3]
	at org.junit.platform.engine.support.hierarchical.ThrowableCollector.execute(ThrowableCollector.java:73) ~[junit-platform-engine-1.10.3.jar:1.10.3]
	at org.junit.platform.engine.support.hierarchical.NodeTestTask.executeRecursively(NodeTestTask.java:138) ~[junit-platform-engine-1.10.3.jar:1.10.3]
	at org.junit.platform.engine.support.hierarchical.NodeTestTask.execute(NodeTestTask.java:95) ~[junit-platform-engine-1.10.3.jar:1.10.3]
	at org.junit.platform.engine.support.hierarchical.SameThreadHierarchicalTestExecutorService.submit(SameThreadHierarchicalTestExecutorService.java:35) ~[junit-platform-engine-1.10.3.jar:1.10.3]
	at org.junit.platform.engine.support.hierarchical.HierarchicalTestExecutor.execute(HierarchicalTestExecutor.java:57) ~[junit-platform-engine-1.10.3.jar:1.10.3]
	at org.junit.platform.engine.support.hierarchical.HierarchicalTestEngine.execute(HierarchicalTestEngine.java:54) ~[junit-platform-engine-1.10.3.jar:1.10.3]
	at org.junit.platform.launcher.core.EngineExecutionOrchestrator.execute(EngineExecutionOrchestrator.java:198) ~[junit-platform-launcher-1.10.3.jar:1.10.3]
	at org.junit.platform.launcher.core.EngineExecutionOrchestrator.execute(EngineExecutionOrchestrator.java:169) ~[junit-platform-launcher-1.10.3.jar:1.10.3]
	at org.junit.platform.launcher.core.EngineExecutionOrchestrator.execute(EngineExecutionOrchestrator.java:93) ~[junit-platform-launcher-1.10.3.jar:1.10.3]
	at org.junit.platform.launcher.core.EngineExecutionOrchestrator.lambda$execute$0(EngineExecutionOrchestrator.java:58) ~[junit-platform-launcher-1.10.3.jar:1.10.3]
	at org.junit.platform.launcher.core.EngineExecutionOrchestrator.withInterceptedStreams(EngineExecutionOrchestrator.java:141) [junit-platform-launcher-1.10.3.jar:1.10.3]
	at org.junit.platform.launcher.core.EngineExecutionOrchestrator.execute(EngineExecutionOrchestrator.java:57) [junit-platform-launcher-1.10.3.jar:1.10.3]
	at org.junit.platform.launcher.core.DefaultLauncher.execute(DefaultLauncher.java:103) [junit-platform-launcher-1.10.3.jar:1.10.3]
	at org.junit.platform.launcher.core.DefaultLauncher.execute(DefaultLauncher.java:85) [junit-platform-launcher-1.10.3.jar:1.10.3]
	at org.junit.platform.launcher.core.DelegatingLauncher.execute(DelegatingLauncher.java:47) [junit-platform-launcher-1.10.3.jar:1.10.3]
	at org.apache.maven.surefire.junitplatform.LazyLauncher.execute(LazyLauncher.java:56) [surefire-junit-platform-3.2.5.jar:3.2.5]
	at org.apache.maven.surefire.junitplatform.JUnitPlatformProvider.execute(JUnitPlatformProvider.java:184) [surefire-junit-platform-3.2.5.jar:3.2.5]
	at org.apache.maven.surefire.junitplatform.JUnitPlatformProvider.invokeAllTests(JUnitPlatformProvider.java:148) [surefire-junit-platform-3.2.5.jar:3.2.5]
	at org.apache.maven.surefire.junitplatform.JUnitPlatformProvider.invoke(JUnitPlatformProvider.java:122) [surefire-junit-platform-3.2.5.jar:3.2.5]
	at org.apache.maven.surefire.booter.ForkedBooter.runSuitesInProcess(ForkedBooter.java:385) [surefire-booter-3.2.5.jar:3.2.5]
	at org.apache.maven.surefire.booter.ForkedBooter.execute(ForkedBooter.java:162) [surefire-booter-3.2.5.jar:3.2.5]
	at org.apache.maven.surefire.booter.ForkedBooter.run(ForkedBooter.java:507) [surefire-booter-3.2.5.jar:3.2.5]
	at org.apache.maven.surefire.booter.ForkedBooter.main(ForkedBooter.java:495) [surefire-booter-3.2.5.jar:3.2.5]
2025-01-25 00:09:34.785 [main] TRACE UserServiceImpl - Entering removeRole method in UserServiceImpl
2025-01-25 00:09:34.785 [main] ERROR UserServiceImpl - No user found to remove role: nonExistingUser
2025-01-25 00:09:34.791 [main] TRACE UserServiceImpl - Entering createUser method in UserServiceImpl
2025-01-25 00:09:34.792 [main] ERROR UserServiceImpl - No valid roles found
2025-01-25 00:09:34.797 [main] TRACE UserServiceImpl - Entering logout method in UserServiceImpl
2025-01-25 00:09:34.798 [main] DEBUG UserServiceImpl - Logout initiated
2025-01-25 00:09:34.798 [main] INFO  UserServiceImpl - Token successfully logged out and saved in Redis
2025-01-25 00:09:34.798 [main] TRACE UserServiceImpl - Exiting logout method in UserServiceImpl
2025-01-25 00:09:34.805 [main] TRACE UserServiceImpl - Entering login method in UserServiceImpl
2025-01-25 00:09:34.805 [main] DEBUG UserServiceImpl - Attempting to authenticate user: testUser
2025-01-25 00:09:34.806 [main] ERROR UserServiceImpl - Authentication failed for user: testUser
2025-01-25 00:09:34.810 [main] TRACE UserServiceImpl - Entering changePassword method in UserServiceImpl
2025-01-25 00:09:34.811 [main] DEBUG UserServiceImpl - Password change request initiated
2025-01-25 00:09:34.811 [main] ERROR UserServiceImpl - User not found for username: testUser
2025-01-25 00:09:34.815 [main] TRACE UserServiceImpl - Entering handlePasswordReset method in UserServiceImpl
2025-01-25 00:09:34.815 [main] DEBUG UserServiceImpl - Handling password reset for token: validToken
2025-01-25 00:09:34.815 [main] ERROR UserServiceImpl - New password does not meet the minimum length requirement
2025-01-25 00:09:34.821 [main] TRACE UserServiceImpl - Entering refreshToken method in UserServiceImpl
2025-01-25 00:09:34.822 [main] DEBUG UserServiceImpl - Attempting to refresh token
2025-01-25 00:09:34.822 [main] INFO  UserServiceImpl - Extracted username from refresh token: testUser
2025-01-25 00:09:34.822 [main] ERROR UserServiceImpl - Email not verified for user testUser so refresh token cannot be done.
2025-01-25 00:09:34.829 [main] TRACE UserServiceImpl - Entering updateUser method in UserServiceImpl
2025-01-25 00:09:34.829 [main] ERROR UserServiceImpl - Username is already taken: newUsername
2025-01-25 00:09:34.836 [main] TRACE UserServiceImpl - Entering verifyEmail method in UserServiceImpl
2025-01-25 00:09:34.837 [main] ERROR UserServiceImpl - User with the given verification token not found
2025-01-25 00:09:34.842 [main] TRACE UserServiceImpl - Entering addRole method in UserServiceImpl
2025-01-25 00:09:34.842 [main] ERROR UserServiceImpl - Role not found: NON_EXISTING_ROLE
2025-01-25 00:09:34.847 [main] TRACE UserServiceImpl - Entering handlePasswordReset method in UserServiceImpl
2025-01-25 00:09:34.847 [main] DEBUG UserServiceImpl - Handling password reset for token: validToken
2025-01-25 00:09:34.848 [main] INFO  UserServiceImpl - Password reset successfully for user: testUser
2025-01-25 00:09:34.848 [main] TRACE UserServiceImpl - Exiting handlePasswordReset method in UserServiceImpl
2025-01-25 00:09:34.855 [main] TRACE UserServiceImpl - Entering createUser method in UserServiceImpl
2025-01-25 00:09:34.855 [main] ERROR UserServiceImpl - No role found for registration!
2025-01-25 00:09:34.861 [main] TRACE UserServiceImpl - Entering changePassword method in UserServiceImpl
2025-01-25 00:09:34.861 [main] DEBUG UserServiceImpl - Password change request initiated
2025-01-25 00:09:34.861 [main] ERROR UserServiceImpl - Invalid token format to change password
2025-01-25 00:09:34.866 [main] TRACE UserServiceImpl - Entering refreshToken method in UserServiceImpl
2025-01-25 00:09:34.866 [main] DEBUG UserServiceImpl - Attempting to refresh token
2025-01-25 00:09:34.866 [main] ERROR UserServiceImpl - Invalid token format
2025-01-25 00:09:34.872 [main] TRACE UserServiceImpl - Entering createUser method in UserServiceImpl
2025-01-25 00:09:34.872 [main] INFO  UserServiceImpl - User 'newUser' created successfully
2025-01-25 00:09:34.873 [main] INFO  UserServiceImpl - Verification email sent to 'newUser@example.com'
2025-01-25 00:09:34.873 [main] TRACE UserServiceImpl - Exiting createUser method in UserServiceImpl
2025-01-25 00:09:34.878 [main] TRACE UserServiceImpl - Entering deleteUser method in UserServiceImpl
2025-01-25 00:09:34.879 [main] ERROR UserServiceImpl - User not found: username
2025-01-25 00:09:34.883 [main] TRACE UserServiceImpl - Initializing JedisPool with Redis Host: localhost and Port: invalidPort
2025-01-25 00:09:34.892 [main] TRACE UserServiceImpl - Entering updateUser method in UserServiceImpl
2025-01-25 00:09:34.892 [main] INFO  UserServiceImpl - User 'newUsername' updated successfully
2025-01-25 00:09:34.892 [main] TRACE UserServiceImpl - Exiting updateUser method in UserServiceImpl
2025-01-25 00:09:34.897 [main] TRACE UserServiceImpl - Entering handlePasswordReset method in UserServiceImpl
2025-01-25 00:09:34.898 [main] DEBUG UserServiceImpl - Handling password reset for token: invalidToken
2025-01-25 00:09:34.898 [main] ERROR UserServiceImpl - Invalid reset token provided
2025-01-25 00:09:34.909 [main] TRACE UserServiceImpl - Entering deleteUser method in UserServiceImpl
2025-01-25 00:09:34.911 [main] ERROR UserServiceImpl - User not found: username
2025-01-25 00:09:34.919 [main] TRACE UserServiceImpl - Entering addRole method in UserServiceImpl
2025-01-25 00:09:34.920 [main] INFO  UserServiceImpl - Role 'TECHNICIAN' added to user 'testUser'
2025-01-25 00:09:34.920 [main] TRACE UserServiceImpl - Exiting addRole method in UserServiceImpl
2025-01-25 00:09:34.929 [main] TRACE UserServiceImpl - Entering updateUser method in UserServiceImpl
2025-01-25 00:09:34.931 [main] ERROR UserServiceImpl - User not found
2025-01-25 00:09:34.940 [main] TRACE UserServiceImpl - Entering restoreUser method in UserServiceImpl
2025-01-25 00:09:34.941 [main] TRACE UserServiceImpl - Entering revokeAllTokensByUser method in UserServiceImpl
2025-01-25 00:09:34.941 [main] DEBUG UserServiceImpl - Revoking all tokens for user ID: 1
2025-01-25 00:09:34.941 [main] INFO  UserServiceImpl - No valid tokens found for user ID: 1
2025-01-25 00:09:34.941 [main] INFO  UserServiceImpl - User 'username' restored successfully
2025-01-25 00:09:34.941 [main] TRACE UserServiceImpl - Exiting restoreUser method in UserServiceImpl
2025-01-25 00:09:34.950 [main] TRACE UserServiceImpl - Entering deleteUser method in UserServiceImpl
2025-01-25 00:09:34.952 [main] TRACE UserServiceImpl - Entering revokeAllTokensByUser method in UserServiceImpl
2025-01-25 00:09:34.952 [main] DEBUG UserServiceImpl - Revoking all tokens for user ID: 1
2025-01-25 00:09:34.953 [main] INFO  UserServiceImpl - No valid tokens found for user ID: 1
2025-01-25 00:09:34.953 [main] INFO  UserServiceImpl - User 'username' marked as deleted
2025-01-25 00:09:34.953 [main] TRACE UserServiceImpl - Exiting deleteUser method in UserServiceImpl
2025-01-25 00:09:34.960 [main] TRACE UserServiceImpl - Entering refreshToken method in UserServiceImpl
2025-01-25 00:09:34.960 [main] DEBUG UserServiceImpl - Attempting to refresh token
2025-01-25 00:09:34.961 [main] INFO  UserServiceImpl - Extracted username from refresh token: null
2025-01-25 00:09:34.961 [main] ERROR UserServiceImpl - Username extraction failed from token
2025-01-25 00:09:34.968 [main] TRACE UserServiceImpl - Entering addRole method in UserServiceImpl
2025-01-25 00:09:34.968 [main] ERROR UserServiceImpl - No user found to add role: nonExistingUser
2025-01-25 00:09:34.976 [main] TRACE UserServiceImpl - Entering removeRole method in UserServiceImpl
2025-01-25 00:09:34.978 [main] INFO  UserServiceImpl - Role 'ADMIN' removed from user 'testUser'
2025-01-25 00:09:34.978 [main] TRACE UserServiceImpl - Exiting removeRole method in UserServiceImpl
2025-01-25 00:09:34.988 [main] TRACE UserServiceImpl - Entering changePassword method in UserServiceImpl
2025-01-25 00:09:34.989 [main] DEBUG UserServiceImpl - Password change request initiated
2025-01-25 00:09:34.990 [main] TRACE UserServiceImpl - Entering revokeAllTokensByUser method in UserServiceImpl
2025-01-25 00:09:34.990 [main] DEBUG UserServiceImpl - Revoking all tokens for user ID: 1
2025-01-25 00:09:34.990 [main] INFO  UserServiceImpl - No valid tokens found for user ID: 1
2025-01-25 00:09:34.990 [main] INFO  UserServiceImpl - Password changed successfully for user: testUser
2025-01-25 00:09:34.990 [main] TRACE UserServiceImpl - Exiting changePassword method in UserServiceImpl
2025-01-25 00:09:35.003 [main] TRACE UserServiceImpl - Entering createUser method in UserServiceImpl
2025-01-25 00:09:35.004 [main] ERROR UserServiceImpl - Username 'existingUser' is already taken
2025-01-25 00:09:35.017 [main] TRACE UserServiceImpl - Entering refreshToken method in UserServiceImpl
2025-01-25 00:09:35.017 [main] DEBUG UserServiceImpl - Attempting to refresh token
2025-01-25 00:09:35.018 [main] INFO  UserServiceImpl - Extracted username from refresh token: testUser
2025-01-25 00:09:35.019 [main] ERROR UserServiceImpl - User not found : testUser
2025-01-25 00:09:35.027 [main] TRACE UserServiceImpl - Entering changePassword method in UserServiceImpl
2025-01-25 00:09:35.027 [main] DEBUG UserServiceImpl - Password change request initiated
2025-01-25 00:09:35.028 [main] ERROR UserServiceImpl - Old password is incorrect for user: testUser
2025-01-25 00:09:35.035 [main] TRACE UserServiceImpl - Entering verifyEmail method in UserServiceImpl
2025-01-25 00:09:35.035 [main] INFO  UserServiceImpl - Email verified for user: testUser
2025-01-25 00:09:35.036 [main] TRACE UserServiceImpl - Exiting verifyEmail method in UserServiceImpl
2025-01-25 00:09:35.043 [main] TRACE UserServiceImpl - Entering handlePasswordReset method in UserServiceImpl
2025-01-25 00:09:35.044 [main] DEBUG UserServiceImpl - Handling password reset for token: validToken
2025-01-25 00:09:35.044 [main] ERROR UserServiceImpl - Reset token has expired for user: testUser
2025-01-25 00:09:35.051 [main] TRACE UserServiceImpl - Entering removeRole method in UserServiceImpl
2025-01-25 00:09:35.052 [main] ERROR UserServiceImpl - Role not found to remove: NON_EXISTING_ROLE
2025-01-25 00:09:35.058 [main] TRACE UserServiceImpl - Entering logout method in UserServiceImpl
2025-01-25 00:09:35.058 [main] DEBUG UserServiceImpl - Logout initiated
2025-01-25 00:09:35.058 [main] ERROR UserServiceImpl - Invalid token
2025-01-25 00:09:35.067 [main] TRACE UserServiceImpl - Entering login method in UserServiceImpl
2025-01-25 00:09:35.067 [main] DEBUG UserServiceImpl - Attempting to authenticate user: testUser
2025-01-25 00:09:35.068 [main] INFO  UserServiceImpl - User authenticated successfully: testUser
2025-01-25 00:09:35.068 [main] TRACE UserServiceImpl - Entering getRolesAsString method in UserServiceImpl
2025-01-25 00:09:35.069 [main] TRACE UserServiceImpl - Exiting getRolesAsString method in UserServiceImpl
2025-01-25 00:09:35.069 [main] TRACE UserServiceImpl - Entering revokeAllTokensByUser method in UserServiceImpl
2025-01-25 00:09:35.069 [main] DEBUG UserServiceImpl - Revoking all tokens for user ID: 1
2025-01-25 00:09:35.069 [main] INFO  UserServiceImpl - No valid tokens found for user ID: 1
2025-01-25 00:09:35.069 [main] TRACE UserServiceImpl - Entering saveUserToken method in UserServiceImpl
2025-01-25 00:09:35.069 [main] DEBUG UserServiceImpl - Saving token for user: testUser
2025-01-25 00:09:35.072 [main] INFO  UserServiceImpl - Token saved in Redis for user: testUser
2025-01-25 00:09:35.073 [main] TRACE UserServiceImpl - Exiting saveUserToken method in UserServiceImpl
2025-01-25 00:09:35.073 [main] TRACE UserServiceImpl - Exiting login method in UserServiceImpl
2025-01-25 00:09:35.080 [main] TRACE UserServiceImpl - Entering logout method in UserServiceImpl
2025-01-25 00:09:35.081 [main] DEBUG UserServiceImpl - Logout initiated
2025-01-25 00:09:35.081 [main] ERROR UserServiceImpl - Token not found in repository
2025-01-25 00:09:35.089 [main] TRACE UserServiceImpl - Entering refreshToken method in UserServiceImpl
2025-01-25 00:09:35.089 [main] DEBUG UserServiceImpl - Attempting to refresh token
2025-01-25 00:09:35.089 [main] INFO  UserServiceImpl - Extracted username from refresh token: testUser
2025-01-25 00:09:35.090 [main] INFO  UserServiceImpl - Generating new tokens for user: testUser
2025-01-25 00:09:35.090 [main] TRACE UserServiceImpl - Entering getRolesAsString method in UserServiceImpl
2025-01-25 00:09:35.090 [main] TRACE UserServiceImpl - Exiting getRolesAsString method in UserServiceImpl
2025-01-25 00:09:35.091 [main] TRACE UserServiceImpl - Entering revokeAllTokensByUser method in UserServiceImpl
2025-01-25 00:09:35.091 [main] DEBUG UserServiceImpl - Revoking all tokens for user ID: 1
2025-01-25 00:09:35.091 [main] INFO  UserServiceImpl - No valid tokens found for user ID: 1
2025-01-25 00:09:35.091 [main] TRACE UserServiceImpl - Entering saveUserToken method in UserServiceImpl
2025-01-25 00:09:35.091 [main] DEBUG UserServiceImpl - Saving token for user: testUser
2025-01-25 00:09:35.092 [main] INFO  UserServiceImpl - Token saved in Redis for user: testUser
2025-01-25 00:09:35.092 [main] TRACE UserServiceImpl - Exiting saveUserToken method in UserServiceImpl
2025-01-25 00:09:35.093 [main] TRACE UserServiceImpl - Exiting refreshToken method in UserServiceImpl
2025-01-25 00:09:35.158 [main] TRACE UserServiceImpl - Initializing JedisPool with Redis Host: localhost and Port: 6379
2025-01-25 00:09:35.174 [main] TRACE UserServiceImpl - Exiting init method in UserServiceImpl
