2024-12-06 18:55:52.988 [main] TRACE BarcodeController - Entering generateBarcodeForPatient method in BarcodeController class
2024-12-06 18:55:52.999 [main] DEBUG BarcodeController - Received request to generate barcode for TR ID number: 12345678901
2024-12-06 18:55:53.019 [main] DEBUG BarcodeController - Barcode generated successfully for TR ID number: 12345678901
2024-12-06 18:55:53.019 [main] TRACE BarcodeController - Exiting generateBarcodeForPatient method in BarcodeController class
2024-12-06 18:55:53.080 [main] TRACE BarcodeController - Entering scanAndSavePatient method in BarcodeController class
2024-12-06 18:55:53.080 [main] INFO  BarcodeController - Received request to scan and fetch patient.
2024-12-06 18:55:53.080 [main] INFO  BarcodeController - Successfully fetched patient: GetPatientResponse(id=null, firstName=null, lastName=null, trIdNumber=null, birthDate=null, gender=null, bloodType=null, phoneNumber=null, email=null, lastPatientRegistrationTime=null)
2024-12-06 18:55:53.088 [main] TRACE BarcodeController - Exiting scanAndSavePatient method in BarcodeController class
2024-12-06 18:55:53.278 [main] TRACE PatientController - Entering getEmail method in PatientController class
2024-12-06 18:55:53.278 [main] INFO  PatientController - Successfully fetched email for TR ID number: 12345678901
2024-12-06 18:55:53.279 [main] TRACE PatientController - Exiting getEmail method in PatientController class
2024-12-06 18:55:53.279 [main] TRACE PatientController - Entering getPatientById method in PatientController class
2024-12-06 18:55:53.279 [main] INFO  PatientController - Successfully fetched patient with id: 1
2024-12-06 18:55:53.279 [main] TRACE PatientController - Exiting getPatientById method in PatientController class
2024-12-06 18:55:53.287 [main] TRACE PatientController - Entering savePatient method in PatientController class
2024-12-06 18:55:53.287 [main] INFO  PatientController - Successfully saved patient: GetPatientResponse(id=null, firstName=null, lastName=null, trIdNumber=null, birthDate=null, gender=null, bloodType=null, phoneNumber=null, email=null, lastPatientRegistrationTime=null)
2024-12-06 18:55:53.287 [main] TRACE PatientController - Exiting savePatient method in PatientController class
2024-12-06 18:55:53.288 [main] TRACE PatientController - Entering getPatientByTrIdNumber method in PatientController class
2024-12-06 18:55:53.293 [main] INFO  PatientController - Successfully fetched patient with TR ID number: 12345678901
2024-12-06 18:55:53.293 [main] TRACE PatientController - Exiting getPatientByTrIdNumber method in PatientController class
2024-12-06 18:55:53.303 [main] TRACE PatientController - Entering updatePatient method in PatientController class
2024-12-06 18:55:53.303 [main] INFO  PatientController - Successfully updated patient: GetPatientResponse(id=null, firstName=null, lastName=null, trIdNumber=null, birthDate=null, gender=null, bloodType=null, phoneNumber=null, email=null, lastPatientRegistrationTime=null)
2024-12-06 18:55:53.303 [main] TRACE PatientController - Exiting updatePatient method in PatientController class
2024-12-06 18:55:53.309 [main] TRACE PatientController - Entering getChronicDiseasesById method in PatientController class
2024-12-06 18:55:53.309 [main] INFO  PatientController - Successfully fetched chronic diseases for patient id: 1
2024-12-06 18:55:53.309 [main] TRACE PatientController - Exiting getChronicDiseasesById method in PatientController class
2024-12-06 18:55:53.309 [main] TRACE PatientController - Entering isPatientRegistered method in PatientController class
2024-12-06 18:55:53.317 [main] INFO  PatientController - TR ID number check for 12345678901 returned: true
2024-12-06 18:55:53.317 [main] TRACE PatientController - Exiting isPatientRegistered method in PatientController class
2024-12-06 18:55:53.324 [main] TRACE PatientController - Entering deletePatient method in PatientController class
2024-12-06 18:55:53.324 [main] INFO  PatientController - Successfully deleted patient with id: 1
2024-12-06 18:55:53.324 [main] TRACE PatientController - Exiting deletePatient method in PatientController class
2024-12-06 18:55:53.329 [main] TRACE PatientController - Entering restorePatient method in PatientController class
2024-12-06 18:55:53.329 [main] INFO  PatientController - Successfully restored patient with id: 1
2024-12-06 18:55:53.329 [main] TRACE PatientController - Exiting restorePatient method in PatientController class
2024-12-06 18:55:53.338 [main] TRACE PatientController - Entering getAllPatientsFilteredAndSorted method in PatientController class
2024-12-06 18:55:53.338 [main] INFO  PatientController - Received request for filtered and sorted patients with parameters: page=0, size=3, sortBy=id, direction=ASC, firstName=John, lastName=Doe, trIdNumber=12345678901, birthDate=1980-01-01, gender=Male, bloodType=A+, phoneNumber=1234567890, email=john.doe@example.com, chronicDisease=None, lastPatientRegistrationTime=2024-01-01, deleted=false
2024-12-06 18:55:53.340 [main] INFO  PatientController - Successfully fetched filtered and sorted patients.
2024-12-06 18:55:53.340 [main] TRACE PatientController - Exiting getAllPatientsFilteredAndSorted method in PatientController class
2024-12-06 18:55:53.949 [main] TRACE PatientServiceImpl - Entering getPatientById method in PatientServiceImpl
2024-12-06 18:55:53.949 [main] INFO  PatientServiceImpl - Fetching patient by ID: 1
2024-12-06 18:55:53.959 [main] INFO  PatientServiceImpl - Successfully fetched patient by ID: 1
2024-12-06 18:55:53.959 [main] TRACE PatientServiceImpl - Exiting getPatientById method in PatientServiceImpl
2024-12-06 18:55:53.979 [main] TRACE PatientServiceImpl - Entering getChronicDiseasesById method in PatientServiceImpl
2024-12-06 18:55:53.979 [main] INFO  PatientServiceImpl - Fetching chronic diseases by ID: 1
2024-12-06 18:55:53.979 [main] INFO  PatientServiceImpl - Successfully fetched chronic diseases by ID: 1
2024-12-06 18:55:53.979 [main] TRACE PatientServiceImpl - Exiting getChronicDiseasesById method in PatientServiceImpl
2024-12-06 18:55:53.988 [main] TRACE PatientServiceImpl - Entering getPatientByTrIdNumber method in PatientServiceImpl
2024-12-06 18:55:53.988 [main] INFO  PatientServiceImpl - Fetching patient by TR ID number: 12345678901
2024-12-06 18:55:53.997 [main] INFO  PatientServiceImpl - Successfully fetched patient by TR ID number: 12345678901
2024-12-06 18:55:53.998 [main] TRACE PatientServiceImpl - Exiting getPatientByTrIdNumber method in PatientServiceImpl
2024-12-06 18:55:54.004 [main] TRACE PatientServiceImpl - Entering isPatientRegistered method in PatientServiceImpl
2024-12-06 18:55:54.004 [main] INFO  PatientServiceImpl - Checking registration time for patient with TR ID number: 12345678901
2024-12-06 18:55:54.004 [main] INFO  PatientServiceImpl - Patient with TR ID number 12345678901 is registered within the last 6 hours.
2024-12-06 18:55:54.007 [main] TRACE PatientServiceImpl - Exiting isPatientRegistered method in PatientServiceImpl
2024-12-06 18:55:54.099 [main] TRACE PatientServiceImpl - Entering getAllPatientsFilteredAndSorted method in PatientServiceImpl
2024-12-06 18:55:54.099 [main] DEBUG PatientServiceImpl - Fetching all patients with filters: page=0, size=10, sortBy=firstName, direction=ASC, firstName=John, lastName=null, trIdNumber=null, birthDate=null, gender=null, bloodType=null, phoneNumber=null, email=null, chronicDisease=null, lastPatientRegistrationTime=null, deleted=false
2024-12-06 18:55:54.150 [main] INFO  PatientServiceImpl - Successfully fetched patients with filters: page=0, size=10, totalPages=1, totalElements=1
2024-12-06 18:55:54.150 [main] TRACE PatientServiceImpl - Exiting getAllPatientsFilteredAndSorted method in PatientServiceImpl
2024-12-06 18:55:54.162 [main] TRACE PatientServiceImpl - Entering deletePatient method in PatientServiceImpl
2024-12-06 18:55:54.162 [main] INFO  PatientServiceImpl - Deleting patient with ID: 1
2024-12-06 18:55:54.162 [main] ERROR PatientServiceImpl - Patient not found to delete. ID: 1
2024-12-06 18:55:54.179 [main] TRACE PatientServiceImpl - Entering updatePatient method in PatientServiceImpl
2024-12-06 18:55:54.179 [main] INFO  PatientServiceImpl - Updating patient with ID: 1
2024-12-06 18:55:54.187 [main] ERROR PatientServiceImpl - Patient already exists with TR ID number: 98765432101
2024-12-06 18:55:54.193 [main] TRACE PatientServiceImpl - Entering getPatientById method in PatientServiceImpl
2024-12-06 18:55:54.193 [main] INFO  PatientServiceImpl - Fetching patient by ID: 1
2024-12-06 18:55:54.197 [main] ERROR PatientServiceImpl - Patient not found with id: 1
2024-12-06 18:55:54.199 [main] TRACE PatientServiceImpl - Entering restorePatient method in PatientServiceImpl
2024-12-06 18:55:54.199 [main] INFO  PatientServiceImpl - Restoring patient with ID: 1
2024-12-06 18:55:54.207 [main] ERROR PatientServiceImpl - Patient not found to restore. ID: 1
2024-12-06 18:55:54.218 [main] TRACE PatientServiceImpl - Entering isPatientRegistered method in PatientServiceImpl
2024-12-06 18:55:54.219 [main] INFO  PatientServiceImpl - Checking registration time for patient with TR ID number: 12345678901
2024-12-06 18:55:54.219 [main] ERROR PatientServiceImpl - Patient not found with TR ID number 12345678901
2024-12-06 18:55:54.232 [main] TRACE PatientServiceImpl - Entering updatePatient method in PatientServiceImpl
2024-12-06 18:55:54.232 [main] INFO  PatientServiceImpl - Updating patient with ID: 1
2024-12-06 18:55:54.232 [main] ERROR PatientServiceImpl - Patient does not exist with id: 1
2024-12-06 18:55:54.241 [main] TRACE PatientServiceImpl - Entering getPatientByTrIdNumber method in PatientServiceImpl
2024-12-06 18:55:54.241 [main] INFO  PatientServiceImpl - Fetching patient by TR ID number: 12345678901
2024-12-06 18:55:54.241 [main] ERROR PatientServiceImpl - Patient not found with TR ID number: 12345678901
2024-12-06 18:55:54.250 [main] TRACE PatientServiceImpl - Entering deletePatient method in PatientServiceImpl
2024-12-06 18:55:54.250 [main] INFO  PatientServiceImpl - Deleting patient with ID: 1
2024-12-06 18:55:54.250 [main] INFO  PatientServiceImpl - Successfully deleted patient with ID: 1
2024-12-06 18:55:54.250 [main] TRACE PatientServiceImpl - Exiting deletePatient method in PatientServiceImpl
2024-12-06 18:55:54.259 [main] TRACE PatientServiceImpl - Entering isPatientRegistered method in PatientServiceImpl
2024-12-06 18:55:54.259 [main] INFO  PatientServiceImpl - Checking registration time for patient with TR ID number: 12345678901
2024-12-06 18:55:54.259 [main] INFO  PatientServiceImpl - Patient with TR ID number 12345678901 is not registered within the last 6 hours.
2024-12-06 18:55:54.259 [main] TRACE PatientServiceImpl - Exiting isPatientRegistered method in PatientServiceImpl
2024-12-06 18:55:54.268 [main] TRACE PatientServiceImpl - Entering getChronicDiseasesById method in PatientServiceImpl
2024-12-06 18:55:54.268 [main] INFO  PatientServiceImpl - Fetching chronic diseases by ID: 1
2024-12-06 18:55:54.268 [main] WARN  PatientServiceImpl - No chronic diseases found for patient ID: 1
2024-12-06 18:55:54.268 [main] INFO  PatientServiceImpl - Successfully fetched chronic diseases by ID: 1
2024-12-06 18:55:54.268 [main] TRACE PatientServiceImpl - Exiting getChronicDiseasesById method in PatientServiceImpl
2024-12-06 18:55:54.272 [main] TRACE PatientServiceImpl - Entering getEmail method in PatientServiceImpl
2024-12-06 18:55:54.272 [main] INFO  PatientServiceImpl - Fetching email for patient with TR ID number: 12345678901
2024-12-06 18:55:54.277 [main] INFO  PatientServiceImpl - Successfully retrieved email for patient with TR ID number: 12345678901
2024-12-06 18:55:54.278 [main] TRACE PatientServiceImpl - Exiting getEmail method in PatientServiceImpl
2024-12-06 18:55:54.279 [main] TRACE PatientServiceImpl - Entering restorePatient method in PatientServiceImpl
2024-12-06 18:55:54.279 [main] INFO  PatientServiceImpl - Restoring patient with ID: 1
2024-12-06 18:55:54.279 [main] INFO  PatientServiceImpl - Successfully restored patient with ID: 1
2024-12-06 18:55:54.287 [main] TRACE PatientServiceImpl - Exiting restorePatient method in PatientServiceImpl
2024-12-06 18:55:54.292 [main] TRACE PatientServiceImpl - Entering getEmail method in PatientServiceImpl
2024-12-06 18:55:54.292 [main] INFO  PatientServiceImpl - Fetching email for patient with TR ID number: 12345678901
2024-12-06 18:55:54.292 [main] ERROR PatientServiceImpl - Patient not found with TrIdNumber: 12345678901
2024-12-06 18:55:54.303 [main] TRACE PatientServiceImpl - Entering updatePatient method in PatientServiceImpl
2024-12-06 18:55:54.303 [main] INFO  PatientServiceImpl - Updating patient with ID: 1
2024-12-06 18:55:54.308 [main] INFO  PatientServiceImpl - Successfully updated patient with ID: 1
2024-12-06 18:55:54.308 [main] TRACE PatientServiceImpl - Exiting updatePatient method in PatientServiceImpl
2024-12-06 18:55:54.320 [main] TRACE PatientServiceImpl - Entering savePatient method in PatientServiceImpl
2024-12-06 18:55:54.320 [main] INFO  PatientServiceImpl - Saving patient with TR ID number: 12345678901
2024-12-06 18:55:54.320 [main] INFO  PatientServiceImpl - New patient created with TR ID number: 12345678901
2024-12-06 18:55:54.320 [main] INFO  PatientServiceImpl - Successfully saved patient with ID: null
2024-12-06 18:55:54.320 [main] TRACE PatientServiceImpl - Exiting savePatient method in PatientServiceImpl
2024-12-06 18:55:54.332 [main] TRACE PatientServiceImpl - Entering savePatient method in PatientServiceImpl
2024-12-06 18:55:54.332 [main] INFO  PatientServiceImpl - Saving patient with TR ID number: 12345678901
2024-12-06 18:55:54.334 [main] DEBUG PatientServiceImpl - Patient already exists. Updating registration time for TR ID number: 12345678901
2024-12-06 18:55:54.334 [main] INFO  PatientServiceImpl - Successfully saved patient with ID: null
2024-12-06 18:55:54.334 [main] TRACE PatientServiceImpl - Exiting savePatient method in PatientServiceImpl
