2024-12-09 04:03:35.557 [main] TRACE BarcodeController - Entering generateBarcodeForPatient method in BarcodeController class
2024-12-09 04:03:35.563 [main] DEBUG BarcodeController - Received request to generate barcode for TR ID number: 12345678901
2024-12-09 04:03:35.583 [main] DEBUG BarcodeController - Barcode generated successfully for TR ID number: 12345678901
2024-12-09 04:03:35.583 [main] TRACE BarcodeController - Exiting generateBarcodeForPatient method in BarcodeController class
2024-12-09 04:03:35.658 [main] TRACE BarcodeController - Entering scanAndSavePatient method in BarcodeController class
2024-12-09 04:03:35.659 [main] INFO  BarcodeController - Received request to scan and fetch patient.
2024-12-09 04:03:35.660 [main] INFO  BarcodeController - Successfully fetched patient: GetPatientResponse(id=null, firstName=null, lastName=null, trIdNumber=null, birthDate=null, gender=null, bloodType=null, phoneNumber=null, email=null, lastPatientRegistrationTime=null)
2024-12-09 04:03:35.669 [main] TRACE BarcodeController - Exiting scanAndSavePatient method in BarcodeController class
2024-12-09 04:03:35.754 [main] TRACE PatientController - Entering getEmail method in PatientController class
2024-12-09 04:03:35.755 [main] INFO  PatientController - Successfully fetched email for TR ID number: 12345678901
2024-12-09 04:03:35.755 [main] TRACE PatientController - Exiting getEmail method in PatientController class
2024-12-09 04:03:35.759 [main] TRACE PatientController - Entering getPatientById method in PatientController class
2024-12-09 04:03:35.759 [main] INFO  PatientController - Successfully fetched patient with id: 1
2024-12-09 04:03:35.759 [main] TRACE PatientController - Exiting getPatientById method in PatientController class
2024-12-09 04:03:35.764 [main] TRACE PatientController - Entering savePatient method in PatientController class
2024-12-09 04:03:35.764 [main] INFO  PatientController - Successfully saved patient: GetPatientResponse(id=null, firstName=null, lastName=null, trIdNumber=null, birthDate=null, gender=null, bloodType=null, phoneNumber=null, email=null, lastPatientRegistrationTime=null)
2024-12-09 04:03:35.764 [main] TRACE PatientController - Exiting savePatient method in PatientController class
2024-12-09 04:03:35.767 [main] TRACE PatientController - Entering getPatientByTrIdNumber method in PatientController class
2024-12-09 04:03:35.768 [main] INFO  PatientController - Successfully fetched patient with TR ID number: 12345678901
2024-12-09 04:03:35.768 [main] TRACE PatientController - Exiting getPatientByTrIdNumber method in PatientController class
2024-12-09 04:03:35.772 [main] TRACE PatientController - Entering updatePatient method in PatientController class
2024-12-09 04:03:35.772 [main] INFO  PatientController - Successfully updated patient: GetPatientResponse(id=null, firstName=null, lastName=null, trIdNumber=null, birthDate=null, gender=null, bloodType=null, phoneNumber=null, email=null, lastPatientRegistrationTime=null)
2024-12-09 04:03:35.772 [main] TRACE PatientController - Exiting updatePatient method in PatientController class
2024-12-09 04:03:35.776 [main] TRACE PatientController - Entering getChronicDiseasesById method in PatientController class
2024-12-09 04:03:35.777 [main] INFO  PatientController - Successfully fetched chronic diseases for patient id: 1
2024-12-09 04:03:35.778 [main] TRACE PatientController - Exiting getChronicDiseasesById method in PatientController class
2024-12-09 04:03:35.782 [main] TRACE PatientController - Entering isPatientRegistered method in PatientController class
2024-12-09 04:03:35.782 [main] INFO  PatientController - TR ID number check for 12345678901 returned: true
2024-12-09 04:03:35.782 [main] TRACE PatientController - Exiting isPatientRegistered method in PatientController class
2024-12-09 04:03:35.786 [main] TRACE PatientController - Entering deletePatient method in PatientController class
2024-12-09 04:03:35.786 [main] INFO  PatientController - Successfully deleted patient with id: 1
2024-12-09 04:03:35.786 [main] TRACE PatientController - Exiting deletePatient method in PatientController class
2024-12-09 04:03:35.790 [main] TRACE PatientController - Entering restorePatient method in PatientController class
2024-12-09 04:03:35.790 [main] INFO  PatientController - Successfully restored patient with id: 1
2024-12-09 04:03:35.791 [main] TRACE PatientController - Exiting restorePatient method in PatientController class
2024-12-09 04:03:35.800 [main] TRACE PatientController - Entering getAllPatientsFilteredAndSorted method in PatientController class
2024-12-09 04:03:35.800 [main] INFO  PatientController - Received request for filtered and sorted patients with parameters: page=0, size=3, sortBy=id, direction=ASC, firstName=John, lastName=Doe, trIdNumber=12345678901, birthDate=1980-01-01, gender=Male, bloodType=A+, phoneNumber=1234567890, email=john.doe@example.com, chronicDisease=None, lastPatientRegistrationTime=2024-01-01, deleted=false
2024-12-09 04:03:35.801 [main] INFO  PatientController - Successfully fetched filtered and sorted patients.
2024-12-09 04:03:35.801 [main] TRACE PatientController - Exiting getAllPatientsFilteredAndSorted method in PatientController class
2024-12-09 04:03:36.071 [main] TRACE PatientServiceImpl - Entering getPatientById method in PatientServiceImpl
2024-12-09 04:03:36.071 [main] INFO  PatientServiceImpl - Fetching patient by ID: 1
2024-12-09 04:03:36.074 [main] INFO  PatientServiceImpl - Successfully fetched patient by ID: 1
2024-12-09 04:03:36.075 [main] TRACE PatientServiceImpl - Exiting getPatientById method in PatientServiceImpl
2024-12-09 04:03:36.084 [main] TRACE PatientServiceImpl - Entering getChronicDiseasesById method in PatientServiceImpl
2024-12-09 04:03:36.085 [main] INFO  PatientServiceImpl - Fetching chronic diseases by ID: 1
2024-12-09 04:03:36.085 [main] INFO  PatientServiceImpl - Successfully fetched chronic diseases by ID: 1
2024-12-09 04:03:36.085 [main] TRACE PatientServiceImpl - Exiting getChronicDiseasesById method in PatientServiceImpl
2024-12-09 04:03:36.089 [main] TRACE PatientServiceImpl - Entering getPatientByTrIdNumber method in PatientServiceImpl
2024-12-09 04:03:36.090 [main] INFO  PatientServiceImpl - Fetching patient by TR ID number: 12345678901
2024-12-09 04:03:36.091 [main] INFO  PatientServiceImpl - Successfully fetched patient by TR ID number: 12345678901
2024-12-09 04:03:36.091 [main] TRACE PatientServiceImpl - Exiting getPatientByTrIdNumber method in PatientServiceImpl
2024-12-09 04:03:36.097 [main] TRACE PatientServiceImpl - Entering isPatientRegistered method in PatientServiceImpl
2024-12-09 04:03:36.097 [main] INFO  PatientServiceImpl - Checking registration time for patient with TR ID number: 12345678901
2024-12-09 04:03:36.098 [main] INFO  PatientServiceImpl - Patient with TR ID number 12345678901 is registered within the last 6 hours.
2024-12-09 04:03:36.099 [main] TRACE PatientServiceImpl - Exiting isPatientRegistered method in PatientServiceImpl
2024-12-09 04:03:36.116 [main] TRACE PatientServiceImpl - Entering getAllPatientsFilteredAndSorted method in PatientServiceImpl
2024-12-09 04:03:36.116 [main] DEBUG PatientServiceImpl - Fetching all patients with filters: page=0, size=10, sortBy=firstName, direction=ASC, firstName=John, lastName=null, trIdNumber=null, birthDate=null, gender=null, bloodType=null, phoneNumber=null, email=null, chronicDisease=null, lastPatientRegistrationTime=null, deleted=false
2024-12-09 04:03:36.132 [main] INFO  PatientServiceImpl - Successfully fetched patients with filters: page=0, size=10, totalPages=1, totalElements=1
2024-12-09 04:03:36.132 [main] TRACE PatientServiceImpl - Exiting getAllPatientsFilteredAndSorted method in PatientServiceImpl
2024-12-09 04:03:36.138 [main] TRACE PatientServiceImpl - Entering deletePatient method in PatientServiceImpl
2024-12-09 04:03:36.139 [main] INFO  PatientServiceImpl - Deleting patient with ID: 1
2024-12-09 04:03:36.139 [main] ERROR PatientServiceImpl - Patient not found to delete. ID: 1
2024-12-09 04:03:36.145 [main] TRACE PatientServiceImpl - Entering updatePatient method in PatientServiceImpl
2024-12-09 04:03:36.145 [main] INFO  PatientServiceImpl - Updating patient with ID: 1
2024-12-09 04:03:36.146 [main] ERROR PatientServiceImpl - Patient already exists with TR ID number: 98765432101
2024-12-09 04:03:36.150 [main] TRACE PatientServiceImpl - Entering getPatientById method in PatientServiceImpl
2024-12-09 04:03:36.151 [main] INFO  PatientServiceImpl - Fetching patient by ID: 1
2024-12-09 04:03:36.151 [main] ERROR PatientServiceImpl - Patient not found with id: 1
2024-12-09 04:03:36.156 [main] TRACE PatientServiceImpl - Entering restorePatient method in PatientServiceImpl
2024-12-09 04:03:36.157 [main] INFO  PatientServiceImpl - Restoring patient with ID: 1
2024-12-09 04:03:36.158 [main] ERROR PatientServiceImpl - Patient not found to restore. ID: 1
2024-12-09 04:03:36.164 [main] TRACE PatientServiceImpl - Entering isPatientRegistered method in PatientServiceImpl
2024-12-09 04:03:36.164 [main] INFO  PatientServiceImpl - Checking registration time for patient with TR ID number: 12345678901
2024-12-09 04:03:36.164 [main] ERROR PatientServiceImpl - Patient not found with TR ID number 12345678901
2024-12-09 04:03:36.170 [main] TRACE PatientServiceImpl - Entering updatePatient method in PatientServiceImpl
2024-12-09 04:03:36.170 [main] INFO  PatientServiceImpl - Updating patient with ID: 1
2024-12-09 04:03:36.171 [main] ERROR PatientServiceImpl - Patient does not exist with id: 1
2024-12-09 04:03:36.177 [main] TRACE PatientServiceImpl - Entering getPatientByTrIdNumber method in PatientServiceImpl
2024-12-09 04:03:36.177 [main] INFO  PatientServiceImpl - Fetching patient by TR ID number: 12345678901
2024-12-09 04:03:36.177 [main] ERROR PatientServiceImpl - Patient not found with TR ID number: 12345678901
2024-12-09 04:03:36.183 [main] TRACE PatientServiceImpl - Entering deletePatient method in PatientServiceImpl
2024-12-09 04:03:36.183 [main] INFO  PatientServiceImpl - Deleting patient with ID: 1
2024-12-09 04:03:36.184 [main] INFO  PatientServiceImpl - Successfully deleted patient with ID: 1
2024-12-09 04:03:36.184 [main] TRACE PatientServiceImpl - Exiting deletePatient method in PatientServiceImpl
2024-12-09 04:03:36.187 [main] TRACE PatientServiceImpl - Entering isPatientRegistered method in PatientServiceImpl
2024-12-09 04:03:36.188 [main] INFO  PatientServiceImpl - Checking registration time for patient with TR ID number: 12345678901
2024-12-09 04:03:36.188 [main] INFO  PatientServiceImpl - Patient with TR ID number 12345678901 is not registered within the last 6 hours.
2024-12-09 04:03:36.189 [main] TRACE PatientServiceImpl - Exiting isPatientRegistered method in PatientServiceImpl
2024-12-09 04:03:36.194 [main] TRACE PatientServiceImpl - Entering getChronicDiseasesById method in PatientServiceImpl
2024-12-09 04:03:36.194 [main] INFO  PatientServiceImpl - Fetching chronic diseases by ID: 1
2024-12-09 04:03:36.194 [main] WARN  PatientServiceImpl - No chronic diseases found for patient ID: 1
2024-12-09 04:03:36.194 [main] INFO  PatientServiceImpl - Successfully fetched chronic diseases by ID: 1
2024-12-09 04:03:36.194 [main] TRACE PatientServiceImpl - Exiting getChronicDiseasesById method in PatientServiceImpl
2024-12-09 04:03:36.199 [main] TRACE PatientServiceImpl - Entering getEmail method in PatientServiceImpl
2024-12-09 04:03:36.199 [main] INFO  PatientServiceImpl - Fetching email for patient with TR ID number: 12345678901
2024-12-09 04:03:36.200 [main] INFO  PatientServiceImpl - Successfully retrieved email for patient with TR ID number: 12345678901
2024-12-09 04:03:36.200 [main] TRACE PatientServiceImpl - Exiting getEmail method in PatientServiceImpl
2024-12-09 04:03:36.205 [main] TRACE PatientServiceImpl - Entering restorePatient method in PatientServiceImpl
2024-12-09 04:03:36.206 [main] INFO  PatientServiceImpl - Restoring patient with ID: 1
2024-12-09 04:03:36.206 [main] INFO  PatientServiceImpl - Successfully restored patient with ID: 1
2024-12-09 04:03:36.206 [main] TRACE PatientServiceImpl - Exiting restorePatient method in PatientServiceImpl
2024-12-09 04:03:36.211 [main] TRACE PatientServiceImpl - Entering getEmail method in PatientServiceImpl
2024-12-09 04:03:36.211 [main] INFO  PatientServiceImpl - Fetching email for patient with TR ID number: 12345678901
2024-12-09 04:03:36.211 [main] ERROR PatientServiceImpl - Patient not found with TrIdNumber: 12345678901
2024-12-09 04:03:36.217 [main] TRACE PatientServiceImpl - Entering updatePatient method in PatientServiceImpl
2024-12-09 04:03:36.218 [main] INFO  PatientServiceImpl - Updating patient with ID: 1
2024-12-09 04:03:36.222 [main] INFO  PatientServiceImpl - Successfully updated patient with ID: 1
2024-12-09 04:03:36.222 [main] TRACE PatientServiceImpl - Exiting updatePatient method in PatientServiceImpl
2024-12-09 04:03:36.226 [main] TRACE PatientServiceImpl - Entering savePatient method in PatientServiceImpl
2024-12-09 04:03:36.227 [main] INFO  PatientServiceImpl - Saving patient with TR ID number: 12345678901
2024-12-09 04:03:36.227 [main] INFO  PatientServiceImpl - New patient created with TR ID number: 12345678901
2024-12-09 04:03:36.227 [main] INFO  PatientServiceImpl - Successfully saved patient with ID: null
2024-12-09 04:03:36.228 [main] TRACE PatientServiceImpl - Exiting savePatient method in PatientServiceImpl
2024-12-09 04:03:36.232 [main] TRACE PatientServiceImpl - Entering savePatient method in PatientServiceImpl
2024-12-09 04:03:36.232 [main] INFO  PatientServiceImpl - Saving patient with TR ID number: 12345678901
2024-12-09 04:03:36.232 [main] DEBUG PatientServiceImpl - Patient already exists. Updating registration time for TR ID number: 12345678901
2024-12-09 04:03:36.232 [main] INFO  PatientServiceImpl - Successfully saved patient with ID: null
2024-12-09 04:03:36.232 [main] TRACE PatientServiceImpl - Exiting savePatient method in PatientServiceImpl
