2024-10-22 01:26:57.811 [main] TRACE BarcodeController - Entering generateBarcodeForPatient method in BarcodeController class
2024-10-22 01:26:57.817 [main] DEBUG BarcodeController - Received request to generate barcode for TR ID number: 12345678901
2024-10-22 01:26:57.832 [main] DEBUG BarcodeController - Barcode generated successfully for TR ID number: 12345678901
2024-10-22 01:26:57.832 [main] TRACE BarcodeController - Exiting generateBarcodeForPatient method in BarcodeController class
2024-10-22 01:26:57.871 [main] TRACE BarcodeController - Entering scanAndSavePatient method in BarcodeController class
2024-10-22 01:26:57.877 [main] INFO  BarcodeController - Received request to scan and fetch patient.
2024-10-22 01:26:57.878 [main] INFO  BarcodeController - Successfully fetched patient: GetPatientResponse(id=null, firstName=null, lastName=null, trIdNumber=null, birthDate=null, gender=null, bloodType=null, phoneNumber=null, email=null, lastPatientRegistrationTime=null)
2024-10-22 01:26:57.893 [main] TRACE BarcodeController - Exiting scanAndSavePatient method in BarcodeController class
2024-10-22 01:26:58.000 [main] TRACE PatientController - Entering getEmail method in PatientController class
2024-10-22 01:26:58.000 [main] INFO  PatientController - Successfully fetched email for TR ID number: 12345678901
2024-10-22 01:26:58.001 [main] TRACE PatientController - Exiting getEmail method in PatientController class
2024-10-22 01:26:58.005 [main] TRACE PatientController - Entering getPatientById method in PatientController class
2024-10-22 01:26:58.006 [main] INFO  PatientController - Successfully fetched patient with id: 1
2024-10-22 01:26:58.006 [main] TRACE PatientController - Exiting getPatientById method in PatientController class
2024-10-22 01:26:58.010 [main] TRACE PatientController - Entering savePatient method in PatientController class
2024-10-22 01:26:58.011 [main] INFO  PatientController - Successfully saved patient: GetPatientResponse(id=null, firstName=null, lastName=null, trIdNumber=null, birthDate=null, gender=null, bloodType=null, phoneNumber=null, email=null, lastPatientRegistrationTime=null)
2024-10-22 01:26:58.011 [main] TRACE PatientController - Exiting savePatient method in PatientController class
2024-10-22 01:26:58.016 [main] TRACE PatientController - Entering getPatientByTrIdNumber method in PatientController class
2024-10-22 01:26:58.017 [main] INFO  PatientController - Successfully fetched patient with TR ID number: 12345678901
2024-10-22 01:26:58.017 [main] TRACE PatientController - Exiting getPatientByTrIdNumber method in PatientController class
2024-10-22 01:26:58.021 [main] TRACE PatientController - Entering updatePatient method in PatientController class
2024-10-22 01:26:58.021 [main] INFO  PatientController - Successfully updated patient: GetPatientResponse(id=null, firstName=null, lastName=null, trIdNumber=null, birthDate=null, gender=null, bloodType=null, phoneNumber=null, email=null, lastPatientRegistrationTime=null)
2024-10-22 01:26:58.021 [main] TRACE PatientController - Exiting updatePatient method in PatientController class
2024-10-22 01:26:58.026 [main] TRACE PatientController - Entering getChronicDiseasesById method in PatientController class
2024-10-22 01:26:58.026 [main] INFO  PatientController - Successfully fetched chronic diseases for patient id: 1
2024-10-22 01:26:58.026 [main] TRACE PatientController - Exiting getChronicDiseasesById method in PatientController class
2024-10-22 01:26:58.031 [main] TRACE PatientController - Entering isPatientRegistered method in PatientController class
2024-10-22 01:26:58.032 [main] INFO  PatientController - TR ID number check for 12345678901 returned: true
2024-10-22 01:26:58.032 [main] TRACE PatientController - Exiting isPatientRegistered method in PatientController class
2024-10-22 01:26:58.035 [main] TRACE PatientController - Entering deletePatient method in PatientController class
2024-10-22 01:26:58.036 [main] INFO  PatientController - Successfully deleted patient with id: 1
2024-10-22 01:26:58.036 [main] TRACE PatientController - Exiting deletePatient method in PatientController class
2024-10-22 01:26:58.041 [main] TRACE PatientController - Entering restorePatient method in PatientController class
2024-10-22 01:26:58.041 [main] INFO  PatientController - Successfully restored patient with id: 1
2024-10-22 01:26:58.042 [main] TRACE PatientController - Exiting restorePatient method in PatientController class
2024-10-22 01:26:58.048 [main] TRACE PatientController - Entering getAllPatientsFilteredAndSorted method in PatientController class
2024-10-22 01:26:58.048 [main] INFO  PatientController - Received request for filtered and sorted patients with parameters: page=0, size=3, sortBy=id, direction=ASC, firstName=John, lastName=Doe, trIdNumber=12345678901, birthDate=1980-01-01, gender=Male, bloodType=A+, phoneNumber=1234567890, email=john.doe@example.com, chronicDisease=None, lastPatientRegistrationTime=2024-01-01, deleted=false
2024-10-22 01:26:58.049 [main] INFO  PatientController - Successfully fetched filtered and sorted patients.
2024-10-22 01:26:58.049 [main] TRACE PatientController - Exiting getAllPatientsFilteredAndSorted method in PatientController class
2024-10-22 01:26:58.285 [main] TRACE PatientServiceImpl - Entering getPatientById method in PatientServiceImpl
2024-10-22 01:26:58.285 [main] INFO  PatientServiceImpl - Fetching patient by ID: 1
2024-10-22 01:26:58.288 [main] INFO  PatientServiceImpl - Successfully fetched patient by ID: 1
2024-10-22 01:26:58.288 [main] TRACE PatientServiceImpl - Exiting getPatientById method in PatientServiceImpl
2024-10-22 01:26:58.314 [main] TRACE PatientServiceImpl - Entering getChronicDiseasesById method in PatientServiceImpl
2024-10-22 01:26:58.315 [main] INFO  PatientServiceImpl - Fetching chronic diseases by ID: 1
2024-10-22 01:26:58.315 [main] INFO  PatientServiceImpl - Successfully fetched chronic diseases by ID: 1
2024-10-22 01:26:58.315 [main] TRACE PatientServiceImpl - Exiting getChronicDiseasesById method in PatientServiceImpl
2024-10-22 01:26:58.321 [main] TRACE PatientServiceImpl - Entering getPatientByTrIdNumber method in PatientServiceImpl
2024-10-22 01:26:58.321 [main] INFO  PatientServiceImpl - Fetching patient by TR ID number: 12345678901
2024-10-22 01:26:58.323 [main] INFO  PatientServiceImpl - Successfully fetched patient by TR ID number: 12345678901
2024-10-22 01:26:58.323 [main] TRACE PatientServiceImpl - Exiting getPatientByTrIdNumber method in PatientServiceImpl
2024-10-22 01:26:58.329 [main] TRACE PatientServiceImpl - Entering isPatientRegistered method in PatientServiceImpl
2024-10-22 01:26:58.330 [main] INFO  PatientServiceImpl - Checking registration time for patient with TR ID number: 12345678901
2024-10-22 01:26:58.332 [main] INFO  PatientServiceImpl - Patient with TR ID number 12345678901 is registered within the last 6 hours.
2024-10-22 01:26:58.332 [main] TRACE PatientServiceImpl - Exiting isPatientRegistered method in PatientServiceImpl
2024-10-22 01:26:58.357 [main] TRACE PatientServiceImpl - Entering getAllPatientsFilteredAndSorted method in PatientServiceImpl
2024-10-22 01:26:58.358 [main] DEBUG PatientServiceImpl - Fetching all patients with filters: page=0, size=10, sortBy=firstName, direction=ASC, firstName=John, lastName=null, trIdNumber=null, birthDate=null, gender=null, bloodType=null, phoneNumber=null, email=null, chronicDisease=null, lastPatientRegistrationTime=null, deleted=false
2024-10-22 01:26:58.383 [main] INFO  PatientServiceImpl - Successfully fetched patients with filters: page=0, size=10, totalPages=1, totalElements=1
2024-10-22 01:26:58.384 [main] TRACE PatientServiceImpl - Exiting getAllPatientsFilteredAndSorted method in PatientServiceImpl
2024-10-22 01:26:58.394 [main] TRACE PatientServiceImpl - Entering deletePatient method in PatientServiceImpl
2024-10-22 01:26:58.395 [main] INFO  PatientServiceImpl - Deleting patient with ID: 1
2024-10-22 01:26:58.397 [main] ERROR PatientServiceImpl - Patient not found to delete. ID: 1
2024-10-22 01:26:58.404 [main] TRACE PatientServiceImpl - Entering updatePatient method in PatientServiceImpl
2024-10-22 01:26:58.405 [main] INFO  PatientServiceImpl - Updating patient with ID: 1
2024-10-22 01:26:58.406 [main] ERROR PatientServiceImpl - Patient already exists with TR ID number: 98765432101
2024-10-22 01:26:58.411 [main] TRACE PatientServiceImpl - Entering getPatientById method in PatientServiceImpl
2024-10-22 01:26:58.411 [main] INFO  PatientServiceImpl - Fetching patient by ID: 1
2024-10-22 01:26:58.412 [main] ERROR PatientServiceImpl - Patient not found with id: 1
2024-10-22 01:26:58.418 [main] TRACE PatientServiceImpl - Entering restorePatient method in PatientServiceImpl
2024-10-22 01:26:58.418 [main] INFO  PatientServiceImpl - Restoring patient with ID: 1
2024-10-22 01:26:58.419 [main] ERROR PatientServiceImpl - Patient not found to restore. ID: 1
2024-10-22 01:26:58.423 [main] TRACE PatientServiceImpl - Entering isPatientRegistered method in PatientServiceImpl
2024-10-22 01:26:58.423 [main] INFO  PatientServiceImpl - Checking registration time for patient with TR ID number: 12345678901
2024-10-22 01:26:58.423 [main] ERROR PatientServiceImpl - Patient not found with TR ID number 12345678901
2024-10-22 01:26:58.430 [main] TRACE PatientServiceImpl - Entering updatePatient method in PatientServiceImpl
2024-10-22 01:26:58.430 [main] INFO  PatientServiceImpl - Updating patient with ID: 1
2024-10-22 01:26:58.431 [main] ERROR PatientServiceImpl - Patient does not exist with id: 1
2024-10-22 01:26:58.435 [main] TRACE PatientServiceImpl - Entering getPatientByTrIdNumber method in PatientServiceImpl
2024-10-22 01:26:58.435 [main] INFO  PatientServiceImpl - Fetching patient by TR ID number: 12345678901
2024-10-22 01:26:58.435 [main] ERROR PatientServiceImpl - Patient not found with TR ID number: 12345678901
2024-10-22 01:26:58.442 [main] TRACE PatientServiceImpl - Entering deletePatient method in PatientServiceImpl
2024-10-22 01:26:58.442 [main] INFO  PatientServiceImpl - Deleting patient with ID: 1
2024-10-22 01:26:58.442 [main] INFO  PatientServiceImpl - Successfully deleted patient with ID: 1
2024-10-22 01:26:58.443 [main] TRACE PatientServiceImpl - Exiting deletePatient method in PatientServiceImpl
2024-10-22 01:26:58.449 [main] TRACE PatientServiceImpl - Entering isPatientRegistered method in PatientServiceImpl
2024-10-22 01:26:58.449 [main] INFO  PatientServiceImpl - Checking registration time for patient with TR ID number: 12345678901
2024-10-22 01:26:58.450 [main] INFO  PatientServiceImpl - Patient with TR ID number 12345678901 is not registered within the last 6 hours.
2024-10-22 01:26:58.450 [main] TRACE PatientServiceImpl - Exiting isPatientRegistered method in PatientServiceImpl
2024-10-22 01:26:58.455 [main] TRACE PatientServiceImpl - Entering getChronicDiseasesById method in PatientServiceImpl
2024-10-22 01:26:58.455 [main] INFO  PatientServiceImpl - Fetching chronic diseases by ID: 1
2024-10-22 01:26:58.456 [main] WARN  PatientServiceImpl - No chronic diseases found for patient ID: 1
2024-10-22 01:26:58.456 [main] INFO  PatientServiceImpl - Successfully fetched chronic diseases by ID: 1
2024-10-22 01:26:58.456 [main] TRACE PatientServiceImpl - Exiting getChronicDiseasesById method in PatientServiceImpl
2024-10-22 01:26:58.461 [main] TRACE PatientServiceImpl - Entering getEmail method in PatientServiceImpl
2024-10-22 01:26:58.461 [main] INFO  PatientServiceImpl - Fetching email for patient with TR ID number: 12345678901
2024-10-22 01:26:58.463 [main] INFO  PatientServiceImpl - Successfully retrieved email for patient with TR ID number: 12345678901
2024-10-22 01:26:58.463 [main] TRACE PatientServiceImpl - Exiting getEmail method in PatientServiceImpl
2024-10-22 01:26:58.470 [main] TRACE PatientServiceImpl - Entering restorePatient method in PatientServiceImpl
2024-10-22 01:26:58.470 [main] INFO  PatientServiceImpl - Restoring patient with ID: 1
2024-10-22 01:26:58.471 [main] INFO  PatientServiceImpl - Successfully restored patient with ID: 1
2024-10-22 01:26:58.471 [main] TRACE PatientServiceImpl - Exiting restorePatient method in PatientServiceImpl
2024-10-22 01:26:58.476 [main] TRACE PatientServiceImpl - Entering getEmail method in PatientServiceImpl
2024-10-22 01:26:58.476 [main] INFO  PatientServiceImpl - Fetching email for patient with TR ID number: 12345678901
2024-10-22 01:26:58.477 [main] ERROR PatientServiceImpl - Patient not found with TrIdNumber: 12345678901
2024-10-22 01:26:58.482 [main] TRACE PatientServiceImpl - Entering updatePatient method in PatientServiceImpl
2024-10-22 01:26:58.482 [main] INFO  PatientServiceImpl - Updating patient with ID: 1
2024-10-22 01:26:58.488 [main] INFO  PatientServiceImpl - Successfully updated patient with ID: 1
2024-10-22 01:26:58.488 [main] TRACE PatientServiceImpl - Exiting updatePatient method in PatientServiceImpl
2024-10-22 01:26:58.493 [main] TRACE PatientServiceImpl - Entering savePatient method in PatientServiceImpl
2024-10-22 01:26:58.493 [main] INFO  PatientServiceImpl - Saving patient with TR ID number: 12345678901
2024-10-22 01:26:58.494 [main] INFO  PatientServiceImpl - New patient created with TR ID number: 12345678901
2024-10-22 01:26:58.494 [main] INFO  PatientServiceImpl - Successfully saved patient with ID: null
2024-10-22 01:26:58.494 [main] TRACE PatientServiceImpl - Exiting savePatient method in PatientServiceImpl
2024-10-22 01:26:58.499 [main] TRACE PatientServiceImpl - Entering savePatient method in PatientServiceImpl
2024-10-22 01:26:58.499 [main] INFO  PatientServiceImpl - Saving patient with TR ID number: 12345678901
2024-10-22 01:26:58.500 [main] DEBUG PatientServiceImpl - Patient already exists. Updating registration time for TR ID number: 12345678901
2024-10-22 01:26:58.500 [main] INFO  PatientServiceImpl - Successfully saved patient with ID: null
2024-10-22 01:26:58.501 [main] TRACE PatientServiceImpl - Exiting savePatient method in PatientServiceImpl
2024-10-22 01:29:12.057 [main] TRACE BarcodeController - Entering generateBarcodeForPatient method in BarcodeController class
2024-10-22 01:29:12.073 [main] DEBUG BarcodeController - Received request to generate barcode for TR ID number: 12345678901
2024-10-22 01:29:12.117 [main] DEBUG BarcodeController - Barcode generated successfully for TR ID number: 12345678901
2024-10-22 01:29:12.118 [main] TRACE BarcodeController - Exiting generateBarcodeForPatient method in BarcodeController class
2024-10-22 01:29:12.254 [main] TRACE BarcodeController - Entering scanAndSavePatient method in BarcodeController class
2024-10-22 01:29:12.255 [main] INFO  BarcodeController - Received request to scan and fetch patient.
2024-10-22 01:29:12.256 [main] INFO  BarcodeController - Successfully fetched patient: GetPatientResponse(id=null, firstName=null, lastName=null, trIdNumber=null, birthDate=null, gender=null, bloodType=null, phoneNumber=null, email=null, lastPatientRegistrationTime=null)
2024-10-22 01:29:12.283 [main] TRACE BarcodeController - Exiting scanAndSavePatient method in BarcodeController class
2024-10-22 01:29:12.493 [main] TRACE PatientController - Entering getEmail method in PatientController class
2024-10-22 01:29:12.493 [main] INFO  PatientController - Successfully fetched email for TR ID number: 12345678901
2024-10-22 01:29:12.494 [main] TRACE PatientController - Exiting getEmail method in PatientController class
2024-10-22 01:29:12.500 [main] TRACE PatientController - Entering getPatientById method in PatientController class
2024-10-22 01:29:12.501 [main] INFO  PatientController - Successfully fetched patient with id: 1
2024-10-22 01:29:12.501 [main] TRACE PatientController - Exiting getPatientById method in PatientController class
2024-10-22 01:29:12.506 [main] TRACE PatientController - Entering savePatient method in PatientController class
2024-10-22 01:29:12.507 [main] INFO  PatientController - Successfully saved patient: GetPatientResponse(id=null, firstName=null, lastName=null, trIdNumber=null, birthDate=null, gender=null, bloodType=null, phoneNumber=null, email=null, lastPatientRegistrationTime=null)
2024-10-22 01:29:12.507 [main] TRACE PatientController - Exiting savePatient method in PatientController class
2024-10-22 01:29:12.512 [main] TRACE PatientController - Entering getPatientByTrIdNumber method in PatientController class
2024-10-22 01:29:12.513 [main] INFO  PatientController - Successfully fetched patient with TR ID number: 12345678901
2024-10-22 01:29:12.514 [main] TRACE PatientController - Exiting getPatientByTrIdNumber method in PatientController class
2024-10-22 01:29:12.521 [main] TRACE PatientController - Entering updatePatient method in PatientController class
2024-10-22 01:29:12.522 [main] INFO  PatientController - Successfully updated patient: GetPatientResponse(id=null, firstName=null, lastName=null, trIdNumber=null, birthDate=null, gender=null, bloodType=null, phoneNumber=null, email=null, lastPatientRegistrationTime=null)
2024-10-22 01:29:12.522 [main] TRACE PatientController - Exiting updatePatient method in PatientController class
2024-10-22 01:29:12.527 [main] TRACE PatientController - Entering getChronicDiseasesById method in PatientController class
2024-10-22 01:29:12.528 [main] INFO  PatientController - Successfully fetched chronic diseases for patient id: 1
2024-10-22 01:29:12.528 [main] TRACE PatientController - Exiting getChronicDiseasesById method in PatientController class
2024-10-22 01:29:12.534 [main] TRACE PatientController - Entering isPatientRegistered method in PatientController class
2024-10-22 01:29:12.535 [main] INFO  PatientController - TR ID number check for 12345678901 returned: true
2024-10-22 01:29:12.535 [main] TRACE PatientController - Exiting isPatientRegistered method in PatientController class
2024-10-22 01:29:12.540 [main] TRACE PatientController - Entering deletePatient method in PatientController class
2024-10-22 01:29:12.541 [main] INFO  PatientController - Successfully deleted patient with id: 1
2024-10-22 01:29:12.541 [main] TRACE PatientController - Exiting deletePatient method in PatientController class
2024-10-22 01:29:12.547 [main] TRACE PatientController - Entering restorePatient method in PatientController class
2024-10-22 01:29:12.548 [main] INFO  PatientController - Successfully restored patient with id: 1
2024-10-22 01:29:12.548 [main] TRACE PatientController - Exiting restorePatient method in PatientController class
2024-10-22 01:29:12.555 [main] TRACE PatientController - Entering getAllPatientsFilteredAndSorted method in PatientController class
2024-10-22 01:29:12.555 [main] INFO  PatientController - Received request for filtered and sorted patients with parameters: page=0, size=3, sortBy=id, direction=ASC, firstName=John, lastName=Doe, trIdNumber=12345678901, birthDate=1980-01-01, gender=Male, bloodType=A+, phoneNumber=1234567890, email=john.doe@example.com, chronicDisease=None, lastPatientRegistrationTime=2024-01-01, deleted=false
2024-10-22 01:29:12.556 [main] INFO  PatientController - Successfully fetched filtered and sorted patients.
2024-10-22 01:29:12.557 [main] TRACE PatientController - Exiting getAllPatientsFilteredAndSorted method in PatientController class
2024-10-22 01:29:13.074 [main] TRACE PatientServiceImpl - Entering getPatientById method in PatientServiceImpl
2024-10-22 01:29:13.075 [main] INFO  PatientServiceImpl - Fetching patient by ID: 1
2024-10-22 01:29:13.078 [main] INFO  PatientServiceImpl - Successfully fetched patient by ID: 1
2024-10-22 01:29:13.079 [main] TRACE PatientServiceImpl - Exiting getPatientById method in PatientServiceImpl
2024-10-22 01:29:13.093 [main] TRACE PatientServiceImpl - Entering getChronicDiseasesById method in PatientServiceImpl
2024-10-22 01:29:13.094 [main] INFO  PatientServiceImpl - Fetching chronic diseases by ID: 1
2024-10-22 01:29:13.094 [main] INFO  PatientServiceImpl - Successfully fetched chronic diseases by ID: 1
2024-10-22 01:29:13.095 [main] TRACE PatientServiceImpl - Exiting getChronicDiseasesById method in PatientServiceImpl
2024-10-22 01:29:13.107 [main] TRACE PatientServiceImpl - Entering getPatientByTrIdNumber method in PatientServiceImpl
2024-10-22 01:29:13.108 [main] INFO  PatientServiceImpl - Fetching patient by TR ID number: 12345678901
2024-10-22 01:29:13.109 [main] INFO  PatientServiceImpl - Successfully fetched patient by TR ID number: 12345678901
2024-10-22 01:29:13.109 [main] TRACE PatientServiceImpl - Exiting getPatientByTrIdNumber method in PatientServiceImpl
2024-10-22 01:29:13.120 [main] TRACE PatientServiceImpl - Entering isPatientRegistered method in PatientServiceImpl
2024-10-22 01:29:13.121 [main] INFO  PatientServiceImpl - Checking registration time for patient with TR ID number: 12345678901
2024-10-22 01:29:13.122 [main] INFO  PatientServiceImpl - Patient with TR ID number 12345678901 is registered within the last 6 hours.
2024-10-22 01:29:13.122 [main] TRACE PatientServiceImpl - Exiting isPatientRegistered method in PatientServiceImpl
2024-10-22 01:29:13.166 [main] TRACE PatientServiceImpl - Entering getAllPatientsFilteredAndSorted method in PatientServiceImpl
2024-10-22 01:29:13.166 [main] DEBUG PatientServiceImpl - Fetching all patients with filters: page=0, size=10, sortBy=firstName, direction=ASC, firstName=John, lastName=null, trIdNumber=null, birthDate=null, gender=null, bloodType=null, phoneNumber=null, email=null, chronicDisease=null, lastPatientRegistrationTime=null, deleted=false
2024-10-22 01:29:13.193 [main] INFO  PatientServiceImpl - Successfully fetched patients with filters: page=0, size=10, totalPages=1, totalElements=1
2024-10-22 01:29:13.194 [main] TRACE PatientServiceImpl - Exiting getAllPatientsFilteredAndSorted method in PatientServiceImpl
2024-10-22 01:29:13.201 [main] TRACE PatientServiceImpl - Entering deletePatient method in PatientServiceImpl
2024-10-22 01:29:13.202 [main] INFO  PatientServiceImpl - Deleting patient with ID: 1
2024-10-22 01:29:13.203 [main] ERROR PatientServiceImpl - Patient not found to delete. ID: 1
2024-10-22 01:29:13.208 [main] TRACE PatientServiceImpl - Entering updatePatient method in PatientServiceImpl
2024-10-22 01:29:13.209 [main] INFO  PatientServiceImpl - Updating patient with ID: 1
2024-10-22 01:29:13.210 [main] ERROR PatientServiceImpl - Patient already exists with TR ID number: 98765432101
2024-10-22 01:29:13.214 [main] TRACE PatientServiceImpl - Entering getPatientById method in PatientServiceImpl
2024-10-22 01:29:13.215 [main] INFO  PatientServiceImpl - Fetching patient by ID: 1
2024-10-22 01:29:13.215 [main] ERROR PatientServiceImpl - Patient not found with id: 1
2024-10-22 01:29:13.222 [main] TRACE PatientServiceImpl - Entering restorePatient method in PatientServiceImpl
2024-10-22 01:29:13.223 [main] INFO  PatientServiceImpl - Restoring patient with ID: 1
2024-10-22 01:29:13.223 [main] ERROR PatientServiceImpl - Patient not found to restore. ID: 1
2024-10-22 01:29:13.228 [main] TRACE PatientServiceImpl - Entering isPatientRegistered method in PatientServiceImpl
2024-10-22 01:29:13.228 [main] INFO  PatientServiceImpl - Checking registration time for patient with TR ID number: 12345678901
2024-10-22 01:29:13.229 [main] ERROR PatientServiceImpl - Patient not found with TR ID number 12345678901
2024-10-22 01:29:13.236 [main] TRACE PatientServiceImpl - Entering updatePatient method in PatientServiceImpl
2024-10-22 01:29:13.236 [main] INFO  PatientServiceImpl - Updating patient with ID: 1
2024-10-22 01:29:13.237 [main] ERROR PatientServiceImpl - Patient does not exist with id: 1
2024-10-22 01:29:13.243 [main] TRACE PatientServiceImpl - Entering getPatientByTrIdNumber method in PatientServiceImpl
2024-10-22 01:29:13.243 [main] INFO  PatientServiceImpl - Fetching patient by TR ID number: 12345678901
2024-10-22 01:29:13.243 [main] ERROR PatientServiceImpl - Patient not found with TR ID number: 12345678901
2024-10-22 01:29:13.252 [main] TRACE PatientServiceImpl - Entering deletePatient method in PatientServiceImpl
2024-10-22 01:29:13.252 [main] INFO  PatientServiceImpl - Deleting patient with ID: 1
2024-10-22 01:29:13.253 [main] INFO  PatientServiceImpl - Successfully deleted patient with ID: 1
2024-10-22 01:29:13.254 [main] TRACE PatientServiceImpl - Exiting deletePatient method in PatientServiceImpl
2024-10-22 01:29:13.259 [main] TRACE PatientServiceImpl - Entering isPatientRegistered method in PatientServiceImpl
2024-10-22 01:29:13.260 [main] INFO  PatientServiceImpl - Checking registration time for patient with TR ID number: 12345678901
2024-10-22 01:29:13.260 [main] INFO  PatientServiceImpl - Patient with TR ID number 12345678901 is not registered within the last 6 hours.
2024-10-22 01:29:13.260 [main] TRACE PatientServiceImpl - Exiting isPatientRegistered method in PatientServiceImpl
2024-10-22 01:29:13.266 [main] TRACE PatientServiceImpl - Entering getChronicDiseasesById method in PatientServiceImpl
2024-10-22 01:29:13.267 [main] INFO  PatientServiceImpl - Fetching chronic diseases by ID: 1
2024-10-22 01:29:13.267 [main] WARN  PatientServiceImpl - No chronic diseases found for patient ID: 1
2024-10-22 01:29:13.267 [main] INFO  PatientServiceImpl - Successfully fetched chronic diseases by ID: 1
2024-10-22 01:29:13.267 [main] TRACE PatientServiceImpl - Exiting getChronicDiseasesById method in PatientServiceImpl
2024-10-22 01:29:13.273 [main] TRACE PatientServiceImpl - Entering getEmail method in PatientServiceImpl
2024-10-22 01:29:13.274 [main] INFO  PatientServiceImpl - Fetching email for patient with TR ID number: 12345678901
2024-10-22 01:29:13.275 [main] INFO  PatientServiceImpl - Successfully retrieved email for patient with TR ID number: 12345678901
2024-10-22 01:29:13.275 [main] TRACE PatientServiceImpl - Exiting getEmail method in PatientServiceImpl
2024-10-22 01:29:13.282 [main] TRACE PatientServiceImpl - Entering restorePatient method in PatientServiceImpl
2024-10-22 01:29:13.282 [main] INFO  PatientServiceImpl - Restoring patient with ID: 1
2024-10-22 01:29:13.284 [main] INFO  PatientServiceImpl - Successfully restored patient with ID: 1
2024-10-22 01:29:13.284 [main] TRACE PatientServiceImpl - Exiting restorePatient method in PatientServiceImpl
2024-10-22 01:29:13.291 [main] TRACE PatientServiceImpl - Entering getEmail method in PatientServiceImpl
2024-10-22 01:29:13.292 [main] INFO  PatientServiceImpl - Fetching email for patient with TR ID number: 12345678901
2024-10-22 01:29:13.293 [main] ERROR PatientServiceImpl - Patient not found with TrIdNumber: 12345678901
2024-10-22 01:29:13.300 [main] TRACE PatientServiceImpl - Entering updatePatient method in PatientServiceImpl
2024-10-22 01:29:13.301 [main] INFO  PatientServiceImpl - Updating patient with ID: 1
2024-10-22 01:29:13.310 [main] INFO  PatientServiceImpl - Successfully updated patient with ID: 1
2024-10-22 01:29:13.310 [main] TRACE PatientServiceImpl - Exiting updatePatient method in PatientServiceImpl
2024-10-22 01:29:13.326 [main] TRACE PatientServiceImpl - Entering savePatient method in PatientServiceImpl
2024-10-22 01:29:13.326 [main] INFO  PatientServiceImpl - Saving patient with TR ID number: 12345678901
2024-10-22 01:29:13.328 [main] INFO  PatientServiceImpl - New patient created with TR ID number: 12345678901
2024-10-22 01:29:13.329 [main] INFO  PatientServiceImpl - Successfully saved patient with ID: null
2024-10-22 01:29:13.330 [main] TRACE PatientServiceImpl - Exiting savePatient method in PatientServiceImpl
2024-10-22 01:29:13.349 [main] TRACE PatientServiceImpl - Entering savePatient method in PatientServiceImpl
2024-10-22 01:29:13.351 [main] INFO  PatientServiceImpl - Saving patient with TR ID number: 12345678901
2024-10-22 01:29:13.354 [main] DEBUG PatientServiceImpl - Patient already exists. Updating registration time for TR ID number: 12345678901
2024-10-22 01:29:13.356 [main] INFO  PatientServiceImpl - Successfully saved patient with ID: null
2024-10-22 01:29:13.356 [main] TRACE PatientServiceImpl - Exiting savePatient method in PatientServiceImpl
2024-10-22 01:34:23.081 [main] TRACE BarcodeController - Entering generateBarcodeForPatient method in BarcodeController class
2024-10-22 01:34:23.089 [main] DEBUG BarcodeController - Received request to generate barcode for TR ID number: 12345678901
2024-10-22 01:34:23.108 [main] DEBUG BarcodeController - Barcode generated successfully for TR ID number: 12345678901
2024-10-22 01:34:23.108 [main] TRACE BarcodeController - Exiting generateBarcodeForPatient method in BarcodeController class
2024-10-22 01:34:23.171 [main] TRACE BarcodeController - Entering scanAndSavePatient method in BarcodeController class
2024-10-22 01:34:23.171 [main] INFO  BarcodeController - Received request to scan and fetch patient.
2024-10-22 01:34:23.172 [main] INFO  BarcodeController - Successfully fetched patient: GetPatientResponse(id=null, firstName=null, lastName=null, trIdNumber=null, birthDate=null, gender=null, bloodType=null, phoneNumber=null, email=null, lastPatientRegistrationTime=null)
2024-10-22 01:34:23.185 [main] TRACE BarcodeController - Exiting scanAndSavePatient method in BarcodeController class
2024-10-22 01:34:23.299 [main] TRACE PatientController - Entering getEmail method in PatientController class
2024-10-22 01:34:23.300 [main] INFO  PatientController - Successfully fetched email for TR ID number: 12345678901
2024-10-22 01:34:23.301 [main] TRACE PatientController - Exiting getEmail method in PatientController class
2024-10-22 01:34:23.308 [main] TRACE PatientController - Entering getPatientById method in PatientController class
2024-10-22 01:34:23.308 [main] INFO  PatientController - Successfully fetched patient with id: 1
2024-10-22 01:34:23.308 [main] TRACE PatientController - Exiting getPatientById method in PatientController class
2024-10-22 01:34:23.315 [main] TRACE PatientController - Entering savePatient method in PatientController class
2024-10-22 01:34:23.315 [main] INFO  PatientController - Successfully saved patient: GetPatientResponse(id=null, firstName=null, lastName=null, trIdNumber=null, birthDate=null, gender=null, bloodType=null, phoneNumber=null, email=null, lastPatientRegistrationTime=null)
2024-10-22 01:34:23.315 [main] TRACE PatientController - Exiting savePatient method in PatientController class
2024-10-22 01:34:23.321 [main] TRACE PatientController - Entering getPatientByTrIdNumber method in PatientController class
2024-10-22 01:34:23.322 [main] INFO  PatientController - Successfully fetched patient with TR ID number: 12345678901
2024-10-22 01:34:23.322 [main] TRACE PatientController - Exiting getPatientByTrIdNumber method in PatientController class
2024-10-22 01:34:23.328 [main] TRACE PatientController - Entering updatePatient method in PatientController class
2024-10-22 01:34:23.331 [main] INFO  PatientController - Successfully updated patient: GetPatientResponse(id=null, firstName=null, lastName=null, trIdNumber=null, birthDate=null, gender=null, bloodType=null, phoneNumber=null, email=null, lastPatientRegistrationTime=null)
2024-10-22 01:34:23.332 [main] TRACE PatientController - Exiting updatePatient method in PatientController class
2024-10-22 01:34:23.344 [main] TRACE PatientController - Entering getChronicDiseasesById method in PatientController class
2024-10-22 01:34:23.346 [main] INFO  PatientController - Successfully fetched chronic diseases for patient id: 1
2024-10-22 01:34:23.347 [main] TRACE PatientController - Exiting getChronicDiseasesById method in PatientController class
2024-10-22 01:34:23.355 [main] TRACE PatientController - Entering isPatientRegistered method in PatientController class
2024-10-22 01:34:23.356 [main] INFO  PatientController - TR ID number check for 12345678901 returned: true
2024-10-22 01:34:23.357 [main] TRACE PatientController - Exiting isPatientRegistered method in PatientController class
2024-10-22 01:34:23.364 [main] TRACE PatientController - Entering deletePatient method in PatientController class
2024-10-22 01:34:23.365 [main] INFO  PatientController - Successfully deleted patient with id: 1
2024-10-22 01:34:23.366 [main] TRACE PatientController - Exiting deletePatient method in PatientController class
2024-10-22 01:34:23.372 [main] TRACE PatientController - Entering restorePatient method in PatientController class
2024-10-22 01:34:23.373 [main] INFO  PatientController - Successfully restored patient with id: 1
2024-10-22 01:34:23.373 [main] TRACE PatientController - Exiting restorePatient method in PatientController class
2024-10-22 01:34:23.384 [main] TRACE PatientController - Entering getAllPatientsFilteredAndSorted method in PatientController class
2024-10-22 01:34:23.385 [main] INFO  PatientController - Received request for filtered and sorted patients with parameters: page=0, size=3, sortBy=id, direction=ASC, firstName=John, lastName=Doe, trIdNumber=12345678901, birthDate=1980-01-01, gender=Male, bloodType=A+, phoneNumber=1234567890, email=john.doe@example.com, chronicDisease=None, lastPatientRegistrationTime=2024-01-01, deleted=false
2024-10-22 01:34:23.387 [main] INFO  PatientController - Successfully fetched filtered and sorted patients.
2024-10-22 01:34:23.389 [main] TRACE PatientController - Exiting getAllPatientsFilteredAndSorted method in PatientController class
2024-10-22 01:34:23.733 [main] TRACE PatientServiceImpl - Entering getPatientById method in PatientServiceImpl
2024-10-22 01:34:23.734 [main] INFO  PatientServiceImpl - Fetching patient by ID: 1
2024-10-22 01:34:23.738 [main] INFO  PatientServiceImpl - Successfully fetched patient by ID: 1
2024-10-22 01:34:23.738 [main] TRACE PatientServiceImpl - Exiting getPatientById method in PatientServiceImpl
2024-10-22 01:34:23.751 [main] TRACE PatientServiceImpl - Entering getChronicDiseasesById method in PatientServiceImpl
2024-10-22 01:34:23.751 [main] INFO  PatientServiceImpl - Fetching chronic diseases by ID: 1
2024-10-22 01:34:23.751 [main] INFO  PatientServiceImpl - Successfully fetched chronic diseases by ID: 1
2024-10-22 01:34:23.751 [main] TRACE PatientServiceImpl - Exiting getChronicDiseasesById method in PatientServiceImpl
2024-10-22 01:34:23.757 [main] TRACE PatientServiceImpl - Entering getPatientByTrIdNumber method in PatientServiceImpl
2024-10-22 01:34:23.758 [main] INFO  PatientServiceImpl - Fetching patient by TR ID number: 12345678901
2024-10-22 01:34:23.759 [main] INFO  PatientServiceImpl - Successfully fetched patient by TR ID number: 12345678901
2024-10-22 01:34:23.759 [main] TRACE PatientServiceImpl - Exiting getPatientByTrIdNumber method in PatientServiceImpl
2024-10-22 01:34:23.767 [main] TRACE PatientServiceImpl - Entering isPatientRegistered method in PatientServiceImpl
2024-10-22 01:34:23.767 [main] INFO  PatientServiceImpl - Checking registration time for patient with TR ID number: 12345678901
2024-10-22 01:34:23.768 [main] INFO  PatientServiceImpl - Patient with TR ID number 12345678901 is registered within the last 6 hours.
2024-10-22 01:34:23.768 [main] TRACE PatientServiceImpl - Exiting isPatientRegistered method in PatientServiceImpl
2024-10-22 01:34:23.793 [main] TRACE PatientServiceImpl - Entering getAllPatientsFilteredAndSorted method in PatientServiceImpl
2024-10-22 01:34:23.793 [main] DEBUG PatientServiceImpl - Fetching all patients with filters: page=0, size=10, sortBy=firstName, direction=ASC, firstName=John, lastName=null, trIdNumber=null, birthDate=null, gender=null, bloodType=null, phoneNumber=null, email=null, chronicDisease=null, lastPatientRegistrationTime=null, deleted=false
2024-10-22 01:34:23.823 [main] INFO  PatientServiceImpl - Successfully fetched patients with filters: page=0, size=10, totalPages=1, totalElements=1
2024-10-22 01:34:23.823 [main] TRACE PatientServiceImpl - Exiting getAllPatientsFilteredAndSorted method in PatientServiceImpl
2024-10-22 01:34:23.832 [main] TRACE PatientServiceImpl - Entering deletePatient method in PatientServiceImpl
2024-10-22 01:34:23.832 [main] INFO  PatientServiceImpl - Deleting patient with ID: 1
2024-10-22 01:34:23.833 [main] ERROR PatientServiceImpl - Patient not found to delete. ID: 1
2024-10-22 01:34:23.840 [main] TRACE PatientServiceImpl - Entering updatePatient method in PatientServiceImpl
2024-10-22 01:34:23.840 [main] INFO  PatientServiceImpl - Updating patient with ID: 1
2024-10-22 01:34:23.841 [main] ERROR PatientServiceImpl - Patient already exists with TR ID number: 98765432101
2024-10-22 01:34:23.849 [main] TRACE PatientServiceImpl - Entering getPatientById method in PatientServiceImpl
2024-10-22 01:34:23.849 [main] INFO  PatientServiceImpl - Fetching patient by ID: 1
2024-10-22 01:34:23.849 [main] ERROR PatientServiceImpl - Patient not found with id: 1
2024-10-22 01:34:23.858 [main] TRACE PatientServiceImpl - Entering restorePatient method in PatientServiceImpl
2024-10-22 01:34:23.859 [main] INFO  PatientServiceImpl - Restoring patient with ID: 1
2024-10-22 01:34:23.860 [main] ERROR PatientServiceImpl - Patient not found to restore. ID: 1
2024-10-22 01:34:23.868 [main] TRACE PatientServiceImpl - Entering isPatientRegistered method in PatientServiceImpl
2024-10-22 01:34:23.869 [main] INFO  PatientServiceImpl - Checking registration time for patient with TR ID number: 12345678901
2024-10-22 01:34:23.869 [main] ERROR PatientServiceImpl - Patient not found with TR ID number 12345678901
2024-10-22 01:34:23.879 [main] TRACE PatientServiceImpl - Entering updatePatient method in PatientServiceImpl
2024-10-22 01:34:23.879 [main] INFO  PatientServiceImpl - Updating patient with ID: 1
2024-10-22 01:34:23.880 [main] ERROR PatientServiceImpl - Patient does not exist with id: 1
2024-10-22 01:34:23.886 [main] TRACE PatientServiceImpl - Entering getPatientByTrIdNumber method in PatientServiceImpl
2024-10-22 01:34:23.887 [main] INFO  PatientServiceImpl - Fetching patient by TR ID number: 12345678901
2024-10-22 01:34:23.887 [main] ERROR PatientServiceImpl - Patient not found with TR ID number: 12345678901
2024-10-22 01:34:23.898 [main] TRACE PatientServiceImpl - Entering deletePatient method in PatientServiceImpl
2024-10-22 01:34:23.899 [main] INFO  PatientServiceImpl - Deleting patient with ID: 1
2024-10-22 01:34:23.900 [main] INFO  PatientServiceImpl - Successfully deleted patient with ID: 1
2024-10-22 01:34:23.900 [main] TRACE PatientServiceImpl - Exiting deletePatient method in PatientServiceImpl
2024-10-22 01:34:23.906 [main] TRACE PatientServiceImpl - Entering isPatientRegistered method in PatientServiceImpl
2024-10-22 01:34:23.907 [main] INFO  PatientServiceImpl - Checking registration time for patient with TR ID number: 12345678901
2024-10-22 01:34:23.907 [main] INFO  PatientServiceImpl - Patient with TR ID number 12345678901 is not registered within the last 6 hours.
2024-10-22 01:34:23.908 [main] TRACE PatientServiceImpl - Exiting isPatientRegistered method in PatientServiceImpl
2024-10-22 01:34:23.917 [main] TRACE PatientServiceImpl - Entering getChronicDiseasesById method in PatientServiceImpl
2024-10-22 01:34:23.917 [main] INFO  PatientServiceImpl - Fetching chronic diseases by ID: 1
2024-10-22 01:34:23.918 [main] WARN  PatientServiceImpl - No chronic diseases found for patient ID: 1
2024-10-22 01:34:23.918 [main] INFO  PatientServiceImpl - Successfully fetched chronic diseases by ID: 1
2024-10-22 01:34:23.918 [main] TRACE PatientServiceImpl - Exiting getChronicDiseasesById method in PatientServiceImpl
2024-10-22 01:34:23.925 [main] TRACE PatientServiceImpl - Entering getEmail method in PatientServiceImpl
2024-10-22 01:34:23.925 [main] INFO  PatientServiceImpl - Fetching email for patient with TR ID number: 12345678901
2024-10-22 01:34:23.926 [main] INFO  PatientServiceImpl - Successfully retrieved email for patient with TR ID number: 12345678901
2024-10-22 01:34:23.927 [main] TRACE PatientServiceImpl - Exiting getEmail method in PatientServiceImpl
2024-10-22 01:34:23.934 [main] TRACE PatientServiceImpl - Entering restorePatient method in PatientServiceImpl
2024-10-22 01:34:23.935 [main] INFO  PatientServiceImpl - Restoring patient with ID: 1
2024-10-22 01:34:23.936 [main] INFO  PatientServiceImpl - Successfully restored patient with ID: 1
2024-10-22 01:34:23.936 [main] TRACE PatientServiceImpl - Exiting restorePatient method in PatientServiceImpl
2024-10-22 01:34:23.949 [main] TRACE PatientServiceImpl - Entering getEmail method in PatientServiceImpl
2024-10-22 01:34:23.949 [main] INFO  PatientServiceImpl - Fetching email for patient with TR ID number: 12345678901
2024-10-22 01:34:23.949 [main] ERROR PatientServiceImpl - Patient not found with TrIdNumber: 12345678901
2024-10-22 01:34:23.958 [main] TRACE PatientServiceImpl - Entering updatePatient method in PatientServiceImpl
2024-10-22 01:34:23.959 [main] INFO  PatientServiceImpl - Updating patient with ID: 1
2024-10-22 01:34:23.970 [main] INFO  PatientServiceImpl - Successfully updated patient with ID: 1
2024-10-22 01:34:23.970 [main] TRACE PatientServiceImpl - Exiting updatePatient method in PatientServiceImpl
2024-10-22 01:34:23.981 [main] TRACE PatientServiceImpl - Entering savePatient method in PatientServiceImpl
2024-10-22 01:34:23.982 [main] INFO  PatientServiceImpl - Saving patient with TR ID number: 12345678901
2024-10-22 01:34:23.983 [main] INFO  PatientServiceImpl - New patient created with TR ID number: 12345678901
2024-10-22 01:34:23.984 [main] INFO  PatientServiceImpl - Successfully saved patient with ID: null
2024-10-22 01:34:23.984 [main] TRACE PatientServiceImpl - Exiting savePatient method in PatientServiceImpl
2024-10-22 01:34:23.996 [main] TRACE PatientServiceImpl - Entering savePatient method in PatientServiceImpl
2024-10-22 01:34:23.996 [main] INFO  PatientServiceImpl - Saving patient with TR ID number: 12345678901
2024-10-22 01:34:23.997 [main] DEBUG PatientServiceImpl - Patient already exists. Updating registration time for TR ID number: 12345678901
2024-10-22 01:34:23.999 [main] INFO  PatientServiceImpl - Successfully saved patient with ID: null
2024-10-22 01:34:23.999 [main] TRACE PatientServiceImpl - Exiting savePatient method in PatientServiceImpl
