2024-10-25 12:36:56.869 [main] TRACE BarcodeController - Entering generateBarcodeForPatient method in BarcodeController class
2024-10-25 12:36:56.869 [main] DEBUG BarcodeController - Received request to generate barcode for TR ID number: 12345678901
2024-10-25 12:36:56.885 [main] DEBUG BarcodeController - Barcode generated successfully for TR ID number: 12345678901
2024-10-25 12:36:56.885 [main] TRACE BarcodeController - Exiting generateBarcodeForPatient method in BarcodeController class
2024-10-25 12:36:56.948 [main] TRACE BarcodeController - Entering scanAndSavePatient method in BarcodeController class
2024-10-25 12:36:56.948 [main] INFO  BarcodeController - Received request to scan and fetch patient.
2024-10-25 12:36:56.948 [main] INFO  BarcodeController - Successfully fetched patient: GetPatientResponse(id=null, firstName=null, lastName=null, trIdNumber=null, birthDate=null, gender=null, bloodType=null, phoneNumber=null, email=null, lastPatientRegistrationTime=null)
2024-10-25 12:36:56.964 [main] TRACE BarcodeController - Exiting scanAndSavePatient method in BarcodeController class
2024-10-25 12:36:57.074 [main] TRACE PatientController - Entering getEmail method in PatientController class
2024-10-25 12:36:57.074 [main] INFO  PatientController - Successfully fetched email for TR ID number: 12345678901
2024-10-25 12:36:57.074 [main] TRACE PatientController - Exiting getEmail method in PatientController class
2024-10-25 12:36:57.074 [main] TRACE PatientController - Entering getPatientById method in PatientController class
2024-10-25 12:36:57.074 [main] INFO  PatientController - Successfully fetched patient with id: 1
2024-10-25 12:36:57.074 [main] TRACE PatientController - Exiting getPatientById method in PatientController class
2024-10-25 12:36:57.089 [main] TRACE PatientController - Entering savePatient method in PatientController class
2024-10-25 12:36:57.089 [main] INFO  PatientController - Successfully saved patient: GetPatientResponse(id=null, firstName=null, lastName=null, trIdNumber=null, birthDate=null, gender=null, bloodType=null, phoneNumber=null, email=null, lastPatientRegistrationTime=null)
2024-10-25 12:36:57.089 [main] TRACE PatientController - Exiting savePatient method in PatientController class
2024-10-25 12:36:57.089 [main] TRACE PatientController - Entering getPatientByTrIdNumber method in PatientController class
2024-10-25 12:36:57.089 [main] INFO  PatientController - Successfully fetched patient with TR ID number: 12345678901
2024-10-25 12:36:57.089 [main] TRACE PatientController - Exiting getPatientByTrIdNumber method in PatientController class
2024-10-25 12:36:57.089 [main] TRACE PatientController - Entering updatePatient method in PatientController class
2024-10-25 12:36:57.089 [main] INFO  PatientController - Successfully updated patient: GetPatientResponse(id=null, firstName=null, lastName=null, trIdNumber=null, birthDate=null, gender=null, bloodType=null, phoneNumber=null, email=null, lastPatientRegistrationTime=null)
2024-10-25 12:36:57.089 [main] TRACE PatientController - Exiting updatePatient method in PatientController class
2024-10-25 12:36:57.089 [main] TRACE PatientController - Entering getChronicDiseasesById method in PatientController class
2024-10-25 12:36:57.089 [main] INFO  PatientController - Successfully fetched chronic diseases for patient id: 1
2024-10-25 12:36:57.089 [main] TRACE PatientController - Exiting getChronicDiseasesById method in PatientController class
2024-10-25 12:36:57.105 [main] TRACE PatientController - Entering isPatientRegistered method in PatientController class
2024-10-25 12:36:57.105 [main] INFO  PatientController - TR ID number check for 12345678901 returned: true
2024-10-25 12:36:57.105 [main] TRACE PatientController - Exiting isPatientRegistered method in PatientController class
2024-10-25 12:36:57.105 [main] TRACE PatientController - Entering deletePatient method in PatientController class
2024-10-25 12:36:57.105 [main] INFO  PatientController - Successfully deleted patient with id: 1
2024-10-25 12:36:57.105 [main] TRACE PatientController - Exiting deletePatient method in PatientController class
2024-10-25 12:36:57.105 [main] TRACE PatientController - Entering restorePatient method in PatientController class
2024-10-25 12:36:57.105 [main] INFO  PatientController - Successfully restored patient with id: 1
2024-10-25 12:36:57.105 [main] TRACE PatientController - Exiting restorePatient method in PatientController class
2024-10-25 12:36:57.121 [main] TRACE PatientController - Entering getAllPatientsFilteredAndSorted method in PatientController class
2024-10-25 12:36:57.121 [main] INFO  PatientController - Received request for filtered and sorted patients with parameters: page=0, size=3, sortBy=id, direction=ASC, firstName=John, lastName=Doe, trIdNumber=12345678901, birthDate=1980-01-01, gender=Male, bloodType=A+, phoneNumber=1234567890, email=john.doe@example.com, chronicDisease=None, lastPatientRegistrationTime=2024-01-01, deleted=false
2024-10-25 12:36:57.121 [main] INFO  PatientController - Successfully fetched filtered and sorted patients.
2024-10-25 12:36:57.121 [main] TRACE PatientController - Exiting getAllPatientsFilteredAndSorted method in PatientController class
2024-10-25 12:36:57.372 [main] TRACE PatientServiceImpl - Entering getPatientById method in PatientServiceImpl
2024-10-25 12:36:57.372 [main] INFO  PatientServiceImpl - Fetching patient by ID: 1
2024-10-25 12:36:57.372 [main] INFO  PatientServiceImpl - Successfully fetched patient by ID: 1
2024-10-25 12:36:57.372 [main] TRACE PatientServiceImpl - Exiting getPatientById method in PatientServiceImpl
2024-10-25 12:36:57.389 [main] TRACE PatientServiceImpl - Entering getChronicDiseasesById method in PatientServiceImpl
2024-10-25 12:36:57.389 [main] INFO  PatientServiceImpl - Fetching chronic diseases by ID: 1
2024-10-25 12:36:57.389 [main] INFO  PatientServiceImpl - Successfully fetched chronic diseases by ID: 1
2024-10-25 12:36:57.389 [main] TRACE PatientServiceImpl - Exiting getChronicDiseasesById method in PatientServiceImpl
2024-10-25 12:36:57.389 [main] TRACE PatientServiceImpl - Entering getPatientByTrIdNumber method in PatientServiceImpl
2024-10-25 12:36:57.389 [main] INFO  PatientServiceImpl - Fetching patient by TR ID number: 12345678901
2024-10-25 12:36:57.389 [main] INFO  PatientServiceImpl - Successfully fetched patient by TR ID number: 12345678901
2024-10-25 12:36:57.389 [main] TRACE PatientServiceImpl - Exiting getPatientByTrIdNumber method in PatientServiceImpl
2024-10-25 12:36:57.389 [main] TRACE PatientServiceImpl - Entering isPatientRegistered method in PatientServiceImpl
2024-10-25 12:36:57.389 [main] INFO  PatientServiceImpl - Checking registration time for patient with TR ID number: 12345678901
2024-10-25 12:36:57.389 [main] INFO  PatientServiceImpl - Patient with TR ID number 12345678901 is registered within the last 6 hours.
2024-10-25 12:36:57.389 [main] TRACE PatientServiceImpl - Exiting isPatientRegistered method in PatientServiceImpl
2024-10-25 12:36:57.420 [main] TRACE PatientServiceImpl - Entering getAllPatientsFilteredAndSorted method in PatientServiceImpl
2024-10-25 12:36:57.420 [main] DEBUG PatientServiceImpl - Fetching all patients with filters: page=0, size=10, sortBy=firstName, direction=ASC, firstName=John, lastName=null, trIdNumber=null, birthDate=null, gender=null, bloodType=null, phoneNumber=null, email=null, chronicDisease=null, lastPatientRegistrationTime=null, deleted=false
2024-10-25 12:36:57.435 [main] INFO  PatientServiceImpl - Successfully fetched patients with filters: page=0, size=10, totalPages=1, totalElements=1
2024-10-25 12:36:57.435 [main] TRACE PatientServiceImpl - Exiting getAllPatientsFilteredAndSorted method in PatientServiceImpl
2024-10-25 12:36:57.451 [main] TRACE PatientServiceImpl - Entering deletePatient method in PatientServiceImpl
2024-10-25 12:36:57.451 [main] INFO  PatientServiceImpl - Deleting patient with ID: 1
2024-10-25 12:36:57.451 [main] ERROR PatientServiceImpl - Patient not found to delete. ID: 1
2024-10-25 12:36:57.461 [main] TRACE PatientServiceImpl - Entering updatePatient method in PatientServiceImpl
2024-10-25 12:36:57.461 [main] INFO  PatientServiceImpl - Updating patient with ID: 1
2024-10-25 12:36:57.461 [main] ERROR PatientServiceImpl - Patient already exists with TR ID number: 98765432101
2024-10-25 12:36:57.467 [main] TRACE PatientServiceImpl - Entering getPatientById method in PatientServiceImpl
2024-10-25 12:36:57.467 [main] INFO  PatientServiceImpl - Fetching patient by ID: 1
2024-10-25 12:36:57.467 [main] ERROR PatientServiceImpl - Patient not found with id: 1
2024-10-25 12:36:57.467 [main] TRACE PatientServiceImpl - Entering restorePatient method in PatientServiceImpl
2024-10-25 12:36:57.467 [main] INFO  PatientServiceImpl - Restoring patient with ID: 1
2024-10-25 12:36:57.467 [main] ERROR PatientServiceImpl - Patient not found to restore. ID: 1
2024-10-25 12:36:57.482 [main] TRACE PatientServiceImpl - Entering isPatientRegistered method in PatientServiceImpl
2024-10-25 12:36:57.482 [main] INFO  PatientServiceImpl - Checking registration time for patient with TR ID number: 12345678901
2024-10-25 12:36:57.482 [main] ERROR PatientServiceImpl - Patient not found with TR ID number 12345678901
2024-10-25 12:36:57.482 [main] TRACE PatientServiceImpl - Entering updatePatient method in PatientServiceImpl
2024-10-25 12:36:57.482 [main] INFO  PatientServiceImpl - Updating patient with ID: 1
2024-10-25 12:36:57.482 [main] ERROR PatientServiceImpl - Patient does not exist with id: 1
2024-10-25 12:36:57.482 [main] TRACE PatientServiceImpl - Entering getPatientByTrIdNumber method in PatientServiceImpl
2024-10-25 12:36:57.482 [main] INFO  PatientServiceImpl - Fetching patient by TR ID number: 12345678901
2024-10-25 12:36:57.482 [main] ERROR PatientServiceImpl - Patient not found with TR ID number: 12345678901
2024-10-25 12:36:57.498 [main] TRACE PatientServiceImpl - Entering deletePatient method in PatientServiceImpl
2024-10-25 12:36:57.498 [main] INFO  PatientServiceImpl - Deleting patient with ID: 1
2024-10-25 12:36:57.498 [main] INFO  PatientServiceImpl - Successfully deleted patient with ID: 1
2024-10-25 12:36:57.498 [main] TRACE PatientServiceImpl - Exiting deletePatient method in PatientServiceImpl
2024-10-25 12:36:57.498 [main] TRACE PatientServiceImpl - Entering isPatientRegistered method in PatientServiceImpl
2024-10-25 12:36:57.498 [main] INFO  PatientServiceImpl - Checking registration time for patient with TR ID number: 12345678901
2024-10-25 12:36:57.498 [main] INFO  PatientServiceImpl - Patient with TR ID number 12345678901 is not registered within the last 6 hours.
2024-10-25 12:36:57.498 [main] TRACE PatientServiceImpl - Exiting isPatientRegistered method in PatientServiceImpl
2024-10-25 12:36:57.514 [main] TRACE PatientServiceImpl - Entering getChronicDiseasesById method in PatientServiceImpl
2024-10-25 12:36:57.514 [main] INFO  PatientServiceImpl - Fetching chronic diseases by ID: 1
2024-10-25 12:36:57.514 [main] WARN  PatientServiceImpl - No chronic diseases found for patient ID: 1
2024-10-25 12:36:57.514 [main] INFO  PatientServiceImpl - Successfully fetched chronic diseases by ID: 1
2024-10-25 12:36:57.514 [main] TRACE PatientServiceImpl - Exiting getChronicDiseasesById method in PatientServiceImpl
2024-10-25 12:36:57.514 [main] TRACE PatientServiceImpl - Entering getEmail method in PatientServiceImpl
2024-10-25 12:36:57.514 [main] INFO  PatientServiceImpl - Fetching email for patient with TR ID number: 12345678901
2024-10-25 12:36:57.514 [main] INFO  PatientServiceImpl - Successfully retrieved email for patient with TR ID number: 12345678901
2024-10-25 12:36:57.514 [main] TRACE PatientServiceImpl - Exiting getEmail method in PatientServiceImpl
2024-10-25 12:36:57.514 [main] TRACE PatientServiceImpl - Entering restorePatient method in PatientServiceImpl
2024-10-25 12:36:57.514 [main] INFO  PatientServiceImpl - Restoring patient with ID: 1
2024-10-25 12:36:57.514 [main] INFO  PatientServiceImpl - Successfully restored patient with ID: 1
2024-10-25 12:36:57.514 [main] TRACE PatientServiceImpl - Exiting restorePatient method in PatientServiceImpl
2024-10-25 12:36:57.529 [main] TRACE PatientServiceImpl - Entering getEmail method in PatientServiceImpl
2024-10-25 12:36:57.529 [main] INFO  PatientServiceImpl - Fetching email for patient with TR ID number: 12345678901
2024-10-25 12:36:57.529 [main] ERROR PatientServiceImpl - Patient not found with TrIdNumber: 12345678901
2024-10-25 12:36:57.529 [main] TRACE PatientServiceImpl - Entering updatePatient method in PatientServiceImpl
2024-10-25 12:36:57.529 [main] INFO  PatientServiceImpl - Updating patient with ID: 1
2024-10-25 12:36:57.529 [main] INFO  PatientServiceImpl - Successfully updated patient with ID: 1
2024-10-25 12:36:57.529 [main] TRACE PatientServiceImpl - Exiting updatePatient method in PatientServiceImpl
2024-10-25 12:36:57.545 [main] TRACE PatientServiceImpl - Entering savePatient method in PatientServiceImpl
2024-10-25 12:36:57.545 [main] INFO  PatientServiceImpl - Saving patient with TR ID number: 12345678901
2024-10-25 12:36:57.545 [main] INFO  PatientServiceImpl - New patient created with TR ID number: 12345678901
2024-10-25 12:36:57.545 [main] INFO  PatientServiceImpl - Successfully saved patient with ID: null
2024-10-25 12:36:57.545 [main] TRACE PatientServiceImpl - Exiting savePatient method in PatientServiceImpl
2024-10-25 12:36:57.545 [main] TRACE PatientServiceImpl - Entering savePatient method in PatientServiceImpl
2024-10-25 12:36:57.545 [main] INFO  PatientServiceImpl - Saving patient with TR ID number: 12345678901
2024-10-25 12:36:57.545 [main] DEBUG PatientServiceImpl - Patient already exists. Updating registration time for TR ID number: 12345678901
2024-10-25 12:36:57.545 [main] INFO  PatientServiceImpl - Successfully saved patient with ID: null
2024-10-25 12:36:57.545 [main] TRACE PatientServiceImpl - Exiting savePatient method in PatientServiceImpl
2024-10-25 18:36:39.325 [main] TRACE BarcodeController - Entering generateBarcodeForPatient method in BarcodeController class
2024-10-25 18:36:39.336 [main] DEBUG BarcodeController - Received request to generate barcode for TR ID number: 12345678901
2024-10-25 18:36:39.375 [main] DEBUG BarcodeController - Barcode generated successfully for TR ID number: 12345678901
2024-10-25 18:36:39.375 [main] TRACE BarcodeController - Exiting generateBarcodeForPatient method in BarcodeController class
2024-10-25 18:36:39.452 [main] TRACE BarcodeController - Entering scanAndSavePatient method in BarcodeController class
2024-10-25 18:36:39.452 [main] INFO  BarcodeController - Received request to scan and fetch patient.
2024-10-25 18:36:39.452 [main] INFO  BarcodeController - Successfully fetched patient: GetPatientResponse(id=null, firstName=null, lastName=null, trIdNumber=null, birthDate=null, gender=null, bloodType=null, phoneNumber=null, email=null, lastPatientRegistrationTime=null)
2024-10-25 18:36:39.465 [main] TRACE BarcodeController - Exiting scanAndSavePatient method in BarcodeController class
2024-10-25 18:36:39.575 [main] TRACE PatientController - Entering getEmail method in PatientController class
2024-10-25 18:36:39.575 [main] INFO  PatientController - Successfully fetched email for TR ID number: 12345678901
2024-10-25 18:36:39.578 [main] TRACE PatientController - Exiting getEmail method in PatientController class
2024-10-25 18:36:39.586 [main] TRACE PatientController - Entering getPatientById method in PatientController class
2024-10-25 18:36:39.586 [main] INFO  PatientController - Successfully fetched patient with id: 1
2024-10-25 18:36:39.586 [main] TRACE PatientController - Exiting getPatientById method in PatientController class
2024-10-25 18:36:39.595 [main] TRACE PatientController - Entering savePatient method in PatientController class
2024-10-25 18:36:39.595 [main] INFO  PatientController - Successfully saved patient: GetPatientResponse(id=null, firstName=null, lastName=null, trIdNumber=null, birthDate=null, gender=null, bloodType=null, phoneNumber=null, email=null, lastPatientRegistrationTime=null)
2024-10-25 18:36:39.595 [main] TRACE PatientController - Exiting savePatient method in PatientController class
2024-10-25 18:36:39.605 [main] TRACE PatientController - Entering getPatientByTrIdNumber method in PatientController class
2024-10-25 18:36:39.606 [main] INFO  PatientController - Successfully fetched patient with TR ID number: 12345678901
2024-10-25 18:36:39.606 [main] TRACE PatientController - Exiting getPatientByTrIdNumber method in PatientController class
2024-10-25 18:36:39.612 [main] TRACE PatientController - Entering updatePatient method in PatientController class
2024-10-25 18:36:39.613 [main] INFO  PatientController - Successfully updated patient: GetPatientResponse(id=null, firstName=null, lastName=null, trIdNumber=null, birthDate=null, gender=null, bloodType=null, phoneNumber=null, email=null, lastPatientRegistrationTime=null)
2024-10-25 18:36:39.613 [main] TRACE PatientController - Exiting updatePatient method in PatientController class
2024-10-25 18:36:39.619 [main] TRACE PatientController - Entering getChronicDiseasesById method in PatientController class
2024-10-25 18:36:39.619 [main] INFO  PatientController - Successfully fetched chronic diseases for patient id: 1
2024-10-25 18:36:39.619 [main] TRACE PatientController - Exiting getChronicDiseasesById method in PatientController class
2024-10-25 18:36:39.627 [main] TRACE PatientController - Entering isPatientRegistered method in PatientController class
2024-10-25 18:36:39.627 [main] INFO  PatientController - TR ID number check for 12345678901 returned: true
2024-10-25 18:36:39.627 [main] TRACE PatientController - Exiting isPatientRegistered method in PatientController class
2024-10-25 18:36:39.635 [main] TRACE PatientController - Entering deletePatient method in PatientController class
2024-10-25 18:36:39.635 [main] INFO  PatientController - Successfully deleted patient with id: 1
2024-10-25 18:36:39.635 [main] TRACE PatientController - Exiting deletePatient method in PatientController class
2024-10-25 18:36:39.644 [main] TRACE PatientController - Entering restorePatient method in PatientController class
2024-10-25 18:36:39.645 [main] INFO  PatientController - Successfully restored patient with id: 1
2024-10-25 18:36:39.645 [main] TRACE PatientController - Exiting restorePatient method in PatientController class
2024-10-25 18:36:39.655 [main] TRACE PatientController - Entering getAllPatientsFilteredAndSorted method in PatientController class
2024-10-25 18:36:39.655 [main] INFO  PatientController - Received request for filtered and sorted patients with parameters: page=0, size=3, sortBy=id, direction=ASC, firstName=John, lastName=Doe, trIdNumber=12345678901, birthDate=1980-01-01, gender=Male, bloodType=A+, phoneNumber=1234567890, email=john.doe@example.com, chronicDisease=None, lastPatientRegistrationTime=2024-01-01, deleted=false
2024-10-25 18:36:39.655 [main] INFO  PatientController - Successfully fetched filtered and sorted patients.
2024-10-25 18:36:39.655 [main] TRACE PatientController - Exiting getAllPatientsFilteredAndSorted method in PatientController class
2024-10-25 18:36:39.995 [main] TRACE PatientServiceImpl - Entering getPatientById method in PatientServiceImpl
2024-10-25 18:36:39.995 [main] INFO  PatientServiceImpl - Fetching patient by ID: 1
2024-10-25 18:36:39.996 [main] INFO  PatientServiceImpl - Successfully fetched patient by ID: 1
2024-10-25 18:36:39.996 [main] TRACE PatientServiceImpl - Exiting getPatientById method in PatientServiceImpl
2024-10-25 18:36:40.009 [main] TRACE PatientServiceImpl - Entering getChronicDiseasesById method in PatientServiceImpl
2024-10-25 18:36:40.010 [main] INFO  PatientServiceImpl - Fetching chronic diseases by ID: 1
2024-10-25 18:36:40.011 [main] INFO  PatientServiceImpl - Successfully fetched chronic diseases by ID: 1
2024-10-25 18:36:40.011 [main] TRACE PatientServiceImpl - Exiting getChronicDiseasesById method in PatientServiceImpl
2024-10-25 18:36:40.018 [main] TRACE PatientServiceImpl - Entering getPatientByTrIdNumber method in PatientServiceImpl
2024-10-25 18:36:40.018 [main] INFO  PatientServiceImpl - Fetching patient by TR ID number: 12345678901
2024-10-25 18:36:40.018 [main] INFO  PatientServiceImpl - Successfully fetched patient by TR ID number: 12345678901
2024-10-25 18:36:40.018 [main] TRACE PatientServiceImpl - Exiting getPatientByTrIdNumber method in PatientServiceImpl
2024-10-25 18:36:40.030 [main] TRACE PatientServiceImpl - Entering isPatientRegistered method in PatientServiceImpl
2024-10-25 18:36:40.030 [main] INFO  PatientServiceImpl - Checking registration time for patient with TR ID number: 12345678901
2024-10-25 18:36:40.031 [main] INFO  PatientServiceImpl - Patient with TR ID number 12345678901 is registered within the last 6 hours.
2024-10-25 18:36:40.031 [main] TRACE PatientServiceImpl - Exiting isPatientRegistered method in PatientServiceImpl
2024-10-25 18:36:40.062 [main] TRACE PatientServiceImpl - Entering getAllPatientsFilteredAndSorted method in PatientServiceImpl
2024-10-25 18:36:40.062 [main] DEBUG PatientServiceImpl - Fetching all patients with filters: page=0, size=10, sortBy=firstName, direction=ASC, firstName=John, lastName=null, trIdNumber=null, birthDate=null, gender=null, bloodType=null, phoneNumber=null, email=null, chronicDisease=null, lastPatientRegistrationTime=null, deleted=false
2024-10-25 18:36:40.085 [main] INFO  PatientServiceImpl - Successfully fetched patients with filters: page=0, size=10, totalPages=1, totalElements=1
2024-10-25 18:36:40.085 [main] TRACE PatientServiceImpl - Exiting getAllPatientsFilteredAndSorted method in PatientServiceImpl
2024-10-25 18:36:40.102 [main] TRACE PatientServiceImpl - Entering deletePatient method in PatientServiceImpl
2024-10-25 18:36:40.102 [main] INFO  PatientServiceImpl - Deleting patient with ID: 1
2024-10-25 18:36:40.104 [main] ERROR PatientServiceImpl - Patient not found to delete. ID: 1
2024-10-25 18:36:40.112 [main] TRACE PatientServiceImpl - Entering updatePatient method in PatientServiceImpl
2024-10-25 18:36:40.112 [main] INFO  PatientServiceImpl - Updating patient with ID: 1
2024-10-25 18:36:40.113 [main] ERROR PatientServiceImpl - Patient already exists with TR ID number: 98765432101
2024-10-25 18:36:40.118 [main] TRACE PatientServiceImpl - Entering getPatientById method in PatientServiceImpl
2024-10-25 18:36:40.118 [main] INFO  PatientServiceImpl - Fetching patient by ID: 1
2024-10-25 18:36:40.118 [main] ERROR PatientServiceImpl - Patient not found with id: 1
2024-10-25 18:36:40.128 [main] TRACE PatientServiceImpl - Entering restorePatient method in PatientServiceImpl
2024-10-25 18:36:40.128 [main] INFO  PatientServiceImpl - Restoring patient with ID: 1
2024-10-25 18:36:40.129 [main] ERROR PatientServiceImpl - Patient not found to restore. ID: 1
2024-10-25 18:36:40.133 [main] TRACE PatientServiceImpl - Entering isPatientRegistered method in PatientServiceImpl
2024-10-25 18:36:40.133 [main] INFO  PatientServiceImpl - Checking registration time for patient with TR ID number: 12345678901
2024-10-25 18:36:40.135 [main] ERROR PatientServiceImpl - Patient not found with TR ID number 12345678901
2024-10-25 18:36:40.145 [main] TRACE PatientServiceImpl - Entering updatePatient method in PatientServiceImpl
2024-10-25 18:36:40.145 [main] INFO  PatientServiceImpl - Updating patient with ID: 1
2024-10-25 18:36:40.146 [main] ERROR PatientServiceImpl - Patient does not exist with id: 1
2024-10-25 18:36:40.154 [main] TRACE PatientServiceImpl - Entering getPatientByTrIdNumber method in PatientServiceImpl
2024-10-25 18:36:40.155 [main] INFO  PatientServiceImpl - Fetching patient by TR ID number: 12345678901
2024-10-25 18:36:40.156 [main] ERROR PatientServiceImpl - Patient not found with TR ID number: 12345678901
2024-10-25 18:36:40.166 [main] TRACE PatientServiceImpl - Entering deletePatient method in PatientServiceImpl
2024-10-25 18:36:40.166 [main] INFO  PatientServiceImpl - Deleting patient with ID: 1
2024-10-25 18:36:40.170 [main] INFO  PatientServiceImpl - Successfully deleted patient with ID: 1
2024-10-25 18:36:40.170 [main] TRACE PatientServiceImpl - Exiting deletePatient method in PatientServiceImpl
2024-10-25 18:36:40.176 [main] TRACE PatientServiceImpl - Entering isPatientRegistered method in PatientServiceImpl
2024-10-25 18:36:40.176 [main] INFO  PatientServiceImpl - Checking registration time for patient with TR ID number: 12345678901
2024-10-25 18:36:40.176 [main] INFO  PatientServiceImpl - Patient with TR ID number 12345678901 is not registered within the last 6 hours.
2024-10-25 18:36:40.176 [main] TRACE PatientServiceImpl - Exiting isPatientRegistered method in PatientServiceImpl
2024-10-25 18:36:40.185 [main] TRACE PatientServiceImpl - Entering getChronicDiseasesById method in PatientServiceImpl
2024-10-25 18:36:40.185 [main] INFO  PatientServiceImpl - Fetching chronic diseases by ID: 1
2024-10-25 18:36:40.185 [main] WARN  PatientServiceImpl - No chronic diseases found for patient ID: 1
2024-10-25 18:36:40.185 [main] INFO  PatientServiceImpl - Successfully fetched chronic diseases by ID: 1
2024-10-25 18:36:40.185 [main] TRACE PatientServiceImpl - Exiting getChronicDiseasesById method in PatientServiceImpl
2024-10-25 18:36:40.185 [main] TRACE PatientServiceImpl - Entering getEmail method in PatientServiceImpl
2024-10-25 18:36:40.194 [main] INFO  PatientServiceImpl - Fetching email for patient with TR ID number: 12345678901
2024-10-25 18:36:40.195 [main] INFO  PatientServiceImpl - Successfully retrieved email for patient with TR ID number: 12345678901
2024-10-25 18:36:40.196 [main] TRACE PatientServiceImpl - Exiting getEmail method in PatientServiceImpl
2024-10-25 18:36:40.205 [main] TRACE PatientServiceImpl - Entering restorePatient method in PatientServiceImpl
2024-10-25 18:36:40.205 [main] INFO  PatientServiceImpl - Restoring patient with ID: 1
2024-10-25 18:36:40.205 [main] INFO  PatientServiceImpl - Successfully restored patient with ID: 1
2024-10-25 18:36:40.205 [main] TRACE PatientServiceImpl - Exiting restorePatient method in PatientServiceImpl
2024-10-25 18:36:40.213 [main] TRACE PatientServiceImpl - Entering getEmail method in PatientServiceImpl
2024-10-25 18:36:40.214 [main] INFO  PatientServiceImpl - Fetching email for patient with TR ID number: 12345678901
2024-10-25 18:36:40.215 [main] ERROR PatientServiceImpl - Patient not found with TrIdNumber: 12345678901
2024-10-25 18:36:40.221 [main] TRACE PatientServiceImpl - Entering updatePatient method in PatientServiceImpl
2024-10-25 18:36:40.221 [main] INFO  PatientServiceImpl - Updating patient with ID: 1
2024-10-25 18:36:40.231 [main] INFO  PatientServiceImpl - Successfully updated patient with ID: 1
2024-10-25 18:36:40.232 [main] TRACE PatientServiceImpl - Exiting updatePatient method in PatientServiceImpl
2024-10-25 18:36:40.237 [main] TRACE PatientServiceImpl - Entering savePatient method in PatientServiceImpl
2024-10-25 18:36:40.237 [main] INFO  PatientServiceImpl - Saving patient with TR ID number: 12345678901
2024-10-25 18:36:40.237 [main] INFO  PatientServiceImpl - New patient created with TR ID number: 12345678901
2024-10-25 18:36:40.237 [main] INFO  PatientServiceImpl - Successfully saved patient with ID: null
2024-10-25 18:36:40.237 [main] TRACE PatientServiceImpl - Exiting savePatient method in PatientServiceImpl
2024-10-25 18:36:40.245 [main] TRACE PatientServiceImpl - Entering savePatient method in PatientServiceImpl
2024-10-25 18:36:40.245 [main] INFO  PatientServiceImpl - Saving patient with TR ID number: 12345678901
2024-10-25 18:36:40.245 [main] DEBUG PatientServiceImpl - Patient already exists. Updating registration time for TR ID number: 12345678901
2024-10-25 18:36:40.245 [main] INFO  PatientServiceImpl - Successfully saved patient with ID: null
2024-10-25 18:36:40.245 [main] TRACE PatientServiceImpl - Exiting savePatient method in PatientServiceImpl
2024-10-25 21:11:18.440 [main] TRACE BarcodeController - Entering generateBarcodeForPatient method in BarcodeController class
2024-10-25 21:11:18.455 [main] DEBUG BarcodeController - Received request to generate barcode for TR ID number: 12345678901
2024-10-25 21:11:18.470 [main] DEBUG BarcodeController - Barcode generated successfully for TR ID number: 12345678901
2024-10-25 21:11:18.470 [main] TRACE BarcodeController - Exiting generateBarcodeForPatient method in BarcodeController class
2024-10-25 21:11:18.548 [main] TRACE BarcodeController - Entering scanAndSavePatient method in BarcodeController class
2024-10-25 21:11:18.548 [main] INFO  BarcodeController - Received request to scan and fetch patient.
2024-10-25 21:11:18.548 [main] INFO  BarcodeController - Successfully fetched patient: GetPatientResponse(id=null, firstName=null, lastName=null, trIdNumber=null, birthDate=null, gender=null, bloodType=null, phoneNumber=null, email=null, lastPatientRegistrationTime=null)
2024-10-25 21:11:18.564 [main] TRACE BarcodeController - Exiting scanAndSavePatient method in BarcodeController class
2024-10-25 21:11:18.690 [main] TRACE PatientController - Entering getEmail method in PatientController class
2024-10-25 21:11:18.690 [main] INFO  PatientController - Successfully fetched email for TR ID number: 12345678901
2024-10-25 21:11:18.690 [main] TRACE PatientController - Exiting getEmail method in PatientController class
2024-10-25 21:11:18.705 [main] TRACE PatientController - Entering getPatientById method in PatientController class
2024-10-25 21:11:18.705 [main] INFO  PatientController - Successfully fetched patient with id: 1
2024-10-25 21:11:18.705 [main] TRACE PatientController - Exiting getPatientById method in PatientController class
2024-10-25 21:11:18.705 [main] TRACE PatientController - Entering savePatient method in PatientController class
2024-10-25 21:11:18.705 [main] INFO  PatientController - Successfully saved patient: GetPatientResponse(id=null, firstName=null, lastName=null, trIdNumber=null, birthDate=null, gender=null, bloodType=null, phoneNumber=null, email=null, lastPatientRegistrationTime=null)
2024-10-25 21:11:18.705 [main] TRACE PatientController - Exiting savePatient method in PatientController class
2024-10-25 21:11:18.721 [main] TRACE PatientController - Entering getPatientByTrIdNumber method in PatientController class
2024-10-25 21:11:18.721 [main] INFO  PatientController - Successfully fetched patient with TR ID number: 12345678901
2024-10-25 21:11:18.721 [main] TRACE PatientController - Exiting getPatientByTrIdNumber method in PatientController class
2024-10-25 21:11:18.721 [main] TRACE PatientController - Entering updatePatient method in PatientController class
2024-10-25 21:11:18.721 [main] INFO  PatientController - Successfully updated patient: GetPatientResponse(id=null, firstName=null, lastName=null, trIdNumber=null, birthDate=null, gender=null, bloodType=null, phoneNumber=null, email=null, lastPatientRegistrationTime=null)
2024-10-25 21:11:18.721 [main] TRACE PatientController - Exiting updatePatient method in PatientController class
2024-10-25 21:11:18.721 [main] TRACE PatientController - Entering getChronicDiseasesById method in PatientController class
2024-10-25 21:11:18.721 [main] INFO  PatientController - Successfully fetched chronic diseases for patient id: 1
2024-10-25 21:11:18.721 [main] TRACE PatientController - Exiting getChronicDiseasesById method in PatientController class
2024-10-25 21:11:18.737 [main] TRACE PatientController - Entering isPatientRegistered method in PatientController class
2024-10-25 21:11:18.737 [main] INFO  PatientController - TR ID number check for 12345678901 returned: true
2024-10-25 21:11:18.737 [main] TRACE PatientController - Exiting isPatientRegistered method in PatientController class
2024-10-25 21:11:18.737 [main] TRACE PatientController - Entering deletePatient method in PatientController class
2024-10-25 21:11:18.737 [main] INFO  PatientController - Successfully deleted patient with id: 1
2024-10-25 21:11:18.737 [main] TRACE PatientController - Exiting deletePatient method in PatientController class
2024-10-25 21:11:18.737 [main] TRACE PatientController - Entering restorePatient method in PatientController class
2024-10-25 21:11:18.737 [main] INFO  PatientController - Successfully restored patient with id: 1
2024-10-25 21:11:18.737 [main] TRACE PatientController - Exiting restorePatient method in PatientController class
2024-10-25 21:11:18.752 [main] TRACE PatientController - Entering getAllPatientsFilteredAndSorted method in PatientController class
2024-10-25 21:11:18.752 [main] INFO  PatientController - Received request for filtered and sorted patients with parameters: page=0, size=3, sortBy=id, direction=ASC, firstName=John, lastName=Doe, trIdNumber=12345678901, birthDate=1980-01-01, gender=Male, bloodType=A+, phoneNumber=1234567890, email=john.doe@example.com, chronicDisease=None, lastPatientRegistrationTime=2024-01-01, deleted=false
2024-10-25 21:11:18.752 [main] INFO  PatientController - Successfully fetched filtered and sorted patients.
2024-10-25 21:11:18.752 [main] TRACE PatientController - Exiting getAllPatientsFilteredAndSorted method in PatientController class
2024-10-25 21:11:19.128 [main] TRACE PatientServiceImpl - Entering getPatientById method in PatientServiceImpl
2024-10-25 21:11:19.128 [main] INFO  PatientServiceImpl - Fetching patient by ID: 1
2024-10-25 21:11:19.143 [main] INFO  PatientServiceImpl - Successfully fetched patient by ID: 1
2024-10-25 21:11:19.143 [main] TRACE PatientServiceImpl - Exiting getPatientById method in PatientServiceImpl
2024-10-25 21:11:19.143 [main] TRACE PatientServiceImpl - Entering getChronicDiseasesById method in PatientServiceImpl
2024-10-25 21:11:19.143 [main] INFO  PatientServiceImpl - Fetching chronic diseases by ID: 1
2024-10-25 21:11:19.143 [main] INFO  PatientServiceImpl - Successfully fetched chronic diseases by ID: 1
2024-10-25 21:11:19.143 [main] TRACE PatientServiceImpl - Exiting getChronicDiseasesById method in PatientServiceImpl
2024-10-25 21:11:19.159 [main] TRACE PatientServiceImpl - Entering getPatientByTrIdNumber method in PatientServiceImpl
2024-10-25 21:11:19.159 [main] INFO  PatientServiceImpl - Fetching patient by TR ID number: 12345678901
2024-10-25 21:11:19.159 [main] INFO  PatientServiceImpl - Successfully fetched patient by TR ID number: 12345678901
2024-10-25 21:11:19.159 [main] TRACE PatientServiceImpl - Exiting getPatientByTrIdNumber method in PatientServiceImpl
2024-10-25 21:11:19.159 [main] TRACE PatientServiceImpl - Entering isPatientRegistered method in PatientServiceImpl
2024-10-25 21:11:19.159 [main] INFO  PatientServiceImpl - Checking registration time for patient with TR ID number: 12345678901
2024-10-25 21:11:19.175 [main] INFO  PatientServiceImpl - Patient with TR ID number 12345678901 is registered within the last 6 hours.
2024-10-25 21:11:19.175 [main] TRACE PatientServiceImpl - Exiting isPatientRegistered method in PatientServiceImpl
2024-10-25 21:11:19.190 [main] TRACE PatientServiceImpl - Entering getAllPatientsFilteredAndSorted method in PatientServiceImpl
2024-10-25 21:11:19.190 [main] DEBUG PatientServiceImpl - Fetching all patients with filters: page=0, size=10, sortBy=firstName, direction=ASC, firstName=John, lastName=null, trIdNumber=null, birthDate=null, gender=null, bloodType=null, phoneNumber=null, email=null, chronicDisease=null, lastPatientRegistrationTime=null, deleted=false
2024-10-25 21:11:19.221 [main] INFO  PatientServiceImpl - Successfully fetched patients with filters: page=0, size=10, totalPages=1, totalElements=1
2024-10-25 21:11:19.221 [main] TRACE PatientServiceImpl - Exiting getAllPatientsFilteredAndSorted method in PatientServiceImpl
2024-10-25 21:11:19.238 [main] TRACE PatientServiceImpl - Entering deletePatient method in PatientServiceImpl
2024-10-25 21:11:19.238 [main] INFO  PatientServiceImpl - Deleting patient with ID: 1
2024-10-25 21:11:19.238 [main] ERROR PatientServiceImpl - Patient not found to delete. ID: 1
2024-10-25 21:11:19.238 [main] TRACE PatientServiceImpl - Entering updatePatient method in PatientServiceImpl
2024-10-25 21:11:19.238 [main] INFO  PatientServiceImpl - Updating patient with ID: 1
2024-10-25 21:11:19.254 [main] ERROR PatientServiceImpl - Patient already exists with TR ID number: 98765432101
2024-10-25 21:11:19.255 [main] TRACE PatientServiceImpl - Entering getPatientById method in PatientServiceImpl
2024-10-25 21:11:19.255 [main] INFO  PatientServiceImpl - Fetching patient by ID: 1
2024-10-25 21:11:19.255 [main] ERROR PatientServiceImpl - Patient not found with id: 1
2024-10-25 21:11:19.269 [main] TRACE PatientServiceImpl - Entering restorePatient method in PatientServiceImpl
2024-10-25 21:11:19.269 [main] INFO  PatientServiceImpl - Restoring patient with ID: 1
2024-10-25 21:11:19.269 [main] ERROR PatientServiceImpl - Patient not found to restore. ID: 1
2024-10-25 21:11:19.269 [main] TRACE PatientServiceImpl - Entering isPatientRegistered method in PatientServiceImpl
2024-10-25 21:11:19.269 [main] INFO  PatientServiceImpl - Checking registration time for patient with TR ID number: 12345678901
2024-10-25 21:11:19.269 [main] ERROR PatientServiceImpl - Patient not found with TR ID number 12345678901
2024-10-25 21:11:19.269 [main] TRACE PatientServiceImpl - Entering updatePatient method in PatientServiceImpl
2024-10-25 21:11:19.269 [main] INFO  PatientServiceImpl - Updating patient with ID: 1
2024-10-25 21:11:19.285 [main] ERROR PatientServiceImpl - Patient does not exist with id: 1
2024-10-25 21:11:19.285 [main] TRACE PatientServiceImpl - Entering getPatientByTrIdNumber method in PatientServiceImpl
2024-10-25 21:11:19.285 [main] INFO  PatientServiceImpl - Fetching patient by TR ID number: 12345678901
2024-10-25 21:11:19.285 [main] ERROR PatientServiceImpl - Patient not found with TR ID number: 12345678901
2024-10-25 21:11:19.285 [main] TRACE PatientServiceImpl - Entering deletePatient method in PatientServiceImpl
2024-10-25 21:11:19.285 [main] INFO  PatientServiceImpl - Deleting patient with ID: 1
2024-10-25 21:11:19.300 [main] INFO  PatientServiceImpl - Successfully deleted patient with ID: 1
2024-10-25 21:11:19.300 [main] TRACE PatientServiceImpl - Exiting deletePatient method in PatientServiceImpl
2024-10-25 21:11:19.300 [main] TRACE PatientServiceImpl - Entering isPatientRegistered method in PatientServiceImpl
2024-10-25 21:11:19.300 [main] INFO  PatientServiceImpl - Checking registration time for patient with TR ID number: 12345678901
2024-10-25 21:11:19.300 [main] INFO  PatientServiceImpl - Patient with TR ID number 12345678901 is not registered within the last 6 hours.
2024-10-25 21:11:19.300 [main] TRACE PatientServiceImpl - Exiting isPatientRegistered method in PatientServiceImpl
2024-10-25 21:11:19.300 [main] TRACE PatientServiceImpl - Entering getChronicDiseasesById method in PatientServiceImpl
2024-10-25 21:11:19.300 [main] INFO  PatientServiceImpl - Fetching chronic diseases by ID: 1
2024-10-25 21:11:19.300 [main] WARN  PatientServiceImpl - No chronic diseases found for patient ID: 1
2024-10-25 21:11:19.300 [main] INFO  PatientServiceImpl - Successfully fetched chronic diseases by ID: 1
2024-10-25 21:11:19.300 [main] TRACE PatientServiceImpl - Exiting getChronicDiseasesById method in PatientServiceImpl
2024-10-25 21:11:19.316 [main] TRACE PatientServiceImpl - Entering getEmail method in PatientServiceImpl
2024-10-25 21:11:19.316 [main] INFO  PatientServiceImpl - Fetching email for patient with TR ID number: 12345678901
2024-10-25 21:11:19.316 [main] INFO  PatientServiceImpl - Successfully retrieved email for patient with TR ID number: 12345678901
2024-10-25 21:11:19.316 [main] TRACE PatientServiceImpl - Exiting getEmail method in PatientServiceImpl
2024-10-25 21:11:19.316 [main] TRACE PatientServiceImpl - Entering restorePatient method in PatientServiceImpl
2024-10-25 21:11:19.316 [main] INFO  PatientServiceImpl - Restoring patient with ID: 1
2024-10-25 21:11:19.316 [main] INFO  PatientServiceImpl - Successfully restored patient with ID: 1
2024-10-25 21:11:19.316 [main] TRACE PatientServiceImpl - Exiting restorePatient method in PatientServiceImpl
2024-10-25 21:11:19.316 [main] TRACE PatientServiceImpl - Entering getEmail method in PatientServiceImpl
2024-10-25 21:11:19.316 [main] INFO  PatientServiceImpl - Fetching email for patient with TR ID number: 12345678901
2024-10-25 21:11:19.332 [main] ERROR PatientServiceImpl - Patient not found with TrIdNumber: 12345678901
2024-10-25 21:11:19.332 [main] TRACE PatientServiceImpl - Entering updatePatient method in PatientServiceImpl
2024-10-25 21:11:19.332 [main] INFO  PatientServiceImpl - Updating patient with ID: 1
2024-10-25 21:11:19.332 [main] INFO  PatientServiceImpl - Successfully updated patient with ID: 1
2024-10-25 21:11:19.332 [main] TRACE PatientServiceImpl - Exiting updatePatient method in PatientServiceImpl
2024-10-25 21:11:19.347 [main] TRACE PatientServiceImpl - Entering savePatient method in PatientServiceImpl
2024-10-25 21:11:19.347 [main] INFO  PatientServiceImpl - Saving patient with TR ID number: 12345678901
2024-10-25 21:11:19.347 [main] INFO  PatientServiceImpl - New patient created with TR ID number: 12345678901
2024-10-25 21:11:19.347 [main] INFO  PatientServiceImpl - Successfully saved patient with ID: null
2024-10-25 21:11:19.347 [main] TRACE PatientServiceImpl - Exiting savePatient method in PatientServiceImpl
2024-10-25 21:11:19.347 [main] TRACE PatientServiceImpl - Entering savePatient method in PatientServiceImpl
2024-10-25 21:11:19.347 [main] INFO  PatientServiceImpl - Saving patient with TR ID number: 12345678901
2024-10-25 21:11:19.347 [main] DEBUG PatientServiceImpl - Patient already exists. Updating registration time for TR ID number: 12345678901
2024-10-25 21:11:19.347 [main] INFO  PatientServiceImpl - Successfully saved patient with ID: null
2024-10-25 21:11:19.347 [main] TRACE PatientServiceImpl - Exiting savePatient method in PatientServiceImpl
