2025-01-24 20:52:23.361 [main] TRACE BarcodeController - Entering generateBarcodeForPatient method in BarcodeController class
2025-01-24 20:52:23.369 [main] DEBUG BarcodeController - Received request to generate barcode for TR ID number: 12345678901
2025-01-24 20:52:23.383 [main] DEBUG BarcodeController - Barcode generated successfully for TR ID number: 12345678901
2025-01-24 20:52:23.384 [main] TRACE BarcodeController - Exiting generateBarcodeForPatient method in BarcodeController class
2025-01-24 20:52:23.434 [main] TRACE BarcodeController - Entering scanAndSavePatient method in BarcodeController class
2025-01-24 20:52:23.434 [main] INFO  BarcodeController - Received request to scan and fetch patient.
2025-01-24 20:52:23.435 [main] INFO  BarcodeController - Successfully fetched patient: GetPatientResponse(id=null, firstName=null, lastName=null, trIdNumber=null, birthDate=null, gender=null, bloodType=null, phoneNumber=null, email=null, lastPatientRegistrationTime=null)
2025-01-24 20:52:23.443 [main] TRACE BarcodeController - Exiting scanAndSavePatient method in BarcodeController class
2025-01-24 20:52:23.514 [main] TRACE PatientController - Entering getEmail method in PatientController class
2025-01-24 20:52:23.515 [main] INFO  PatientController - Successfully fetched email for TR ID number: 12345678901
2025-01-24 20:52:23.515 [main] TRACE PatientController - Exiting getEmail method in PatientController class
2025-01-24 20:52:23.520 [main] TRACE PatientController - Entering getPatientById method in PatientController class
2025-01-24 20:52:23.520 [main] INFO  PatientController - Successfully fetched patient with id: 1
2025-01-24 20:52:23.521 [main] TRACE PatientController - Exiting getPatientById method in PatientController class
2025-01-24 20:52:23.525 [main] TRACE PatientController - Entering savePatient method in PatientController class
2025-01-24 20:52:23.525 [main] INFO  PatientController - Successfully saved patient: GetPatientResponse(id=null, firstName=null, lastName=null, trIdNumber=null, birthDate=null, gender=null, bloodType=null, phoneNumber=null, email=null, lastPatientRegistrationTime=null)
2025-01-24 20:52:23.526 [main] TRACE PatientController - Exiting savePatient method in PatientController class
2025-01-24 20:52:23.530 [main] TRACE PatientController - Entering getPatientByTrIdNumber method in PatientController class
2025-01-24 20:52:23.531 [main] INFO  PatientController - Successfully fetched patient with TR ID number: 12345678901
2025-01-24 20:52:23.531 [main] TRACE PatientController - Exiting getPatientByTrIdNumber method in PatientController class
2025-01-24 20:52:23.535 [main] TRACE PatientController - Entering updatePatient method in PatientController class
2025-01-24 20:52:23.536 [main] INFO  PatientController - Successfully updated patient: GetPatientResponse(id=null, firstName=null, lastName=null, trIdNumber=null, birthDate=null, gender=null, bloodType=null, phoneNumber=null, email=null, lastPatientRegistrationTime=null)
2025-01-24 20:52:23.536 [main] TRACE PatientController - Exiting updatePatient method in PatientController class
2025-01-24 20:52:23.539 [main] TRACE PatientController - Entering getChronicDiseasesById method in PatientController class
2025-01-24 20:52:23.540 [main] INFO  PatientController - Successfully fetched chronic diseases for patient id: 1
2025-01-24 20:52:23.540 [main] TRACE PatientController - Exiting getChronicDiseasesById method in PatientController class
2025-01-24 20:52:23.544 [main] TRACE PatientController - Entering isPatientRegistered method in PatientController class
2025-01-24 20:52:23.544 [main] INFO  PatientController - TR ID number check for 12345678901 returned: true
2025-01-24 20:52:23.544 [main] TRACE PatientController - Exiting isPatientRegistered method in PatientController class
2025-01-24 20:52:23.548 [main] TRACE PatientController - Entering deletePatient method in PatientController class
2025-01-24 20:52:23.549 [main] INFO  PatientController - Successfully deleted patient with id: 1
2025-01-24 20:52:23.549 [main] TRACE PatientController - Exiting deletePatient method in PatientController class
2025-01-24 20:52:23.553 [main] TRACE PatientController - Entering restorePatient method in PatientController class
2025-01-24 20:52:23.554 [main] INFO  PatientController - Successfully restored patient with id: 1
2025-01-24 20:52:23.554 [main] TRACE PatientController - Exiting restorePatient method in PatientController class
2025-01-24 20:52:23.560 [main] TRACE PatientController - Entering getAllPatientsFilteredAndSorted method in PatientController class
2025-01-24 20:52:23.560 [main] INFO  PatientController - Received request for filtered and sorted patients with parameters: page=0, size=3, sortBy=id, direction=ASC, firstName=John, lastName=Doe, trIdNumber=12345678901, birthDate=1980-01-01, gender=Male, bloodType=A+, phoneNumber=1234567890, email=john.doe@example.com, chronicDisease=None, lastPatientRegistrationTime=2024-01-01, deleted=false
2025-01-24 20:52:23.561 [main] INFO  PatientController - Successfully fetched filtered and sorted patients.
2025-01-24 20:52:23.561 [main] TRACE PatientController - Exiting getAllPatientsFilteredAndSorted method in PatientController class
2025-01-24 20:52:23.832 [main] TRACE PatientServiceImpl - Entering getPatientById method in PatientServiceImpl
2025-01-24 20:52:23.833 [main] INFO  PatientServiceImpl - Fetching patient by ID: 1
2025-01-24 20:52:23.837 [main] INFO  PatientServiceImpl - Successfully fetched patient by ID: 1
2025-01-24 20:52:23.838 [main] TRACE PatientServiceImpl - Exiting getPatientById method in PatientServiceImpl
2025-01-24 20:52:23.847 [main] TRACE PatientServiceImpl - Entering getChronicDiseasesById method in PatientServiceImpl
2025-01-24 20:52:23.847 [main] INFO  PatientServiceImpl - Fetching chronic diseases by ID: 1
2025-01-24 20:52:23.848 [main] INFO  PatientServiceImpl - Successfully fetched chronic diseases by ID: 1
2025-01-24 20:52:23.848 [main] TRACE PatientServiceImpl - Exiting getChronicDiseasesById method in PatientServiceImpl
2025-01-24 20:52:23.854 [main] TRACE PatientServiceImpl - Entering getPatientByTrIdNumber method in PatientServiceImpl
2025-01-24 20:52:23.855 [main] INFO  PatientServiceImpl - Fetching patient by TR ID number: 12345678901
2025-01-24 20:52:23.856 [main] INFO  PatientServiceImpl - Successfully fetched patient by TR ID number: 12345678901
2025-01-24 20:52:23.857 [main] TRACE PatientServiceImpl - Exiting getPatientByTrIdNumber method in PatientServiceImpl
2025-01-24 20:52:23.861 [main] TRACE PatientServiceImpl - Entering isPatientRegistered method in PatientServiceImpl
2025-01-24 20:52:23.862 [main] INFO  PatientServiceImpl - Checking registration time for patient with TR ID number: 12345678901
2025-01-24 20:52:23.863 [main] INFO  PatientServiceImpl - Patient with TR ID number 12345678901 is registered within the last 6 hours.
2025-01-24 20:52:23.863 [main] TRACE PatientServiceImpl - Exiting isPatientRegistered method in PatientServiceImpl
2025-01-24 20:52:23.881 [main] TRACE PatientServiceImpl - Entering getAllPatientsFilteredAndSorted method in PatientServiceImpl
2025-01-24 20:52:23.882 [main] DEBUG PatientServiceImpl - Fetching all patients with filters: page=0, size=10, sortBy=firstName, direction=ASC, firstName=John, lastName=null, trIdNumber=null, birthDate=null, gender=null, bloodType=null, phoneNumber=null, email=null, chronicDisease=null, lastPatientRegistrationTime=null, deleted=false
2025-01-24 20:52:23.900 [main] INFO  PatientServiceImpl - Successfully fetched patients with filters: page=0, size=10, totalPages=1, totalElements=1
2025-01-24 20:52:23.901 [main] TRACE PatientServiceImpl - Exiting getAllPatientsFilteredAndSorted method in PatientServiceImpl
2025-01-24 20:52:23.908 [main] TRACE PatientServiceImpl - Entering deletePatient method in PatientServiceImpl
2025-01-24 20:52:23.908 [main] INFO  PatientServiceImpl - Deleting patient with ID: 1
2025-01-24 20:52:23.909 [main] ERROR PatientServiceImpl - Patient not found to delete. ID: 1
2025-01-24 20:52:23.915 [main] TRACE PatientServiceImpl - Entering updatePatient method in PatientServiceImpl
2025-01-24 20:52:23.915 [main] INFO  PatientServiceImpl - Updating patient with ID: 1
2025-01-24 20:52:23.916 [main] ERROR PatientServiceImpl - Patient already exists with TR ID number: 98765432101
2025-01-24 20:52:23.922 [main] TRACE PatientServiceImpl - Entering getPatientById method in PatientServiceImpl
2025-01-24 20:52:23.922 [main] INFO  PatientServiceImpl - Fetching patient by ID: 1
2025-01-24 20:52:23.922 [main] ERROR PatientServiceImpl - Patient not found with id: 1
2025-01-24 20:52:23.928 [main] TRACE PatientServiceImpl - Entering restorePatient method in PatientServiceImpl
2025-01-24 20:52:23.928 [main] INFO  PatientServiceImpl - Restoring patient with ID: 1
2025-01-24 20:52:23.929 [main] ERROR PatientServiceImpl - Patient not found to restore. ID: 1
2025-01-24 20:52:23.933 [main] TRACE PatientServiceImpl - Entering isPatientRegistered method in PatientServiceImpl
2025-01-24 20:52:23.933 [main] INFO  PatientServiceImpl - Checking registration time for patient with TR ID number: 12345678901
2025-01-24 20:52:23.934 [main] ERROR PatientServiceImpl - Patient not found with TR ID number 12345678901
2025-01-24 20:52:23.940 [main] TRACE PatientServiceImpl - Entering updatePatient method in PatientServiceImpl
2025-01-24 20:52:23.940 [main] INFO  PatientServiceImpl - Updating patient with ID: 1
2025-01-24 20:52:23.940 [main] ERROR PatientServiceImpl - Patient does not exist with id: 1
2025-01-24 20:52:23.944 [main] TRACE PatientServiceImpl - Entering getPatientByTrIdNumber method in PatientServiceImpl
2025-01-24 20:52:23.945 [main] INFO  PatientServiceImpl - Fetching patient by TR ID number: 12345678901
2025-01-24 20:52:23.945 [main] ERROR PatientServiceImpl - Patient not found with TR ID number: 12345678901
2025-01-24 20:52:23.951 [main] TRACE PatientServiceImpl - Entering deletePatient method in PatientServiceImpl
2025-01-24 20:52:23.952 [main] INFO  PatientServiceImpl - Deleting patient with ID: 1
2025-01-24 20:52:23.952 [main] INFO  PatientServiceImpl - Successfully deleted patient with ID: 1
2025-01-24 20:52:23.952 [main] TRACE PatientServiceImpl - Exiting deletePatient method in PatientServiceImpl
2025-01-24 20:52:23.956 [main] TRACE PatientServiceImpl - Entering isPatientRegistered method in PatientServiceImpl
2025-01-24 20:52:23.957 [main] INFO  PatientServiceImpl - Checking registration time for patient with TR ID number: 12345678901
2025-01-24 20:52:23.957 [main] INFO  PatientServiceImpl - Patient with TR ID number 12345678901 is not registered within the last 6 hours.
2025-01-24 20:52:23.957 [main] TRACE PatientServiceImpl - Exiting isPatientRegistered method in PatientServiceImpl
2025-01-24 20:52:23.963 [main] TRACE PatientServiceImpl - Entering getChronicDiseasesById method in PatientServiceImpl
2025-01-24 20:52:23.963 [main] INFO  PatientServiceImpl - Fetching chronic diseases by ID: 1
2025-01-24 20:52:23.964 [main] WARN  PatientServiceImpl - No chronic diseases found for patient ID: 1
2025-01-24 20:52:23.964 [main] INFO  PatientServiceImpl - Successfully fetched chronic diseases by ID: 1
2025-01-24 20:52:23.964 [main] TRACE PatientServiceImpl - Exiting getChronicDiseasesById method in PatientServiceImpl
2025-01-24 20:52:23.967 [main] TRACE PatientServiceImpl - Entering getEmail method in PatientServiceImpl
2025-01-24 20:52:23.968 [main] INFO  PatientServiceImpl - Fetching email for patient with TR ID number: 12345678901
2025-01-24 20:52:23.968 [main] INFO  PatientServiceImpl - Successfully retrieved email for patient with TR ID number: 12345678901
2025-01-24 20:52:23.968 [main] TRACE PatientServiceImpl - Exiting getEmail method in PatientServiceImpl
2025-01-24 20:52:23.972 [main] TRACE PatientServiceImpl - Entering restorePatient method in PatientServiceImpl
2025-01-24 20:52:23.973 [main] INFO  PatientServiceImpl - Restoring patient with ID: 1
2025-01-24 20:52:23.973 [main] INFO  PatientServiceImpl - Successfully restored patient with ID: 1
2025-01-24 20:52:23.973 [main] TRACE PatientServiceImpl - Exiting restorePatient method in PatientServiceImpl
2025-01-24 20:52:23.977 [main] TRACE PatientServiceImpl - Entering getEmail method in PatientServiceImpl
2025-01-24 20:52:23.978 [main] INFO  PatientServiceImpl - Fetching email for patient with TR ID number: 12345678901
2025-01-24 20:52:23.978 [main] ERROR PatientServiceImpl - Patient not found with TrIdNumber: 12345678901
2025-01-24 20:52:23.982 [main] TRACE PatientServiceImpl - Entering updatePatient method in PatientServiceImpl
2025-01-24 20:52:23.983 [main] INFO  PatientServiceImpl - Updating patient with ID: 1
2025-01-24 20:52:23.987 [main] INFO  PatientServiceImpl - Successfully updated patient with ID: 1
2025-01-24 20:52:23.988 [main] TRACE PatientServiceImpl - Exiting updatePatient method in PatientServiceImpl
2025-01-24 20:52:23.992 [main] TRACE PatientServiceImpl - Entering savePatient method in PatientServiceImpl
2025-01-24 20:52:23.992 [main] INFO  PatientServiceImpl - Saving patient with TR ID number: 12345678901
2025-01-24 20:52:23.992 [main] INFO  PatientServiceImpl - New patient created with TR ID number: 12345678901
2025-01-24 20:52:23.993 [main] INFO  PatientServiceImpl - Successfully saved patient with ID: null
2025-01-24 20:52:23.993 [main] TRACE PatientServiceImpl - Exiting savePatient method in PatientServiceImpl
2025-01-24 20:52:23.996 [main] TRACE PatientServiceImpl - Entering savePatient method in PatientServiceImpl
2025-01-24 20:52:23.997 [main] INFO  PatientServiceImpl - Saving patient with TR ID number: 12345678901
2025-01-24 20:52:23.997 [main] DEBUG PatientServiceImpl - Patient already exists. Updating registration time for TR ID number: 12345678901
2025-01-24 20:52:23.997 [main] INFO  PatientServiceImpl - Successfully saved patient with ID: null
2025-01-24 20:52:23.997 [main] TRACE PatientServiceImpl - Exiting savePatient method in PatientServiceImpl
2025-01-24 21:01:02.573 [main] TRACE BarcodeController - Entering generateBarcodeForPatient method in BarcodeController class
2025-01-24 21:01:02.584 [main] DEBUG BarcodeController - Received request to generate barcode for TR ID number: 12345678901
2025-01-24 21:01:02.623 [main] DEBUG BarcodeController - Barcode generated successfully for TR ID number: 12345678901
2025-01-24 21:01:02.624 [main] TRACE BarcodeController - Exiting generateBarcodeForPatient method in BarcodeController class
2025-01-24 21:01:02.717 [main] TRACE BarcodeController - Entering scanAndSavePatient method in BarcodeController class
2025-01-24 21:01:02.717 [main] INFO  BarcodeController - Received request to scan and fetch patient.
2025-01-24 21:01:02.718 [main] INFO  BarcodeController - Successfully fetched patient: GetPatientResponse(id=null, firstName=null, lastName=null, trIdNumber=null, birthDate=null, gender=null, bloodType=null, phoneNumber=null, email=null, lastPatientRegistrationTime=null)
2025-01-24 21:01:02.733 [main] TRACE BarcodeController - Exiting scanAndSavePatient method in BarcodeController class
2025-01-24 21:01:02.878 [main] TRACE PatientController - Entering getEmail method in PatientController class
2025-01-24 21:01:02.879 [main] INFO  PatientController - Successfully fetched email for TR ID number: 12345678901
2025-01-24 21:01:02.879 [main] TRACE PatientController - Exiting getEmail method in PatientController class
2025-01-24 21:01:02.884 [main] TRACE PatientController - Entering getPatientById method in PatientController class
2025-01-24 21:01:02.885 [main] INFO  PatientController - Successfully fetched patient with id: 1
2025-01-24 21:01:02.885 [main] TRACE PatientController - Exiting getPatientById method in PatientController class
2025-01-24 21:01:02.890 [main] TRACE PatientController - Entering savePatient method in PatientController class
2025-01-24 21:01:02.891 [main] INFO  PatientController - Successfully saved patient: GetPatientResponse(id=null, firstName=null, lastName=null, trIdNumber=null, birthDate=null, gender=null, bloodType=null, phoneNumber=null, email=null, lastPatientRegistrationTime=null)
2025-01-24 21:01:02.891 [main] TRACE PatientController - Exiting savePatient method in PatientController class
2025-01-24 21:01:02.897 [main] TRACE PatientController - Entering getPatientByTrIdNumber method in PatientController class
2025-01-24 21:01:02.898 [main] INFO  PatientController - Successfully fetched patient with TR ID number: 12345678901
2025-01-24 21:01:02.898 [main] TRACE PatientController - Exiting getPatientByTrIdNumber method in PatientController class
2025-01-24 21:01:02.902 [main] TRACE PatientController - Entering updatePatient method in PatientController class
2025-01-24 21:01:02.903 [main] INFO  PatientController - Successfully updated patient: GetPatientResponse(id=null, firstName=null, lastName=null, trIdNumber=null, birthDate=null, gender=null, bloodType=null, phoneNumber=null, email=null, lastPatientRegistrationTime=null)
2025-01-24 21:01:02.903 [main] TRACE PatientController - Exiting updatePatient method in PatientController class
2025-01-24 21:01:02.908 [main] TRACE PatientController - Entering getChronicDiseasesById method in PatientController class
2025-01-24 21:01:02.908 [main] INFO  PatientController - Successfully fetched chronic diseases for patient id: 1
2025-01-24 21:01:02.910 [main] TRACE PatientController - Exiting getChronicDiseasesById method in PatientController class
2025-01-24 21:01:02.915 [main] TRACE PatientController - Entering isPatientRegistered method in PatientController class
2025-01-24 21:01:02.915 [main] INFO  PatientController - TR ID number check for 12345678901 returned: true
2025-01-24 21:01:02.916 [main] TRACE PatientController - Exiting isPatientRegistered method in PatientController class
2025-01-24 21:01:02.919 [main] TRACE PatientController - Entering deletePatient method in PatientController class
2025-01-24 21:01:02.920 [main] INFO  PatientController - Successfully deleted patient with id: 1
2025-01-24 21:01:02.920 [main] TRACE PatientController - Exiting deletePatient method in PatientController class
2025-01-24 21:01:02.929 [main] TRACE PatientController - Entering restorePatient method in PatientController class
2025-01-24 21:01:02.929 [main] INFO  PatientController - Successfully restored patient with id: 1
2025-01-24 21:01:02.929 [main] TRACE PatientController - Exiting restorePatient method in PatientController class
2025-01-24 21:01:02.936 [main] TRACE PatientController - Entering getAllPatientsFilteredAndSorted method in PatientController class
2025-01-24 21:01:02.937 [main] INFO  PatientController - Received request for filtered and sorted patients with parameters: page=0, size=3, sortBy=id, direction=ASC, firstName=John, lastName=Doe, trIdNumber=12345678901, birthDate=1980-01-01, gender=Male, bloodType=A+, phoneNumber=1234567890, email=john.doe@example.com, chronicDisease=None, lastPatientRegistrationTime=2024-01-01, deleted=false
2025-01-24 21:01:02.937 [main] INFO  PatientController - Successfully fetched filtered and sorted patients.
2025-01-24 21:01:02.938 [main] TRACE PatientController - Exiting getAllPatientsFilteredAndSorted method in PatientController class
2025-01-24 21:01:03.392 [main] TRACE PatientServiceImpl - Entering getPatientById method in PatientServiceImpl
2025-01-24 21:01:03.392 [main] INFO  PatientServiceImpl - Fetching patient by ID: 1
2025-01-24 21:01:03.395 [main] INFO  PatientServiceImpl - Successfully fetched patient by ID: 1
2025-01-24 21:01:03.395 [main] TRACE PatientServiceImpl - Exiting getPatientById method in PatientServiceImpl
2025-01-24 21:01:03.402 [main] TRACE PatientServiceImpl - Entering getChronicDiseasesById method in PatientServiceImpl
2025-01-24 21:01:03.405 [main] INFO  PatientServiceImpl - Fetching chronic diseases by ID: 1
2025-01-24 21:01:03.410 [main] INFO  PatientServiceImpl - Successfully fetched chronic diseases by ID: 1
2025-01-24 21:01:03.410 [main] TRACE PatientServiceImpl - Exiting getChronicDiseasesById method in PatientServiceImpl
2025-01-24 21:01:03.417 [main] TRACE PatientServiceImpl - Entering getPatientByTrIdNumber method in PatientServiceImpl
2025-01-24 21:01:03.418 [main] INFO  PatientServiceImpl - Fetching patient by TR ID number: 12345678901
2025-01-24 21:01:03.418 [main] INFO  PatientServiceImpl - Successfully fetched patient by TR ID number: 12345678901
2025-01-24 21:01:03.419 [main] TRACE PatientServiceImpl - Exiting getPatientByTrIdNumber method in PatientServiceImpl
2025-01-24 21:01:03.425 [main] TRACE PatientServiceImpl - Entering isPatientRegistered method in PatientServiceImpl
2025-01-24 21:01:03.425 [main] INFO  PatientServiceImpl - Checking registration time for patient with TR ID number: 12345678901
2025-01-24 21:01:03.426 [main] INFO  PatientServiceImpl - Patient with TR ID number 12345678901 is registered within the last 6 hours.
2025-01-24 21:01:03.427 [main] TRACE PatientServiceImpl - Exiting isPatientRegistered method in PatientServiceImpl
2025-01-24 21:01:03.456 [main] TRACE PatientServiceImpl - Entering getAllPatientsFilteredAndSorted method in PatientServiceImpl
2025-01-24 21:01:03.456 [main] DEBUG PatientServiceImpl - Fetching all patients with filters: page=0, size=10, sortBy=firstName, direction=ASC, firstName=John, lastName=null, trIdNumber=null, birthDate=null, gender=null, bloodType=null, phoneNumber=null, email=null, chronicDisease=null, lastPatientRegistrationTime=null, deleted=false
2025-01-24 21:01:03.485 [main] INFO  PatientServiceImpl - Successfully fetched patients with filters: page=0, size=10, totalPages=1, totalElements=1
2025-01-24 21:01:03.487 [main] TRACE PatientServiceImpl - Exiting getAllPatientsFilteredAndSorted method in PatientServiceImpl
2025-01-24 21:01:03.500 [main] TRACE PatientServiceImpl - Entering deletePatient method in PatientServiceImpl
2025-01-24 21:01:03.501 [main] INFO  PatientServiceImpl - Deleting patient with ID: 1
2025-01-24 21:01:03.502 [main] ERROR PatientServiceImpl - Patient not found to delete. ID: 1
2025-01-24 21:01:03.507 [main] TRACE PatientServiceImpl - Entering updatePatient method in PatientServiceImpl
2025-01-24 21:01:03.508 [main] INFO  PatientServiceImpl - Updating patient with ID: 1
2025-01-24 21:01:03.508 [main] ERROR PatientServiceImpl - Patient already exists with TR ID number: 98765432101
2025-01-24 21:01:03.525 [main] TRACE PatientServiceImpl - Entering getPatientById method in PatientServiceImpl
2025-01-24 21:01:03.525 [main] INFO  PatientServiceImpl - Fetching patient by ID: 1
2025-01-24 21:01:03.526 [main] ERROR PatientServiceImpl - Patient not found with id: 1
2025-01-24 21:01:03.540 [main] TRACE PatientServiceImpl - Entering restorePatient method in PatientServiceImpl
2025-01-24 21:01:03.540 [main] INFO  PatientServiceImpl - Restoring patient with ID: 1
2025-01-24 21:01:03.542 [main] ERROR PatientServiceImpl - Patient not found to restore. ID: 1
2025-01-24 21:01:03.548 [main] TRACE PatientServiceImpl - Entering isPatientRegistered method in PatientServiceImpl
2025-01-24 21:01:03.549 [main] INFO  PatientServiceImpl - Checking registration time for patient with TR ID number: 12345678901
2025-01-24 21:01:03.549 [main] ERROR PatientServiceImpl - Patient not found with TR ID number 12345678901
2025-01-24 21:01:03.554 [main] TRACE PatientServiceImpl - Entering updatePatient method in PatientServiceImpl
2025-01-24 21:01:03.555 [main] INFO  PatientServiceImpl - Updating patient with ID: 1
2025-01-24 21:01:03.555 [main] ERROR PatientServiceImpl - Patient does not exist with id: 1
2025-01-24 21:01:03.561 [main] TRACE PatientServiceImpl - Entering getPatientByTrIdNumber method in PatientServiceImpl
2025-01-24 21:01:03.562 [main] INFO  PatientServiceImpl - Fetching patient by TR ID number: 12345678901
2025-01-24 21:01:03.562 [main] ERROR PatientServiceImpl - Patient not found with TR ID number: 12345678901
2025-01-24 21:01:03.571 [main] TRACE PatientServiceImpl - Entering deletePatient method in PatientServiceImpl
2025-01-24 21:01:03.571 [main] INFO  PatientServiceImpl - Deleting patient with ID: 1
2025-01-24 21:01:03.572 [main] INFO  PatientServiceImpl - Successfully deleted patient with ID: 1
2025-01-24 21:01:03.572 [main] TRACE PatientServiceImpl - Exiting deletePatient method in PatientServiceImpl
2025-01-24 21:01:03.577 [main] TRACE PatientServiceImpl - Entering isPatientRegistered method in PatientServiceImpl
2025-01-24 21:01:03.579 [main] INFO  PatientServiceImpl - Checking registration time for patient with TR ID number: 12345678901
2025-01-24 21:01:03.579 [main] INFO  PatientServiceImpl - Patient with TR ID number 12345678901 is not registered within the last 6 hours.
2025-01-24 21:01:03.579 [main] TRACE PatientServiceImpl - Exiting isPatientRegistered method in PatientServiceImpl
2025-01-24 21:01:03.585 [main] TRACE PatientServiceImpl - Entering getChronicDiseasesById method in PatientServiceImpl
2025-01-24 21:01:03.586 [main] INFO  PatientServiceImpl - Fetching chronic diseases by ID: 1
2025-01-24 21:01:03.586 [main] WARN  PatientServiceImpl - No chronic diseases found for patient ID: 1
2025-01-24 21:01:03.586 [main] INFO  PatientServiceImpl - Successfully fetched chronic diseases by ID: 1
2025-01-24 21:01:03.586 [main] TRACE PatientServiceImpl - Exiting getChronicDiseasesById method in PatientServiceImpl
2025-01-24 21:01:03.592 [main] TRACE PatientServiceImpl - Entering getEmail method in PatientServiceImpl
2025-01-24 21:01:03.592 [main] INFO  PatientServiceImpl - Fetching email for patient with TR ID number: 12345678901
2025-01-24 21:01:03.593 [main] INFO  PatientServiceImpl - Successfully retrieved email for patient with TR ID number: 12345678901
2025-01-24 21:01:03.593 [main] TRACE PatientServiceImpl - Exiting getEmail method in PatientServiceImpl
2025-01-24 21:01:03.600 [main] TRACE PatientServiceImpl - Entering restorePatient method in PatientServiceImpl
2025-01-24 21:01:03.601 [main] INFO  PatientServiceImpl - Restoring patient with ID: 1
2025-01-24 21:01:03.601 [main] INFO  PatientServiceImpl - Successfully restored patient with ID: 1
2025-01-24 21:01:03.601 [main] TRACE PatientServiceImpl - Exiting restorePatient method in PatientServiceImpl
2025-01-24 21:01:03.607 [main] TRACE PatientServiceImpl - Entering getEmail method in PatientServiceImpl
2025-01-24 21:01:03.608 [main] INFO  PatientServiceImpl - Fetching email for patient with TR ID number: 12345678901
2025-01-24 21:01:03.609 [main] ERROR PatientServiceImpl - Patient not found with TrIdNumber: 12345678901
2025-01-24 21:01:03.614 [main] TRACE PatientServiceImpl - Entering updatePatient method in PatientServiceImpl
2025-01-24 21:01:03.614 [main] INFO  PatientServiceImpl - Updating patient with ID: 1
2025-01-24 21:01:03.622 [main] INFO  PatientServiceImpl - Successfully updated patient with ID: 1
2025-01-24 21:01:03.623 [main] TRACE PatientServiceImpl - Exiting updatePatient method in PatientServiceImpl
2025-01-24 21:01:03.631 [main] TRACE PatientServiceImpl - Entering savePatient method in PatientServiceImpl
2025-01-24 21:01:03.631 [main] INFO  PatientServiceImpl - Saving patient with TR ID number: 12345678901
2025-01-24 21:01:03.632 [main] INFO  PatientServiceImpl - New patient created with TR ID number: 12345678901
2025-01-24 21:01:03.632 [main] INFO  PatientServiceImpl - Successfully saved patient with ID: null
2025-01-24 21:01:03.632 [main] TRACE PatientServiceImpl - Exiting savePatient method in PatientServiceImpl
2025-01-24 21:01:03.638 [main] TRACE PatientServiceImpl - Entering savePatient method in PatientServiceImpl
2025-01-24 21:01:03.638 [main] INFO  PatientServiceImpl - Saving patient with TR ID number: 12345678901
2025-01-24 21:01:03.639 [main] DEBUG PatientServiceImpl - Patient already exists. Updating registration time for TR ID number: 12345678901
2025-01-24 21:01:03.639 [main] INFO  PatientServiceImpl - Successfully saved patient with ID: null
2025-01-24 21:01:03.639 [main] TRACE PatientServiceImpl - Exiting savePatient method in PatientServiceImpl
2025-01-24 22:55:15.100 [main] TRACE BarcodeController - Entering generateBarcodeForPatient method in BarcodeController class
2025-01-24 22:55:15.108 [main] DEBUG BarcodeController - Received request to generate barcode for TR ID number: 12345678901
2025-01-24 22:55:15.123 [main] DEBUG BarcodeController - Barcode generated successfully for TR ID number: 12345678901
2025-01-24 22:55:15.123 [main] TRACE BarcodeController - Exiting generateBarcodeForPatient method in BarcodeController class
2025-01-24 22:55:15.161 [main] TRACE BarcodeController - Entering scanAndSavePatient method in BarcodeController class
2025-01-24 22:55:15.161 [main] INFO  BarcodeController - Received request to scan and fetch patient.
2025-01-24 22:55:15.161 [main] INFO  BarcodeController - Successfully fetched patient: GetPatientResponse(id=null, firstName=null, lastName=null, trIdNumber=null, birthDate=null, gender=null, bloodType=null, phoneNumber=null, email=null, lastPatientRegistrationTime=null)
2025-01-24 22:55:15.169 [main] TRACE BarcodeController - Exiting scanAndSavePatient method in BarcodeController class
2025-01-24 22:55:15.235 [main] TRACE PatientController - Entering getEmail method in PatientController class
2025-01-24 22:55:15.236 [main] INFO  PatientController - Successfully fetched email for TR ID number: 12345678901
2025-01-24 22:55:15.236 [main] TRACE PatientController - Exiting getEmail method in PatientController class
2025-01-24 22:55:15.240 [main] TRACE PatientController - Entering getPatientById method in PatientController class
2025-01-24 22:55:15.241 [main] INFO  PatientController - Successfully fetched patient with id: 1
2025-01-24 22:55:15.241 [main] TRACE PatientController - Exiting getPatientById method in PatientController class
2025-01-24 22:55:15.245 [main] TRACE PatientController - Entering savePatient method in PatientController class
2025-01-24 22:55:15.246 [main] INFO  PatientController - Successfully saved patient: GetPatientResponse(id=null, firstName=null, lastName=null, trIdNumber=null, birthDate=null, gender=null, bloodType=null, phoneNumber=null, email=null, lastPatientRegistrationTime=null)
2025-01-24 22:55:15.246 [main] TRACE PatientController - Exiting savePatient method in PatientController class
2025-01-24 22:55:15.251 [main] TRACE PatientController - Entering getPatientByTrIdNumber method in PatientController class
2025-01-24 22:55:15.252 [main] INFO  PatientController - Successfully fetched patient with TR ID number: 12345678901
2025-01-24 22:55:15.252 [main] TRACE PatientController - Exiting getPatientByTrIdNumber method in PatientController class
2025-01-24 22:55:15.257 [main] TRACE PatientController - Entering updatePatient method in PatientController class
2025-01-24 22:55:15.257 [main] INFO  PatientController - Successfully updated patient: GetPatientResponse(id=null, firstName=null, lastName=null, trIdNumber=null, birthDate=null, gender=null, bloodType=null, phoneNumber=null, email=null, lastPatientRegistrationTime=null)
2025-01-24 22:55:15.257 [main] TRACE PatientController - Exiting updatePatient method in PatientController class
2025-01-24 22:55:15.261 [main] TRACE PatientController - Entering getChronicDiseasesById method in PatientController class
2025-01-24 22:55:15.261 [main] INFO  PatientController - Successfully fetched chronic diseases for patient id: 1
2025-01-24 22:55:15.261 [main] TRACE PatientController - Exiting getChronicDiseasesById method in PatientController class
2025-01-24 22:55:15.264 [main] TRACE PatientController - Entering isPatientRegistered method in PatientController class
2025-01-24 22:55:15.265 [main] INFO  PatientController - TR ID number check for 12345678901 returned: true
2025-01-24 22:55:15.265 [main] TRACE PatientController - Exiting isPatientRegistered method in PatientController class
2025-01-24 22:55:15.268 [main] TRACE PatientController - Entering deletePatient method in PatientController class
2025-01-24 22:55:15.268 [main] INFO  PatientController - Successfully deleted patient with id: 1
2025-01-24 22:55:15.269 [main] TRACE PatientController - Exiting deletePatient method in PatientController class
2025-01-24 22:55:15.272 [main] TRACE PatientController - Entering restorePatient method in PatientController class
2025-01-24 22:55:15.272 [main] INFO  PatientController - Successfully restored patient with id: 1
2025-01-24 22:55:15.272 [main] TRACE PatientController - Exiting restorePatient method in PatientController class
2025-01-24 22:55:15.278 [main] TRACE PatientController - Entering getAllPatientsFilteredAndSorted method in PatientController class
2025-01-24 22:55:15.279 [main] INFO  PatientController - Received request for filtered and sorted patients with parameters: page=0, size=3, sortBy=id, direction=ASC, firstName=John, lastName=Doe, trIdNumber=12345678901, birthDate=1980-01-01, gender=Male, bloodType=A+, phoneNumber=1234567890, email=john.doe@example.com, chronicDisease=None, lastPatientRegistrationTime=2024-01-01, deleted=false
2025-01-24 22:55:15.279 [main] INFO  PatientController - Successfully fetched filtered and sorted patients.
2025-01-24 22:55:15.279 [main] TRACE PatientController - Exiting getAllPatientsFilteredAndSorted method in PatientController class
2025-01-24 22:55:15.521 [main] TRACE PatientServiceImpl - Entering getPatientById method in PatientServiceImpl
2025-01-24 22:55:15.521 [main] INFO  PatientServiceImpl - Fetching patient by ID: 1
2025-01-24 22:55:15.524 [main] INFO  PatientServiceImpl - Successfully fetched patient by ID: 1
2025-01-24 22:55:15.524 [main] TRACE PatientServiceImpl - Exiting getPatientById method in PatientServiceImpl
2025-01-24 22:55:15.530 [main] TRACE PatientServiceImpl - Entering getChronicDiseasesById method in PatientServiceImpl
2025-01-24 22:55:15.531 [main] INFO  PatientServiceImpl - Fetching chronic diseases by ID: 1
2025-01-24 22:55:15.531 [main] INFO  PatientServiceImpl - Successfully fetched chronic diseases by ID: 1
2025-01-24 22:55:15.531 [main] TRACE PatientServiceImpl - Exiting getChronicDiseasesById method in PatientServiceImpl
2025-01-24 22:55:15.536 [main] TRACE PatientServiceImpl - Entering getPatientByTrIdNumber method in PatientServiceImpl
2025-01-24 22:55:15.536 [main] INFO  PatientServiceImpl - Fetching patient by TR ID number: 12345678901
2025-01-24 22:55:15.537 [main] INFO  PatientServiceImpl - Successfully fetched patient by TR ID number: 12345678901
2025-01-24 22:55:15.537 [main] TRACE PatientServiceImpl - Exiting getPatientByTrIdNumber method in PatientServiceImpl
2025-01-24 22:55:15.541 [main] TRACE PatientServiceImpl - Entering isPatientRegistered method in PatientServiceImpl
2025-01-24 22:55:15.541 [main] INFO  PatientServiceImpl - Checking registration time for patient with TR ID number: 12345678901
2025-01-24 22:55:15.542 [main] INFO  PatientServiceImpl - Patient with TR ID number 12345678901 is registered within the last 6 hours.
2025-01-24 22:55:15.542 [main] TRACE PatientServiceImpl - Exiting isPatientRegistered method in PatientServiceImpl
2025-01-24 22:55:15.560 [main] TRACE PatientServiceImpl - Entering getAllPatientsFilteredAndSorted method in PatientServiceImpl
2025-01-24 22:55:15.561 [main] DEBUG PatientServiceImpl - Fetching all patients with filters: page=0, size=10, sortBy=firstName, direction=ASC, firstName=John, lastName=null, trIdNumber=null, birthDate=null, gender=null, bloodType=null, phoneNumber=null, email=null, chronicDisease=null, lastPatientRegistrationTime=null, deleted=false
2025-01-24 22:55:15.577 [main] INFO  PatientServiceImpl - Successfully fetched patients with filters: page=0, size=10, totalPages=1, totalElements=1
2025-01-24 22:55:15.577 [main] TRACE PatientServiceImpl - Exiting getAllPatientsFilteredAndSorted method in PatientServiceImpl
2025-01-24 22:55:15.584 [main] TRACE PatientServiceImpl - Entering deletePatient method in PatientServiceImpl
2025-01-24 22:55:15.584 [main] INFO  PatientServiceImpl - Deleting patient with ID: 1
2025-01-24 22:55:15.585 [main] ERROR PatientServiceImpl - Patient not found to delete. ID: 1
2025-01-24 22:55:15.590 [main] TRACE PatientServiceImpl - Entering updatePatient method in PatientServiceImpl
2025-01-24 22:55:15.591 [main] INFO  PatientServiceImpl - Updating patient with ID: 1
2025-01-24 22:55:15.592 [main] ERROR PatientServiceImpl - Patient already exists with TR ID number: 98765432101
2025-01-24 22:55:15.598 [main] TRACE PatientServiceImpl - Entering getPatientById method in PatientServiceImpl
2025-01-24 22:55:15.598 [main] INFO  PatientServiceImpl - Fetching patient by ID: 1
2025-01-24 22:55:15.598 [main] ERROR PatientServiceImpl - Patient not found with id: 1
2025-01-24 22:55:15.604 [main] TRACE PatientServiceImpl - Entering restorePatient method in PatientServiceImpl
2025-01-24 22:55:15.604 [main] INFO  PatientServiceImpl - Restoring patient with ID: 1
2025-01-24 22:55:15.605 [main] ERROR PatientServiceImpl - Patient not found to restore. ID: 1
2025-01-24 22:55:15.610 [main] TRACE PatientServiceImpl - Entering isPatientRegistered method in PatientServiceImpl
2025-01-24 22:55:15.611 [main] INFO  PatientServiceImpl - Checking registration time for patient with TR ID number: 12345678901
2025-01-24 22:55:15.611 [main] ERROR PatientServiceImpl - Patient not found with TR ID number 12345678901
2025-01-24 22:55:15.617 [main] TRACE PatientServiceImpl - Entering updatePatient method in PatientServiceImpl
2025-01-24 22:55:15.617 [main] INFO  PatientServiceImpl - Updating patient with ID: 1
2025-01-24 22:55:15.617 [main] ERROR PatientServiceImpl - Patient does not exist with id: 1
2025-01-24 22:55:15.622 [main] TRACE PatientServiceImpl - Entering getPatientByTrIdNumber method in PatientServiceImpl
2025-01-24 22:55:15.623 [main] INFO  PatientServiceImpl - Fetching patient by TR ID number: 12345678901
2025-01-24 22:55:15.623 [main] ERROR PatientServiceImpl - Patient not found with TR ID number: 12345678901
2025-01-24 22:55:15.629 [main] TRACE PatientServiceImpl - Entering deletePatient method in PatientServiceImpl
2025-01-24 22:55:15.630 [main] INFO  PatientServiceImpl - Deleting patient with ID: 1
2025-01-24 22:55:15.630 [main] INFO  PatientServiceImpl - Successfully deleted patient with ID: 1
2025-01-24 22:55:15.631 [main] TRACE PatientServiceImpl - Exiting deletePatient method in PatientServiceImpl
2025-01-24 22:55:15.634 [main] TRACE PatientServiceImpl - Entering isPatientRegistered method in PatientServiceImpl
2025-01-24 22:55:15.634 [main] INFO  PatientServiceImpl - Checking registration time for patient with TR ID number: 12345678901
2025-01-24 22:55:15.635 [main] INFO  PatientServiceImpl - Patient with TR ID number 12345678901 is not registered within the last 6 hours.
2025-01-24 22:55:15.635 [main] TRACE PatientServiceImpl - Exiting isPatientRegistered method in PatientServiceImpl
2025-01-24 22:55:15.639 [main] TRACE PatientServiceImpl - Entering getChronicDiseasesById method in PatientServiceImpl
2025-01-24 22:55:15.640 [main] INFO  PatientServiceImpl - Fetching chronic diseases by ID: 1
2025-01-24 22:55:15.640 [main] WARN  PatientServiceImpl - No chronic diseases found for patient ID: 1
2025-01-24 22:55:15.640 [main] INFO  PatientServiceImpl - Successfully fetched chronic diseases by ID: 1
2025-01-24 22:55:15.640 [main] TRACE PatientServiceImpl - Exiting getChronicDiseasesById method in PatientServiceImpl
2025-01-24 22:55:15.644 [main] TRACE PatientServiceImpl - Entering getEmail method in PatientServiceImpl
2025-01-24 22:55:15.644 [main] INFO  PatientServiceImpl - Fetching email for patient with TR ID number: 12345678901
2025-01-24 22:55:15.645 [main] INFO  PatientServiceImpl - Successfully retrieved email for patient with TR ID number: 12345678901
2025-01-24 22:55:15.645 [main] TRACE PatientServiceImpl - Exiting getEmail method in PatientServiceImpl
2025-01-24 22:55:15.648 [main] TRACE PatientServiceImpl - Entering restorePatient method in PatientServiceImpl
2025-01-24 22:55:15.650 [main] INFO  PatientServiceImpl - Restoring patient with ID: 1
2025-01-24 22:55:15.650 [main] INFO  PatientServiceImpl - Successfully restored patient with ID: 1
2025-01-24 22:55:15.651 [main] TRACE PatientServiceImpl - Exiting restorePatient method in PatientServiceImpl
2025-01-24 22:55:15.655 [main] TRACE PatientServiceImpl - Entering getEmail method in PatientServiceImpl
2025-01-24 22:55:15.655 [main] INFO  PatientServiceImpl - Fetching email for patient with TR ID number: 12345678901
2025-01-24 22:55:15.656 [main] ERROR PatientServiceImpl - Patient not found with TrIdNumber: 12345678901
2025-01-24 22:55:15.661 [main] TRACE PatientServiceImpl - Entering updatePatient method in PatientServiceImpl
2025-01-24 22:55:15.662 [main] INFO  PatientServiceImpl - Updating patient with ID: 1
2025-01-24 22:55:15.668 [main] INFO  PatientServiceImpl - Successfully updated patient with ID: 1
2025-01-24 22:55:15.668 [main] TRACE PatientServiceImpl - Exiting updatePatient method in PatientServiceImpl
2025-01-24 22:55:15.673 [main] TRACE PatientServiceImpl - Entering savePatient method in PatientServiceImpl
2025-01-24 22:55:15.674 [main] INFO  PatientServiceImpl - Saving patient with TR ID number: 12345678901
2025-01-24 22:55:15.675 [main] INFO  PatientServiceImpl - New patient created with TR ID number: 12345678901
2025-01-24 22:55:15.675 [main] INFO  PatientServiceImpl - Successfully saved patient with ID: null
2025-01-24 22:55:15.675 [main] TRACE PatientServiceImpl - Exiting savePatient method in PatientServiceImpl
2025-01-24 22:55:15.679 [main] TRACE PatientServiceImpl - Entering savePatient method in PatientServiceImpl
2025-01-24 22:55:15.679 [main] INFO  PatientServiceImpl - Saving patient with TR ID number: 12345678901
2025-01-24 22:55:15.680 [main] DEBUG PatientServiceImpl - Patient already exists. Updating registration time for TR ID number: 12345678901
2025-01-24 22:55:15.680 [main] INFO  PatientServiceImpl - Successfully saved patient with ID: null
2025-01-24 22:55:15.680 [main] TRACE PatientServiceImpl - Exiting savePatient method in PatientServiceImpl
2025-01-24 22:58:32.811 [main] TRACE BarcodeController - Entering generateBarcodeForPatient method in BarcodeController class
2025-01-24 22:58:32.818 [main] DEBUG BarcodeController - Received request to generate barcode for TR ID number: 12345678901
2025-01-24 22:58:32.833 [main] DEBUG BarcodeController - Barcode generated successfully for TR ID number: 12345678901
2025-01-24 22:58:32.833 [main] TRACE BarcodeController - Exiting generateBarcodeForPatient method in BarcodeController class
2025-01-24 22:58:32.873 [main] TRACE BarcodeController - Entering scanAndSavePatient method in BarcodeController class
2025-01-24 22:58:32.874 [main] INFO  BarcodeController - Received request to scan and fetch patient.
2025-01-24 22:58:32.874 [main] INFO  BarcodeController - Successfully fetched patient: GetPatientResponse(id=null, firstName=null, lastName=null, trIdNumber=null, birthDate=null, gender=null, bloodType=null, phoneNumber=null, email=null, lastPatientRegistrationTime=null)
2025-01-24 22:58:32.881 [main] TRACE BarcodeController - Exiting scanAndSavePatient method in BarcodeController class
2025-01-24 22:58:32.971 [main] TRACE PatientController - Entering getEmail method in PatientController class
2025-01-24 22:58:32.971 [main] INFO  PatientController - Successfully fetched email for TR ID number: 12345678901
2025-01-24 22:58:32.971 [main] TRACE PatientController - Exiting getEmail method in PatientController class
2025-01-24 22:58:32.976 [main] TRACE PatientController - Entering getPatientById method in PatientController class
2025-01-24 22:58:32.977 [main] INFO  PatientController - Successfully fetched patient with id: 1
2025-01-24 22:58:32.977 [main] TRACE PatientController - Exiting getPatientById method in PatientController class
2025-01-24 22:58:32.982 [main] TRACE PatientController - Entering savePatient method in PatientController class
2025-01-24 22:58:32.982 [main] INFO  PatientController - Successfully saved patient: GetPatientResponse(id=null, firstName=null, lastName=null, trIdNumber=null, birthDate=null, gender=null, bloodType=null, phoneNumber=null, email=null, lastPatientRegistrationTime=null)
2025-01-24 22:58:32.983 [main] TRACE PatientController - Exiting savePatient method in PatientController class
2025-01-24 22:58:32.988 [main] TRACE PatientController - Entering getPatientByTrIdNumber method in PatientController class
2025-01-24 22:58:32.989 [main] INFO  PatientController - Successfully fetched patient with TR ID number: 12345678901
2025-01-24 22:58:32.989 [main] TRACE PatientController - Exiting getPatientByTrIdNumber method in PatientController class
2025-01-24 22:58:32.994 [main] TRACE PatientController - Entering updatePatient method in PatientController class
2025-01-24 22:58:32.995 [main] INFO  PatientController - Successfully updated patient: GetPatientResponse(id=null, firstName=null, lastName=null, trIdNumber=null, birthDate=null, gender=null, bloodType=null, phoneNumber=null, email=null, lastPatientRegistrationTime=null)
2025-01-24 22:58:32.995 [main] TRACE PatientController - Exiting updatePatient method in PatientController class
2025-01-24 22:58:33.000 [main] TRACE PatientController - Entering getChronicDiseasesById method in PatientController class
2025-01-24 22:58:33.002 [main] INFO  PatientController - Successfully fetched chronic diseases for patient id: 1
2025-01-24 22:58:33.002 [main] TRACE PatientController - Exiting getChronicDiseasesById method in PatientController class
2025-01-24 22:58:33.007 [main] TRACE PatientController - Entering isPatientRegistered method in PatientController class
2025-01-24 22:58:33.008 [main] INFO  PatientController - TR ID number check for 12345678901 returned: true
2025-01-24 22:58:33.008 [main] TRACE PatientController - Exiting isPatientRegistered method in PatientController class
2025-01-24 22:58:33.011 [main] TRACE PatientController - Entering deletePatient method in PatientController class
2025-01-24 22:58:33.012 [main] INFO  PatientController - Successfully deleted patient with id: 1
2025-01-24 22:58:33.012 [main] TRACE PatientController - Exiting deletePatient method in PatientController class
2025-01-24 22:58:33.017 [main] TRACE PatientController - Entering restorePatient method in PatientController class
2025-01-24 22:58:33.017 [main] INFO  PatientController - Successfully restored patient with id: 1
2025-01-24 22:58:33.018 [main] TRACE PatientController - Exiting restorePatient method in PatientController class
2025-01-24 22:58:33.024 [main] TRACE PatientController - Entering getAllPatientsFilteredAndSorted method in PatientController class
2025-01-24 22:58:33.025 [main] INFO  PatientController - Received request for filtered and sorted patients with parameters: page=0, size=3, sortBy=id, direction=ASC, firstName=John, lastName=Doe, trIdNumber=12345678901, birthDate=1980-01-01, gender=Male, bloodType=A+, phoneNumber=1234567890, email=john.doe@example.com, chronicDisease=None, lastPatientRegistrationTime=2024-01-01, deleted=false
2025-01-24 22:58:33.025 [main] INFO  PatientController - Successfully fetched filtered and sorted patients.
2025-01-24 22:58:33.025 [main] TRACE PatientController - Exiting getAllPatientsFilteredAndSorted method in PatientController class
2025-01-24 22:58:33.278 [main] TRACE PatientServiceImpl - Entering getPatientById method in PatientServiceImpl
2025-01-24 22:58:33.279 [main] INFO  PatientServiceImpl - Fetching patient by ID: 1
2025-01-24 22:58:33.281 [main] INFO  PatientServiceImpl - Successfully fetched patient by ID: 1
2025-01-24 22:58:33.281 [main] TRACE PatientServiceImpl - Exiting getPatientById method in PatientServiceImpl
2025-01-24 22:58:33.288 [main] TRACE PatientServiceImpl - Entering getChronicDiseasesById method in PatientServiceImpl
2025-01-24 22:58:33.288 [main] INFO  PatientServiceImpl - Fetching chronic diseases by ID: 1
2025-01-24 22:58:33.288 [main] INFO  PatientServiceImpl - Successfully fetched chronic diseases by ID: 1
2025-01-24 22:58:33.289 [main] TRACE PatientServiceImpl - Exiting getChronicDiseasesById method in PatientServiceImpl
2025-01-24 22:58:33.293 [main] TRACE PatientServiceImpl - Entering getPatientByTrIdNumber method in PatientServiceImpl
2025-01-24 22:58:33.293 [main] INFO  PatientServiceImpl - Fetching patient by TR ID number: 12345678901
2025-01-24 22:58:33.294 [main] INFO  PatientServiceImpl - Successfully fetched patient by TR ID number: 12345678901
2025-01-24 22:58:33.294 [main] TRACE PatientServiceImpl - Exiting getPatientByTrIdNumber method in PatientServiceImpl
2025-01-24 22:58:33.298 [main] TRACE PatientServiceImpl - Entering isPatientRegistered method in PatientServiceImpl
2025-01-24 22:58:33.298 [main] INFO  PatientServiceImpl - Checking registration time for patient with TR ID number: 12345678901
2025-01-24 22:58:33.299 [main] INFO  PatientServiceImpl - Patient with TR ID number 12345678901 is registered within the last 6 hours.
2025-01-24 22:58:33.299 [main] TRACE PatientServiceImpl - Exiting isPatientRegistered method in PatientServiceImpl
2025-01-24 22:58:33.314 [main] TRACE PatientServiceImpl - Entering getAllPatientsFilteredAndSorted method in PatientServiceImpl
2025-01-24 22:58:33.315 [main] DEBUG PatientServiceImpl - Fetching all patients with filters: page=0, size=10, sortBy=firstName, direction=ASC, firstName=John, lastName=null, trIdNumber=null, birthDate=null, gender=null, bloodType=null, phoneNumber=null, email=null, chronicDisease=null, lastPatientRegistrationTime=null, deleted=false
2025-01-24 22:58:33.331 [main] INFO  PatientServiceImpl - Successfully fetched patients with filters: page=0, size=10, totalPages=1, totalElements=1
2025-01-24 22:58:33.331 [main] TRACE PatientServiceImpl - Exiting getAllPatientsFilteredAndSorted method in PatientServiceImpl
2025-01-24 22:58:33.337 [main] TRACE PatientServiceImpl - Entering deletePatient method in PatientServiceImpl
2025-01-24 22:58:33.337 [main] INFO  PatientServiceImpl - Deleting patient with ID: 1
2025-01-24 22:58:33.337 [main] ERROR PatientServiceImpl - Patient not found to delete. ID: 1
2025-01-24 22:58:33.341 [main] TRACE PatientServiceImpl - Entering updatePatient method in PatientServiceImpl
2025-01-24 22:58:33.342 [main] INFO  PatientServiceImpl - Updating patient with ID: 1
2025-01-24 22:58:33.342 [main] ERROR PatientServiceImpl - Patient already exists with TR ID number: 98765432101
2025-01-24 22:58:33.346 [main] TRACE PatientServiceImpl - Entering getPatientById method in PatientServiceImpl
2025-01-24 22:58:33.346 [main] INFO  PatientServiceImpl - Fetching patient by ID: 1
2025-01-24 22:58:33.347 [main] ERROR PatientServiceImpl - Patient not found with id: 1
2025-01-24 22:58:33.352 [main] TRACE PatientServiceImpl - Entering restorePatient method in PatientServiceImpl
2025-01-24 22:58:33.352 [main] INFO  PatientServiceImpl - Restoring patient with ID: 1
2025-01-24 22:58:33.353 [main] ERROR PatientServiceImpl - Patient not found to restore. ID: 1
2025-01-24 22:58:33.356 [main] TRACE PatientServiceImpl - Entering isPatientRegistered method in PatientServiceImpl
2025-01-24 22:58:33.356 [main] INFO  PatientServiceImpl - Checking registration time for patient with TR ID number: 12345678901
2025-01-24 22:58:33.357 [main] ERROR PatientServiceImpl - Patient not found with TR ID number 12345678901
2025-01-24 22:58:33.362 [main] TRACE PatientServiceImpl - Entering updatePatient method in PatientServiceImpl
2025-01-24 22:58:33.362 [main] INFO  PatientServiceImpl - Updating patient with ID: 1
2025-01-24 22:58:33.362 [main] ERROR PatientServiceImpl - Patient does not exist with id: 1
2025-01-24 22:58:33.366 [main] TRACE PatientServiceImpl - Entering getPatientByTrIdNumber method in PatientServiceImpl
2025-01-24 22:58:33.366 [main] INFO  PatientServiceImpl - Fetching patient by TR ID number: 12345678901
2025-01-24 22:58:33.367 [main] ERROR PatientServiceImpl - Patient not found with TR ID number: 12345678901
2025-01-24 22:58:33.372 [main] TRACE PatientServiceImpl - Entering deletePatient method in PatientServiceImpl
2025-01-24 22:58:33.373 [main] INFO  PatientServiceImpl - Deleting patient with ID: 1
2025-01-24 22:58:33.373 [main] INFO  PatientServiceImpl - Successfully deleted patient with ID: 1
2025-01-24 22:58:33.373 [main] TRACE PatientServiceImpl - Exiting deletePatient method in PatientServiceImpl
2025-01-24 22:58:33.376 [main] TRACE PatientServiceImpl - Entering isPatientRegistered method in PatientServiceImpl
2025-01-24 22:58:33.376 [main] INFO  PatientServiceImpl - Checking registration time for patient with TR ID number: 12345678901
2025-01-24 22:58:33.376 [main] INFO  PatientServiceImpl - Patient with TR ID number 12345678901 is not registered within the last 6 hours.
2025-01-24 22:58:33.376 [main] TRACE PatientServiceImpl - Exiting isPatientRegistered method in PatientServiceImpl
2025-01-24 22:58:33.382 [main] TRACE PatientServiceImpl - Entering getChronicDiseasesById method in PatientServiceImpl
2025-01-24 22:58:33.382 [main] INFO  PatientServiceImpl - Fetching chronic diseases by ID: 1
2025-01-24 22:58:33.382 [main] WARN  PatientServiceImpl - No chronic diseases found for patient ID: 1
2025-01-24 22:58:33.382 [main] INFO  PatientServiceImpl - Successfully fetched chronic diseases by ID: 1
2025-01-24 22:58:33.382 [main] TRACE PatientServiceImpl - Exiting getChronicDiseasesById method in PatientServiceImpl
2025-01-24 22:58:33.385 [main] TRACE PatientServiceImpl - Entering getEmail method in PatientServiceImpl
2025-01-24 22:58:33.385 [main] INFO  PatientServiceImpl - Fetching email for patient with TR ID number: 12345678901
2025-01-24 22:58:33.386 [main] INFO  PatientServiceImpl - Successfully retrieved email for patient with TR ID number: 12345678901
2025-01-24 22:58:33.386 [main] TRACE PatientServiceImpl - Exiting getEmail method in PatientServiceImpl
2025-01-24 22:58:33.389 [main] TRACE PatientServiceImpl - Entering restorePatient method in PatientServiceImpl
2025-01-24 22:58:33.389 [main] INFO  PatientServiceImpl - Restoring patient with ID: 1
2025-01-24 22:58:33.389 [main] INFO  PatientServiceImpl - Successfully restored patient with ID: 1
2025-01-24 22:58:33.389 [main] TRACE PatientServiceImpl - Exiting restorePatient method in PatientServiceImpl
2025-01-24 22:58:33.392 [main] TRACE PatientServiceImpl - Entering getEmail method in PatientServiceImpl
2025-01-24 22:58:33.392 [main] INFO  PatientServiceImpl - Fetching email for patient with TR ID number: 12345678901
2025-01-24 22:58:33.393 [main] ERROR PatientServiceImpl - Patient not found with TrIdNumber: 12345678901
2025-01-24 22:58:33.396 [main] TRACE PatientServiceImpl - Entering updatePatient method in PatientServiceImpl
2025-01-24 22:58:33.396 [main] INFO  PatientServiceImpl - Updating patient with ID: 1
2025-01-24 22:58:33.400 [main] INFO  PatientServiceImpl - Successfully updated patient with ID: 1
2025-01-24 22:58:33.401 [main] TRACE PatientServiceImpl - Exiting updatePatient method in PatientServiceImpl
2025-01-24 22:58:33.404 [main] TRACE PatientServiceImpl - Entering savePatient method in PatientServiceImpl
2025-01-24 22:58:33.405 [main] INFO  PatientServiceImpl - Saving patient with TR ID number: 12345678901
2025-01-24 22:58:33.405 [main] INFO  PatientServiceImpl - New patient created with TR ID number: 12345678901
2025-01-24 22:58:33.405 [main] INFO  PatientServiceImpl - Successfully saved patient with ID: null
2025-01-24 22:58:33.405 [main] TRACE PatientServiceImpl - Exiting savePatient method in PatientServiceImpl
2025-01-24 22:58:33.408 [main] TRACE PatientServiceImpl - Entering savePatient method in PatientServiceImpl
2025-01-24 22:58:33.408 [main] INFO  PatientServiceImpl - Saving patient with TR ID number: 12345678901
2025-01-24 22:58:33.408 [main] DEBUG PatientServiceImpl - Patient already exists. Updating registration time for TR ID number: 12345678901
2025-01-24 22:58:33.409 [main] INFO  PatientServiceImpl - Successfully saved patient with ID: null
2025-01-24 22:58:33.409 [main] TRACE PatientServiceImpl - Exiting savePatient method in PatientServiceImpl
2025-01-24 23:01:54.007 [main] TRACE BarcodeController - Entering generateBarcodeForPatient method in BarcodeController class
2025-01-24 23:01:54.013 [main] DEBUG BarcodeController - Received request to generate barcode for TR ID number: 12345678901
2025-01-24 23:01:54.029 [main] DEBUG BarcodeController - Barcode generated successfully for TR ID number: 12345678901
2025-01-24 23:01:54.029 [main] TRACE BarcodeController - Exiting generateBarcodeForPatient method in BarcodeController class
2025-01-24 23:01:54.065 [main] TRACE BarcodeController - Entering scanAndSavePatient method in BarcodeController class
2025-01-24 23:01:54.065 [main] INFO  BarcodeController - Received request to scan and fetch patient.
2025-01-24 23:01:54.066 [main] INFO  BarcodeController - Successfully fetched patient: GetPatientResponse(id=null, firstName=null, lastName=null, trIdNumber=null, birthDate=null, gender=null, bloodType=null, phoneNumber=null, email=null, lastPatientRegistrationTime=null)
2025-01-24 23:01:54.073 [main] TRACE BarcodeController - Exiting scanAndSavePatient method in BarcodeController class
2025-01-24 23:01:54.134 [main] TRACE PatientController - Entering getEmail method in PatientController class
2025-01-24 23:01:54.135 [main] INFO  PatientController - Successfully fetched email for TR ID number: 12345678901
2025-01-24 23:01:54.135 [main] TRACE PatientController - Exiting getEmail method in PatientController class
2025-01-24 23:01:54.139 [main] TRACE PatientController - Entering getPatientById method in PatientController class
2025-01-24 23:01:54.139 [main] INFO  PatientController - Successfully fetched patient with id: 1
2025-01-24 23:01:54.139 [main] TRACE PatientController - Exiting getPatientById method in PatientController class
2025-01-24 23:01:54.143 [main] TRACE PatientController - Entering savePatient method in PatientController class
2025-01-24 23:01:54.143 [main] INFO  PatientController - Successfully saved patient: GetPatientResponse(id=null, firstName=null, lastName=null, trIdNumber=null, birthDate=null, gender=null, bloodType=null, phoneNumber=null, email=null, lastPatientRegistrationTime=null)
2025-01-24 23:01:54.143 [main] TRACE PatientController - Exiting savePatient method in PatientController class
2025-01-24 23:01:54.147 [main] TRACE PatientController - Entering getPatientByTrIdNumber method in PatientController class
2025-01-24 23:01:54.147 [main] INFO  PatientController - Successfully fetched patient with TR ID number: 12345678901
2025-01-24 23:01:54.147 [main] TRACE PatientController - Exiting getPatientByTrIdNumber method in PatientController class
2025-01-24 23:01:54.150 [main] TRACE PatientController - Entering updatePatient method in PatientController class
2025-01-24 23:01:54.151 [main] INFO  PatientController - Successfully updated patient: GetPatientResponse(id=null, firstName=null, lastName=null, trIdNumber=null, birthDate=null, gender=null, bloodType=null, phoneNumber=null, email=null, lastPatientRegistrationTime=null)
2025-01-24 23:01:54.151 [main] TRACE PatientController - Exiting updatePatient method in PatientController class
2025-01-24 23:01:54.153 [main] TRACE PatientController - Entering getChronicDiseasesById method in PatientController class
2025-01-24 23:01:54.154 [main] INFO  PatientController - Successfully fetched chronic diseases for patient id: 1
2025-01-24 23:01:54.154 [main] TRACE PatientController - Exiting getChronicDiseasesById method in PatientController class
2025-01-24 23:01:54.157 [main] TRACE PatientController - Entering isPatientRegistered method in PatientController class
2025-01-24 23:01:54.158 [main] INFO  PatientController - TR ID number check for 12345678901 returned: true
2025-01-24 23:01:54.158 [main] TRACE PatientController - Exiting isPatientRegistered method in PatientController class
2025-01-24 23:01:54.161 [main] TRACE PatientController - Entering deletePatient method in PatientController class
2025-01-24 23:01:54.162 [main] INFO  PatientController - Successfully deleted patient with id: 1
2025-01-24 23:01:54.162 [main] TRACE PatientController - Exiting deletePatient method in PatientController class
2025-01-24 23:01:54.165 [main] TRACE PatientController - Entering restorePatient method in PatientController class
2025-01-24 23:01:54.166 [main] INFO  PatientController - Successfully restored patient with id: 1
2025-01-24 23:01:54.166 [main] TRACE PatientController - Exiting restorePatient method in PatientController class
2025-01-24 23:01:54.171 [main] TRACE PatientController - Entering getAllPatientsFilteredAndSorted method in PatientController class
2025-01-24 23:01:54.172 [main] INFO  PatientController - Received request for filtered and sorted patients with parameters: page=0, size=3, sortBy=id, direction=ASC, firstName=John, lastName=Doe, trIdNumber=12345678901, birthDate=1980-01-01, gender=Male, bloodType=A+, phoneNumber=1234567890, email=john.doe@example.com, chronicDisease=None, lastPatientRegistrationTime=2024-01-01, deleted=false
2025-01-24 23:01:54.172 [main] INFO  PatientController - Successfully fetched filtered and sorted patients.
2025-01-24 23:01:54.172 [main] TRACE PatientController - Exiting getAllPatientsFilteredAndSorted method in PatientController class
2025-01-24 23:01:54.406 [main] TRACE PatientServiceImpl - Entering getPatientById method in PatientServiceImpl
2025-01-24 23:01:54.406 [main] INFO  PatientServiceImpl - Fetching patient by ID: 1
2025-01-24 23:01:54.409 [main] INFO  PatientServiceImpl - Successfully fetched patient by ID: 1
2025-01-24 23:01:54.409 [main] TRACE PatientServiceImpl - Exiting getPatientById method in PatientServiceImpl
2025-01-24 23:01:54.417 [main] TRACE PatientServiceImpl - Entering getChronicDiseasesById method in PatientServiceImpl
2025-01-24 23:01:54.417 [main] INFO  PatientServiceImpl - Fetching chronic diseases by ID: 1
2025-01-24 23:01:54.418 [main] INFO  PatientServiceImpl - Successfully fetched chronic diseases by ID: 1
2025-01-24 23:01:54.418 [main] TRACE PatientServiceImpl - Exiting getChronicDiseasesById method in PatientServiceImpl
2025-01-24 23:01:54.423 [main] TRACE PatientServiceImpl - Entering getPatientByTrIdNumber method in PatientServiceImpl
2025-01-24 23:01:54.423 [main] INFO  PatientServiceImpl - Fetching patient by TR ID number: 12345678901
2025-01-24 23:01:54.424 [main] INFO  PatientServiceImpl - Successfully fetched patient by TR ID number: 12345678901
2025-01-24 23:01:54.424 [main] TRACE PatientServiceImpl - Exiting getPatientByTrIdNumber method in PatientServiceImpl
2025-01-24 23:01:54.430 [main] TRACE PatientServiceImpl - Entering isPatientRegistered method in PatientServiceImpl
2025-01-24 23:01:54.430 [main] INFO  PatientServiceImpl - Checking registration time for patient with TR ID number: 12345678901
2025-01-24 23:01:54.431 [main] INFO  PatientServiceImpl - Patient with TR ID number 12345678901 is registered within the last 6 hours.
2025-01-24 23:01:54.431 [main] TRACE PatientServiceImpl - Exiting isPatientRegistered method in PatientServiceImpl
2025-01-24 23:01:54.451 [main] TRACE PatientServiceImpl - Entering getAllPatientsFilteredAndSorted method in PatientServiceImpl
2025-01-24 23:01:54.452 [main] DEBUG PatientServiceImpl - Fetching all patients with filters: page=0, size=10, sortBy=firstName, direction=ASC, firstName=John, lastName=null, trIdNumber=null, birthDate=null, gender=null, bloodType=null, phoneNumber=null, email=null, chronicDisease=null, lastPatientRegistrationTime=null, deleted=false
2025-01-24 23:01:54.468 [main] INFO  PatientServiceImpl - Successfully fetched patients with filters: page=0, size=10, totalPages=1, totalElements=1
2025-01-24 23:01:54.469 [main] TRACE PatientServiceImpl - Exiting getAllPatientsFilteredAndSorted method in PatientServiceImpl
2025-01-24 23:01:54.476 [main] TRACE PatientServiceImpl - Entering deletePatient method in PatientServiceImpl
2025-01-24 23:01:54.476 [main] INFO  PatientServiceImpl - Deleting patient with ID: 1
2025-01-24 23:01:54.476 [main] ERROR PatientServiceImpl - Patient not found to delete. ID: 1
2025-01-24 23:01:54.481 [main] TRACE PatientServiceImpl - Entering updatePatient method in PatientServiceImpl
2025-01-24 23:01:54.481 [main] INFO  PatientServiceImpl - Updating patient with ID: 1
2025-01-24 23:01:54.482 [main] ERROR PatientServiceImpl - Patient already exists with TR ID number: 98765432101
2025-01-24 23:01:54.486 [main] TRACE PatientServiceImpl - Entering getPatientById method in PatientServiceImpl
2025-01-24 23:01:54.487 [main] INFO  PatientServiceImpl - Fetching patient by ID: 1
2025-01-24 23:01:54.487 [main] ERROR PatientServiceImpl - Patient not found with id: 1
2025-01-24 23:01:54.492 [main] TRACE PatientServiceImpl - Entering restorePatient method in PatientServiceImpl
2025-01-24 23:01:54.493 [main] INFO  PatientServiceImpl - Restoring patient with ID: 1
2025-01-24 23:01:54.493 [main] ERROR PatientServiceImpl - Patient not found to restore. ID: 1
2025-01-24 23:01:54.497 [main] TRACE PatientServiceImpl - Entering isPatientRegistered method in PatientServiceImpl
2025-01-24 23:01:54.497 [main] INFO  PatientServiceImpl - Checking registration time for patient with TR ID number: 12345678901
2025-01-24 23:01:54.498 [main] ERROR PatientServiceImpl - Patient not found with TR ID number 12345678901
2025-01-24 23:01:54.503 [main] TRACE PatientServiceImpl - Entering updatePatient method in PatientServiceImpl
2025-01-24 23:01:54.503 [main] INFO  PatientServiceImpl - Updating patient with ID: 1
2025-01-24 23:01:54.503 [main] ERROR PatientServiceImpl - Patient does not exist with id: 1
2025-01-24 23:01:54.507 [main] TRACE PatientServiceImpl - Entering getPatientByTrIdNumber method in PatientServiceImpl
2025-01-24 23:01:54.507 [main] INFO  PatientServiceImpl - Fetching patient by TR ID number: 12345678901
2025-01-24 23:01:54.507 [main] ERROR PatientServiceImpl - Patient not found with TR ID number: 12345678901
2025-01-24 23:01:54.512 [main] TRACE PatientServiceImpl - Entering deletePatient method in PatientServiceImpl
2025-01-24 23:01:54.513 [main] INFO  PatientServiceImpl - Deleting patient with ID: 1
2025-01-24 23:01:54.513 [main] INFO  PatientServiceImpl - Successfully deleted patient with ID: 1
2025-01-24 23:01:54.513 [main] TRACE PatientServiceImpl - Exiting deletePatient method in PatientServiceImpl
2025-01-24 23:01:54.516 [main] TRACE PatientServiceImpl - Entering isPatientRegistered method in PatientServiceImpl
2025-01-24 23:01:54.517 [main] INFO  PatientServiceImpl - Checking registration time for patient with TR ID number: 12345678901
2025-01-24 23:01:54.517 [main] INFO  PatientServiceImpl - Patient with TR ID number 12345678901 is not registered within the last 6 hours.
2025-01-24 23:01:54.517 [main] TRACE PatientServiceImpl - Exiting isPatientRegistered method in PatientServiceImpl
2025-01-24 23:01:54.521 [main] TRACE PatientServiceImpl - Entering getChronicDiseasesById method in PatientServiceImpl
2025-01-24 23:01:54.522 [main] INFO  PatientServiceImpl - Fetching chronic diseases by ID: 1
2025-01-24 23:01:54.522 [main] WARN  PatientServiceImpl - No chronic diseases found for patient ID: 1
2025-01-24 23:01:54.522 [main] INFO  PatientServiceImpl - Successfully fetched chronic diseases by ID: 1
2025-01-24 23:01:54.522 [main] TRACE PatientServiceImpl - Exiting getChronicDiseasesById method in PatientServiceImpl
2025-01-24 23:01:54.525 [main] TRACE PatientServiceImpl - Entering getEmail method in PatientServiceImpl
2025-01-24 23:01:54.525 [main] INFO  PatientServiceImpl - Fetching email for patient with TR ID number: 12345678901
2025-01-24 23:01:54.526 [main] INFO  PatientServiceImpl - Successfully retrieved email for patient with TR ID number: 12345678901
2025-01-24 23:01:54.526 [main] TRACE PatientServiceImpl - Exiting getEmail method in PatientServiceImpl
2025-01-24 23:01:54.530 [main] TRACE PatientServiceImpl - Entering restorePatient method in PatientServiceImpl
2025-01-24 23:01:54.530 [main] INFO  PatientServiceImpl - Restoring patient with ID: 1
2025-01-24 23:01:54.530 [main] INFO  PatientServiceImpl - Successfully restored patient with ID: 1
2025-01-24 23:01:54.530 [main] TRACE PatientServiceImpl - Exiting restorePatient method in PatientServiceImpl
2025-01-24 23:01:54.533 [main] TRACE PatientServiceImpl - Entering getEmail method in PatientServiceImpl
2025-01-24 23:01:54.534 [main] INFO  PatientServiceImpl - Fetching email for patient with TR ID number: 12345678901
2025-01-24 23:01:54.534 [main] ERROR PatientServiceImpl - Patient not found with TrIdNumber: 12345678901
2025-01-24 23:01:54.538 [main] TRACE PatientServiceImpl - Entering updatePatient method in PatientServiceImpl
2025-01-24 23:01:54.538 [main] INFO  PatientServiceImpl - Updating patient with ID: 1
2025-01-24 23:01:54.543 [main] INFO  PatientServiceImpl - Successfully updated patient with ID: 1
2025-01-24 23:01:54.543 [main] TRACE PatientServiceImpl - Exiting updatePatient method in PatientServiceImpl
2025-01-24 23:01:54.547 [main] TRACE PatientServiceImpl - Entering savePatient method in PatientServiceImpl
2025-01-24 23:01:54.548 [main] INFO  PatientServiceImpl - Saving patient with TR ID number: 12345678901
2025-01-24 23:01:54.548 [main] INFO  PatientServiceImpl - New patient created with TR ID number: 12345678901
2025-01-24 23:01:54.548 [main] INFO  PatientServiceImpl - Successfully saved patient with ID: null
2025-01-24 23:01:54.548 [main] TRACE PatientServiceImpl - Exiting savePatient method in PatientServiceImpl
2025-01-24 23:01:54.552 [main] TRACE PatientServiceImpl - Entering savePatient method in PatientServiceImpl
2025-01-24 23:01:54.552 [main] INFO  PatientServiceImpl - Saving patient with TR ID number: 12345678901
2025-01-24 23:01:54.552 [main] DEBUG PatientServiceImpl - Patient already exists. Updating registration time for TR ID number: 12345678901
2025-01-24 23:01:54.553 [main] INFO  PatientServiceImpl - Successfully saved patient with ID: null
2025-01-24 23:01:54.553 [main] TRACE PatientServiceImpl - Exiting savePatient method in PatientServiceImpl
