2024-11-11 17:00:27.764 [background-preinit] INFO  Version - HV000001: Hibernate Validator 8.0.1.Final
2024-11-11 17:00:27.844 [main] INFO  ConfigServerApplication - Starting ConfigServerApplication using Java 17.0.11 with PID 16544 (C:\Users\omera\Desktop\laboratory-reporting-project\backend\config-server\target\classes started by asaf in C:\Users\omera\Desktop\laboratory-reporting-project)
2024-11-11 17:00:27.844 [main] DEBUG ConfigServerApplication - Running with Spring Boot v3.3.3, Spring v6.1.12
2024-11-11 17:00:27.844 [main] INFO  ConfigServerApplication - No active profile set, falling back to 1 default profile: "default"
2024-11-11 17:00:29.676 [main] INFO  GenericScope - BeanFactory id=573b7218-ad2b-31a2-8a41-d3d954054d58
2024-11-11 17:00:30.209 [main] INFO  TomcatWebServer - Tomcat initialized with port 8888 (http)
2024-11-11 17:00:30.229 [main] INFO  Http11NioProtocol - Initializing ProtocolHandler ["http-nio-8888"]
2024-11-11 17:00:30.241 [main] INFO  StandardService - Starting service [Tomcat]
2024-11-11 17:00:30.241 [main] INFO  StandardEngine - Starting Servlet engine: [Apache Tomcat/10.1.28]
2024-11-11 17:00:30.382 [main] INFO  [/] - Initializing Spring embedded WebApplicationContext
2024-11-11 17:00:30.382 [main] INFO  ServletWebServerApplicationContext - Root WebApplicationContext: initialization completed in 2463 ms
2024-11-11 17:00:36.988 [main] INFO  EndpointLinksResolver - Exposing 17 endpoints beneath base path '/actuator'
2024-11-11 17:00:37.119 [main] INFO  Http11NioProtocol - Starting ProtocolHandler ["http-nio-8888"]
2024-11-11 17:00:37.147 [main] INFO  TomcatWebServer - Tomcat started on port 8888 (http) with context path '/'
2024-11-11 17:00:37.288 [main] INFO  ConfigServerApplication - Started ConfigServerApplication in 10.3 seconds (process running for 14.531)
2024-11-11 17:07:20.093 [Thread-2] WARN  MultipleJGitEnvironmentRepository - Failed to delete temporary directory on exit: java.nio.file.AccessDeniedException: C:\Users\omera\AppData\Local\Temp\config-repo-4392962511035141714\.git\objects\pack\pack-03039dd9a8e29cf8eee9bda776f1ebffc47ded88.idx
2024-11-11 17:08:28.389 [background-preinit] INFO  Version - HV000001: Hibernate Validator 8.0.1.Final
2024-11-11 17:08:28.463 [main] INFO  ConfigServerApplication - Starting ConfigServerApplication using Java 17.0.11 with PID 1672 (C:\Users\omera\Desktop\laboratory-reporting-project\backend\config-server\target\classes started by asaf in C:\Users\omera\Desktop\laboratory-reporting-project)
2024-11-11 17:08:28.463 [main] DEBUG ConfigServerApplication - Running with Spring Boot v3.3.3, Spring v6.1.12
2024-11-11 17:08:28.464 [main] INFO  ConfigServerApplication - No active profile set, falling back to 1 default profile: "default"
2024-11-11 17:08:30.257 [main] INFO  GenericScope - BeanFactory id=573b7218-ad2b-31a2-8a41-d3d954054d58
2024-11-11 17:08:30.675 [main] INFO  TomcatWebServer - Tomcat initialized with port 8888 (http)
2024-11-11 17:08:30.696 [main] INFO  Http11NioProtocol - Initializing ProtocolHandler ["http-nio-8888"]
2024-11-11 17:08:30.699 [main] INFO  StandardService - Starting service [Tomcat]
2024-11-11 17:08:30.699 [main] INFO  StandardEngine - Starting Servlet engine: [Apache Tomcat/10.1.28]
2024-11-11 17:08:30.795 [main] INFO  [/] - Initializing Spring embedded WebApplicationContext
2024-11-11 17:08:30.797 [main] INFO  ServletWebServerApplicationContext - Root WebApplicationContext: initialization completed in 2262 ms
2024-11-11 17:08:37.239 [main] INFO  EndpointLinksResolver - Exposing 17 endpoints beneath base path '/actuator'
2024-11-11 17:08:37.341 [main] INFO  Http11NioProtocol - Starting ProtocolHandler ["http-nio-8888"]
2024-11-11 17:08:37.368 [main] INFO  TomcatWebServer - Tomcat started on port 8888 (http) with context path '/'
2024-11-11 17:08:37.550 [main] INFO  ConfigServerApplication - Started ConfigServerApplication in 9.724 seconds (process running for 14.512)
2024-11-11 17:09:15.423 [http-nio-8888-exec-1] INFO  [/] - Initializing Spring DispatcherServlet 'dispatcherServlet'
2024-11-11 17:09:15.423 [http-nio-8888-exec-1] INFO  DispatcherServlet - Initializing Servlet 'dispatcherServlet'
2024-11-11 17:09:15.423 [http-nio-8888-exec-1] INFO  DispatcherServlet - Completed initialization in 0 ms
2024-11-11 17:09:16.713 [http-nio-8888-exec-1] INFO  NativeEnvironmentRepository - Adding property source: Config resource 'file [C:\Users\omera\AppData\Local\Temp\config-repo-409816658333821644\backend\config-repo\discovery-server.yml]' via location 'file:/C:/Users/omera/AppData/Local/Temp/config-repo-409816658333821644/backend/config-repo/'
2024-11-11 17:09:20.533 [AsyncReporter{ZipkinRestTemplateSender{http://zipkin:9411/api/v2/spans}}] WARN  AsyncReporter$BoundedAsyncReporter - Spans were dropped due to exceptions. All subsequent errors will be logged at FINE level.
2024-11-11 17:09:20.533 [AsyncReporter{ZipkinRestTemplateSender{http://zipkin:9411/api/v2/spans}}] WARN  AsyncReporter$BoundedAsyncReporter - Dropped 3 spans due to ResourceAccessException(I/O error on POST request for "http://zipkin:9411/api/v2/spans": No such host is known (zipkin))
org.springframework.web.client.ResourceAccessException: I/O error on POST request for "http://zipkin:9411/api/v2/spans": No such host is known (zipkin)
	at org.springframework.web.client.RestTemplate.createResourceAccessException(RestTemplate.java:915) ~[spring-web-6.1.12.jar:6.1.12]
	at org.springframework.web.client.RestTemplate.doExecute(RestTemplate.java:895) ~[spring-web-6.1.12.jar:6.1.12]
	at org.springframework.web.client.RestTemplate.execute(RestTemplate.java:830) ~[spring-web-6.1.12.jar:6.1.12]
	at org.springframework.web.client.RestTemplate.exchange(RestTemplate.java:691) ~[spring-web-6.1.12.jar:6.1.12]
	at org.springframework.boot.actuate.autoconfigure.tracing.zipkin.ZipkinRestTemplateSender.postSpans(ZipkinRestTemplateSender.java:50) ~[spring-boot-actuator-autoconfigure-3.3.3.jar:3.3.3]
	at org.springframework.boot.actuate.autoconfigure.tracing.zipkin.HttpSender.postSpans(HttpSender.java:68) ~[spring-boot-actuator-autoconfigure-3.3.3.jar:3.3.3]
	at org.springframework.boot.actuate.autoconfigure.tracing.zipkin.HttpSender.postSpans(HttpSender.java:40) ~[spring-boot-actuator-autoconfigure-3.3.3.jar:3.3.3]
	at zipkin2.reporter.BaseHttpSender.send(BaseHttpSender.java:123) ~[zipkin-reporter-3.4.0.jar:?]
	at zipkin2.reporter.internal.AsyncReporter$BoundedAsyncReporter.flush(AsyncReporter.java:266) [zipkin-reporter-3.4.0.jar:?]
	at zipkin2.reporter.internal.AsyncReporter$Flusher.run(AsyncReporter.java:352) [zipkin-reporter-3.4.0.jar:?]
	at java.base/java.lang.Thread.run(Thread.java:842) [?:?]
Caused by: java.net.UnknownHostException: No such host is known (zipkin)
	at java.base/java.net.Inet6AddressImpl.lookupAllHostAddr(Native Method) ~[?:?]
	at java.base/java.net.InetAddress$PlatformNameService.lookupAllHostAddr(InetAddress.java:933) ~[?:?]
	at java.base/java.net.InetAddress.getAddressesFromNameService(InetAddress.java:1543) ~[?:?]
	at java.base/java.net.InetAddress$NameServiceAddresses.get(InetAddress.java:852) ~[?:?]
	at java.base/java.net.InetAddress.getAllByName0(InetAddress.java:1532) ~[?:?]
	at java.base/java.net.InetAddress.getAllByName(InetAddress.java:1384) ~[?:?]
	at java.base/java.net.InetAddress.getAllByName(InetAddress.java:1305) ~[?:?]
	at org.apache.hc.client5.http.SystemDefaultDnsResolver.resolve(SystemDefaultDnsResolver.java:45) ~[httpclient5-5.3.1.jar:5.3.1]
	at org.apache.hc.client5.http.impl.io.DefaultHttpClientConnectionOperator.connect(DefaultHttpClientConnectionOperator.java:144) ~[httpclient5-5.3.1.jar:5.3.1]
	at org.apache.hc.client5.http.impl.io.PoolingHttpClientConnectionManager.connect(PoolingHttpClientConnectionManager.java:450) ~[httpclient5-5.3.1.jar:5.3.1]
	at org.apache.hc.client5.http.impl.classic.InternalExecRuntime.connectEndpoint(InternalExecRuntime.java:162) ~[httpclient5-5.3.1.jar:5.3.1]
	at org.apache.hc.client5.http.impl.classic.InternalExecRuntime.connectEndpoint(InternalExecRuntime.java:172) ~[httpclient5-5.3.1.jar:5.3.1]
	at org.apache.hc.client5.http.impl.classic.ConnectExec.execute(ConnectExec.java:142) ~[httpclient5-5.3.1.jar:5.3.1]
	at org.apache.hc.client5.http.impl.classic.ExecChainElement.execute(ExecChainElement.java:51) ~[httpclient5-5.3.1.jar:5.3.1]
	at org.apache.hc.client5.http.impl.classic.ProtocolExec.execute(ProtocolExec.java:192) ~[httpclient5-5.3.1.jar:5.3.1]
	at org.apache.hc.client5.http.impl.classic.ExecChainElement.execute(ExecChainElement.java:51) ~[httpclient5-5.3.1.jar:5.3.1]
	at org.apache.hc.client5.http.impl.classic.HttpRequestRetryExec.execute(HttpRequestRetryExec.java:113) ~[httpclient5-5.3.1.jar:5.3.1]
	at org.apache.hc.client5.http.impl.classic.ExecChainElement.execute(ExecChainElement.java:51) ~[httpclient5-5.3.1.jar:5.3.1]
	at org.apache.hc.client5.http.impl.classic.ContentCompressionExec.execute(ContentCompressionExec.java:152) ~[httpclient5-5.3.1.jar:5.3.1]
	at org.apache.hc.client5.http.impl.classic.ExecChainElement.execute(ExecChainElement.java:51) ~[httpclient5-5.3.1.jar:5.3.1]
	at org.apache.hc.client5.http.impl.classic.RedirectExec.execute(RedirectExec.java:116) ~[httpclient5-5.3.1.jar:5.3.1]
	at org.apache.hc.client5.http.impl.classic.ExecChainElement.execute(ExecChainElement.java:51) ~[httpclient5-5.3.1.jar:5.3.1]
	at org.apache.hc.client5.http.impl.classic.InternalHttpClient.doExecute(InternalHttpClient.java:170) ~[httpclient5-5.3.1.jar:5.3.1]
	at org.apache.hc.client5.http.impl.classic.CloseableHttpClient.execute(CloseableHttpClient.java:87) ~[httpclient5-5.3.1.jar:5.3.1]
	at org.apache.hc.client5.http.impl.classic.CloseableHttpClient.execute(CloseableHttpClient.java:55) ~[httpclient5-5.3.1.jar:5.3.1]
	at org.apache.hc.client5.http.classic.HttpClient.executeOpen(HttpClient.java:183) ~[httpclient5-5.3.1.jar:5.3.1]
	at org.springframework.http.client.HttpComponentsClientHttpRequest.executeInternal(HttpComponentsClientHttpRequest.java:99) ~[spring-web-6.1.12.jar:6.1.12]
	at org.springframework.http.client.AbstractStreamingClientHttpRequest.executeInternal(AbstractStreamingClientHttpRequest.java:70) ~[spring-web-6.1.12.jar:6.1.12]
	at org.springframework.http.client.AbstractClientHttpRequest.execute(AbstractClientHttpRequest.java:66) ~[spring-web-6.1.12.jar:6.1.12]
	at org.springframework.web.client.RestTemplate.doExecute(RestTemplate.java:889) ~[spring-web-6.1.12.jar:6.1.12]
	... 9 more
2024-11-11 17:10:09.623 [http-nio-8888-exec-2] INFO  NativeEnvironmentRepository - Adding property source: Config resource 'file [C:\Users\omera\AppData\Local\Temp\config-repo-409816658333821644\backend\config-repo\api-gateway.yml]' via location 'file:/C:/Users/omera/AppData/Local/Temp/config-repo-409816658333821644/backend/config-repo/'
2024-11-11 17:12:25.700 [http-nio-8888-exec-5] INFO  NativeEnvironmentRepository - Adding property source: Config resource 'file [C:\Users\omera\AppData\Local\Temp\config-repo-409816658333821644\backend\config-repo\auth-service.properties]' via location 'file:/C:/Users/omera/AppData/Local/Temp/config-repo-409816658333821644/backend/config-repo/'
2024-11-11 17:12:25.706 [http-nio-8888-exec-5] INFO  NativeEnvironmentRepository - Adding property source: Config resource 'file [C:\Users\omera\AppData\Local\Temp\config-repo-409816658333821644\backend\config-repo\auth-service.yml]' via location 'file:/C:/Users/omera/AppData/Local/Temp/config-repo-409816658333821644/backend/config-repo/'
2024-11-11 17:15:40.729 [Thread-2] WARN  MultipleJGitEnvironmentRepository - Failed to delete temporary directory on exit: java.nio.file.AccessDeniedException: C:\Users\omera\AppData\Local\Temp\config-repo-409816658333821644\.git\objects\pack\pack-03039dd9a8e29cf8eee9bda776f1ebffc47ded88.idx
