2025-01-23 01:42:30.340 [background-preinit] INFO  Version - HV000001: Hibernate Validator 8.0.1.Final
2025-01-23 01:42:30.383 [main] INFO  ConfigServerApplication - Starting ConfigServerApplication using Java 17.0.12 with PID 17288 (C:\Users\omera\Desktop\LabReportX-project\backend\config-server\target\classes started by Kadir Can Balıkçı in C:\Users\omera\Desktop\LabReportX-project)
2025-01-23 01:42:30.384 [main] DEBUG ConfigServerApplication - Running with Spring Boot v3.3.3, Spring v6.1.12
2025-01-23 01:42:30.385 [main] INFO  ConfigServerApplication - No active profile set, falling back to 1 default profile: "default"
2025-01-23 01:42:31.583 [main] INFO  GenericScope - BeanFactory id=573b7218-ad2b-31a2-8a41-d3d954054d58
2025-01-23 01:42:31.928 [main] INFO  TomcatWebServer - Tomcat initialized with port 8888 (http)
2025-01-23 01:42:31.939 [main] INFO  Http11NioProtocol - Initializing ProtocolHandler ["http-nio-8888"]
2025-01-23 01:42:31.943 [main] INFO  StandardService - Starting service [Tomcat]
2025-01-23 01:42:31.943 [main] INFO  StandardEngine - Starting Servlet engine: [Apache Tomcat/10.1.28]
2025-01-23 01:42:32.005 [main] INFO  [/] - Initializing Spring embedded WebApplicationContext
2025-01-23 01:42:32.007 [main] INFO  ServletWebServerApplicationContext - Root WebApplicationContext: initialization completed in 1567 ms
2025-01-23 01:42:39.474 [main] INFO  EndpointLinksResolver - Exposing 17 endpoints beneath base path '/actuator'
2025-01-23 01:42:39.522 [main] INFO  Http11NioProtocol - Starting ProtocolHandler ["http-nio-8888"]
2025-01-23 01:42:39.533 [main] WARN  AnnotationConfigServletWebServerApplicationContext - Exception encountered during context initialization - cancelling refresh attempt: org.springframework.context.ApplicationContextException: Failed to start bean 'webServerStartStop'
2025-01-23 01:42:40.566 [main] INFO  ConditionEvaluationReportLogger - 

Error starting ApplicationContext. To display the condition evaluation report re-run your application with 'debug' enabled.
2025-01-23 01:42:40.588 [main] ERROR LoggingFailureAnalysisReporter - 

***************************
APPLICATION FAILED TO START
***************************

Description:

Web server failed to start. Port 8888 was already in use.

Action:

Identify and stop the process that's listening on port 8888 or configure this application to listen on another port.

2025-01-23 01:43:19.289 [background-preinit] INFO  Version - HV000001: Hibernate Validator 8.0.1.Final
2025-01-23 01:43:19.335 [main] INFO  ConfigServerApplication - Starting ConfigServerApplication using Java 17.0.12 with PID 18124 (C:\Users\omera\Desktop\LabReportX-project\backend\config-server\target\classes started by Kadir Can Balıkçı in C:\Users\omera\Desktop\LabReportX-project)
2025-01-23 01:43:19.336 [main] DEBUG ConfigServerApplication - Running with Spring Boot v3.3.3, Spring v6.1.12
2025-01-23 01:43:19.336 [main] INFO  ConfigServerApplication - No active profile set, falling back to 1 default profile: "default"
2025-01-23 01:43:20.453 [main] INFO  GenericScope - BeanFactory id=573b7218-ad2b-31a2-8a41-d3d954054d58
2025-01-23 01:43:20.782 [main] INFO  TomcatWebServer - Tomcat initialized with port 8888 (http)
2025-01-23 01:43:20.792 [main] INFO  Http11NioProtocol - Initializing ProtocolHandler ["http-nio-8888"]
2025-01-23 01:43:20.795 [main] INFO  StandardService - Starting service [Tomcat]
2025-01-23 01:43:20.796 [main] INFO  StandardEngine - Starting Servlet engine: [Apache Tomcat/10.1.28]
2025-01-23 01:43:20.857 [main] INFO  [/] - Initializing Spring embedded WebApplicationContext
2025-01-23 01:43:20.858 [main] INFO  ServletWebServerApplicationContext - Root WebApplicationContext: initialization completed in 1479 ms
2025-01-23 01:43:25.517 [main] INFO  EndpointLinksResolver - Exposing 17 endpoints beneath base path '/actuator'
2025-01-23 01:43:25.567 [main] INFO  Http11NioProtocol - Starting ProtocolHandler ["http-nio-8888"]
2025-01-23 01:43:25.590 [main] INFO  TomcatWebServer - Tomcat started on port 8888 (http) with context path '/'
2025-01-23 01:43:25.656 [main] INFO  ConfigServerApplication - Started ConfigServerApplication in 6.758 seconds (process running for 10.311)
2025-01-23 01:43:32.726 [http-nio-8888-exec-3] INFO  [/] - Initializing Spring DispatcherServlet 'dispatcherServlet'
2025-01-23 01:43:32.727 [http-nio-8888-exec-3] INFO  DispatcherServlet - Initializing Servlet 'dispatcherServlet'
2025-01-23 01:43:32.727 [http-nio-8888-exec-3] INFO  DispatcherServlet - Completed initialization in 0 ms
2025-01-23 01:43:44.577 [Thread-2] WARN  MultipleJGitEnvironmentRepository - Failed to delete temporary directory on exit: java.nio.file.AccessDeniedException: C:\Users\omera\AppData\Local\Temp\config-repo-7948394504639865356\.git\objects\pack\pack-997e24343ac900300889af74a94b25868b1b4575.idx
2025-01-23 19:18:51.125 [background-preinit] INFO  Version - HV000001: Hibernate Validator 8.0.1.Final
2025-01-23 19:18:51.180 [main] INFO  ConfigServerApplication - Starting ConfigServerApplication using Java 17.0.12 with PID 4568 (C:\Users\omera\Desktop\LabReportX-project\backend\config-server\target\classes started by Kadir Can Balıkçı in C:\Users\omera\Desktop\LabReportX-project)
2025-01-23 19:18:51.181 [main] DEBUG ConfigServerApplication - Running with Spring Boot v3.3.3, Spring v6.1.12
2025-01-23 19:18:51.182 [main] INFO  ConfigServerApplication - No active profile set, falling back to 1 default profile: "default"
2025-01-23 19:18:52.451 [main] INFO  GenericScope - BeanFactory id=573b7218-ad2b-31a2-8a41-d3d954054d58
2025-01-23 19:18:52.788 [main] INFO  TomcatWebServer - Tomcat initialized with port 8888 (http)
2025-01-23 19:18:52.799 [main] INFO  Http11NioProtocol - Initializing ProtocolHandler ["http-nio-8888"]
2025-01-23 19:18:52.802 [main] INFO  StandardService - Starting service [Tomcat]
2025-01-23 19:18:52.802 [main] INFO  StandardEngine - Starting Servlet engine: [Apache Tomcat/10.1.28]
2025-01-23 19:18:52.864 [main] INFO  [/] - Initializing Spring embedded WebApplicationContext
2025-01-23 19:18:52.866 [main] INFO  ServletWebServerApplicationContext - Root WebApplicationContext: initialization completed in 1633 ms
2025-01-23 19:18:57.422 [main] INFO  EndpointLinksResolver - Exposing 17 endpoints beneath base path '/actuator'
2025-01-23 19:18:57.472 [main] INFO  Http11NioProtocol - Starting ProtocolHandler ["http-nio-8888"]
2025-01-23 19:18:57.496 [main] INFO  TomcatWebServer - Tomcat started on port 8888 (http) with context path '/'
2025-01-23 19:18:57.558 [main] INFO  ConfigServerApplication - Started ConfigServerApplication in 6.797 seconds (process running for 10.556)
2025-01-23 19:19:00.540 [Thread-2] WARN  MultipleJGitEnvironmentRepository - Failed to delete temporary directory on exit: java.nio.file.AccessDeniedException: C:\Users\omera\AppData\Local\Temp\config-repo-8508618837662718978\.git\objects\pack\pack-a5f4b9ff9a0d7b2f47b5505783805ca8cbd3d02a.idx
2025-01-23 21:59:55.157 [background-preinit] INFO  Version - HV000001: Hibernate Validator 8.0.1.Final
2025-01-23 21:59:55.211 [main] INFO  ConfigServerApplication - Starting ConfigServerApplication using Java 17.0.12 with PID 24560 (C:\Users\omera\Desktop\LabReportX-project\backend\config-server\target\classes started by Kadir Can Balıkçı in C:\Users\omera\Desktop\LabReportX-project)
2025-01-23 21:59:55.211 [main] DEBUG ConfigServerApplication - Running with Spring Boot v3.3.3, Spring v6.1.12
2025-01-23 21:59:55.212 [main] INFO  ConfigServerApplication - No active profile set, falling back to 1 default profile: "default"
2025-01-23 21:59:56.377 [main] INFO  GenericScope - BeanFactory id=573b7218-ad2b-31a2-8a41-d3d954054d58
2025-01-23 21:59:56.684 [main] INFO  TomcatWebServer - Tomcat initialized with port 8888 (http)
2025-01-23 21:59:56.695 [main] INFO  Http11NioProtocol - Initializing ProtocolHandler ["http-nio-8888"]
2025-01-23 21:59:56.697 [main] INFO  StandardService - Starting service [Tomcat]
2025-01-23 21:59:56.697 [main] INFO  StandardEngine - Starting Servlet engine: [Apache Tomcat/10.1.28]
2025-01-23 21:59:56.760 [main] INFO  [/] - Initializing Spring embedded WebApplicationContext
2025-01-23 21:59:56.762 [main] INFO  ServletWebServerApplicationContext - Root WebApplicationContext: initialization completed in 1499 ms
2025-01-23 22:00:01.240 [main] INFO  EndpointLinksResolver - Exposing 17 endpoints beneath base path '/actuator'
2025-01-23 22:00:01.299 [main] INFO  Http11NioProtocol - Starting ProtocolHandler ["http-nio-8888"]
2025-01-23 22:00:01.325 [main] INFO  TomcatWebServer - Tomcat started on port 8888 (http) with context path '/'
2025-01-23 22:00:01.395 [main] INFO  ConfigServerApplication - Started ConfigServerApplication in 6.593 seconds (process running for 10.159)
2025-01-23 22:00:28.254 [http-nio-8888-exec-1] INFO  [/] - Initializing Spring DispatcherServlet 'dispatcherServlet'
2025-01-23 22:00:28.254 [http-nio-8888-exec-1] INFO  DispatcherServlet - Initializing Servlet 'dispatcherServlet'
2025-01-23 22:00:28.256 [http-nio-8888-exec-1] INFO  DispatcherServlet - Completed initialization in 2 ms
2025-01-23 22:00:29.940 [http-nio-8888-exec-1] INFO  NativeEnvironmentRepository - Adding property source: Config resource 'file [C:\Users\omera\AppData\Local\Temp\config-repo-17128683770733713749\backend\config-repo\discovery-server.yml]' via location 'file:/C:/Users/omera/AppData/Local/Temp/config-repo-17128683770733713749/backend/config-repo/'
2025-01-23 22:01:08.627 [http-nio-8888-exec-2] INFO  NativeEnvironmentRepository - Adding property source: Config resource 'file [C:\Users\omera\AppData\Local\Temp\config-repo-17128683770733713749\backend\config-repo\api-gateway.yml]' via location 'file:/C:/Users/omera/AppData/Local/Temp/config-repo-17128683770733713749/backend/config-repo/'
2025-01-23 22:01:12.337 [AsyncReporter{ZipkinRestTemplateSender{http://zipkin:9411/api/v2/spans}}] WARN  AsyncReporter$BoundedAsyncReporter - Spans were dropped due to exceptions. All subsequent errors will be logged at FINE level.
2025-01-23 22:01:12.338 [AsyncReporter{ZipkinRestTemplateSender{http://zipkin:9411/api/v2/spans}}] WARN  AsyncReporter$BoundedAsyncReporter - Dropped 3 spans due to ResourceAccessException(I/O error on POST request for "http://zipkin:9411/api/v2/spans": Bilinen böyle bir ana bilgisayar yok (zipkin))
org.springframework.web.client.ResourceAccessException: I/O error on POST request for "http://zipkin:9411/api/v2/spans": Bilinen böyle bir ana bilgisayar yok (zipkin)
	at org.springframework.web.client.RestTemplate.createResourceAccessException(RestTemplate.java:915) ~[spring-web-6.1.12.jar:6.1.12]
	at org.springframework.web.client.RestTemplate.doExecute(RestTemplate.java:895) ~[spring-web-6.1.12.jar:6.1.12]
	at org.springframework.web.client.RestTemplate.execute(RestTemplate.java:830) ~[spring-web-6.1.12.jar:6.1.12]
	at org.springframework.web.client.RestTemplate.exchange(RestTemplate.java:691) ~[spring-web-6.1.12.jar:6.1.12]
	at org.springframework.boot.actuate.autoconfigure.tracing.zipkin.ZipkinRestTemplateSender.postSpans(ZipkinRestTemplateSender.java:50) ~[spring-boot-actuator-autoconfigure-3.3.3.jar:3.3.3]
	at org.springframework.boot.actuate.autoconfigure.tracing.zipkin.HttpSender.postSpans(HttpSender.java:68) ~[spring-boot-actuator-autoconfigure-3.3.3.jar:3.3.3]
	at org.springframework.boot.actuate.autoconfigure.tracing.zipkin.HttpSender.postSpans(HttpSender.java:40) ~[spring-boot-actuator-autoconfigure-3.3.3.jar:3.3.3]
	at zipkin2.reporter.BaseHttpSender.send(BaseHttpSender.java:123) ~[zipkin-reporter-3.4.0.jar:?]
	at zipkin2.reporter.internal.AsyncReporter$BoundedAsyncReporter.flush(AsyncReporter.java:266) [zipkin-reporter-3.4.0.jar:?]
	at zipkin2.reporter.internal.AsyncReporter$Flusher.run(AsyncReporter.java:352) [zipkin-reporter-3.4.0.jar:?]
	at java.base/java.lang.Thread.run(Thread.java:842) [?:?]
Caused by: java.net.UnknownHostException: Bilinen böyle bir ana bilgisayar yok (zipkin)
	at java.base/java.net.Inet6AddressImpl.lookupAllHostAddr(Native Method) ~[?:?]
	at java.base/java.net.InetAddress$PlatformNameService.lookupAllHostAddr(InetAddress.java:933) ~[?:?]
	at java.base/java.net.InetAddress.getAddressesFromNameService(InetAddress.java:1543) ~[?:?]
	at java.base/java.net.InetAddress$NameServiceAddresses.get(InetAddress.java:852) ~[?:?]
	at java.base/java.net.InetAddress.getAllByName0(InetAddress.java:1532) ~[?:?]
	at java.base/java.net.InetAddress.getAllByName(InetAddress.java:1384) ~[?:?]
	at java.base/java.net.InetAddress.getAllByName(InetAddress.java:1305) ~[?:?]
	at org.apache.hc.client5.http.SystemDefaultDnsResolver.resolve(SystemDefaultDnsResolver.java:45) ~[httpclient5-5.3.1.jar:5.3.1]
	at org.apache.hc.client5.http.impl.io.DefaultHttpClientConnectionOperator.connect(DefaultHttpClientConnectionOperator.java:144) ~[httpclient5-5.3.1.jar:5.3.1]
	at org.apache.hc.client5.http.impl.io.PoolingHttpClientConnectionManager.connect(PoolingHttpClientConnectionManager.java:450) ~[httpclient5-5.3.1.jar:5.3.1]
	at org.apache.hc.client5.http.impl.classic.InternalExecRuntime.connectEndpoint(InternalExecRuntime.java:162) ~[httpclient5-5.3.1.jar:5.3.1]
	at org.apache.hc.client5.http.impl.classic.InternalExecRuntime.connectEndpoint(InternalExecRuntime.java:172) ~[httpclient5-5.3.1.jar:5.3.1]
	at org.apache.hc.client5.http.impl.classic.ConnectExec.execute(ConnectExec.java:142) ~[httpclient5-5.3.1.jar:5.3.1]
	at org.apache.hc.client5.http.impl.classic.ExecChainElement.execute(ExecChainElement.java:51) ~[httpclient5-5.3.1.jar:5.3.1]
	at org.apache.hc.client5.http.impl.classic.ProtocolExec.execute(ProtocolExec.java:192) ~[httpclient5-5.3.1.jar:5.3.1]
	at org.apache.hc.client5.http.impl.classic.ExecChainElement.execute(ExecChainElement.java:51) ~[httpclient5-5.3.1.jar:5.3.1]
	at org.apache.hc.client5.http.impl.classic.HttpRequestRetryExec.execute(HttpRequestRetryExec.java:113) ~[httpclient5-5.3.1.jar:5.3.1]
	at org.apache.hc.client5.http.impl.classic.ExecChainElement.execute(ExecChainElement.java:51) ~[httpclient5-5.3.1.jar:5.3.1]
	at org.apache.hc.client5.http.impl.classic.ContentCompressionExec.execute(ContentCompressionExec.java:152) ~[httpclient5-5.3.1.jar:5.3.1]
	at org.apache.hc.client5.http.impl.classic.ExecChainElement.execute(ExecChainElement.java:51) ~[httpclient5-5.3.1.jar:5.3.1]
	at org.apache.hc.client5.http.impl.classic.RedirectExec.execute(RedirectExec.java:116) ~[httpclient5-5.3.1.jar:5.3.1]
	at org.apache.hc.client5.http.impl.classic.ExecChainElement.execute(ExecChainElement.java:51) ~[httpclient5-5.3.1.jar:5.3.1]
	at org.apache.hc.client5.http.impl.classic.InternalHttpClient.doExecute(InternalHttpClient.java:170) ~[httpclient5-5.3.1.jar:5.3.1]
	at org.apache.hc.client5.http.impl.classic.CloseableHttpClient.execute(CloseableHttpClient.java:87) ~[httpclient5-5.3.1.jar:5.3.1]
	at org.apache.hc.client5.http.impl.classic.CloseableHttpClient.execute(CloseableHttpClient.java:55) ~[httpclient5-5.3.1.jar:5.3.1]
	at org.apache.hc.client5.http.classic.HttpClient.executeOpen(HttpClient.java:183) ~[httpclient5-5.3.1.jar:5.3.1]
	at org.springframework.http.client.HttpComponentsClientHttpRequest.executeInternal(HttpComponentsClientHttpRequest.java:99) ~[spring-web-6.1.12.jar:6.1.12]
	at org.springframework.http.client.AbstractStreamingClientHttpRequest.executeInternal(AbstractStreamingClientHttpRequest.java:70) ~[spring-web-6.1.12.jar:6.1.12]
	at org.springframework.http.client.AbstractClientHttpRequest.execute(AbstractClientHttpRequest.java:66) ~[spring-web-6.1.12.jar:6.1.12]
	at org.springframework.web.client.RestTemplate.doExecute(RestTemplate.java:889) ~[spring-web-6.1.12.jar:6.1.12]
	... 9 more
2025-01-23 22:02:12.076 [Thread-2] WARN  MultipleJGitEnvironmentRepository - Failed to delete temporary directory on exit: java.nio.file.AccessDeniedException: C:\Users\omera\AppData\Local\Temp\config-repo-17128683770733713749\.git\objects\pack\pack-5d7dc889344dab5db268666ba8ee628e33d706d2.idx
2025-01-23 22:02:29.482 [background-preinit] INFO  Version - HV000001: Hibernate Validator 8.0.1.Final
2025-01-23 22:02:29.524 [main] INFO  ConfigServerApplication - Starting ConfigServerApplication using Java 17.0.12 with PID 2560 (C:\Users\omera\Desktop\LabReportX-project\backend\config-server\target\classes started by Kadir Can Balıkçı in C:\Users\omera\Desktop\LabReportX-project)
2025-01-23 22:02:29.525 [main] DEBUG ConfigServerApplication - Running with Spring Boot v3.3.3, Spring v6.1.12
2025-01-23 22:02:29.526 [main] INFO  ConfigServerApplication - No active profile set, falling back to 1 default profile: "default"
2025-01-23 22:02:30.548 [main] INFO  GenericScope - BeanFactory id=573b7218-ad2b-31a2-8a41-d3d954054d58
2025-01-23 22:02:30.866 [main] INFO  TomcatWebServer - Tomcat initialized with port 8888 (http)
2025-01-23 22:02:30.877 [main] INFO  Http11NioProtocol - Initializing ProtocolHandler ["http-nio-8888"]
2025-01-23 22:02:30.880 [main] INFO  StandardService - Starting service [Tomcat]
2025-01-23 22:02:30.880 [main] INFO  StandardEngine - Starting Servlet engine: [Apache Tomcat/10.1.28]
2025-01-23 22:02:30.942 [main] INFO  [/] - Initializing Spring embedded WebApplicationContext
2025-01-23 22:02:30.943 [main] INFO  ServletWebServerApplicationContext - Root WebApplicationContext: initialization completed in 1374 ms
2025-01-23 22:02:35.204 [main] INFO  EndpointLinksResolver - Exposing 17 endpoints beneath base path '/actuator'
2025-01-23 22:02:35.248 [main] INFO  Http11NioProtocol - Starting ProtocolHandler ["http-nio-8888"]
2025-01-23 22:02:35.268 [main] INFO  TomcatWebServer - Tomcat started on port 8888 (http) with context path '/'
2025-01-23 22:02:35.320 [main] INFO  ConfigServerApplication - Started ConfigServerApplication in 6.158 seconds (process running for 9.722)
2025-01-23 22:03:14.944 [http-nio-8888-exec-1] INFO  [/] - Initializing Spring DispatcherServlet 'dispatcherServlet'
2025-01-23 22:03:14.944 [http-nio-8888-exec-1] INFO  DispatcherServlet - Initializing Servlet 'dispatcherServlet'
2025-01-23 22:03:14.945 [http-nio-8888-exec-1] INFO  DispatcherServlet - Completed initialization in 1 ms
2025-01-23 22:03:16.631 [http-nio-8888-exec-1] INFO  NativeEnvironmentRepository - Adding property source: Config resource 'file [C:\Users\omera\AppData\Local\Temp\config-repo-11938811521498660075\backend\config-repo\discovery-server.yml]' via location 'file:/C:/Users/omera/AppData/Local/Temp/config-repo-11938811521498660075/backend/config-repo/'
2025-01-23 22:03:20.342 [AsyncReporter{ZipkinRestTemplateSender{http://zipkin:9411/api/v2/spans}}] WARN  AsyncReporter$BoundedAsyncReporter - Spans were dropped due to exceptions. All subsequent errors will be logged at FINE level.
2025-01-23 22:03:20.343 [AsyncReporter{ZipkinRestTemplateSender{http://zipkin:9411/api/v2/spans}}] WARN  AsyncReporter$BoundedAsyncReporter - Dropped 3 spans due to ResourceAccessException(I/O error on POST request for "http://zipkin:9411/api/v2/spans": Bilinen böyle bir ana bilgisayar yok (zipkin))
org.springframework.web.client.ResourceAccessException: I/O error on POST request for "http://zipkin:9411/api/v2/spans": Bilinen böyle bir ana bilgisayar yok (zipkin)
	at org.springframework.web.client.RestTemplate.createResourceAccessException(RestTemplate.java:915) ~[spring-web-6.1.12.jar:6.1.12]
	at org.springframework.web.client.RestTemplate.doExecute(RestTemplate.java:895) ~[spring-web-6.1.12.jar:6.1.12]
	at org.springframework.web.client.RestTemplate.execute(RestTemplate.java:830) ~[spring-web-6.1.12.jar:6.1.12]
	at org.springframework.web.client.RestTemplate.exchange(RestTemplate.java:691) ~[spring-web-6.1.12.jar:6.1.12]
	at org.springframework.boot.actuate.autoconfigure.tracing.zipkin.ZipkinRestTemplateSender.postSpans(ZipkinRestTemplateSender.java:50) ~[spring-boot-actuator-autoconfigure-3.3.3.jar:3.3.3]
	at org.springframework.boot.actuate.autoconfigure.tracing.zipkin.HttpSender.postSpans(HttpSender.java:68) ~[spring-boot-actuator-autoconfigure-3.3.3.jar:3.3.3]
	at org.springframework.boot.actuate.autoconfigure.tracing.zipkin.HttpSender.postSpans(HttpSender.java:40) ~[spring-boot-actuator-autoconfigure-3.3.3.jar:3.3.3]
	at zipkin2.reporter.BaseHttpSender.send(BaseHttpSender.java:123) ~[zipkin-reporter-3.4.0.jar:?]
	at zipkin2.reporter.internal.AsyncReporter$BoundedAsyncReporter.flush(AsyncReporter.java:266) [zipkin-reporter-3.4.0.jar:?]
	at zipkin2.reporter.internal.AsyncReporter$Flusher.run(AsyncReporter.java:352) [zipkin-reporter-3.4.0.jar:?]
	at java.base/java.lang.Thread.run(Thread.java:842) [?:?]
Caused by: java.net.UnknownHostException: Bilinen böyle bir ana bilgisayar yok (zipkin)
	at java.base/java.net.Inet6AddressImpl.lookupAllHostAddr(Native Method) ~[?:?]
	at java.base/java.net.InetAddress$PlatformNameService.lookupAllHostAddr(InetAddress.java:933) ~[?:?]
	at java.base/java.net.InetAddress.getAddressesFromNameService(InetAddress.java:1543) ~[?:?]
	at java.base/java.net.InetAddress$NameServiceAddresses.get(InetAddress.java:852) ~[?:?]
	at java.base/java.net.InetAddress.getAllByName0(InetAddress.java:1532) ~[?:?]
	at java.base/java.net.InetAddress.getAllByName(InetAddress.java:1384) ~[?:?]
	at java.base/java.net.InetAddress.getAllByName(InetAddress.java:1305) ~[?:?]
	at org.apache.hc.client5.http.SystemDefaultDnsResolver.resolve(SystemDefaultDnsResolver.java:45) ~[httpclient5-5.3.1.jar:5.3.1]
	at org.apache.hc.client5.http.impl.io.DefaultHttpClientConnectionOperator.connect(DefaultHttpClientConnectionOperator.java:144) ~[httpclient5-5.3.1.jar:5.3.1]
	at org.apache.hc.client5.http.impl.io.PoolingHttpClientConnectionManager.connect(PoolingHttpClientConnectionManager.java:450) ~[httpclient5-5.3.1.jar:5.3.1]
	at org.apache.hc.client5.http.impl.classic.InternalExecRuntime.connectEndpoint(InternalExecRuntime.java:162) ~[httpclient5-5.3.1.jar:5.3.1]
	at org.apache.hc.client5.http.impl.classic.InternalExecRuntime.connectEndpoint(InternalExecRuntime.java:172) ~[httpclient5-5.3.1.jar:5.3.1]
	at org.apache.hc.client5.http.impl.classic.ConnectExec.execute(ConnectExec.java:142) ~[httpclient5-5.3.1.jar:5.3.1]
	at org.apache.hc.client5.http.impl.classic.ExecChainElement.execute(ExecChainElement.java:51) ~[httpclient5-5.3.1.jar:5.3.1]
	at org.apache.hc.client5.http.impl.classic.ProtocolExec.execute(ProtocolExec.java:192) ~[httpclient5-5.3.1.jar:5.3.1]
	at org.apache.hc.client5.http.impl.classic.ExecChainElement.execute(ExecChainElement.java:51) ~[httpclient5-5.3.1.jar:5.3.1]
	at org.apache.hc.client5.http.impl.classic.HttpRequestRetryExec.execute(HttpRequestRetryExec.java:113) ~[httpclient5-5.3.1.jar:5.3.1]
	at org.apache.hc.client5.http.impl.classic.ExecChainElement.execute(ExecChainElement.java:51) ~[httpclient5-5.3.1.jar:5.3.1]
	at org.apache.hc.client5.http.impl.classic.ContentCompressionExec.execute(ContentCompressionExec.java:152) ~[httpclient5-5.3.1.jar:5.3.1]
	at org.apache.hc.client5.http.impl.classic.ExecChainElement.execute(ExecChainElement.java:51) ~[httpclient5-5.3.1.jar:5.3.1]
	at org.apache.hc.client5.http.impl.classic.RedirectExec.execute(RedirectExec.java:116) ~[httpclient5-5.3.1.jar:5.3.1]
	at org.apache.hc.client5.http.impl.classic.ExecChainElement.execute(ExecChainElement.java:51) ~[httpclient5-5.3.1.jar:5.3.1]
	at org.apache.hc.client5.http.impl.classic.InternalHttpClient.doExecute(InternalHttpClient.java:170) ~[httpclient5-5.3.1.jar:5.3.1]
	at org.apache.hc.client5.http.impl.classic.CloseableHttpClient.execute(CloseableHttpClient.java:87) ~[httpclient5-5.3.1.jar:5.3.1]
	at org.apache.hc.client5.http.impl.classic.CloseableHttpClient.execute(CloseableHttpClient.java:55) ~[httpclient5-5.3.1.jar:5.3.1]
	at org.apache.hc.client5.http.classic.HttpClient.executeOpen(HttpClient.java:183) ~[httpclient5-5.3.1.jar:5.3.1]
	at org.springframework.http.client.HttpComponentsClientHttpRequest.executeInternal(HttpComponentsClientHttpRequest.java:99) ~[spring-web-6.1.12.jar:6.1.12]
	at org.springframework.http.client.AbstractStreamingClientHttpRequest.executeInternal(AbstractStreamingClientHttpRequest.java:70) ~[spring-web-6.1.12.jar:6.1.12]
	at org.springframework.http.client.AbstractClientHttpRequest.execute(AbstractClientHttpRequest.java:66) ~[spring-web-6.1.12.jar:6.1.12]
	at org.springframework.web.client.RestTemplate.doExecute(RestTemplate.java:889) ~[spring-web-6.1.12.jar:6.1.12]
	... 9 more
2025-01-23 22:04:00.894 [http-nio-8888-exec-3] INFO  NativeEnvironmentRepository - Adding property source: Config resource 'file [C:\Users\omera\AppData\Local\Temp\config-repo-11938811521498660075\backend\config-repo\api-gateway.yml]' via location 'file:/C:/Users/omera/AppData/Local/Temp/config-repo-11938811521498660075/backend/config-repo/'
2025-01-23 22:05:19.158 [http-nio-8888-exec-5] INFO  NativeEnvironmentRepository - Adding property source: Config resource 'file [C:\Users\omera\AppData\Local\Temp\config-repo-11938811521498660075\backend\config-repo\auth-service.properties]' via location 'file:/C:/Users/omera/AppData/Local/Temp/config-repo-11938811521498660075/backend/config-repo/'
2025-01-23 22:05:19.158 [http-nio-8888-exec-5] INFO  NativeEnvironmentRepository - Adding property source: Config resource 'file [C:\Users\omera\AppData\Local\Temp\config-repo-11938811521498660075\backend\config-repo\auth-service.yml]' via location 'file:/C:/Users/omera/AppData/Local/Temp/config-repo-11938811521498660075/backend/config-repo/'
2025-01-23 22:06:27.301 [Thread-2] WARN  MultipleJGitEnvironmentRepository - Failed to delete temporary directory on exit: java.nio.file.AccessDeniedException: C:\Users\omera\AppData\Local\Temp\config-repo-11938811521498660075\.git\objects\pack\pack-62ad57bbc2cc5b1b04e8366f6c72a3f611e2a7fe.idx
