2024-10-30 23:53:12.090 [main] TRACE ReportController - Entering getPrescription method in ReportController class
2024-10-30 23:53:12.231 [main] INFO  ReportController - Fetching prescription for report ID: 1 by user: technician1
2024-10-30 23:53:12.278 [main] TRACE ReportController - Exiting getPrescription method in ReportController class
2024-10-30 23:53:12.340 [main] TRACE ReportController - Entering addReport method in ReportController class
2024-10-30 23:53:12.340 [main] INFO  ReportController - Adding the report by the user: technician1
2024-10-30 23:53:12.340 [main] TRACE ReportController - Exiting addReport method in ReportController class
2024-10-30 23:53:12.371 [main] TRACE ReportController - Entering restoreReport method in ReportController class
2024-10-30 23:53:12.371 [main] INFO  ReportController - Restoring the report with ID: 1 by the user: technician1
2024-10-30 23:53:12.371 [main] TRACE ReportController - Exiting restoreReport method in ReportController class
2024-10-30 23:53:12.371 [main] TRACE ReportController - Entering getReportById method in ReportController class
2024-10-30 23:53:12.371 [main] INFO  ReportController - Retrieving report with ID: 1
2024-10-30 23:53:12.371 [main] TRACE ReportController - Exiting getReportById method in ReportController class
2024-10-30 23:53:12.387 [main] TRACE ReportController - Entering getAllReportsFilteredAndSorted method in ReportController class
2024-10-30 23:53:12.387 [main] INFO  ReportController - Retrieving reports filtered and sorted: page=0, size=3, sortBy=id, direction=ASC, fileNumber=null, patientTrIdNumber=null, diagnosisTitle=null, diagnosisDetails=null, date=null, photoPath=null, technicianUsername=null, deleted=null
2024-10-30 23:53:12.387 [main] TRACE ReportController - Exiting getAllReportsFilteredAndSorted method in ReportController class
2024-10-30 23:53:12.387 [main] TRACE ReportController - Entering updateReport method in ReportController class
2024-10-30 23:53:12.403 [main] INFO  ReportController - Updating the report by the user: technician1
2024-10-30 23:53:12.403 [main] TRACE ReportController - Exiting updateReport method in ReportController class
2024-10-30 23:53:12.403 [main] TRACE ReportController - Entering sendPrescription method in ReportController class
2024-10-30 23:53:12.403 [main] INFO  ReportController - Sending prescription for user: technician1
2024-10-30 23:53:12.403 [main] TRACE ReportController - Exiting sendPrescription method in ReportController class
2024-10-30 23:53:12.403 [main] TRACE ReportController - Entering getAllReportsByTechnician method in ReportController class
2024-10-30 23:53:12.403 [main] INFO  ReportController - Retrieving reports for technician: page=0, size=3, sortBy=id, direction=ASC, fileNumber=null, patientTrIdNumber=null, diagnosisTitle=null, diagnosisDetails=null, date=null, photoPath=null, username=technician1, deleted=null
2024-10-30 23:53:12.418 [main] TRACE ReportController - Exiting getAllReportsByTechnician method in ReportController class
2024-10-30 23:53:12.418 [main] TRACE ReportController - Entering deletePhoto method in ReportController class
2024-10-30 23:53:12.418 [main] INFO  ReportController - Deleting photo for report ID: 1 by user: technician1
2024-10-30 23:53:12.418 [main] TRACE ReportController - Exiting deletePhoto method in ReportController class
2024-10-30 23:53:12.418 [main] TRACE ReportController - Entering deleteReport method in ReportController class
2024-10-30 23:53:12.418 [main] INFO  ReportController - Deleting the report with ID: 1 by the user: technician1
2024-10-30 23:53:12.418 [main] TRACE ReportController - Exiting deleteReport method in ReportController class
2024-10-30 23:53:12.575 [main] TRACE ReportController - Entering getReportPdf method in ReportController class
2024-10-30 23:53:12.575 [main] INFO  ReportController - Fetching PDF report for report ID: 1
2024-10-30 23:53:12.575 [main] TRACE ReportController - Exiting getReportPdf method in ReportController class
2024-10-30 23:53:12.575 [main] TRACE ReportController - Entering checkTrIdNumber method in ReportController class
2024-10-30 23:53:12.575 [main] INFO  ReportController - Checking TR ID number: 12345678901 for user: technician1
2024-10-30 23:53:12.575 [main] TRACE ReportController - Exiting checkTrIdNumber method in ReportController class
2024-10-30 23:53:12.590 [main] TRACE ReportController - Entering getPhoto method in ReportController class
2024-10-30 23:53:12.590 [main] INFO  ReportController - Fetching photo for report ID: 1 by user: technician1
2024-10-30 23:53:12.590 [main] TRACE ReportController - Exiting getPhoto method in ReportController class
2024-10-30 23:53:12.590 [main] TRACE ReportController - Entering addPhoto method in ReportController class
2024-10-30 23:53:12.590 [main] INFO  ReportController - Uploading photo for report ID: 1 by user: technician1
2024-10-30 23:53:12.590 [main] TRACE ReportController - Exiting addPhoto method in ReportController class
2024-10-30 23:53:13.403 [main] TRACE ReportServiceImpl - Entering getPhoto method in ReportServiceImpl
2024-10-30 23:53:13.403 [main] DEBUG ReportServiceImpl - Fetching photo for report with id: 1 by technician: differentUser
2024-10-30 23:53:13.403 [main] ERROR ReportServiceImpl - Unauthorized access attempt by username: differentUser for report id: 1
2024-10-30 23:53:13.418 [main] TRACE ReportServiceImpl - Entering getReportsByTechnician method in ReportServiceImpl
2024-10-30 23:53:13.418 [main] DEBUG ReportServiceImpl - Fetching reports for technician: technician1 with filters - Page: 0, Size: 10, SortBy: date, Direction: DESC
2024-10-30 23:53:13.434 [main] INFO  ReportServiceImpl - Total reports found for technician technician1: 1
2024-10-30 23:53:13.434 [main] TRACE ReportServiceImpl - Exiting getReportsByTechnician method in ReportServiceImpl
2024-10-30 23:53:13.434 [main] TRACE ReportServiceImpl - Entering addReport method in ReportServiceImpl
2024-10-30 23:53:13.434 [main] DEBUG ReportServiceImpl - Adding report for user: techUser
2024-10-30 23:53:13.434 [main] ERROR ReportServiceImpl - TR ID number not found in Redis for user: techUser
2024-10-30 23:53:13.450 [main] TRACE ReportServiceImpl - Entering updateReport method in ReportServiceImpl
2024-10-30 23:53:13.450 [main] DEBUG ReportServiceImpl - Updating report with id: 1 by technician: tech2
2024-10-30 23:53:13.450 [main] ERROR ReportServiceImpl - Unauthorized update attempt by user: tech2 on report id: 1
2024-10-30 23:53:13.450 [main] TRACE ReportServiceImpl - Entering restoreReport method in ReportServiceImpl
2024-10-30 23:53:13.450 [main] DEBUG ReportServiceImpl - Attempting to restore report with id: 1 by technician: tech1
2024-10-30 23:53:13.450 [main] ERROR ReportServiceImpl - Unauthorized restore attempt by user: tech1 on report id: 1
2024-10-30 23:53:13.606 [main] TRACE ReportServiceImpl - Entering getPhoto method in ReportServiceImpl
2024-10-30 23:53:13.606 [main] DEBUG ReportServiceImpl - Fetching photo for report with id: 1 by technician: technicianUser
2024-10-30 23:53:13.606 [main] DEBUG ReportServiceImpl - Reading photo from path: backend/uploads/photos/photo.jpg
2024-10-30 23:53:13.606 [main] TRACE ReportServiceImpl - Exiting getPhoto method in ReportServiceImpl
2024-10-30 23:53:13.621 [main] TRACE ReportServiceImpl - Entering sendPrescription method in ReportServiceImpl
2024-10-30 23:53:13.621 [main] DEBUG ReportServiceImpl - Sending prescription email for username: testUser
2024-10-30 23:53:13.621 [main] ERROR ReportServiceImpl - PDF data is empty or corrupted for username: testUser
2024-10-30 23:53:13.637 [main] TRACE ReportServiceImpl - Entering deletePhoto method in ReportServiceImpl
2024-10-30 23:53:13.637 [main] DEBUG ReportServiceImpl - Attempting to delete photo for report id: 1 by technician: technicianUser
2024-10-30 23:53:13.637 [main] DEBUG ReportServiceImpl - Deleting photo at path: backend/uploads/photos/photo.jpg
2024-10-30 23:53:13.637 [main] INFO  ReportServiceImpl - Successfully deleted photo for report id: 1
2024-10-30 23:53:13.637 [main] TRACE ReportServiceImpl - Exiting deletePhoto method in ReportServiceImpl
2024-10-30 23:53:13.653 [main] TRACE ReportServiceImpl - Entering deletePhoto method in ReportServiceImpl
2024-10-30 23:53:13.653 [main] DEBUG ReportServiceImpl - Attempting to delete photo for report id: 1 by technician: unauthorizedUser
2024-10-30 23:53:13.653 [main] ERROR ReportServiceImpl - Unauthorized deletion attempt by username: unauthorizedUser for report id: 1
2024-10-30 23:53:13.668 [main] TRACE ReportServiceImpl - Entering getReportById method in ReportServiceImpl
2024-10-30 23:53:13.668 [main] DEBUG ReportServiceImpl - Fetching report with ID: 1
2024-10-30 23:53:13.668 [main] ERROR ReportServiceImpl - Report not found with ID: 1
2024-10-30 23:53:13.684 [main] TRACE ReportServiceImpl - Entering getReportPdf method in ReportServiceImpl
2024-10-30 23:53:13.684 [main] DEBUG ReportServiceImpl - Generating PDF for report id: 1
2024-10-30 23:53:13.684 [main] ERROR ReportServiceImpl - Report with id: 1 not found
2024-10-30 23:53:13.684 [main] TRACE ReportServiceImpl - Entering getAllReportsFilteredAndSorted method in ReportServiceImpl
2024-10-30 23:53:13.684 [main] DEBUG ReportServiceImpl - Fetching all reports with filters - Page: 0, Size: 10, SortBy: date, Direction: ASC
2024-10-30 23:53:13.684 [main] INFO  ReportServiceImpl - Total reports found: 1
2024-10-30 23:53:13.700 [main] TRACE ReportServiceImpl - Exiting getAllReportsFilteredAndSorted method in ReportServiceImpl
2024-10-30 23:53:13.700 [main] TRACE ReportServiceImpl - Entering addReport method in ReportServiceImpl
2024-10-30 23:53:13.700 [main] DEBUG ReportServiceImpl - Adding report for user: techUser
2024-10-30 23:53:13.715 [main] INFO  ReportServiceImpl - Report added successfully: GetReportResponse(id=null, fileNumber=null, patientTrIdNumber=null, diagnosisTitle=null, diagnosisDetails=null, date=null, photoPath=null, technicianUsername=null)
2024-10-30 23:53:13.731 [main] TRACE ReportServiceImpl - Exiting addReport method in ReportServiceImpl
2024-10-30 23:53:13.731 [main] TRACE ReportServiceImpl - Entering deletePhoto method in ReportServiceImpl
2024-10-30 23:53:13.731 [main] DEBUG ReportServiceImpl - Attempting to delete photo for report id: 1 by technician: technicianUser
2024-10-30 23:53:13.731 [main] ERROR ReportServiceImpl - Report with id: 1 not found for delete photo
2024-10-30 23:53:13.747 [main] TRACE ReportServiceImpl - Entering sendPrescription method in ReportServiceImpl
2024-10-30 23:53:13.747 [main] DEBUG ReportServiceImpl - Sending prescription email for username: testUser
2024-10-30 23:53:13.747 [main] ERROR ReportServiceImpl - Cached prescription or TR ID number not found for username: testUser
2024-10-30 23:53:13.762 [main] TRACE ReportServiceImpl - Entering getPrescription method in ReportServiceImpl
2024-10-30 23:53:13.762 [main] DEBUG ReportServiceImpl - Generating prescription for report id: 1
2024-10-30 23:53:13.762 [main] ERROR ReportServiceImpl - Report with id: 1 not found for prescription
2024-10-30 23:53:13.762 [main] TRACE ReportServiceImpl - Entering restoreReport method in ReportServiceImpl
2024-10-30 23:53:13.778 [main] DEBUG ReportServiceImpl - Attempting to restore report with id: 1 by technician: tech1
2024-10-30 23:53:13.778 [main] INFO  ReportServiceImpl - Report with id: 1 successfully restored by technician: tech1
2024-10-30 23:53:13.778 [main] TRACE ReportServiceImpl - Exiting restoreReport method in ReportServiceImpl
2024-10-30 23:53:13.778 [main] TRACE ReportServiceImpl - Entering getReportById method in ReportServiceImpl
2024-10-30 23:53:13.778 [main] DEBUG ReportServiceImpl - Fetching report with ID: 1
2024-10-30 23:53:13.778 [main] INFO  ReportServiceImpl - Report found: GetReportResponse(id=null, fileNumber=null, patientTrIdNumber=null, diagnosisTitle=null, diagnosisDetails=null, date=null, photoPath=null, technicianUsername=null)
2024-10-30 23:53:13.793 [main] TRACE ReportServiceImpl - Exiting getReportById method in ReportServiceImpl
2024-10-30 23:53:13.903 [main] TRACE ReportServiceImpl - Entering addPhoto method in ReportServiceImpl
2024-10-30 23:53:13.903 [main] DEBUG ReportServiceImpl - Adding photo to report with id: 1 by technician: tech1
2024-10-30 23:53:13.918 [main] INFO  ReportServiceImpl - Successfully added photo to report with id: 1
2024-10-30 23:53:13.918 [main] TRACE ReportServiceImpl - Exiting addPhoto method in ReportServiceImpl
2024-10-30 23:53:13.918 [main] TRACE ReportServiceImpl - Entering addPhoto method in ReportServiceImpl
2024-10-30 23:53:13.918 [main] DEBUG ReportServiceImpl - Adding photo to report with id: 1 by technician: tech1
2024-10-30 23:53:13.918 [main] ERROR ReportServiceImpl - Unauthorized photo upload attempt by user: tech1 on report id: 1
2024-10-30 23:53:13.934 [main] TRACE ReportServiceImpl - Entering restoreReport method in ReportServiceImpl
2024-10-30 23:53:13.934 [main] DEBUG ReportServiceImpl - Attempting to restore report with id: 1 by technician: tech1
2024-10-30 23:53:13.934 [main] ERROR ReportServiceImpl - The report with ID 1 could not be found to restore
2024-10-30 23:53:13.934 [main] TRACE ReportServiceImpl - Entering getPrescription method in ReportServiceImpl
2024-10-30 23:53:13.934 [main] DEBUG ReportServiceImpl - Generating prescription for report id: 1
2024-10-30 23:53:13.950 [main] INFO  ReportServiceImpl - Successfully generated and cached prescription for username: testUser
2024-10-30 23:53:13.950 [main] TRACE ReportServiceImpl - Exiting getPrescription method in ReportServiceImpl
2024-10-30 23:53:13.965 [main] TRACE ReportServiceImpl - Entering updateReport method in ReportServiceImpl
2024-10-30 23:53:13.965 [main] DEBUG ReportServiceImpl - Updating report with id: 1 by technician: tech1
2024-10-30 23:53:13.965 [main] INFO  ReportServiceImpl - Report with id: 1 successfully updated by technician: tech1
2024-10-30 23:53:13.965 [main] TRACE ReportServiceImpl - Exiting updateReport method in ReportServiceImpl
2024-10-30 23:53:13.965 [main] TRACE ReportServiceImpl - Entering getPhoto method in ReportServiceImpl
2024-10-30 23:53:13.965 [main] DEBUG ReportServiceImpl - Fetching photo for report with id: 1 by technician: technicianUser
2024-10-30 23:53:13.965 [main] ERROR ReportServiceImpl - No photo found for report id: 1
2024-10-30 23:53:13.981 [main] TRACE ReportServiceImpl - Entering addPhoto method in ReportServiceImpl
2024-10-30 23:53:13.981 [main] DEBUG ReportServiceImpl - Adding photo to report with id: 1 by technician: tech1
2024-10-30 23:53:13.981 [main] ERROR ReportServiceImpl - Attempted to add a photo to report with id: 1 which already has a photo
2024-10-30 23:53:13.981 [main] TRACE ReportServiceImpl - Entering updateReport method in ReportServiceImpl
2024-10-30 23:53:13.981 [main] DEBUG ReportServiceImpl - Updating report with id: 1 by technician: tech1
2024-10-30 23:53:13.981 [main] ERROR ReportServiceImpl - Report with id 1 not found
2024-10-30 23:53:13.981 [main] TRACE ReportServiceImpl - Entering deleteReport method in ReportServiceImpl
2024-10-30 23:53:13.981 [main] DEBUG ReportServiceImpl - Attempting to delete report with id: 1 by technician: tech1
2024-10-30 23:53:13.996 [main] INFO  ReportServiceImpl - Report with id: 1 successfully deleted by technician: tech1
2024-10-30 23:53:13.996 [main] TRACE ReportServiceImpl - Exiting deleteReport method in ReportServiceImpl
2024-10-30 23:53:13.996 [main] TRACE ReportServiceImpl - Entering deleteReport method in ReportServiceImpl
2024-10-30 23:53:13.996 [main] DEBUG ReportServiceImpl - Attempting to delete report with id: 1 by technician: tech2
2024-10-30 23:53:13.996 [main] ERROR ReportServiceImpl - Unauthorized delete attempt by user: tech2 on report id: 1
2024-10-30 23:53:13.996 [main] TRACE ReportServiceImpl - Entering deleteReport method in ReportServiceImpl
2024-10-30 23:53:13.996 [main] DEBUG ReportServiceImpl - Attempting to delete report with id: 1 by technician: tech1
2024-10-30 23:53:13.996 [main] ERROR ReportServiceImpl - The report with ID 1 could not be found for deletion.
2024-10-30 23:53:14.012 [main] TRACE ReportServiceImpl - Entering addPhoto method in ReportServiceImpl
2024-10-30 23:53:14.012 [main] DEBUG ReportServiceImpl - Adding photo to report with id: 1 by technician: tech1
2024-10-30 23:53:14.012 [main] ERROR ReportServiceImpl - Report with id 1 not found for add photo
2024-10-30 23:53:14.012 [main] TRACE ReportServiceImpl - Entering addPhoto method in ReportServiceImpl
2024-10-30 23:53:14.012 [main] DEBUG ReportServiceImpl - Adding photo to report with id: 1 by technician: tech1
2024-10-30 23:53:14.012 [main] ERROR ReportServiceImpl - Unsupported file format: txt for report id: 1
2024-10-30 23:53:14.012 [main] TRACE ReportServiceImpl - Entering getPhoto method in ReportServiceImpl
2024-10-30 23:53:14.028 [main] DEBUG ReportServiceImpl - Fetching photo for report with id: 1 by technician: technicianUser
2024-10-30 23:53:14.028 [main] ERROR ReportServiceImpl - Report with id: 1 not found for get photo
2024-10-30 23:53:14.028 [main] TRACE ReportServiceImpl - Entering deletePhoto method in ReportServiceImpl
2024-10-30 23:53:14.028 [main] DEBUG ReportServiceImpl - Attempting to delete photo for report id: 1 by technician: technicianUser
2024-10-30 23:53:14.028 [main] ERROR ReportServiceImpl - No photo to delete for report id: 1
