2024-10-27 23:19:40.344 [main] TRACE ReportController - Entering getPrescription method in ReportController class
2024-10-27 23:19:40.357 [main] INFO  ReportController - Fetching prescription for report ID: 1 by user: technician1
2024-10-27 23:19:40.390 [main] TRACE ReportController - Exiting getPrescription method in ReportController class
2024-10-27 23:19:40.436 [main] TRACE ReportController - Entering addReport method in ReportController class
2024-10-27 23:19:40.437 [main] INFO  ReportController - Adding the report by the user: technician1
2024-10-27 23:19:40.438 [main] TRACE ReportController - Exiting addReport method in ReportController class
2024-10-27 23:19:40.464 [main] TRACE ReportController - Entering restoreReport method in ReportController class
2024-10-27 23:19:40.465 [main] INFO  ReportController - Restoring the report with ID: 1 by the user: technician1
2024-10-27 23:19:40.466 [main] TRACE ReportController - Exiting restoreReport method in ReportController class
2024-10-27 23:19:40.473 [main] TRACE ReportController - Entering getReportById method in ReportController class
2024-10-27 23:19:40.473 [main] INFO  ReportController - Retrieving report with ID: 1
2024-10-27 23:19:40.473 [main] TRACE ReportController - Exiting getReportById method in ReportController class
2024-10-27 23:19:40.482 [main] TRACE ReportController - Entering getAllReportsFilteredAndSorted method in ReportController class
2024-10-27 23:19:40.483 [main] INFO  ReportController - Retrieving reports filtered and sorted: page=0, size=3, sortBy=id, direction=ASC, fileNumber=null, patientTrIdNumber=null, diagnosisTitle=null, diagnosisDetails=null, date=null, photoPath=null, technicianUsername=null, deleted=null
2024-10-27 23:19:40.484 [main] TRACE ReportController - Exiting getAllReportsFilteredAndSorted method in ReportController class
2024-10-27 23:19:40.489 [main] TRACE ReportController - Entering updateReport method in ReportController class
2024-10-27 23:19:40.490 [main] INFO  ReportController - Updating the report by the user: technician1
2024-10-27 23:19:40.490 [main] TRACE ReportController - Exiting updateReport method in ReportController class
2024-10-27 23:19:40.495 [main] TRACE ReportController - Entering sendPrescription method in ReportController class
2024-10-27 23:19:40.497 [main] INFO  ReportController - Sending prescription for user: technician1
2024-10-27 23:19:40.498 [main] TRACE ReportController - Exiting sendPrescription method in ReportController class
2024-10-27 23:19:40.504 [main] TRACE ReportController - Entering getAllReportsByTechnician method in ReportController class
2024-10-27 23:19:40.504 [main] INFO  ReportController - Retrieving reports for technician: page=0, size=3, sortBy=id, direction=ASC, fileNumber=null, patientTrIdNumber=null, diagnosisTitle=null, diagnosisDetails=null, date=null, photoPath=null, username=technician1, deleted=null
2024-10-27 23:19:40.505 [main] TRACE ReportController - Exiting getAllReportsByTechnician method in ReportController class
2024-10-27 23:19:40.509 [main] TRACE ReportController - Entering deletePhoto method in ReportController class
2024-10-27 23:19:40.510 [main] INFO  ReportController - Deleting photo for report ID: 1 by user: technician1
2024-10-27 23:19:40.511 [main] TRACE ReportController - Exiting deletePhoto method in ReportController class
2024-10-27 23:19:40.517 [main] TRACE ReportController - Entering deleteReport method in ReportController class
2024-10-27 23:19:40.517 [main] INFO  ReportController - Deleting the report with ID: 1 by the user: technician1
2024-10-27 23:19:40.518 [main] TRACE ReportController - Exiting deleteReport method in ReportController class
2024-10-27 23:19:40.637 [main] TRACE ReportController - Entering getReportPdf method in ReportController class
2024-10-27 23:19:40.637 [main] INFO  ReportController - Fetching PDF report for report ID: 1
2024-10-27 23:19:40.638 [main] TRACE ReportController - Exiting getReportPdf method in ReportController class
2024-10-27 23:19:40.642 [main] TRACE ReportController - Entering checkTrIdNumber method in ReportController class
2024-10-27 23:19:40.643 [main] INFO  ReportController - Checking TR ID number: 12345678901 for user: technician1
2024-10-27 23:19:40.643 [main] TRACE ReportController - Exiting checkTrIdNumber method in ReportController class
2024-10-27 23:19:40.651 [main] TRACE ReportController - Entering getPhoto method in ReportController class
2024-10-27 23:19:40.651 [main] INFO  ReportController - Fetching photo for report ID: 1 by user: technician1
2024-10-27 23:19:40.651 [main] TRACE ReportController - Exiting getPhoto method in ReportController class
2024-10-27 23:19:40.658 [main] TRACE ReportController - Entering addPhoto method in ReportController class
2024-10-27 23:19:40.659 [main] INFO  ReportController - Uploading photo for report ID: 1 by user: technician1
2024-10-27 23:19:40.660 [main] TRACE ReportController - Exiting addPhoto method in ReportController class
2024-10-27 23:19:41.412 [main] TRACE ReportServiceImpl - Entering getPhoto method in ReportServiceImpl
2024-10-27 23:19:41.412 [main] DEBUG ReportServiceImpl - Fetching photo for report with id: 1 by technician: differentUser
2024-10-27 23:19:41.413 [main] ERROR ReportServiceImpl - Unauthorized access attempt by username: differentUser for report id: 1
2024-10-27 23:19:41.432 [main] TRACE ReportServiceImpl - Entering getReportsByTechnician method in ReportServiceImpl
2024-10-27 23:19:41.432 [main] DEBUG ReportServiceImpl - Fetching reports for technician: technician1 with filters - Page: 0, Size: 10, SortBy: date, Direction: DESC
2024-10-27 23:19:41.438 [main] INFO  ReportServiceImpl - Total reports found for technician technician1: 1
2024-10-27 23:19:41.439 [main] TRACE ReportServiceImpl - Exiting getReportsByTechnician method in ReportServiceImpl
2024-10-27 23:19:41.446 [main] TRACE ReportServiceImpl - Entering addReport method in ReportServiceImpl
2024-10-27 23:19:41.446 [main] DEBUG ReportServiceImpl - Adding report for user: techUser
2024-10-27 23:19:41.447 [main] ERROR ReportServiceImpl - TR ID number not found in Redis for user: techUser
2024-10-27 23:19:41.453 [main] TRACE ReportServiceImpl - Entering updateReport method in ReportServiceImpl
2024-10-27 23:19:41.453 [main] DEBUG ReportServiceImpl - Updating report with id: 1 by technician: tech2
2024-10-27 23:19:41.453 [main] ERROR ReportServiceImpl - Unauthorized update attempt by user: tech2 on report id: 1
2024-10-27 23:19:41.458 [main] TRACE ReportServiceImpl - Entering restoreReport method in ReportServiceImpl
2024-10-27 23:19:41.458 [main] DEBUG ReportServiceImpl - Attempting to restore report with id: 1 by technician: tech1
2024-10-27 23:19:41.459 [main] ERROR ReportServiceImpl - Unauthorized restore attempt by user: tech1 on report id: 1
2024-10-27 23:19:41.588 [main] TRACE ReportServiceImpl - Entering getPhoto method in ReportServiceImpl
2024-10-27 23:19:41.589 [main] DEBUG ReportServiceImpl - Fetching photo for report with id: 1 by technician: technicianUser
2024-10-27 23:19:41.589 [main] DEBUG ReportServiceImpl - Reading photo from path: backend/uploads/photos/photo.jpg
2024-10-27 23:19:41.589 [main] TRACE ReportServiceImpl - Exiting getPhoto method in ReportServiceImpl
2024-10-27 23:19:41.595 [main] TRACE ReportServiceImpl - Entering sendPrescription method in ReportServiceImpl
2024-10-27 23:19:41.595 [main] DEBUG ReportServiceImpl - Sending prescription email for username: testUser
2024-10-27 23:19:41.596 [main] ERROR ReportServiceImpl - PDF data is empty or corrupted for username: testUser
2024-10-27 23:19:41.602 [main] TRACE ReportServiceImpl - Entering deletePhoto method in ReportServiceImpl
2024-10-27 23:19:41.602 [main] DEBUG ReportServiceImpl - Attempting to delete photo for report id: 1 by technician: technicianUser
2024-10-27 23:19:41.603 [main] DEBUG ReportServiceImpl - Deleting photo at path: backend/uploads/photos/photo.jpg
2024-10-27 23:19:41.603 [main] INFO  ReportServiceImpl - Successfully deleted photo for report id: 1
2024-10-27 23:19:41.603 [main] TRACE ReportServiceImpl - Exiting deletePhoto method in ReportServiceImpl
2024-10-27 23:19:41.611 [main] TRACE ReportServiceImpl - Entering deletePhoto method in ReportServiceImpl
2024-10-27 23:19:41.611 [main] DEBUG ReportServiceImpl - Attempting to delete photo for report id: 1 by technician: unauthorizedUser
2024-10-27 23:19:41.612 [main] ERROR ReportServiceImpl - Unauthorized deletion attempt by username: unauthorizedUser for report id: 1
2024-10-27 23:19:41.617 [main] TRACE ReportServiceImpl - Entering getReportById method in ReportServiceImpl
2024-10-27 23:19:41.617 [main] DEBUG ReportServiceImpl - Fetching report with ID: 1
2024-10-27 23:19:41.618 [main] ERROR ReportServiceImpl - Report not found with ID: 1
2024-10-27 23:19:41.624 [main] TRACE ReportServiceImpl - Entering getReportPdf method in ReportServiceImpl
2024-10-27 23:19:41.625 [main] DEBUG ReportServiceImpl - Generating PDF for report id: 1
2024-10-27 23:19:41.626 [main] ERROR ReportServiceImpl - Report with id: 1 not found
2024-10-27 23:19:41.633 [main] TRACE ReportServiceImpl - Entering getAllReportsFilteredAndSorted method in ReportServiceImpl
2024-10-27 23:19:41.633 [main] DEBUG ReportServiceImpl - Fetching all reports with filters - Page: 0, Size: 10, SortBy: date, Direction: ASC
2024-10-27 23:19:41.634 [main] INFO  ReportServiceImpl - Total reports found: 1
2024-10-27 23:19:41.634 [main] TRACE ReportServiceImpl - Exiting getAllReportsFilteredAndSorted method in ReportServiceImpl
2024-10-27 23:19:41.642 [main] TRACE ReportServiceImpl - Entering addReport method in ReportServiceImpl
2024-10-27 23:19:41.642 [main] DEBUG ReportServiceImpl - Adding report for user: techUser
2024-10-27 23:19:41.643 [main] INFO  ReportServiceImpl - Report added successfully: GetReportResponse(id=null, fileNumber=null, patientTrIdNumber=null, diagnosisTitle=null, diagnosisDetails=null, date=null, photoPath=null, technicianUsername=null)
2024-10-27 23:19:41.656 [main] TRACE ReportServiceImpl - Exiting addReport method in ReportServiceImpl
2024-10-27 23:19:41.663 [main] TRACE ReportServiceImpl - Entering deletePhoto method in ReportServiceImpl
2024-10-27 23:19:41.664 [main] DEBUG ReportServiceImpl - Attempting to delete photo for report id: 1 by technician: technicianUser
2024-10-27 23:19:41.665 [main] ERROR ReportServiceImpl - Report with id: 1 not found for delete photo
2024-10-27 23:19:41.671 [main] TRACE ReportServiceImpl - Entering sendPrescription method in ReportServiceImpl
2024-10-27 23:19:41.671 [main] DEBUG ReportServiceImpl - Sending prescription email for username: testUser
2024-10-27 23:19:41.673 [main] ERROR ReportServiceImpl - Cached prescription or TR ID number not found for username: testUser
2024-10-27 23:19:41.681 [main] TRACE ReportServiceImpl - Entering getPrescription method in ReportServiceImpl
2024-10-27 23:19:41.681 [main] DEBUG ReportServiceImpl - Generating prescription for report id: 1
2024-10-27 23:19:41.682 [main] ERROR ReportServiceImpl - Report with id: 1 not found for prescription
2024-10-27 23:19:41.690 [main] TRACE ReportServiceImpl - Entering restoreReport method in ReportServiceImpl
2024-10-27 23:19:41.690 [main] DEBUG ReportServiceImpl - Attempting to restore report with id: 1 by technician: tech1
2024-10-27 23:19:41.691 [main] INFO  ReportServiceImpl - Report with id: 1 successfully restored by technician: tech1
2024-10-27 23:19:41.691 [main] TRACE ReportServiceImpl - Exiting restoreReport method in ReportServiceImpl
2024-10-27 23:19:41.702 [main] TRACE ReportServiceImpl - Entering getReportById method in ReportServiceImpl
2024-10-27 23:19:41.702 [main] DEBUG ReportServiceImpl - Fetching report with ID: 1
2024-10-27 23:19:41.703 [main] INFO  ReportServiceImpl - Report found: GetReportResponse(id=null, fileNumber=null, patientTrIdNumber=null, diagnosisTitle=null, diagnosisDetails=null, date=null, photoPath=null, technicianUsername=null)
2024-10-27 23:19:41.703 [main] TRACE ReportServiceImpl - Exiting getReportById method in ReportServiceImpl
2024-10-27 23:19:41.798 [main] TRACE ReportServiceImpl - Entering addPhoto method in ReportServiceImpl
2024-10-27 23:19:41.799 [main] DEBUG ReportServiceImpl - Adding photo to report with id: 1 by technician: tech1
2024-10-27 23:19:41.810 [main] INFO  ReportServiceImpl - Successfully added photo to report with id: 1
2024-10-27 23:19:41.810 [main] TRACE ReportServiceImpl - Exiting addPhoto method in ReportServiceImpl
2024-10-27 23:19:41.820 [main] TRACE ReportServiceImpl - Entering addPhoto method in ReportServiceImpl
2024-10-27 23:19:41.820 [main] DEBUG ReportServiceImpl - Adding photo to report with id: 1 by technician: tech1
2024-10-27 23:19:41.821 [main] ERROR ReportServiceImpl - Unauthorized photo upload attempt by user: tech1 on report id: 1
2024-10-27 23:19:41.826 [main] TRACE ReportServiceImpl - Entering restoreReport method in ReportServiceImpl
2024-10-27 23:19:41.827 [main] DEBUG ReportServiceImpl - Attempting to restore report with id: 1 by technician: tech1
2024-10-27 23:19:41.827 [main] ERROR ReportServiceImpl - The report with ID 1 could not be found to restore
2024-10-27 23:19:41.834 [main] TRACE ReportServiceImpl - Entering getPrescription method in ReportServiceImpl
2024-10-27 23:19:41.835 [main] DEBUG ReportServiceImpl - Generating prescription for report id: 1
2024-10-27 23:19:41.837 [main] INFO  ReportServiceImpl - Successfully generated and cached prescription for username: testUser
2024-10-27 23:19:41.837 [main] TRACE ReportServiceImpl - Exiting getPrescription method in ReportServiceImpl
2024-10-27 23:19:41.844 [main] TRACE ReportServiceImpl - Entering updateReport method in ReportServiceImpl
2024-10-27 23:19:41.845 [main] DEBUG ReportServiceImpl - Updating report with id: 1 by technician: tech1
2024-10-27 23:19:41.847 [main] INFO  ReportServiceImpl - Report with id: 1 successfully updated by technician: tech1
2024-10-27 23:19:41.847 [main] TRACE ReportServiceImpl - Exiting updateReport method in ReportServiceImpl
2024-10-27 23:19:41.853 [main] TRACE ReportServiceImpl - Entering getPhoto method in ReportServiceImpl
2024-10-27 23:19:41.854 [main] DEBUG ReportServiceImpl - Fetching photo for report with id: 1 by technician: technicianUser
2024-10-27 23:19:41.854 [main] ERROR ReportServiceImpl - No photo found for report id: 1
2024-10-27 23:19:41.861 [main] TRACE ReportServiceImpl - Entering addPhoto method in ReportServiceImpl
2024-10-27 23:19:41.862 [main] DEBUG ReportServiceImpl - Adding photo to report with id: 1 by technician: tech1
2024-10-27 23:19:41.863 [main] ERROR ReportServiceImpl - Attempted to add a photo to report with id: 1 which already has a photo
2024-10-27 23:19:41.870 [main] TRACE ReportServiceImpl - Entering updateReport method in ReportServiceImpl
2024-10-27 23:19:41.870 [main] DEBUG ReportServiceImpl - Updating report with id: 1 by technician: tech1
2024-10-27 23:19:41.871 [main] ERROR ReportServiceImpl - Report with id 1 not found
2024-10-27 23:19:41.877 [main] TRACE ReportServiceImpl - Entering deleteReport method in ReportServiceImpl
2024-10-27 23:19:41.878 [main] DEBUG ReportServiceImpl - Attempting to delete report with id: 1 by technician: tech1
2024-10-27 23:19:41.879 [main] INFO  ReportServiceImpl - Report with id: 1 successfully deleted by technician: tech1
2024-10-27 23:19:41.879 [main] TRACE ReportServiceImpl - Exiting deleteReport method in ReportServiceImpl
2024-10-27 23:19:41.887 [main] TRACE ReportServiceImpl - Entering deleteReport method in ReportServiceImpl
2024-10-27 23:19:41.888 [main] DEBUG ReportServiceImpl - Attempting to delete report with id: 1 by technician: tech2
2024-10-27 23:19:41.888 [main] ERROR ReportServiceImpl - Unauthorized delete attempt by user: tech2 on report id: 1
2024-10-27 23:19:41.894 [main] TRACE ReportServiceImpl - Entering deleteReport method in ReportServiceImpl
2024-10-27 23:19:41.895 [main] DEBUG ReportServiceImpl - Attempting to delete report with id: 1 by technician: tech1
2024-10-27 23:19:41.895 [main] ERROR ReportServiceImpl - The report with ID 1 could not be found for deletion.
2024-10-27 23:19:41.904 [main] TRACE ReportServiceImpl - Entering addPhoto method in ReportServiceImpl
2024-10-27 23:19:41.904 [main] DEBUG ReportServiceImpl - Adding photo to report with id: 1 by technician: tech1
2024-10-27 23:19:41.904 [main] ERROR ReportServiceImpl - Report with id 1 not found for add photo
2024-10-27 23:19:41.912 [main] TRACE ReportServiceImpl - Entering addPhoto method in ReportServiceImpl
2024-10-27 23:19:41.913 [main] DEBUG ReportServiceImpl - Adding photo to report with id: 1 by technician: tech1
2024-10-27 23:19:41.914 [main] ERROR ReportServiceImpl - Unsupported file format: txt for report id: 1
2024-10-27 23:19:41.920 [main] TRACE ReportServiceImpl - Entering getPhoto method in ReportServiceImpl
2024-10-27 23:19:41.921 [main] DEBUG ReportServiceImpl - Fetching photo for report with id: 1 by technician: technicianUser
2024-10-27 23:19:41.921 [main] ERROR ReportServiceImpl - Report with id: 1 not found for get photo
2024-10-27 23:19:41.927 [main] TRACE ReportServiceImpl - Entering deletePhoto method in ReportServiceImpl
2024-10-27 23:19:41.927 [main] DEBUG ReportServiceImpl - Attempting to delete photo for report id: 1 by technician: technicianUser
2024-10-27 23:19:41.927 [main] ERROR ReportServiceImpl - No photo to delete for report id: 1
