2024-11-22 10:08:14.215 [main] TRACE ReportController - Entering getPrescription method in ReportController class
2024-11-22 10:08:14.230 [main] INFO  ReportController - Fetching prescription for report ID: 1 by user: technician1
2024-11-22 10:08:14.277 [main] TRACE ReportController - Exiting getPrescription method in ReportController class
2024-11-22 10:08:14.371 [main] TRACE ReportController - Entering addReport method in ReportController class
2024-11-22 10:08:14.371 [main] INFO  ReportController - Adding the report by the user: technician1
2024-11-22 10:08:14.371 [main] TRACE ReportController - Exiting addReport method in ReportController class
2024-11-22 10:08:14.402 [main] TRACE ReportController - Entering restoreReport method in ReportController class
2024-11-22 10:08:14.402 [main] INFO  ReportController - Restoring the report with ID: 1 by the user: technician1
2024-11-22 10:08:14.402 [main] TRACE ReportController - Exiting restoreReport method in ReportController class
2024-11-22 10:08:14.418 [main] TRACE ReportController - Entering getReportById method in ReportController class
2024-11-22 10:08:14.418 [main] INFO  ReportController - Retrieving report with ID: 1
2024-11-22 10:08:14.418 [main] TRACE ReportController - Exiting getReportById method in ReportController class
2024-11-22 10:08:14.418 [main] TRACE ReportController - Entering getAllReportsFilteredAndSorted method in ReportController class
2024-11-22 10:08:14.418 [main] INFO  ReportController - Retrieving reports filtered and sorted: page=0, size=3, sortBy=id, direction=ASC, fileNumber=null, patientTrIdNumber=null, diagnosisTitle=null, diagnosisDetails=null, date=null, photoPath=null, technicianUsername=null, deleted=null
2024-11-22 10:08:14.433 [main] TRACE ReportController - Exiting getAllReportsFilteredAndSorted method in ReportController class
2024-11-22 10:08:14.433 [main] TRACE ReportController - Entering updateReport method in ReportController class
2024-11-22 10:08:14.433 [main] INFO  ReportController - Updating the report by the user: technician1
2024-11-22 10:08:14.433 [main] TRACE ReportController - Exiting updateReport method in ReportController class
2024-11-22 10:08:14.449 [main] TRACE ReportController - Entering sendPrescription method in ReportController class
2024-11-22 10:08:14.449 [main] INFO  ReportController - Sending prescription for user: technician1
2024-11-22 10:08:14.449 [main] TRACE ReportController - Exiting sendPrescription method in ReportController class
2024-11-22 10:08:14.449 [main] TRACE ReportController - Entering getAllReportsByTechnician method in ReportController class
2024-11-22 10:08:14.449 [main] INFO  ReportController - Retrieving reports for technician: page=0, size=3, sortBy=id, direction=ASC, fileNumber=null, patientTrIdNumber=null, diagnosisTitle=null, diagnosisDetails=null, date=null, photoPath=null, username=technician1, deleted=null
2024-11-22 10:08:14.465 [main] TRACE ReportController - Exiting getAllReportsByTechnician method in ReportController class
2024-11-22 10:08:14.465 [main] TRACE ReportController - Entering deletePhoto method in ReportController class
2024-11-22 10:08:14.465 [main] INFO  ReportController - Deleting photo for report ID: 1 by user: technician1
2024-11-22 10:08:14.465 [main] TRACE ReportController - Exiting deletePhoto method in ReportController class
2024-11-22 10:08:14.465 [main] TRACE ReportController - Entering deleteReport method in ReportController class
2024-11-22 10:08:14.465 [main] INFO  ReportController - Deleting the report with ID: 1 by the user: technician1
2024-11-22 10:08:14.465 [main] TRACE ReportController - Exiting deleteReport method in ReportController class
2024-11-22 10:08:14.605 [main] TRACE ReportController - Entering getReportPdf method in ReportController class
2024-11-22 10:08:14.605 [main] INFO  ReportController - Fetching PDF report for report ID: 1
2024-11-22 10:08:14.605 [main] TRACE ReportController - Exiting getReportPdf method in ReportController class
2024-11-22 10:08:14.621 [main] TRACE ReportController - Entering checkTrIdNumber method in ReportController class
2024-11-22 10:08:14.621 [main] INFO  ReportController - Checking TR ID number: 12345678901 for user: technician1
2024-11-22 10:08:14.621 [main] TRACE ReportController - Exiting checkTrIdNumber method in ReportController class
2024-11-22 10:08:14.621 [main] TRACE ReportController - Entering getPhoto method in ReportController class
2024-11-22 10:08:14.621 [main] INFO  ReportController - Fetching photo for report ID: 1 by user: technician1
2024-11-22 10:08:14.621 [main] TRACE ReportController - Exiting getPhoto method in ReportController class
2024-11-22 10:08:14.636 [main] TRACE ReportController - Entering addPhoto method in ReportController class
2024-11-22 10:08:14.636 [main] INFO  ReportController - Uploading photo for report ID: 1 by user: technician1
2024-11-22 10:08:14.636 [main] TRACE ReportController - Exiting addPhoto method in ReportController class
2024-11-22 10:08:15.981 [main] TRACE ReportServiceImpl - Entering getPhoto method in ReportServiceImpl
2024-11-22 10:08:15.981 [main] DEBUG ReportServiceImpl - Fetching photo for report with id: 1 by technician: differentUser
2024-11-22 10:08:15.981 [main] ERROR ReportServiceImpl - Unauthorized access attempt by username: differentUser for report id: 1
2024-11-22 10:08:16.013 [main] TRACE ReportServiceImpl - Entering getReportsByTechnician method in ReportServiceImpl
2024-11-22 10:08:16.013 [main] DEBUG ReportServiceImpl - Fetching reports for technician: technician1 with filters - Page: 0, Size: 10, SortBy: date, Direction: DESC
2024-11-22 10:08:16.013 [main] INFO  ReportServiceImpl - Total reports found for technician technician1: 1
2024-11-22 10:08:16.013 [main] TRACE ReportServiceImpl - Exiting getReportsByTechnician method in ReportServiceImpl
2024-11-22 10:08:16.028 [main] TRACE ReportServiceImpl - Entering addReport method in ReportServiceImpl
2024-11-22 10:08:16.028 [main] DEBUG ReportServiceImpl - Adding report for user: techUser
2024-11-22 10:08:16.028 [main] ERROR ReportServiceImpl - TR ID number not found in Redis for user: techUser
2024-11-22 10:08:16.044 [main] TRACE ReportServiceImpl - Entering updateReport method in ReportServiceImpl
2024-11-22 10:08:16.044 [main] DEBUG ReportServiceImpl - Updating report with id: 1 by technician: tech2
2024-11-22 10:08:16.044 [main] ERROR ReportServiceImpl - Unauthorized update attempt by user: tech2 on report id: 1
2024-11-22 10:08:16.059 [main] TRACE ReportServiceImpl - Entering restoreReport method in ReportServiceImpl
2024-11-22 10:08:16.059 [main] DEBUG ReportServiceImpl - Attempting to restore report with id: 1 by technician: tech1
2024-11-22 10:08:16.059 [main] ERROR ReportServiceImpl - Unauthorized restore attempt by user: tech1 on report id: 1
2024-11-22 10:08:16.299 [main] TRACE ReportServiceImpl - Entering getPhoto method in ReportServiceImpl
2024-11-22 10:08:16.299 [main] DEBUG ReportServiceImpl - Fetching photo for report with id: 1 by technician: technicianUser
2024-11-22 10:08:16.299 [main] DEBUG ReportServiceImpl - Reading photo from path: backend/uploads/photos/photo.jpg
2024-11-22 10:08:16.299 [main] TRACE ReportServiceImpl - Exiting getPhoto method in ReportServiceImpl
2024-11-22 10:08:16.331 [main] TRACE ReportServiceImpl - Entering sendPrescription method in ReportServiceImpl
2024-11-22 10:08:16.331 [main] DEBUG ReportServiceImpl - Sending prescription email for username: testUser
2024-11-22 10:08:16.331 [main] ERROR ReportServiceImpl - PDF data is empty or corrupted for username: testUser
2024-11-22 10:08:16.346 [main] TRACE ReportServiceImpl - Entering deletePhoto method in ReportServiceImpl
2024-11-22 10:08:16.346 [main] DEBUG ReportServiceImpl - Attempting to delete photo for report id: 1 by technician: technicianUser
2024-11-22 10:08:16.346 [main] DEBUG ReportServiceImpl - Deleting photo at path: backend/uploads/photos/photo.jpg
2024-11-22 10:08:16.346 [main] INFO  ReportServiceImpl - Successfully deleted photo for report id: 1
2024-11-22 10:08:16.346 [main] TRACE ReportServiceImpl - Exiting deletePhoto method in ReportServiceImpl
2024-11-22 10:08:16.362 [main] TRACE ReportServiceImpl - Entering deletePhoto method in ReportServiceImpl
2024-11-22 10:08:16.362 [main] DEBUG ReportServiceImpl - Attempting to delete photo for report id: 1 by technician: unauthorizedUser
2024-11-22 10:08:16.362 [main] ERROR ReportServiceImpl - Unauthorized deletion attempt by username: unauthorizedUser for report id: 1
2024-11-22 10:08:16.362 [main] TRACE ReportServiceImpl - Entering getReportById method in ReportServiceImpl
2024-11-22 10:08:16.362 [main] DEBUG ReportServiceImpl - Fetching report with ID: 1
2024-11-22 10:08:16.362 [main] ERROR ReportServiceImpl - Report not found with ID: 1
2024-11-22 10:08:16.378 [main] TRACE ReportServiceImpl - Entering getReportPdf method in ReportServiceImpl
2024-11-22 10:08:16.378 [main] DEBUG ReportServiceImpl - Generating PDF for report id: 1
2024-11-22 10:08:16.378 [main] ERROR ReportServiceImpl - Report with id: 1 not found
2024-11-22 10:08:16.393 [main] TRACE ReportServiceImpl - Entering getAllReportsFilteredAndSorted method in ReportServiceImpl
2024-11-22 10:08:16.393 [main] DEBUG ReportServiceImpl - Fetching all reports with filters - Page: 0, Size: 10, SortBy: date, Direction: ASC
2024-11-22 10:08:16.393 [main] INFO  ReportServiceImpl - Total reports found: 1
2024-11-22 10:08:16.393 [main] TRACE ReportServiceImpl - Exiting getAllReportsFilteredAndSorted method in ReportServiceImpl
2024-11-22 10:08:16.409 [main] TRACE ReportServiceImpl - Entering addReport method in ReportServiceImpl
2024-11-22 10:08:16.409 [main] DEBUG ReportServiceImpl - Adding report for user: techUser
2024-11-22 10:08:16.409 [main] INFO  ReportServiceImpl - Report added successfully: GetReportResponse(id=null, fileNumber=null, patientTrIdNumber=null, diagnosisTitle=null, diagnosisDetails=null, date=null, photoPath=null, technicianUsername=null)
2024-11-22 10:08:16.440 [main] TRACE ReportServiceImpl - Exiting addReport method in ReportServiceImpl
2024-11-22 10:08:16.456 [main] TRACE ReportServiceImpl - Entering deletePhoto method in ReportServiceImpl
2024-11-22 10:08:16.456 [main] DEBUG ReportServiceImpl - Attempting to delete photo for report id: 1 by technician: technicianUser
2024-11-22 10:08:16.456 [main] ERROR ReportServiceImpl - Report with id: 1 not found for delete photo
2024-11-22 10:08:16.471 [main] TRACE ReportServiceImpl - Entering sendPrescription method in ReportServiceImpl
2024-11-22 10:08:16.471 [main] DEBUG ReportServiceImpl - Sending prescription email for username: testUser
2024-11-22 10:08:16.471 [main] ERROR ReportServiceImpl - Cached prescription or TR ID number not found for username: testUser
2024-11-22 10:08:16.503 [main] TRACE ReportServiceImpl - Entering getPrescription method in ReportServiceImpl
2024-11-22 10:08:16.503 [main] DEBUG ReportServiceImpl - Generating prescription for report id: 1
2024-11-22 10:08:16.503 [main] ERROR ReportServiceImpl - Report with id: 1 not found for prescription
2024-11-22 10:08:16.534 [main] TRACE ReportServiceImpl - Entering restoreReport method in ReportServiceImpl
2024-11-22 10:08:16.534 [main] DEBUG ReportServiceImpl - Attempting to restore report with id: 1 by technician: tech1
2024-11-22 10:08:16.534 [main] INFO  ReportServiceImpl - Report with id: 1 successfully restored by technician: tech1
2024-11-22 10:08:16.534 [main] TRACE ReportServiceImpl - Exiting restoreReport method in ReportServiceImpl
2024-11-22 10:08:16.565 [main] TRACE ReportServiceImpl - Entering getReportById method in ReportServiceImpl
2024-11-22 10:08:16.565 [main] DEBUG ReportServiceImpl - Fetching report with ID: 1
2024-11-22 10:08:16.565 [main] INFO  ReportServiceImpl - Report found: GetReportResponse(id=null, fileNumber=null, patientTrIdNumber=null, diagnosisTitle=null, diagnosisDetails=null, date=null, photoPath=null, technicianUsername=null)
2024-11-22 10:08:16.565 [main] TRACE ReportServiceImpl - Exiting getReportById method in ReportServiceImpl
2024-11-22 10:08:16.737 [main] TRACE ReportServiceImpl - Entering addPhoto method in ReportServiceImpl
2024-11-22 10:08:16.737 [main] DEBUG ReportServiceImpl - Adding photo to report with id: 1 by technician: tech1
2024-11-22 10:08:16.753 [main] INFO  ReportServiceImpl - Successfully added photo to report with id: 1
2024-11-22 10:08:16.753 [main] TRACE ReportServiceImpl - Exiting addPhoto method in ReportServiceImpl
2024-11-22 10:08:16.768 [main] TRACE ReportServiceImpl - Entering addPhoto method in ReportServiceImpl
2024-11-22 10:08:16.768 [main] DEBUG ReportServiceImpl - Adding photo to report with id: 1 by technician: tech1
2024-11-22 10:08:16.768 [main] ERROR ReportServiceImpl - Unauthorized photo upload attempt by user: tech1 on report id: 1
2024-11-22 10:08:16.784 [main] TRACE ReportServiceImpl - Entering restoreReport method in ReportServiceImpl
2024-11-22 10:08:16.784 [main] DEBUG ReportServiceImpl - Attempting to restore report with id: 1 by technician: tech1
2024-11-22 10:08:16.784 [main] ERROR ReportServiceImpl - The report with ID 1 could not be found to restore
2024-11-22 10:08:16.784 [main] TRACE ReportServiceImpl - Entering getPrescription method in ReportServiceImpl
2024-11-22 10:08:16.784 [main] DEBUG ReportServiceImpl - Generating prescription for report id: 1
2024-11-22 10:08:16.784 [main] INFO  ReportServiceImpl - Successfully generated and cached prescription for username: testUser
2024-11-22 10:08:16.784 [main] TRACE ReportServiceImpl - Exiting getPrescription method in ReportServiceImpl
2024-11-22 10:08:16.800 [main] TRACE ReportServiceImpl - Entering updateReport method in ReportServiceImpl
2024-11-22 10:08:16.800 [main] DEBUG ReportServiceImpl - Updating report with id: 1 by technician: tech1
2024-11-22 10:08:16.800 [main] INFO  ReportServiceImpl - Report with id: 1 successfully updated by technician: tech1
2024-11-22 10:08:16.800 [main] TRACE ReportServiceImpl - Exiting updateReport method in ReportServiceImpl
2024-11-22 10:08:16.815 [main] TRACE ReportServiceImpl - Entering getPhoto method in ReportServiceImpl
2024-11-22 10:08:16.815 [main] DEBUG ReportServiceImpl - Fetching photo for report with id: 1 by technician: technicianUser
2024-11-22 10:08:16.815 [main] ERROR ReportServiceImpl - No photo found for report id: 1
2024-11-22 10:08:16.815 [main] TRACE ReportServiceImpl - Entering addPhoto method in ReportServiceImpl
2024-11-22 10:08:16.815 [main] DEBUG ReportServiceImpl - Adding photo to report with id: 1 by technician: tech1
2024-11-22 10:08:16.815 [main] ERROR ReportServiceImpl - Attempted to add a photo to report with id: 1 which already has a photo
2024-11-22 10:08:16.831 [main] TRACE ReportServiceImpl - Entering updateReport method in ReportServiceImpl
2024-11-22 10:08:16.831 [main] DEBUG ReportServiceImpl - Updating report with id: 1 by technician: tech1
2024-11-22 10:08:16.831 [main] ERROR ReportServiceImpl - Report with id 1 not found
2024-11-22 10:08:16.831 [main] TRACE ReportServiceImpl - Entering deleteReport method in ReportServiceImpl
2024-11-22 10:08:16.831 [main] DEBUG ReportServiceImpl - Attempting to delete report with id: 1 by technician: tech1
2024-11-22 10:08:16.831 [main] INFO  ReportServiceImpl - Report with id: 1 successfully deleted by technician: tech1
2024-11-22 10:08:16.831 [main] TRACE ReportServiceImpl - Exiting deleteReport method in ReportServiceImpl
2024-11-22 10:08:16.846 [main] TRACE ReportServiceImpl - Entering deleteReport method in ReportServiceImpl
2024-11-22 10:08:16.846 [main] DEBUG ReportServiceImpl - Attempting to delete report with id: 1 by technician: tech2
2024-11-22 10:08:16.846 [main] ERROR ReportServiceImpl - Unauthorized delete attempt by user: tech2 on report id: 1
2024-11-22 10:08:16.846 [main] TRACE ReportServiceImpl - Entering deleteReport method in ReportServiceImpl
2024-11-22 10:08:16.846 [main] DEBUG ReportServiceImpl - Attempting to delete report with id: 1 by technician: tech1
2024-11-22 10:08:16.846 [main] ERROR ReportServiceImpl - The report with ID 1 could not be found for deletion.
2024-11-22 10:08:16.862 [main] TRACE ReportServiceImpl - Entering addPhoto method in ReportServiceImpl
2024-11-22 10:08:16.862 [main] DEBUG ReportServiceImpl - Adding photo to report with id: 1 by technician: tech1
2024-11-22 10:08:16.862 [main] ERROR ReportServiceImpl - Report with id 1 not found for add photo
2024-11-22 10:08:16.862 [main] TRACE ReportServiceImpl - Entering addPhoto method in ReportServiceImpl
2024-11-22 10:08:16.862 [main] DEBUG ReportServiceImpl - Adding photo to report with id: 1 by technician: tech1
2024-11-22 10:08:16.862 [main] ERROR ReportServiceImpl - Unsupported file format: txt for report id: 1
2024-11-22 10:08:16.878 [main] TRACE ReportServiceImpl - Entering getPhoto method in ReportServiceImpl
2024-11-22 10:08:16.878 [main] DEBUG ReportServiceImpl - Fetching photo for report with id: 1 by technician: technicianUser
2024-11-22 10:08:16.878 [main] ERROR ReportServiceImpl - Report with id: 1 not found for get photo
2024-11-22 10:08:16.878 [main] TRACE ReportServiceImpl - Entering deletePhoto method in ReportServiceImpl
2024-11-22 10:08:16.878 [main] DEBUG ReportServiceImpl - Attempting to delete photo for report id: 1 by technician: technicianUser
2024-11-22 10:08:16.878 [main] ERROR ReportServiceImpl - No photo to delete for report id: 1
