2025-01-22 20:11:24.135 [main] TRACE ReportController - Entering getPrescription method in ReportController class
2025-01-22 20:11:24.142 [main] INFO  ReportController - Fetching prescription for report ID: 1 by user: technician1
2025-01-22 20:11:24.174 [main] TRACE ReportController - Exiting getPrescription method in ReportController class
2025-01-22 20:11:24.216 [main] TRACE ReportController - Entering addReport method in ReportController class
2025-01-22 20:11:24.217 [main] INFO  ReportController - Adding the report by the user: technician1
2025-01-22 20:11:24.217 [main] TRACE ReportController - Exiting addReport method in ReportController class
2025-01-22 20:11:24.232 [main] TRACE ReportController - Entering restoreReport method in ReportController class
2025-01-22 20:11:24.233 [main] INFO  ReportController - Restoring the report with ID: 1 by the user: technician1
2025-01-22 20:11:24.233 [main] TRACE ReportController - Exiting restoreReport method in ReportController class
2025-01-22 20:11:24.237 [main] TRACE ReportController - Entering getReportById method in ReportController class
2025-01-22 20:11:24.238 [main] INFO  ReportController - Retrieving report with ID: 1
2025-01-22 20:11:24.238 [main] TRACE ReportController - Exiting getReportById method in ReportController class
2025-01-22 20:11:24.243 [main] TRACE ReportController - Entering getAllReportsFilteredAndSorted method in ReportController class
2025-01-22 20:11:24.244 [main] INFO  ReportController - Retrieving reports filtered and sorted: page=0, size=3, sortBy=id, direction=ASC, fileNumber=null, patientTrIdNumber=null, diagnosisTitle=null, diagnosisDetails=null, date=null, photoPath=null, technicianUsername=null, deleted=null
2025-01-22 20:11:24.245 [main] TRACE ReportController - Exiting getAllReportsFilteredAndSorted method in ReportController class
2025-01-22 20:11:24.249 [main] TRACE ReportController - Entering updateReport method in ReportController class
2025-01-22 20:11:24.250 [main] INFO  ReportController - Updating the report by the user: technician1
2025-01-22 20:11:24.250 [main] TRACE ReportController - Exiting updateReport method in ReportController class
2025-01-22 20:11:24.253 [main] TRACE ReportController - Entering sendPrescription method in ReportController class
2025-01-22 20:11:24.254 [main] INFO  ReportController - Sending prescription for user: technician1
2025-01-22 20:11:24.254 [main] TRACE ReportController - Exiting sendPrescription method in ReportController class
2025-01-22 20:11:24.258 [main] TRACE ReportController - Entering getAllReportsByTechnician method in ReportController class
2025-01-22 20:11:24.258 [main] INFO  ReportController - Retrieving reports for technician: page=0, size=3, sortBy=id, direction=ASC, fileNumber=null, patientTrIdNumber=null, diagnosisTitle=null, diagnosisDetails=null, date=null, photoPath=null, username=technician1, deleted=null
2025-01-22 20:11:24.260 [main] TRACE ReportController - Exiting getAllReportsByTechnician method in ReportController class
2025-01-22 20:11:24.264 [main] TRACE ReportController - Entering deletePhoto method in ReportController class
2025-01-22 20:11:24.264 [main] INFO  ReportController - Deleting photo for report ID: 1 by user: technician1
2025-01-22 20:11:24.264 [main] TRACE ReportController - Exiting deletePhoto method in ReportController class
2025-01-22 20:11:24.268 [main] TRACE ReportController - Entering deleteReport method in ReportController class
2025-01-22 20:11:24.268 [main] INFO  ReportController - Deleting the report with ID: 1 by the user: technician1
2025-01-22 20:11:24.269 [main] TRACE ReportController - Exiting deleteReport method in ReportController class
2025-01-22 20:11:24.369 [main] TRACE ReportController - Entering getReportPdf method in ReportController class
2025-01-22 20:11:24.370 [main] INFO  ReportController - Fetching PDF report for report ID: 1
2025-01-22 20:11:24.370 [main] TRACE ReportController - Exiting getReportPdf method in ReportController class
2025-01-22 20:11:24.374 [main] TRACE ReportController - Entering checkTrIdNumber method in ReportController class
2025-01-22 20:11:24.374 [main] INFO  ReportController - Checking TR ID number: 12345678901 for user: technician1
2025-01-22 20:11:24.374 [main] TRACE ReportController - Exiting checkTrIdNumber method in ReportController class
2025-01-22 20:11:24.378 [main] TRACE ReportController - Entering getPhoto method in ReportController class
2025-01-22 20:11:24.379 [main] INFO  ReportController - Fetching photo for report ID: 1 by user: technician1
2025-01-22 20:11:24.379 [main] TRACE ReportController - Exiting getPhoto method in ReportController class
2025-01-22 20:11:24.383 [main] TRACE ReportController - Entering addPhoto method in ReportController class
2025-01-22 20:11:24.383 [main] INFO  ReportController - Uploading photo for report ID: 1 by user: technician1
2025-01-22 20:11:24.383 [main] TRACE ReportController - Exiting addPhoto method in ReportController class
2025-01-22 20:11:24.973 [main] TRACE ReportServiceImpl - Entering getPhoto method in ReportServiceImpl
2025-01-22 20:11:24.974 [main] DEBUG ReportServiceImpl - Fetching photo for report with id: 1 by technician: differentUser
2025-01-22 20:11:24.975 [main] ERROR ReportServiceImpl - Unauthorized access attempt by username: differentUser for report id: 1
2025-01-22 20:11:24.995 [main] TRACE ReportServiceImpl - Entering getReportsByTechnician method in ReportServiceImpl
2025-01-22 20:11:24.995 [main] DEBUG ReportServiceImpl - Fetching reports for technician: technician1 with filters - Page: 0, Size: 10, SortBy: date, Direction: DESC
2025-01-22 20:11:24.999 [main] INFO  ReportServiceImpl - Total reports found for technician technician1: 1
2025-01-22 20:11:25.000 [main] TRACE ReportServiceImpl - Exiting getReportsByTechnician method in ReportServiceImpl
2025-01-22 20:11:25.006 [main] TRACE ReportServiceImpl - Entering addReport method in ReportServiceImpl
2025-01-22 20:11:25.007 [main] DEBUG ReportServiceImpl - Adding report for user: techUser
2025-01-22 20:11:25.007 [main] ERROR ReportServiceImpl - TR ID number not found in Redis for user: techUser
2025-01-22 20:11:25.013 [main] TRACE ReportServiceImpl - Entering updateReport method in ReportServiceImpl
2025-01-22 20:11:25.013 [main] DEBUG ReportServiceImpl - Updating report with id: 1 by technician: tech2
2025-01-22 20:11:25.014 [main] ERROR ReportServiceImpl - Unauthorized update attempt by user: tech2 on report id: 1
2025-01-22 20:11:25.019 [main] TRACE ReportServiceImpl - Entering restoreReport method in ReportServiceImpl
2025-01-22 20:11:25.019 [main] DEBUG ReportServiceImpl - Attempting to restore report with id: 1 by technician: tech1
2025-01-22 20:11:25.020 [main] ERROR ReportServiceImpl - Unauthorized restore attempt by user: tech1 on report id: 1
2025-01-22 20:11:25.125 [main] TRACE ReportServiceImpl - Entering getPhoto method in ReportServiceImpl
2025-01-22 20:11:25.126 [main] DEBUG ReportServiceImpl - Fetching photo for report with id: 1 by technician: technicianUser
2025-01-22 20:11:25.126 [main] DEBUG ReportServiceImpl - Reading photo from path: backend/uploads/photos/photo.jpg
2025-01-22 20:11:25.126 [main] TRACE ReportServiceImpl - Exiting getPhoto method in ReportServiceImpl
2025-01-22 20:11:25.131 [main] TRACE ReportServiceImpl - Entering sendPrescription method in ReportServiceImpl
2025-01-22 20:11:25.132 [main] DEBUG ReportServiceImpl - Sending prescription email for username: testUser
2025-01-22 20:11:25.133 [main] ERROR ReportServiceImpl - PDF data is empty or corrupted for username: testUser
2025-01-22 20:11:25.138 [main] TRACE ReportServiceImpl - Entering deletePhoto method in ReportServiceImpl
2025-01-22 20:11:25.138 [main] DEBUG ReportServiceImpl - Attempting to delete photo for report id: 1 by technician: technicianUser
2025-01-22 20:11:25.139 [main] DEBUG ReportServiceImpl - Deleting photo at path: backend/uploads/photos/photo.jpg
2025-01-22 20:11:25.139 [main] INFO  ReportServiceImpl - Successfully deleted photo for report id: 1
2025-01-22 20:11:25.140 [main] TRACE ReportServiceImpl - Exiting deletePhoto method in ReportServiceImpl
2025-01-22 20:11:25.146 [main] TRACE ReportServiceImpl - Entering deletePhoto method in ReportServiceImpl
2025-01-22 20:11:25.146 [main] DEBUG ReportServiceImpl - Attempting to delete photo for report id: 1 by technician: unauthorizedUser
2025-01-22 20:11:25.147 [main] ERROR ReportServiceImpl - Unauthorized deletion attempt by username: unauthorizedUser for report id: 1
2025-01-22 20:11:25.152 [main] TRACE ReportServiceImpl - Entering getReportById method in ReportServiceImpl
2025-01-22 20:11:25.153 [main] DEBUG ReportServiceImpl - Fetching report with ID: 1
2025-01-22 20:11:25.153 [main] ERROR ReportServiceImpl - Report not found with ID: 1
2025-01-22 20:11:25.158 [main] TRACE ReportServiceImpl - Entering getReportPdf method in ReportServiceImpl
2025-01-22 20:11:25.158 [main] DEBUG ReportServiceImpl - Generating PDF for report id: 1
2025-01-22 20:11:25.159 [main] ERROR ReportServiceImpl - Report with id: 1 not found
2025-01-22 20:11:25.163 [main] TRACE ReportServiceImpl - Entering getAllReportsFilteredAndSorted method in ReportServiceImpl
2025-01-22 20:11:25.163 [main] DEBUG ReportServiceImpl - Fetching all reports with filters - Page: 0, Size: 10, SortBy: date, Direction: ASC
2025-01-22 20:11:25.164 [main] INFO  ReportServiceImpl - Total reports found: 1
2025-01-22 20:11:25.164 [main] TRACE ReportServiceImpl - Exiting getAllReportsFilteredAndSorted method in ReportServiceImpl
2025-01-22 20:11:25.168 [main] TRACE ReportServiceImpl - Entering addReport method in ReportServiceImpl
2025-01-22 20:11:25.169 [main] DEBUG ReportServiceImpl - Adding report for user: techUser
2025-01-22 20:11:25.169 [main] INFO  ReportServiceImpl - Report added successfully: GetReportResponse(id=null, fileNumber=null, patientTrIdNumber=null, diagnosisTitle=null, diagnosisDetails=null, date=null, photoPath=null, technicianUsername=null)
2025-01-22 20:11:25.177 [main] TRACE ReportServiceImpl - Exiting addReport method in ReportServiceImpl
2025-01-22 20:11:25.183 [main] TRACE ReportServiceImpl - Entering deletePhoto method in ReportServiceImpl
2025-01-22 20:11:25.184 [main] DEBUG ReportServiceImpl - Attempting to delete photo for report id: 1 by technician: technicianUser
2025-01-22 20:11:25.185 [main] ERROR ReportServiceImpl - Report with id: 1 not found for delete photo
2025-01-22 20:11:25.190 [main] TRACE ReportServiceImpl - Entering sendPrescription method in ReportServiceImpl
2025-01-22 20:11:25.190 [main] DEBUG ReportServiceImpl - Sending prescription email for username: testUser
2025-01-22 20:11:25.191 [main] ERROR ReportServiceImpl - Cached prescription or TR ID number not found for username: testUser
2025-01-22 20:11:25.197 [main] TRACE ReportServiceImpl - Entering getPrescription method in ReportServiceImpl
2025-01-22 20:11:25.198 [main] DEBUG ReportServiceImpl - Generating prescription for report id: 1
2025-01-22 20:11:25.198 [main] ERROR ReportServiceImpl - Report with id: 1 not found for prescription
2025-01-22 20:11:25.205 [main] TRACE ReportServiceImpl - Entering restoreReport method in ReportServiceImpl
2025-01-22 20:11:25.205 [main] DEBUG ReportServiceImpl - Attempting to restore report with id: 1 by technician: tech1
2025-01-22 20:11:25.206 [main] INFO  ReportServiceImpl - Report with id: 1 successfully restored by technician: tech1
2025-01-22 20:11:25.206 [main] TRACE ReportServiceImpl - Exiting restoreReport method in ReportServiceImpl
2025-01-22 20:11:25.217 [main] TRACE ReportServiceImpl - Entering getReportById method in ReportServiceImpl
2025-01-22 20:11:25.218 [main] DEBUG ReportServiceImpl - Fetching report with ID: 1
2025-01-22 20:11:25.219 [main] INFO  ReportServiceImpl - Report found: GetReportResponse(id=null, fileNumber=null, patientTrIdNumber=null, diagnosisTitle=null, diagnosisDetails=null, date=null, photoPath=null, technicianUsername=null)
2025-01-22 20:11:25.219 [main] TRACE ReportServiceImpl - Exiting getReportById method in ReportServiceImpl
2025-01-22 20:11:25.243 [main] TRACE ReportServiceImpl - Entering addPhoto method in ReportServiceImpl
2025-01-22 20:11:25.243 [main] DEBUG ReportServiceImpl - Adding photo to report with id: 1 by technician: tech1
2025-01-22 20:11:25.244 [main] ERROR ReportServiceImpl - Unauthorized photo upload attempt by user: tech1 on report id: 1
2025-01-22 20:11:25.249 [main] TRACE ReportServiceImpl - Entering restoreReport method in ReportServiceImpl
2025-01-22 20:11:25.250 [main] DEBUG ReportServiceImpl - Attempting to restore report with id: 1 by technician: tech1
2025-01-22 20:11:25.250 [main] ERROR ReportServiceImpl - The report with ID 1 could not be found to restore
2025-01-22 20:11:25.257 [main] TRACE ReportServiceImpl - Entering getPrescription method in ReportServiceImpl
2025-01-22 20:11:25.258 [main] DEBUG ReportServiceImpl - Generating prescription for report id: 1
2025-01-22 20:11:25.259 [main] INFO  ReportServiceImpl - Successfully generated and cached prescription for username: testUser
2025-01-22 20:11:25.259 [main] TRACE ReportServiceImpl - Exiting getPrescription method in ReportServiceImpl
2025-01-22 20:11:25.264 [main] TRACE ReportServiceImpl - Entering updateReport method in ReportServiceImpl
2025-01-22 20:11:25.266 [main] DEBUG ReportServiceImpl - Updating report with id: 1 by technician: tech1
2025-01-22 20:11:25.266 [main] INFO  ReportServiceImpl - Report with id: 1 successfully updated by technician: tech1
2025-01-22 20:11:25.267 [main] TRACE ReportServiceImpl - Exiting updateReport method in ReportServiceImpl
2025-01-22 20:11:25.271 [main] TRACE ReportServiceImpl - Entering getPhoto method in ReportServiceImpl
2025-01-22 20:11:25.271 [main] DEBUG ReportServiceImpl - Fetching photo for report with id: 1 by technician: technicianUser
2025-01-22 20:11:25.272 [main] ERROR ReportServiceImpl - No photo found for report id: 1
2025-01-22 20:11:25.311 [main] TRACE ReportServiceImpl - Entering addPhoto method in ReportServiceImpl
2025-01-22 20:11:25.311 [main] DEBUG ReportServiceImpl - Adding photo to report with id: 1 by technician: tech1
2025-01-22 20:11:25.311 [main] ERROR ReportServiceImpl - Attempted to add a photo to report with id: 1 which already has a photo
2025-01-22 20:11:25.315 [main] TRACE ReportServiceImpl - Entering updateReport method in ReportServiceImpl
2025-01-22 20:11:25.315 [main] DEBUG ReportServiceImpl - Updating report with id: 1 by technician: tech1
2025-01-22 20:11:25.316 [main] ERROR ReportServiceImpl - Report with id 1 not found
2025-01-22 20:11:25.318 [main] TRACE ReportServiceImpl - Entering deleteReport method in ReportServiceImpl
2025-01-22 20:11:25.319 [main] DEBUG ReportServiceImpl - Attempting to delete report with id: 1 by technician: tech1
2025-01-22 20:11:25.319 [main] INFO  ReportServiceImpl - Report with id: 1 successfully deleted by technician: tech1
2025-01-22 20:11:25.319 [main] TRACE ReportServiceImpl - Exiting deleteReport method in ReportServiceImpl
2025-01-22 20:11:25.324 [main] TRACE ReportServiceImpl - Entering deleteReport method in ReportServiceImpl
2025-01-22 20:11:25.324 [main] DEBUG ReportServiceImpl - Attempting to delete report with id: 1 by technician: tech2
2025-01-22 20:11:25.324 [main] ERROR ReportServiceImpl - Unauthorized delete attempt by user: tech2 on report id: 1
2025-01-22 20:11:25.327 [main] TRACE ReportServiceImpl - Entering deleteReport method in ReportServiceImpl
2025-01-22 20:11:25.328 [main] DEBUG ReportServiceImpl - Attempting to delete report with id: 1 by technician: tech1
2025-01-22 20:11:25.328 [main] ERROR ReportServiceImpl - The report with ID 1 could not be found for deletion.
2025-01-22 20:11:25.332 [main] TRACE ReportServiceImpl - Entering addPhoto method in ReportServiceImpl
2025-01-22 20:11:25.333 [main] DEBUG ReportServiceImpl - Adding photo to report with id: 1 by technician: tech1
2025-01-22 20:11:25.333 [main] ERROR ReportServiceImpl - Report with id 1 not found for add photo
2025-01-22 20:11:25.337 [main] TRACE ReportServiceImpl - Entering addPhoto method in ReportServiceImpl
2025-01-22 20:11:25.337 [main] DEBUG ReportServiceImpl - Adding photo to report with id: 1 by technician: tech1
2025-01-22 20:11:25.338 [main] ERROR ReportServiceImpl - Unsupported file format: txt for report id: 1
2025-01-22 20:11:25.341 [main] TRACE ReportServiceImpl - Entering getPhoto method in ReportServiceImpl
2025-01-22 20:11:25.342 [main] DEBUG ReportServiceImpl - Fetching photo for report with id: 1 by technician: technicianUser
2025-01-22 20:11:25.342 [main] ERROR ReportServiceImpl - Report with id: 1 not found for get photo
2025-01-22 20:11:25.345 [main] TRACE ReportServiceImpl - Entering deletePhoto method in ReportServiceImpl
2025-01-22 20:11:25.345 [main] DEBUG ReportServiceImpl - Attempting to delete photo for report id: 1 by technician: technicianUser
2025-01-22 20:11:25.346 [main] ERROR ReportServiceImpl - No photo to delete for report id: 1
