2025-01-20 02:50:46.718 [background-preinit] INFO  Version - HV000001: Hibernate Validator 8.0.1.Final
2025-01-20 02:50:46.821 [main] INFO  AuthServiceApplication - Starting AuthServiceApplication using Java 17.0.11 with PID 18764 (C:\Users\omera\Desktop\laboratory-reporting-project\backend\auth-service\target\classes started by asaf in C:\Users\omera\Desktop\laboratory-reporting-project)
2025-01-20 02:50:46.827 [main] DEBUG AuthServiceApplication - Running with Spring Boot v3.3.3, Spring v6.1.12
2025-01-20 02:50:46.830 [main] INFO  AuthServiceApplication - No active profile set, falling back to 1 default profile: "default"
2025-01-20 02:50:46.970 [main] INFO  ConfigServerConfigDataLoader - Fetching config from server at : http://localhost:8888
2025-01-20 02:50:46.970 [main] INFO  ConfigServerConfigDataLoader - Located environment: name=auth-service, profiles=[default], label=null, version=893b91768adbc0eed10d53f79e497402ed99ef19, state=null
2025-01-20 02:50:50.085 [main] INFO  RepositoryConfigurationDelegate - Multiple Spring Data modules found, entering strict repository configuration mode
2025-01-20 02:50:50.088 [main] INFO  RepositoryConfigurationDelegate - Bootstrapping Spring Data JPA repositories in DEFAULT mode.
2025-01-20 02:50:51.036 [main] INFO  RepositoryConfigurationDelegate - Finished Spring Data repository scanning in 928 ms. Found 3 JPA repository interfaces.
2025-01-20 02:50:51.116 [main] INFO  RepositoryConfigurationDelegate - Multiple Spring Data modules found, entering strict repository configuration mode
2025-01-20 02:50:51.120 [main] INFO  RepositoryConfigurationDelegate - Bootstrapping Spring Data Redis repositories in DEFAULT mode.
2025-01-20 02:50:51.171 [main] INFO  RepositoryConfigurationExtensionSupport - Spring Data Redis - Could not safely identify store assignment for repository candidate interface com.lab.backend.auth.repository.RoleRepository; If you want this repository to be a Redis repository, consider annotating your entities with one of these annotations: org.springframework.data.redis.core.RedisHash (preferred), or consider extending one of the following types with your repository: org.springframework.data.keyvalue.repository.KeyValueRepository
2025-01-20 02:50:51.171 [main] INFO  RepositoryConfigurationExtensionSupport - Spring Data Redis - Could not safely identify store assignment for repository candidate interface com.lab.backend.auth.repository.TokenRepository; If you want this repository to be a Redis repository, consider annotating your entities with one of these annotations: org.springframework.data.redis.core.RedisHash (preferred), or consider extending one of the following types with your repository: org.springframework.data.keyvalue.repository.KeyValueRepository
2025-01-20 02:50:51.172 [main] INFO  RepositoryConfigurationExtensionSupport - Spring Data Redis - Could not safely identify store assignment for repository candidate interface com.lab.backend.auth.repository.UserRepository; If you want this repository to be a Redis repository, consider annotating your entities with one of these annotations: org.springframework.data.redis.core.RedisHash (preferred), or consider extending one of the following types with your repository: org.springframework.data.keyvalue.repository.KeyValueRepository
2025-01-20 02:50:51.172 [main] INFO  RepositoryConfigurationDelegate - Finished Spring Data repository scanning in 21 ms. Found 0 Redis repository interfaces.
2025-01-20 02:50:51.760 [main] INFO  GenericScope - BeanFactory id=c71885c1-b695-3a38-bd4a-b5f800e46d04
2025-01-20 02:50:57.746 [main] WARN  PostProcessorRegistrationDelegate$BeanPostProcessorChecker - Bean 'org.springframework.cloud.client.loadbalancer.LoadBalancerAutoConfiguration$DeferringLoadBalancerInterceptorConfig' of type [org.springframework.cloud.client.loadbalancer.LoadBalancerAutoConfiguration$DeferringLoadBalancerInterceptorConfig] is not eligible for getting processed by all BeanPostProcessors (for example: not eligible for auto-proxying). The currently created BeanPostProcessor [lbRestClientPostProcessor] is declared through a non-static factory method on that class; consider declaring it as static instead.
2025-01-20 02:50:57.750 [main] WARN  PostProcessorRegistrationDelegate$BeanPostProcessorChecker - Bean 'deferringLoadBalancerInterceptor' of type [org.springframework.cloud.client.loadbalancer.DeferringLoadBalancerInterceptor] is not eligible for getting processed by all BeanPostProcessors (for example: not eligible for auto-proxying). Is this bean getting eagerly injected into a currently created BeanPostProcessor [lbRestClientPostProcessor]? Check the corresponding BeanPostProcessor declaration and its dependencies.
2025-01-20 02:50:57.759 [main] WARN  PostProcessorRegistrationDelegate$BeanPostProcessorChecker - Bean 'org.springframework.cloud.client.loadbalancer.reactive.LoadBalancerBeanPostProcessorAutoConfiguration' of type [org.springframework.cloud.client.loadbalancer.reactive.LoadBalancerBeanPostProcessorAutoConfiguration] is not eligible for getting processed by all BeanPostProcessors (for example: not eligible for auto-proxying). The currently created BeanPostProcessor [loadBalancerWebClientBuilderBeanPostProcessor] is declared through a non-static factory method on that class; consider declaring it as static instead.
2025-01-20 02:50:57.762 [main] WARN  PostProcessorRegistrationDelegate$BeanPostProcessorChecker - Bean 'org.springframework.cloud.client.loadbalancer.reactive.LoadBalancerBeanPostProcessorAutoConfiguration$ReactorDeferringLoadBalancerFilterConfig' of type [org.springframework.cloud.client.loadbalancer.reactive.LoadBalancerBeanPostProcessorAutoConfiguration$ReactorDeferringLoadBalancerFilterConfig] is not eligible for getting processed by all BeanPostProcessors (for example: not eligible for auto-proxying). Is this bean getting eagerly injected into a currently created BeanPostProcessor [loadBalancerWebClientBuilderBeanPostProcessor]? Check the corresponding BeanPostProcessor declaration and its dependencies.
2025-01-20 02:50:57.764 [main] WARN  PostProcessorRegistrationDelegate$BeanPostProcessorChecker - Bean 'reactorDeferringLoadBalancerExchangeFilterFunction' of type [org.springframework.cloud.client.loadbalancer.reactive.DeferringLoadBalancerExchangeFilterFunction] is not eligible for getting processed by all BeanPostProcessors (for example: not eligible for auto-proxying). Is this bean getting eagerly injected into a currently created BeanPostProcessor [loadBalancerWebClientBuilderBeanPostProcessor]? Check the corresponding BeanPostProcessor declaration and its dependencies.
2025-01-20 02:50:58.728 [main] INFO  TomcatWebServer - Tomcat initialized with port 8081 (http)
2025-01-20 02:50:58.749 [main] INFO  Http11NioProtocol - Initializing ProtocolHandler ["http-nio-8081"]
2025-01-20 02:50:58.753 [main] INFO  StandardService - Starting service [Tomcat]
2025-01-20 02:50:58.755 [main] INFO  StandardEngine - Starting Servlet engine: [Apache Tomcat/10.1.28]
2025-01-20 02:50:58.875 [main] INFO  [/] - Initializing Spring embedded WebApplicationContext
2025-01-20 02:50:58.877 [main] INFO  ServletWebServerApplicationContext - Root WebApplicationContext: initialization completed in 11899 ms
2025-01-20 02:51:01.781 [main] INFO  LogHelper - HHH000204: Processing PersistenceUnitInfo [name: default]
2025-01-20 02:51:05.499 [main] INFO  Version - HHH000412: Hibernate ORM core version 6.5.2.Final
2025-01-20 02:51:05.551 [main] INFO  RegionFactoryInitiator - HHH000026: Second-level cache disabled
2025-01-20 02:51:05.970 [main] INFO  SpringPersistenceUnitInfo - No LoadTimeWeaver setup: ignoring JPA class transformer
2025-01-20 02:51:05.999 [main] INFO  HikariDataSource - HikariPool-1 - Starting...
2025-01-20 02:51:06.229 [main] INFO  HikariPool - HikariPool-1 - Added connection org.postgresql.jdbc.PgConnection@7d6ccad7
2025-01-20 02:51:06.231 [main] INFO  HikariDataSource - HikariPool-1 - Start completed.
2025-01-20 02:51:07.589 [main] INFO  JtaPlatformInitiator - HHH000489: No JTA platform available (set 'hibernate.transaction.jta.platform' to enable JTA platform integration)
2025-01-20 02:51:07.766 [main] INFO  LocalContainerEntityManagerFactoryBean - Initialized JPA EntityManagerFactory for persistence unit 'default'
2025-01-20 02:51:08.306 [main] INFO  InitializeUserDetailsBeanManagerConfigurer$InitializeUserDetailsManagerConfigurer - Global AuthenticationManager configured with UserDetailsService bean with name userDetailsService
2025-01-20 02:51:08.344 [main] INFO  QueryEnhancerFactory - Hibernate is in classpath; If applicable, HQL parser will be used.
2025-01-20 02:51:08.746 [main] TRACE UserServiceImpl - Initializing JedisPool with Redis Host: localhost and Port: 6379
2025-01-20 02:51:08.758 [main] TRACE UserServiceImpl - Exiting init method in UserServiceImpl
2025-01-20 02:51:10.931 [main] INFO  EndpointLinksResolver - Exposing 1 endpoint beneath base path '/actuator'
2025-01-20 02:51:11.228 [main] INFO  DiscoveryClientOptionalArgsConfiguration - Eureka HTTP Client uses RestTemplate.
2025-01-20 02:51:11.295 [main] WARN  LoadBalancerCacheAutoConfiguration$LoadBalancerCaffeineWarnLogger - Spring Cloud LoadBalancer is currently working with the default cache. While this cache implementation is useful for development and tests, it's recommended to use Caffeine cache in production.You can switch to using Caffeine cache, by adding it and org.springframework.cache.caffeine.CaffeineCacheManager to the classpath.
2025-01-20 02:51:11.408 [main] INFO  InstanceInfoFactory - Setting initial instance status as: STARTING
2025-01-20 02:51:11.451 [main] INFO  DiscoveryClient - Initializing Eureka in region us-east-1
2025-01-20 02:51:11.463 [main] INFO  ConfigClusterResolver - Resolving eureka endpoints via configuration
2025-01-20 02:51:11.495 [main] INFO  DiscoveryClient - Disable delta property : false
2025-01-20 02:51:11.495 [main] INFO  DiscoveryClient - Single vip registry refresh property : null
2025-01-20 02:51:11.495 [main] INFO  DiscoveryClient - Force full registry fetch : false
2025-01-20 02:51:11.496 [main] INFO  DiscoveryClient - Application is null : false
2025-01-20 02:51:11.496 [main] INFO  DiscoveryClient - Registered Applications size is zero : true
2025-01-20 02:51:11.496 [main] INFO  DiscoveryClient - Application version is -1: true
2025-01-20 02:51:11.496 [main] INFO  DiscoveryClient - Getting all instance registry info from the eureka server
2025-01-20 02:51:11.705 [main] INFO  DiscoveryClient - The response status is 200
2025-01-20 02:51:11.710 [main] INFO  DiscoveryClient - Starting heartbeat executor: renew interval is: 30
2025-01-20 02:51:11.715 [main] INFO  InstanceInfoReplicator - InstanceInfoReplicator onDemand update allowed rate per min is 4
2025-01-20 02:51:11.719 [main] INFO  DiscoveryClient - Discovery Client initialized at timestamp 1737330671719 with initial instances count: 1
2025-01-20 02:51:11.726 [main] INFO  EurekaServiceRegistry - Registering application AUTH-SERVICE with eureka with status UP
2025-01-20 02:51:11.727 [main] INFO  DiscoveryClient - Saw local status change event StatusChangeEvent [timestamp=1737330671727, current=UP, previous=STARTING]
2025-01-20 02:51:11.731 [main] INFO  Http11NioProtocol - Starting ProtocolHandler ["http-nio-8081"]
2025-01-20 02:51:11.731 [DiscoveryClient-InstanceInfoReplicator-0] INFO  DiscoveryClient - DiscoveryClient_AUTH-SERVICE/asaf:auth-service:8081: registering service...
2025-01-20 02:51:11.754 [main] INFO  TomcatWebServer - Tomcat started on port 8081 (http) with context path '/'
2025-01-20 02:51:11.756 [main] INFO  EurekaAutoServiceRegistration - Updating port to 8081
2025-01-20 02:51:11.790 [DiscoveryClient-InstanceInfoReplicator-0] INFO  DiscoveryClient - DiscoveryClient_AUTH-SERVICE/asaf:auth-service:8081 - registration status: 204
2025-01-20 02:51:12.179 [main] INFO  CachingConnectionFactory - Attempting to connect to: [localhost:5672]
2025-01-20 02:51:12.306 [main] INFO  CachingConnectionFactory - Created new connection: rabbitConnectionFactory#55c445e5:0/SimpleConnection@19b10c14 [delegate=amqp://guest@127.0.0.1:5672/, localPort=63088]
2025-01-20 02:51:12.318 [main] INFO  RabbitAdmin - Auto-declaring a non-durable, auto-delete, or exclusive Queue (user-queue-create) durable:false, auto-delete:false, exclusive:false. It will be redeclared if the broker stops and is restarted while the connection factory is alive, but all messages will be lost.
2025-01-20 02:51:12.318 [main] INFO  RabbitAdmin - Auto-declaring a non-durable, auto-delete, or exclusive Queue (user-queue-update) durable:false, auto-delete:false, exclusive:false. It will be redeclared if the broker stops and is restarted while the connection factory is alive, but all messages will be lost.
2025-01-20 02:51:12.319 [main] INFO  RabbitAdmin - Auto-declaring a non-durable, auto-delete, or exclusive Queue (user-queue-delete) durable:false, auto-delete:false, exclusive:false. It will be redeclared if the broker stops and is restarted while the connection factory is alive, but all messages will be lost.
2025-01-20 02:51:12.319 [main] INFO  RabbitAdmin - Auto-declaring a non-durable, auto-delete, or exclusive Queue (user-queue-restore) durable:false, auto-delete:false, exclusive:false. It will be redeclared if the broker stops and is restarted while the connection factory is alive, but all messages will be lost.
2025-01-20 02:51:12.319 [main] INFO  RabbitAdmin - Auto-declaring a non-durable, auto-delete, or exclusive Queue (user-queue-add-role) durable:false, auto-delete:false, exclusive:false. It will be redeclared if the broker stops and is restarted while the connection factory is alive, but all messages will be lost.
2025-01-20 02:51:12.319 [main] INFO  RabbitAdmin - Auto-declaring a non-durable, auto-delete, or exclusive Queue (user-queue-remove-role) durable:false, auto-delete:false, exclusive:false. It will be redeclared if the broker stops and is restarted while the connection factory is alive, but all messages will be lost.
2025-01-20 02:51:12.483 [main] INFO  AuthServiceApplication - Started AuthServiceApplication in 27.913 seconds (process running for 32.616)
2025-01-20 02:56:11.580 [AsyncResolver-bootstrap-executor-0] INFO  ConfigClusterResolver - Resolving eureka endpoints via configuration
2025-01-20 03:01:11.627 [AsyncResolver-bootstrap-executor-0] INFO  ConfigClusterResolver - Resolving eureka endpoints via configuration
2025-01-20 03:02:49.732 [http-nio-8081-exec-2] INFO  [/] - Initializing Spring DispatcherServlet 'dispatcherServlet'
2025-01-20 03:02:49.734 [http-nio-8081-exec-2] INFO  DispatcherServlet - Initializing Servlet 'dispatcherServlet'
2025-01-20 03:02:49.917 [http-nio-8081-exec-2] INFO  DispatcherServlet - Completed initialization in 183 ms
2025-01-20 03:02:50.560 [http-nio-8081-exec-2] TRACE UserController - Entering login method in UserController
2025-01-20 03:02:50.561 [http-nio-8081-exec-2] TRACE UserServiceImpl - Entering login method in UserServiceImpl
2025-01-20 03:02:50.563 [http-nio-8081-exec-2] DEBUG UserServiceImpl - Attempting to authenticate user: super
2025-01-20 03:02:50.742 [http-nio-8081-exec-2] TRACE UserDetailsServiceImpl - Entering loadUserByUsername with username: super
2025-01-20 03:02:50.877 [http-nio-8081-exec-2] INFO  UserDetailsServiceImpl - User found: super
2025-01-20 03:02:50.881 [http-nio-8081-exec-2] DEBUG UserDetailsServiceImpl - Mapping role ADMIN to authority ROLE_ADMIN
2025-01-20 03:02:50.882 [http-nio-8081-exec-2] DEBUG UserDetailsServiceImpl - Mapping role SECRETARY to authority ROLE_SECRETARY
2025-01-20 03:02:50.882 [http-nio-8081-exec-2] DEBUG UserDetailsServiceImpl - Mapping role TECHNICIAN to authority ROLE_TECHNICIAN
2025-01-20 03:02:50.882 [http-nio-8081-exec-2] INFO  UserDetailsServiceImpl - User authorities: [ROLE_SECRETARY, ROLE_ADMIN, ROLE_TECHNICIAN]
2025-01-20 03:02:50.885 [http-nio-8081-exec-2] TRACE UserDetailsServiceImpl - Exiting loadUserByUsername method in UserDetailsServiceImpl with username: super
2025-01-20 03:02:51.028 [http-nio-8081-exec-2] INFO  UserServiceImpl - User authenticated successfully: super
2025-01-20 03:02:51.028 [http-nio-8081-exec-2] TRACE UserServiceImpl - Entering getRolesAsString method in UserServiceImpl
2025-01-20 03:02:51.029 [http-nio-8081-exec-2] TRACE UserServiceImpl - Exiting getRolesAsString method in UserServiceImpl
2025-01-20 03:02:51.030 [http-nio-8081-exec-2] TRACE JwtServiceImpl - Entering generateAccessToken method in JwtUtils class with username: super
2025-01-20 03:02:51.083 [http-nio-8081-exec-2] TRACE JwtServiceImpl - Entering buildToken method in JwtUtils class with claims and expiration: 3600000
2025-01-20 03:02:51.153 [http-nio-8081-exec-2] TRACE JwtServiceImpl - Entering getSignInKey method in JwtUtils class
2025-01-20 03:02:51.155 [http-nio-8081-exec-2] TRACE JwtServiceImpl - Exiting getSignInKey method in JwtUtils class with key
2025-01-20 03:02:51.216 [http-nio-8081-exec-2] TRACE JwtServiceImpl - Exiting buildToken method in JwtUtils class with token: eyJhbGciOiJIUzM4NCJ9.eyJzdWIiOiJzdXBlciIsInJvbGVzIjpbIkFETUlOIiwiU0VDUkVUQVJZIiwiVEVDSE5JQ0lBTiJdLCJpYXQiOjE3MzczMzEzNzEsImV4cCI6MTczNzMzNDk3MX0.oDePYj5KkeHyBeQiprS4y_2aCbcUTJuwu0wZHqcIJUz3d3zz7UPTfwIlpXFTeF5Y
2025-01-20 03:02:51.216 [http-nio-8081-exec-2] TRACE JwtServiceImpl - Exiting generateAccessToken method in JwtUtils class with accessToken: eyJhbGciOiJIUzM4NCJ9.eyJzdWIiOiJzdXBlciIsInJvbGVzIjpbIkFETUlOIiwiU0VDUkVUQVJZIiwiVEVDSE5JQ0lBTiJdLCJpYXQiOjE3MzczMzEzNzEsImV4cCI6MTczNzMzNDk3MX0.oDePYj5KkeHyBeQiprS4y_2aCbcUTJuwu0wZHqcIJUz3d3zz7UPTfwIlpXFTeF5Y
2025-01-20 03:02:51.216 [http-nio-8081-exec-2] TRACE JwtServiceImpl - Entering generateRefreshToken method in JwtUtils class with username: super
2025-01-20 03:02:51.216 [http-nio-8081-exec-2] TRACE JwtServiceImpl - Entering buildToken method in JwtUtils class with claims and expiration: 86400000
2025-01-20 03:02:51.216 [http-nio-8081-exec-2] TRACE JwtServiceImpl - Entering getSignInKey method in JwtUtils class
2025-01-20 03:02:51.216 [http-nio-8081-exec-2] TRACE JwtServiceImpl - Exiting getSignInKey method in JwtUtils class with key
2025-01-20 03:02:51.217 [http-nio-8081-exec-2] TRACE JwtServiceImpl - Exiting buildToken method in JwtUtils class with token: eyJhbGciOiJIUzM4NCJ9.eyJzdWIiOiJzdXBlciIsImlhdCI6MTczNzMzMTM3MSwiZXhwIjoxNzM3NDE3NzcxfQ.KVrY5smsXfPj1D-gWtUdIrqKVvyUOY9L3X8cZQwn1lkImCEwA7tmOLnSxafV5X4_
2025-01-20 03:02:51.217 [http-nio-8081-exec-2] TRACE JwtServiceImpl - Exiting generateRefreshToken method in JwtUtils class with refreshToken: eyJhbGciOiJIUzM4NCJ9.eyJzdWIiOiJzdXBlciIsImlhdCI6MTczNzMzMTM3MSwiZXhwIjoxNzM3NDE3NzcxfQ.KVrY5smsXfPj1D-gWtUdIrqKVvyUOY9L3X8cZQwn1lkImCEwA7tmOLnSxafV5X4_
2025-01-20 03:02:51.217 [http-nio-8081-exec-2] TRACE UserServiceImpl - Entering revokeAllTokensByUser method in UserServiceImpl
2025-01-20 03:02:51.217 [http-nio-8081-exec-2] DEBUG UserServiceImpl - Revoking all tokens for user ID: 4
2025-01-20 03:02:51.250 [http-nio-8081-exec-2] INFO  UserServiceImpl - No valid tokens found for user ID: 4
2025-01-20 03:02:51.250 [http-nio-8081-exec-2] TRACE UserServiceImpl - Entering saveUserToken method in UserServiceImpl
2025-01-20 03:02:51.250 [http-nio-8081-exec-2] DEBUG UserServiceImpl - Saving token for user: super
2025-01-20 03:02:51.455 [http-nio-8081-exec-2] INFO  UserServiceImpl - Token saved in Redis for user: super
2025-01-20 03:02:51.456 [http-nio-8081-exec-2] TRACE UserServiceImpl - Exiting saveUserToken method in UserServiceImpl
2025-01-20 03:02:51.456 [http-nio-8081-exec-2] TRACE UserServiceImpl - Exiting login method in UserServiceImpl
2025-01-20 03:02:51.458 [http-nio-8081-exec-2] TRACE UserController - Exiting login method in UserController
2025-01-20 03:06:11.640 [AsyncResolver-bootstrap-executor-0] INFO  ConfigClusterResolver - Resolving eureka endpoints via configuration
2025-01-20 03:11:11.658 [AsyncResolver-bootstrap-executor-0] INFO  ConfigClusterResolver - Resolving eureka endpoints via configuration
2025-01-20 03:16:11.663 [AsyncResolver-bootstrap-executor-0] INFO  ConfigClusterResolver - Resolving eureka endpoints via configuration
2025-01-20 03:21:11.680 [AsyncResolver-bootstrap-executor-0] INFO  ConfigClusterResolver - Resolving eureka endpoints via configuration
2025-01-20 03:26:11.685 [AsyncResolver-bootstrap-executor-0] INFO  ConfigClusterResolver - Resolving eureka endpoints via configuration
2025-01-20 03:31:11.687 [AsyncResolver-bootstrap-executor-0] INFO  ConfigClusterResolver - Resolving eureka endpoints via configuration
2025-01-20 03:36:11.699 [AsyncResolver-bootstrap-executor-0] INFO  ConfigClusterResolver - Resolving eureka endpoints via configuration
2025-01-20 03:41:11.711 [AsyncResolver-bootstrap-executor-0] INFO  ConfigClusterResolver - Resolving eureka endpoints via configuration
2025-01-20 03:46:11.724 [AsyncResolver-bootstrap-executor-0] INFO  ConfigClusterResolver - Resolving eureka endpoints via configuration
2025-01-20 03:51:11.741 [AsyncResolver-bootstrap-executor-0] INFO  ConfigClusterResolver - Resolving eureka endpoints via configuration
2025-01-20 03:56:11.745 [AsyncResolver-bootstrap-executor-0] INFO  ConfigClusterResolver - Resolving eureka endpoints via configuration
2025-01-20 04:01:11.761 [AsyncResolver-bootstrap-executor-0] INFO  ConfigClusterResolver - Resolving eureka endpoints via configuration
2025-01-20 04:01:47.982 [org.springframework.amqp.rabbit.RabbitListenerEndpointContainer#2-1] TRACE UserServiceImpl - Entering createUser method in UserServiceImpl
2025-01-20 04:01:49.034 [org.springframework.amqp.rabbit.RabbitListenerEndpointContainer#2-1] INFO  UserServiceImpl - User 'kaderbalikci' created successfully
2025-01-20 04:01:49.045 [org.springframework.amqp.rabbit.RabbitListenerEndpointContainer#2-1] TRACE MailService - Entering sendEmail method in MailService
2025-01-20 04:01:49.047 [org.springframework.amqp.rabbit.RabbitListenerEndpointContainer#2-1] INFO  MailService - Entering sendEmail method with parameters - to: tribalchief1899@gmail.com, subject: Please Verify Your Email, text length: 144
2025-01-20 04:01:49.057 [org.springframework.amqp.rabbit.RabbitListenerEndpointContainer#2-1] INFO  MailService - Sending email to tribalchief1899@gmail.com with subject Please Verify Your Email
2025-01-20 04:02:03.572 [org.springframework.amqp.rabbit.RabbitListenerEndpointContainer#2-1] INFO  MailService - Email sent successfully to tribalchief1899@gmail.com
2025-01-20 04:02:03.572 [org.springframework.amqp.rabbit.RabbitListenerEndpointContainer#2-1] TRACE MailService - Exiting sendEmail method in MailService
2025-01-20 04:02:03.572 [org.springframework.amqp.rabbit.RabbitListenerEndpointContainer#2-1] INFO  UserServiceImpl - Verification email sent to 'tribalchief1899@gmail.com'
2025-01-20 04:02:03.572 [org.springframework.amqp.rabbit.RabbitListenerEndpointContainer#2-1] TRACE UserServiceImpl - Exiting createUser method in UserServiceImpl
2025-01-20 04:02:27.187 [http-nio-8081-exec-5] TRACE UserController - Entering login method in UserController
2025-01-20 04:02:27.188 [http-nio-8081-exec-5] TRACE UserServiceImpl - Entering login method in UserServiceImpl
2025-01-20 04:02:27.188 [http-nio-8081-exec-5] DEBUG UserServiceImpl - Attempting to authenticate user: kaderbalikci
2025-01-20 04:02:27.192 [http-nio-8081-exec-5] TRACE UserDetailsServiceImpl - Entering loadUserByUsername with username: kaderbalikci
2025-01-20 04:02:27.202 [http-nio-8081-exec-5] INFO  UserDetailsServiceImpl - User found: kaderbalikci
2025-01-20 04:02:27.203 [http-nio-8081-exec-5] DEBUG UserDetailsServiceImpl - Mapping role ADMIN to authority ROLE_ADMIN
2025-01-20 04:02:27.203 [http-nio-8081-exec-5] DEBUG UserDetailsServiceImpl - Mapping role SECRETARY to authority ROLE_SECRETARY
2025-01-20 04:02:27.203 [http-nio-8081-exec-5] DEBUG UserDetailsServiceImpl - Mapping role TECHNICIAN to authority ROLE_TECHNICIAN
2025-01-20 04:02:27.203 [http-nio-8081-exec-5] INFO  UserDetailsServiceImpl - User authorities: [ROLE_SECRETARY, ROLE_ADMIN, ROLE_TECHNICIAN]
2025-01-20 04:02:27.203 [http-nio-8081-exec-5] TRACE UserDetailsServiceImpl - Exiting loadUserByUsername method in UserDetailsServiceImpl with username: kaderbalikci
2025-01-20 04:02:27.273 [http-nio-8081-exec-5] ERROR UserServiceImpl - Email not verified for user: kaderbalikci
2025-01-20 04:02:46.581 [http-nio-8081-exec-4] TRACE UserController - Entering verifyEmail method in UserController
2025-01-20 04:02:46.581 [http-nio-8081-exec-4] TRACE UserServiceImpl - Entering verifyEmail method in UserServiceImpl
2025-01-20 04:02:46.734 [http-nio-8081-exec-4] INFO  UserServiceImpl - Email verified for user: kaderbalikci
2025-01-20 04:02:46.735 [http-nio-8081-exec-4] TRACE UserServiceImpl - Exiting verifyEmail method in UserServiceImpl
2025-01-20 04:02:46.735 [http-nio-8081-exec-4] TRACE UserController - Exiting verifyEmail method in UserController
2025-01-20 04:02:52.260 [http-nio-8081-exec-3] TRACE UserController - Entering login method in UserController
2025-01-20 04:02:52.260 [http-nio-8081-exec-3] TRACE UserServiceImpl - Entering login method in UserServiceImpl
2025-01-20 04:02:52.261 [http-nio-8081-exec-3] DEBUG UserServiceImpl - Attempting to authenticate user: kaderbalikci
2025-01-20 04:02:52.261 [http-nio-8081-exec-3] TRACE UserDetailsServiceImpl - Entering loadUserByUsername with username: kaderbalikci
2025-01-20 04:02:52.267 [http-nio-8081-exec-3] INFO  UserDetailsServiceImpl - User found: kaderbalikci
2025-01-20 04:02:52.267 [http-nio-8081-exec-3] DEBUG UserDetailsServiceImpl - Mapping role ADMIN to authority ROLE_ADMIN
2025-01-20 04:02:52.267 [http-nio-8081-exec-3] DEBUG UserDetailsServiceImpl - Mapping role SECRETARY to authority ROLE_SECRETARY
2025-01-20 04:02:52.268 [http-nio-8081-exec-3] DEBUG UserDetailsServiceImpl - Mapping role TECHNICIAN to authority ROLE_TECHNICIAN
2025-01-20 04:02:52.268 [http-nio-8081-exec-3] INFO  UserDetailsServiceImpl - User authorities: [ROLE_SECRETARY, ROLE_ADMIN, ROLE_TECHNICIAN]
2025-01-20 04:02:52.268 [http-nio-8081-exec-3] TRACE UserDetailsServiceImpl - Exiting loadUserByUsername method in UserDetailsServiceImpl with username: kaderbalikci
2025-01-20 04:02:52.343 [http-nio-8081-exec-3] INFO  UserServiceImpl - User authenticated successfully: kaderbalikci
2025-01-20 04:02:52.343 [http-nio-8081-exec-3] TRACE UserServiceImpl - Entering getRolesAsString method in UserServiceImpl
2025-01-20 04:02:52.343 [http-nio-8081-exec-3] TRACE UserServiceImpl - Exiting getRolesAsString method in UserServiceImpl
2025-01-20 04:02:52.344 [http-nio-8081-exec-3] TRACE JwtServiceImpl - Entering generateAccessToken method in JwtUtils class with username: kaderbalikci
2025-01-20 04:02:52.355 [http-nio-8081-exec-3] TRACE JwtServiceImpl - Entering buildToken method in JwtUtils class with claims and expiration: 3600000
2025-01-20 04:02:52.357 [http-nio-8081-exec-3] TRACE JwtServiceImpl - Entering getSignInKey method in JwtUtils class
2025-01-20 04:02:52.359 [http-nio-8081-exec-3] TRACE JwtServiceImpl - Exiting getSignInKey method in JwtUtils class with key
2025-01-20 04:02:52.370 [http-nio-8081-exec-3] TRACE JwtServiceImpl - Exiting buildToken method in JwtUtils class with token: eyJhbGciOiJIUzM4NCJ9.eyJzdWIiOiJrYWRlcmJhbGlrY2kiLCJyb2xlcyI6WyJBRE1JTiIsIlNFQ1JFVEFSWSIsIlRFQ0hOSUNJQU4iXSwiaWF0IjoxNzM3MzM0OTcyLCJleHAiOjE3MzczMzg1NzJ9.OfrmY6eNBQU0PYFnRFwXtdO1YH3kTdstcM80qEWI-CiEuEqOAOnnjtmjjTQo48Mb
2025-01-20 04:02:52.370 [http-nio-8081-exec-3] TRACE JwtServiceImpl - Exiting generateAccessToken method in JwtUtils class with accessToken: eyJhbGciOiJIUzM4NCJ9.eyJzdWIiOiJrYWRlcmJhbGlrY2kiLCJyb2xlcyI6WyJBRE1JTiIsIlNFQ1JFVEFSWSIsIlRFQ0hOSUNJQU4iXSwiaWF0IjoxNzM3MzM0OTcyLCJleHAiOjE3MzczMzg1NzJ9.OfrmY6eNBQU0PYFnRFwXtdO1YH3kTdstcM80qEWI-CiEuEqOAOnnjtmjjTQo48Mb
2025-01-20 04:02:52.370 [http-nio-8081-exec-3] TRACE JwtServiceImpl - Entering generateRefreshToken method in JwtUtils class with username: kaderbalikci
2025-01-20 04:02:52.370 [http-nio-8081-exec-3] TRACE JwtServiceImpl - Entering buildToken method in JwtUtils class with claims and expiration: 86400000
2025-01-20 04:02:52.370 [http-nio-8081-exec-3] TRACE JwtServiceImpl - Entering getSignInKey method in JwtUtils class
2025-01-20 04:02:52.370 [http-nio-8081-exec-3] TRACE JwtServiceImpl - Exiting getSignInKey method in JwtUtils class with key
2025-01-20 04:02:52.372 [http-nio-8081-exec-3] TRACE JwtServiceImpl - Exiting buildToken method in JwtUtils class with token: eyJhbGciOiJIUzM4NCJ9.eyJzdWIiOiJrYWRlcmJhbGlrY2kiLCJpYXQiOjE3MzczMzQ5NzIsImV4cCI6MTczNzQyMTM3Mn0.jAXQOTXNoZ1LFOnQNshra9PnsJp2tqaiAacCWlxpFuzBDyOTUNCu354u-vTp1O8c
2025-01-20 04:02:52.372 [http-nio-8081-exec-3] TRACE JwtServiceImpl - Exiting generateRefreshToken method in JwtUtils class with refreshToken: eyJhbGciOiJIUzM4NCJ9.eyJzdWIiOiJrYWRlcmJhbGlrY2kiLCJpYXQiOjE3MzczMzQ5NzIsImV4cCI6MTczNzQyMTM3Mn0.jAXQOTXNoZ1LFOnQNshra9PnsJp2tqaiAacCWlxpFuzBDyOTUNCu354u-vTp1O8c
2025-01-20 04:02:52.372 [http-nio-8081-exec-3] TRACE UserServiceImpl - Entering revokeAllTokensByUser method in UserServiceImpl
2025-01-20 04:02:52.373 [http-nio-8081-exec-3] DEBUG UserServiceImpl - Revoking all tokens for user ID: 5
2025-01-20 04:02:52.428 [http-nio-8081-exec-3] INFO  UserServiceImpl - No valid tokens found for user ID: 5
2025-01-20 04:02:52.428 [http-nio-8081-exec-3] TRACE UserServiceImpl - Entering saveUserToken method in UserServiceImpl
2025-01-20 04:02:52.428 [http-nio-8081-exec-3] DEBUG UserServiceImpl - Saving token for user: kaderbalikci
2025-01-20 04:02:52.453 [http-nio-8081-exec-3] INFO  UserServiceImpl - Token saved in Redis for user: kaderbalikci
2025-01-20 04:02:52.454 [http-nio-8081-exec-3] TRACE UserServiceImpl - Exiting saveUserToken method in UserServiceImpl
2025-01-20 04:02:52.454 [http-nio-8081-exec-3] TRACE UserServiceImpl - Exiting login method in UserServiceImpl
2025-01-20 04:02:52.454 [http-nio-8081-exec-3] TRACE UserController - Exiting login method in UserController
2025-01-20 04:06:11.778 [AsyncResolver-bootstrap-executor-0] INFO  ConfigClusterResolver - Resolving eureka endpoints via configuration
2025-01-20 04:11:11.791 [AsyncResolver-bootstrap-executor-0] INFO  ConfigClusterResolver - Resolving eureka endpoints via configuration
2025-01-20 04:16:11.808 [AsyncResolver-bootstrap-executor-0] INFO  ConfigClusterResolver - Resolving eureka endpoints via configuration
2025-01-20 04:21:11.871 [AsyncResolver-bootstrap-executor-0] INFO  ConfigClusterResolver - Resolving eureka endpoints via configuration
2025-01-20 04:21:36.167 [http-nio-8081-exec-6] TRACE UserController - Entering login method in UserController
2025-01-20 04:21:36.168 [http-nio-8081-exec-6] TRACE UserServiceImpl - Entering login method in UserServiceImpl
2025-01-20 04:21:36.170 [http-nio-8081-exec-6] DEBUG UserServiceImpl - Attempting to authenticate user: kaderbalikci
2025-01-20 04:21:36.475 [http-nio-8081-exec-6] TRACE UserDetailsServiceImpl - Entering loadUserByUsername with username: kaderbalikci
2025-01-20 04:21:37.186 [http-nio-8081-exec-6] INFO  UserDetailsServiceImpl - User found: kaderbalikci
2025-01-20 04:21:37.186 [http-nio-8081-exec-6] DEBUG UserDetailsServiceImpl - Mapping role ADMIN to authority ROLE_ADMIN
2025-01-20 04:21:37.187 [http-nio-8081-exec-6] DEBUG UserDetailsServiceImpl - Mapping role SECRETARY to authority ROLE_SECRETARY
2025-01-20 04:21:37.187 [http-nio-8081-exec-6] DEBUG UserDetailsServiceImpl - Mapping role TECHNICIAN to authority ROLE_TECHNICIAN
2025-01-20 04:21:37.187 [http-nio-8081-exec-6] INFO  UserDetailsServiceImpl - User authorities: [ROLE_SECRETARY, ROLE_ADMIN, ROLE_TECHNICIAN]
2025-01-20 04:21:37.189 [http-nio-8081-exec-6] TRACE UserDetailsServiceImpl - Exiting loadUserByUsername method in UserDetailsServiceImpl with username: kaderbalikci
2025-01-20 04:21:37.268 [http-nio-8081-exec-6] INFO  UserServiceImpl - User authenticated successfully: kaderbalikci
2025-01-20 04:21:37.268 [http-nio-8081-exec-6] TRACE UserServiceImpl - Entering getRolesAsString method in UserServiceImpl
2025-01-20 04:21:37.268 [http-nio-8081-exec-6] TRACE UserServiceImpl - Exiting getRolesAsString method in UserServiceImpl
2025-01-20 04:21:37.269 [http-nio-8081-exec-6] TRACE JwtServiceImpl - Entering generateAccessToken method in JwtUtils class with username: kaderbalikci
2025-01-20 04:21:37.278 [http-nio-8081-exec-6] TRACE JwtServiceImpl - Entering buildToken method in JwtUtils class with claims and expiration: 3600000
2025-01-20 04:21:37.281 [http-nio-8081-exec-6] TRACE JwtServiceImpl - Entering getSignInKey method in JwtUtils class
2025-01-20 04:21:37.281 [http-nio-8081-exec-6] TRACE JwtServiceImpl - Exiting getSignInKey method in JwtUtils class with key
2025-01-20 04:21:37.302 [http-nio-8081-exec-6] TRACE JwtServiceImpl - Exiting buildToken method in JwtUtils class with token: eyJhbGciOiJIUzM4NCJ9.eyJzdWIiOiJrYWRlcmJhbGlrY2kiLCJyb2xlcyI6WyJBRE1JTiIsIlNFQ1JFVEFSWSIsIlRFQ0hOSUNJQU4iXSwiaWF0IjoxNzM3MzM2MDk3LCJleHAiOjE3MzczMzk2OTd9.beLYbDm1AW4OcSMCc9zGqHha4AURQKe0nQm4lQVp46Ojmss79PwRNk93sQioe0fF
2025-01-20 04:21:37.302 [http-nio-8081-exec-6] TRACE JwtServiceImpl - Exiting generateAccessToken method in JwtUtils class with accessToken: eyJhbGciOiJIUzM4NCJ9.eyJzdWIiOiJrYWRlcmJhbGlrY2kiLCJyb2xlcyI6WyJBRE1JTiIsIlNFQ1JFVEFSWSIsIlRFQ0hOSUNJQU4iXSwiaWF0IjoxNzM3MzM2MDk3LCJleHAiOjE3MzczMzk2OTd9.beLYbDm1AW4OcSMCc9zGqHha4AURQKe0nQm4lQVp46Ojmss79PwRNk93sQioe0fF
2025-01-20 04:21:37.302 [http-nio-8081-exec-6] TRACE JwtServiceImpl - Entering generateRefreshToken method in JwtUtils class with username: kaderbalikci
2025-01-20 04:21:37.302 [http-nio-8081-exec-6] TRACE JwtServiceImpl - Entering buildToken method in JwtUtils class with claims and expiration: 86400000
2025-01-20 04:21:37.302 [http-nio-8081-exec-6] TRACE JwtServiceImpl - Entering getSignInKey method in JwtUtils class
2025-01-20 04:21:37.302 [http-nio-8081-exec-6] TRACE JwtServiceImpl - Exiting getSignInKey method in JwtUtils class with key
2025-01-20 04:21:37.302 [http-nio-8081-exec-6] TRACE JwtServiceImpl - Exiting buildToken method in JwtUtils class with token: eyJhbGciOiJIUzM4NCJ9.eyJzdWIiOiJrYWRlcmJhbGlrY2kiLCJpYXQiOjE3MzczMzYwOTcsImV4cCI6MTczNzQyMjQ5N30.aPVoyOdMXjSaCxscdtQ6sNqaBhr1Z_yXaunHzDh32XwEQtnEf7F9idfyV9T8vGMl
2025-01-20 04:21:37.303 [http-nio-8081-exec-6] TRACE JwtServiceImpl - Exiting generateRefreshToken method in JwtUtils class with refreshToken: eyJhbGciOiJIUzM4NCJ9.eyJzdWIiOiJrYWRlcmJhbGlrY2kiLCJpYXQiOjE3MzczMzYwOTcsImV4cCI6MTczNzQyMjQ5N30.aPVoyOdMXjSaCxscdtQ6sNqaBhr1Z_yXaunHzDh32XwEQtnEf7F9idfyV9T8vGMl
2025-01-20 04:21:37.303 [http-nio-8081-exec-6] TRACE UserServiceImpl - Entering revokeAllTokensByUser method in UserServiceImpl
2025-01-20 04:21:37.303 [http-nio-8081-exec-6] DEBUG UserServiceImpl - Revoking all tokens for user ID: 5
2025-01-20 04:21:37.446 [http-nio-8081-exec-6] INFO  UserServiceImpl - Token revoked for user ID: 5
2025-01-20 04:21:37.586 [http-nio-8081-exec-6] TRACE UserServiceImpl - Exiting revokeAllTokensByUser method in UserServiceImpl
2025-01-20 04:21:37.586 [http-nio-8081-exec-6] TRACE UserServiceImpl - Entering saveUserToken method in UserServiceImpl
2025-01-20 04:21:37.586 [http-nio-8081-exec-6] DEBUG UserServiceImpl - Saving token for user: kaderbalikci
2025-01-20 04:21:37.596 [http-nio-8081-exec-6] INFO  UserServiceImpl - Token saved in Redis for user: kaderbalikci
2025-01-20 04:21:37.596 [http-nio-8081-exec-6] TRACE UserServiceImpl - Exiting saveUserToken method in UserServiceImpl
2025-01-20 04:21:37.596 [http-nio-8081-exec-6] TRACE UserServiceImpl - Exiting login method in UserServiceImpl
2025-01-20 04:21:37.632 [http-nio-8081-exec-6] TRACE UserController - Exiting login method in UserController
2025-01-20 04:21:39.025 [AsyncReporter{ZipkinWebClientSender{http://localhost:9411/api/v2/spans}}] WARN  AsyncReporter$BoundedAsyncReporter - Spans were dropped due to exceptions. All subsequent errors will be logged at FINE level.
2025-01-20 04:21:39.025 [AsyncReporter{ZipkinWebClientSender{http://localhost:9411/api/v2/spans}}] WARN  AsyncReporter$BoundedAsyncReporter - Dropped 2 spans due to WebClientRequestException(Connection refused: no further information: localhost/127.0.0.1:9411)
org.springframework.web.reactive.function.client.WebClientRequestException: Connection refused: no further information: localhost/127.0.0.1:9411
	at org.springframework.web.reactive.function.client.ExchangeFunctions$DefaultExchangeFunction.lambda$wrapException$9(ExchangeFunctions.java:136) ~[spring-webflux-6.1.12.jar:6.1.12]
	Suppressed: reactor.core.publisher.FluxOnAssembly$OnAssemblyException: 
Error has been observed at the following site(s):
	*__checkpoint ⇢ Request to POST http://localhost:9411/api/v2/spans [DefaultWebClient]
Original Stack Trace:
		at org.springframework.web.reactive.function.client.ExchangeFunctions$DefaultExchangeFunction.lambda$wrapException$9(ExchangeFunctions.java:136) ~[spring-webflux-6.1.12.jar:6.1.12]
		at reactor.core.publisher.MonoErrorSupplied.subscribe(MonoErrorSupplied.java:55) ~[reactor-core-3.6.9.jar:3.6.9]
		at reactor.core.publisher.Mono.subscribe(Mono.java:4576) ~[reactor-core-3.6.9.jar:3.6.9]
		at reactor.core.publisher.FluxOnErrorResume$ResumeSubscriber.onError(FluxOnErrorResume.java:103) ~[reactor-core-3.6.9.jar:3.6.9]
		at reactor.core.publisher.FluxPeek$PeekSubscriber.onError(FluxPeek.java:222) ~[reactor-core-3.6.9.jar:3.6.9]
		at reactor.core.publisher.FluxPeek$PeekSubscriber.onError(FluxPeek.java:222) ~[reactor-core-3.6.9.jar:3.6.9]
		at reactor.core.publisher.FluxPeek$PeekSubscriber.onError(FluxPeek.java:222) ~[reactor-core-3.6.9.jar:3.6.9]
		at reactor.core.publisher.MonoNext$NextSubscriber.onError(MonoNext.java:93) ~[reactor-core-3.6.9.jar:3.6.9]
		at reactor.core.publisher.MonoFlatMapMany$FlatMapManyMain.onError(MonoFlatMapMany.java:205) ~[reactor-core-3.6.9.jar:3.6.9]
		at reactor.core.publisher.SerializedSubscriber.onError(SerializedSubscriber.java:124) ~[reactor-core-3.6.9.jar:3.6.9]
		at reactor.core.publisher.FluxRetryWhen$RetryWhenMainSubscriber.whenError(FluxRetryWhen.java:229) ~[reactor-core-3.6.9.jar:3.6.9]
		at reactor.core.publisher.FluxRetryWhen$RetryWhenOtherSubscriber.onError(FluxRetryWhen.java:279) ~[reactor-core-3.6.9.jar:3.6.9]
		at reactor.core.publisher.FluxContextWrite$ContextWriteSubscriber.onError(FluxContextWrite.java:121) ~[reactor-core-3.6.9.jar:3.6.9]
		at reactor.core.publisher.FluxConcatMapNoPrefetch$FluxConcatMapNoPrefetchSubscriber.maybeOnError(FluxConcatMapNoPrefetch.java:327) ~[reactor-core-3.6.9.jar:3.6.9]
		at reactor.core.publisher.FluxConcatMapNoPrefetch$FluxConcatMapNoPrefetchSubscriber.onNext(FluxConcatMapNoPrefetch.java:212) ~[reactor-core-3.6.9.jar:3.6.9]
		at reactor.core.publisher.FluxContextWrite$ContextWriteSubscriber.onNext(FluxContextWrite.java:107) ~[reactor-core-3.6.9.jar:3.6.9]
		at reactor.core.publisher.SinkManyEmitterProcessor.drain(SinkManyEmitterProcessor.java:476) ~[reactor-core-3.6.9.jar:3.6.9]
		at reactor.core.publisher.SinkManyEmitterProcessor$EmitterInner.drainParent(SinkManyEmitterProcessor.java:620) ~[reactor-core-3.6.9.jar:3.6.9]
		at reactor.core.publisher.FluxPublish$PubSubInner.request(FluxPublish.java:874) ~[reactor-core-3.6.9.jar:3.6.9]
		at reactor.core.publisher.FluxContextWrite$ContextWriteSubscriber.request(FluxContextWrite.java:136) ~[reactor-core-3.6.9.jar:3.6.9]
		at reactor.core.publisher.FluxConcatMapNoPrefetch$FluxConcatMapNoPrefetchSubscriber.request(FluxConcatMapNoPrefetch.java:337) ~[reactor-core-3.6.9.jar:3.6.9]
		at reactor.core.publisher.FluxContextWrite$ContextWriteSubscriber.request(FluxContextWrite.java:136) ~[reactor-core-3.6.9.jar:3.6.9]
		at reactor.core.publisher.Operators$DeferredSubscription.request(Operators.java:1743) ~[reactor-core-3.6.9.jar:3.6.9]
		at reactor.core.publisher.FluxRetryWhen$RetryWhenMainSubscriber.onError(FluxRetryWhen.java:196) ~[reactor-core-3.6.9.jar:3.6.9]
		at reactor.core.publisher.MonoCreate$DefaultMonoSink.error(MonoCreate.java:205) ~[reactor-core-3.6.9.jar:3.6.9]
		at reactor.netty.http.client.HttpClientConnect$MonoHttpConnect$ClientTransportSubscriber.onError(HttpClientConnect.java:311) ~[reactor-netty-http-1.1.22.jar:1.1.22]
		at reactor.core.publisher.MonoCreate$DefaultMonoSink.error(MonoCreate.java:205) ~[reactor-core-3.6.9.jar:3.6.9]
		at reactor.netty.resources.DefaultPooledConnectionProvider$DisposableAcquire.onError(DefaultPooledConnectionProvider.java:172) ~[reactor-netty-core-1.1.22.jar:1.1.22]
		at reactor.netty.internal.shaded.reactor.pool.AbstractPool$Borrower.fail(AbstractPool.java:480) ~[reactor-netty-core-1.1.22.jar:1.1.22]
		at reactor.netty.internal.shaded.reactor.pool.SimpleDequePool.lambda$drainLoop$9(SimpleDequePool.java:436) ~[reactor-netty-core-1.1.22.jar:1.1.22]
		at reactor.core.publisher.FluxDoOnEach$DoOnEachSubscriber.onError(FluxDoOnEach.java:186) ~[reactor-core-3.6.9.jar:3.6.9]
		at reactor.core.publisher.MonoCreate$DefaultMonoSink.error(MonoCreate.java:205) ~[reactor-core-3.6.9.jar:3.6.9]
		at reactor.netty.resources.DefaultPooledConnectionProvider$PooledConnectionAllocator$PooledConnectionInitializer.onError(DefaultPooledConnectionProvider.java:583) ~[reactor-netty-core-1.1.22.jar:1.1.22]
		at reactor.core.publisher.MonoFlatMap$FlatMapMain.secondError(MonoFlatMap.java:241) ~[reactor-core-3.6.9.jar:3.6.9]
		at reactor.core.publisher.MonoFlatMap$FlatMapInner.onError(MonoFlatMap.java:315) ~[reactor-core-3.6.9.jar:3.6.9]
		at reactor.core.publisher.FluxOnErrorResume$ResumeSubscriber.onError(FluxOnErrorResume.java:106) ~[reactor-core-3.6.9.jar:3.6.9]
		at reactor.core.publisher.Operators.error(Operators.java:198) ~[reactor-core-3.6.9.jar:3.6.9]
		at reactor.core.publisher.MonoError.subscribe(MonoError.java:53) ~[reactor-core-3.6.9.jar:3.6.9]
		at reactor.core.publisher.Mono.subscribe(Mono.java:4576) ~[reactor-core-3.6.9.jar:3.6.9]
		at reactor.core.publisher.FluxOnErrorResume$ResumeSubscriber.onError(FluxOnErrorResume.java:103) ~[reactor-core-3.6.9.jar:3.6.9]
		at reactor.netty.transport.TransportConnector$MonoChannelPromise.tryFailure(TransportConnector.java:576) ~[reactor-netty-core-1.1.22.jar:1.1.22]
		at reactor.netty.transport.TransportConnector$MonoChannelPromise.setFailure(TransportConnector.java:522) ~[reactor-netty-core-1.1.22.jar:1.1.22]
		at reactor.netty.transport.TransportConnector.lambda$doConnect$7(TransportConnector.java:261) ~[reactor-netty-core-1.1.22.jar:1.1.22]
		at io.netty.util.concurrent.DefaultPromise.notifyListener0(DefaultPromise.java:590) ~[netty-common-4.1.112.Final.jar:4.1.112.Final]
		at io.netty.util.concurrent.DefaultPromise.notifyListeners0(DefaultPromise.java:583) ~[netty-common-4.1.112.Final.jar:4.1.112.Final]
		at io.netty.util.concurrent.DefaultPromise.notifyListenersNow(DefaultPromise.java:559) ~[netty-common-4.1.112.Final.jar:4.1.112.Final]
		at io.netty.util.concurrent.DefaultPromise.notifyListeners(DefaultPromise.java:492) ~[netty-common-4.1.112.Final.jar:4.1.112.Final]
		at io.netty.util.concurrent.DefaultPromise.setValue0(DefaultPromise.java:636) ~[netty-common-4.1.112.Final.jar:4.1.112.Final]
		at io.netty.util.concurrent.DefaultPromise.setFailure0(DefaultPromise.java:629) ~[netty-common-4.1.112.Final.jar:4.1.112.Final]
		at io.netty.util.concurrent.DefaultPromise.tryFailure(DefaultPromise.java:118) ~[netty-common-4.1.112.Final.jar:4.1.112.Final]
		at io.netty.channel.nio.AbstractNioChannel$AbstractNioUnsafe.fulfillConnectPromise(AbstractNioChannel.java:326) ~[netty-transport-4.1.112.Final.jar:4.1.112.Final]
		at io.netty.channel.nio.AbstractNioChannel$AbstractNioUnsafe.finishConnect(AbstractNioChannel.java:342) ~[netty-transport-4.1.112.Final.jar:4.1.112.Final]
		at io.netty.channel.nio.NioEventLoop.processSelectedKey(NioEventLoop.java:776) ~[netty-transport-4.1.112.Final.jar:4.1.112.Final]
		at io.netty.channel.nio.NioEventLoop.processSelectedKeysOptimized(NioEventLoop.java:724) ~[netty-transport-4.1.112.Final.jar:4.1.112.Final]
		at io.netty.channel.nio.NioEventLoop.processSelectedKeys(NioEventLoop.java:650) ~[netty-transport-4.1.112.Final.jar:4.1.112.Final]
		at io.netty.channel.nio.NioEventLoop.run(NioEventLoop.java:562) ~[netty-transport-4.1.112.Final.jar:4.1.112.Final]
		at io.netty.util.concurrent.SingleThreadEventExecutor$4.run(SingleThreadEventExecutor.java:994) ~[netty-common-4.1.112.Final.jar:4.1.112.Final]
		at io.netty.util.internal.ThreadExecutorMap$2.run(ThreadExecutorMap.java:74) ~[netty-common-4.1.112.Final.jar:4.1.112.Final]
		at io.netty.util.concurrent.FastThreadLocalRunnable.run(FastThreadLocalRunnable.java:30) ~[netty-common-4.1.112.Final.jar:4.1.112.Final]
		at java.base/java.lang.Thread.run(Thread.java:842) [?:?]
	Suppressed: java.lang.Exception: #block terminated with an error
		at reactor.core.publisher.BlockingSingleSubscriber.blockingGet(BlockingSingleSubscriber.java:104) ~[reactor-core-3.6.9.jar:3.6.9]
		at reactor.core.publisher.Mono.block(Mono.java:1779) ~[reactor-core-3.6.9.jar:3.6.9]
		at org.springframework.boot.actuate.autoconfigure.tracing.zipkin.ZipkinWebClientSender.postSpans(ZipkinWebClientSender.java:58) ~[spring-boot-actuator-autoconfigure-3.3.3.jar:3.3.3]
		at org.springframework.boot.actuate.autoconfigure.tracing.zipkin.HttpSender.postSpans(HttpSender.java:68) ~[spring-boot-actuator-autoconfigure-3.3.3.jar:3.3.3]
		at org.springframework.boot.actuate.autoconfigure.tracing.zipkin.HttpSender.postSpans(HttpSender.java:40) ~[spring-boot-actuator-autoconfigure-3.3.3.jar:3.3.3]
		at zipkin2.reporter.BaseHttpSender.send(BaseHttpSender.java:123) ~[zipkin-reporter-3.4.0.jar:?]
		at zipkin2.reporter.internal.AsyncReporter$BoundedAsyncReporter.flush(AsyncReporter.java:266) [zipkin-reporter-3.4.0.jar:?]
		at zipkin2.reporter.internal.AsyncReporter$Flusher.run(AsyncReporter.java:352) [zipkin-reporter-3.4.0.jar:?]
		at java.base/java.lang.Thread.run(Thread.java:842) [?:?]
Caused by: io.netty.channel.AbstractChannel$AnnotatedConnectException: Connection refused: no further information: localhost/127.0.0.1:9411
Caused by: java.net.ConnectException: Connection refused: no further information
	at java.base/sun.nio.ch.Net.pollConnect(Native Method) ~[?:?]
	at java.base/sun.nio.ch.Net.pollConnectNow(Net.java:672) ~[?:?]
	at java.base/sun.nio.ch.SocketChannelImpl.finishConnect(SocketChannelImpl.java:946) ~[?:?]
	at io.netty.channel.socket.nio.NioSocketChannel.doFinishConnect(NioSocketChannel.java:336) ~[netty-transport-4.1.112.Final.jar:4.1.112.Final]
	at io.netty.channel.nio.AbstractNioChannel$AbstractNioUnsafe.finishConnect(AbstractNioChannel.java:339) ~[netty-transport-4.1.112.Final.jar:4.1.112.Final]
	at io.netty.channel.nio.NioEventLoop.processSelectedKey(NioEventLoop.java:776) ~[netty-transport-4.1.112.Final.jar:4.1.112.Final]
	at io.netty.channel.nio.NioEventLoop.processSelectedKeysOptimized(NioEventLoop.java:724) ~[netty-transport-4.1.112.Final.jar:4.1.112.Final]
	at io.netty.channel.nio.NioEventLoop.processSelectedKeys(NioEventLoop.java:650) ~[netty-transport-4.1.112.Final.jar:4.1.112.Final]
	at io.netty.channel.nio.NioEventLoop.run(NioEventLoop.java:562) ~[netty-transport-4.1.112.Final.jar:4.1.112.Final]
	at io.netty.util.concurrent.SingleThreadEventExecutor$4.run(SingleThreadEventExecutor.java:994) ~[netty-common-4.1.112.Final.jar:4.1.112.Final]
	at io.netty.util.internal.ThreadExecutorMap$2.run(ThreadExecutorMap.java:74) ~[netty-common-4.1.112.Final.jar:4.1.112.Final]
	at io.netty.util.concurrent.FastThreadLocalRunnable.run(FastThreadLocalRunnable.java:30) ~[netty-common-4.1.112.Final.jar:4.1.112.Final]
	at java.base/java.lang.Thread.run(Thread.java:842) [?:?]
2025-01-20 04:26:12.000 [AsyncResolver-bootstrap-executor-0] INFO  ConfigClusterResolver - Resolving eureka endpoints via configuration
2025-01-20 04:31:12.098 [AsyncResolver-bootstrap-executor-0] INFO  ConfigClusterResolver - Resolving eureka endpoints via configuration
2025-01-20 04:36:12.127 [AsyncResolver-bootstrap-executor-0] INFO  ConfigClusterResolver - Resolving eureka endpoints via configuration
2025-01-20 04:41:12.135 [AsyncResolver-bootstrap-executor-0] INFO  ConfigClusterResolver - Resolving eureka endpoints via configuration
2025-01-20 04:46:12.160 [AsyncResolver-bootstrap-executor-0] INFO  ConfigClusterResolver - Resolving eureka endpoints via configuration
2025-01-20 04:47:41.754 [SpringApplicationShutdownHook] INFO  EurekaServiceRegistry - Unregistering application AUTH-SERVICE with eureka with status DOWN
2025-01-20 04:47:41.777 [SpringApplicationShutdownHook] INFO  DiscoveryClient - Saw local status change event StatusChangeEvent [timestamp=1737337661770, current=DOWN, previous=UP]
2025-01-20 04:47:41.794 [DiscoveryClient-InstanceInfoReplicator-0] INFO  DiscoveryClient - DiscoveryClient_AUTH-SERVICE/asaf:auth-service:8081: registering service...
2025-01-20 04:47:41.994 [DiscoveryClient-InstanceInfoReplicator-0] INFO  DiscoveryClient - DiscoveryClient_AUTH-SERVICE/asaf:auth-service:8081 - registration status: 204
2025-01-20 04:47:44.094 [org.springframework.amqp.rabbit.RabbitListenerEndpointContainer#0-2] INFO  SimpleMessageListenerContainer - Waiting for workers to finish.
2025-01-20 04:47:44.104 [org.springframework.amqp.rabbit.RabbitListenerEndpointContainer#1-2] INFO  SimpleMessageListenerContainer - Waiting for workers to finish.
2025-01-20 04:47:44.110 [org.springframework.amqp.rabbit.RabbitListenerEndpointContainer#2-2] INFO  SimpleMessageListenerContainer - Waiting for workers to finish.
2025-01-20 04:47:44.125 [org.springframework.amqp.rabbit.RabbitListenerEndpointContainer#3-2] INFO  SimpleMessageListenerContainer - Waiting for workers to finish.
2025-01-20 04:47:44.132 [org.springframework.amqp.rabbit.RabbitListenerEndpointContainer#4-2] INFO  SimpleMessageListenerContainer - Waiting for workers to finish.
2025-01-20 04:47:44.135 [org.springframework.amqp.rabbit.RabbitListenerEndpointContainer#5-2] INFO  SimpleMessageListenerContainer - Waiting for workers to finish.
2025-01-20 04:47:44.175 [org.springframework.amqp.rabbit.RabbitListenerEndpointContainer#4-2] INFO  SimpleMessageListenerContainer - Successfully waited for workers to finish.
2025-01-20 04:47:44.209 [org.springframework.amqp.rabbit.RabbitListenerEndpointContainer#3-2] INFO  SimpleMessageListenerContainer - Successfully waited for workers to finish.
2025-01-20 04:47:44.211 [org.springframework.amqp.rabbit.RabbitListenerEndpointContainer#5-2] INFO  SimpleMessageListenerContainer - Successfully waited for workers to finish.
2025-01-20 04:47:44.211 [org.springframework.amqp.rabbit.RabbitListenerEndpointContainer#1-2] INFO  SimpleMessageListenerContainer - Successfully waited for workers to finish.
2025-01-20 04:47:44.211 [org.springframework.amqp.rabbit.RabbitListenerEndpointContainer#0-2] INFO  SimpleMessageListenerContainer - Successfully waited for workers to finish.
2025-01-20 04:47:44.942 [org.springframework.amqp.rabbit.RabbitListenerEndpointContainer#2-2] INFO  SimpleMessageListenerContainer - Successfully waited for workers to finish.
2025-01-20 04:47:49.491 [SpringApplicationShutdownHook] TRACE UserServiceImpl - Shutting down JedisPool
2025-01-20 04:47:49.522 [SpringApplicationShutdownHook] INFO  LocalContainerEntityManagerFactoryBean - Closing JPA EntityManagerFactory for persistence unit 'default'
2025-01-20 04:47:49.582 [SpringApplicationShutdownHook] INFO  HikariDataSource - HikariPool-1 - Shutdown initiated...
2025-01-20 04:47:49.623 [SpringApplicationShutdownHook] INFO  HikariDataSource - HikariPool-1 - Shutdown completed.
2025-01-20 04:47:50.242 [SpringApplicationShutdownHook] INFO  DiscoveryClient - Shutting down DiscoveryClient ...
2025-01-20 04:47:50.591 [DiscoveryClient-CacheRefreshExecutor-0] INFO  RedirectingEurekaHttpClient - Request execution error. endpoint=DefaultEndpoint{ serviceUrl='http://localhost:8761/eureka/} exception=Connection pool shut down stacktrace=java.lang.IllegalStateException: Connection pool shut down
	at org.apache.hc.core5.util.Asserts.check(Asserts.java:38)
	at org.apache.hc.core5.pool.StrictConnPool.lease(StrictConnPool.java:176)
	at org.apache.hc.client5.http.impl.io.PoolingHttpClientConnectionManager.lease(PoolingHttpClientConnectionManager.java:297)
	at org.apache.hc.client5.http.impl.classic.InternalExecRuntime.acquireEndpoint(InternalExecRuntime.java:103)
	at org.apache.hc.client5.http.impl.classic.ConnectExec.execute(ConnectExec.java:125)
	at org.apache.hc.client5.http.impl.classic.ExecChainElement.execute(ExecChainElement.java:51)
	at org.apache.hc.client5.http.impl.classic.ProtocolExec.execute(ProtocolExec.java:192)
	at org.apache.hc.client5.http.impl.classic.ExecChainElement.execute(ExecChainElement.java:51)
	at org.apache.hc.client5.http.impl.classic.HttpRequestRetryExec.execute(HttpRequestRetryExec.java:113)
	at org.apache.hc.client5.http.impl.classic.ExecChainElement.execute(ExecChainElement.java:51)
	at org.apache.hc.client5.http.impl.classic.ContentCompressionExec.execute(ContentCompressionExec.java:152)
	at org.apache.hc.client5.http.impl.classic.ExecChainElement.execute(ExecChainElement.java:51)
	at org.apache.hc.client5.http.impl.classic.RedirectExec.execute(RedirectExec.java:116)
	at org.apache.hc.client5.http.impl.classic.ExecChainElement.execute(ExecChainElement.java:51)
	at org.apache.hc.client5.http.impl.classic.InternalHttpClient.doExecute(InternalHttpClient.java:170)
	at org.apache.hc.client5.http.impl.classic.CloseableHttpClient.execute(CloseableHttpClient.java:87)
	at org.apache.hc.client5.http.impl.classic.CloseableHttpClient.execute(CloseableHttpClient.java:55)
	at org.apache.hc.client5.http.classic.HttpClient.executeOpen(HttpClient.java:183)
	at org.springframework.http.client.HttpComponentsClientHttpRequest.executeInternal(HttpComponentsClientHttpRequest.java:99)
	at org.springframework.http.client.AbstractStreamingClientHttpRequest.executeInternal(AbstractStreamingClientHttpRequest.java:70)
	at org.springframework.http.client.AbstractClientHttpRequest.execute(AbstractClientHttpRequest.java:66)
	at org.springframework.http.client.InterceptingClientHttpRequest$InterceptingRequestExecution.execute(InterceptingClientHttpRequest.java:112)
	at org.springframework.cloud.netflix.eureka.http.RestTemplateTransportClientFactory.lambda$restTemplate$0(RestTemplateTransportClientFactory.java:143)
	at org.springframework.http.client.InterceptingClientHttpRequest$InterceptingRequestExecution.execute(InterceptingClientHttpRequest.java:88)
	at org.springframework.http.client.InterceptingClientHttpRequest.executeInternal(InterceptingClientHttpRequest.java:72)
	at org.springframework.http.client.AbstractBufferingClientHttpRequest.executeInternal(AbstractBufferingClientHttpRequest.java:48)
	at org.springframework.http.client.AbstractClientHttpRequest.execute(AbstractClientHttpRequest.java:66)
	at org.springframework.web.client.RestTemplate.doExecute(RestTemplate.java:889)
	at org.springframework.web.client.RestTemplate.execute(RestTemplate.java:790)
	at org.springframework.web.client.RestTemplate.exchange(RestTemplate.java:672)
	at org.springframework.cloud.netflix.eureka.http.RestTemplateEurekaHttpClient.getApplicationsInternal(RestTemplateEurekaHttpClient.java:145)
	at org.springframework.cloud.netflix.eureka.http.RestTemplateEurekaHttpClient.getDelta(RestTemplateEurekaHttpClient.java:155)
	at com.netflix.discovery.shared.transport.decorator.EurekaHttpClientDecorator$7.execute(EurekaHttpClientDecorator.java:152)
	at com.netflix.discovery.shared.transport.decorator.RedirectingEurekaHttpClient.execute(RedirectingEurekaHttpClient.java:91)
	at com.netflix.discovery.shared.transport.decorator.EurekaHttpClientDecorator.getDelta(EurekaHttpClientDecorator.java:149)
	at com.netflix.discovery.shared.transport.decorator.EurekaHttpClientDecorator$7.execute(EurekaHttpClientDecorator.java:152)
	at com.netflix.discovery.shared.transport.decorator.RetryableEurekaHttpClient.execute(RetryableEurekaHttpClient.java:120)
	at com.netflix.discovery.shared.transport.decorator.EurekaHttpClientDecorator.getDelta(EurekaHttpClientDecorator.java:149)
	at com.netflix.discovery.shared.transport.decorator.EurekaHttpClientDecorator$7.execute(EurekaHttpClientDecorator.java:152)
	at com.netflix.discovery.shared.transport.decorator.SessionedEurekaHttpClient.execute(SessionedEurekaHttpClient.java:77)
	at com.netflix.discovery.shared.transport.decorator.EurekaHttpClientDecorator.getDelta(EurekaHttpClientDecorator.java:149)
	at com.netflix.discovery.DiscoveryClient.getAndUpdateDelta(DiscoveryClient.java:1079)
	at com.netflix.discovery.DiscoveryClient.fetchRegistry(DiscoveryClient.java:960)
	at com.netflix.discovery.DiscoveryClient.refreshRegistry(DiscoveryClient.java:1475)
	at com.netflix.discovery.DiscoveryClient$CacheRefreshThread.run(DiscoveryClient.java:1442)
	at java.base/java.util.concurrent.Executors$RunnableAdapter.call(Executors.java:539)
	at java.base/java.util.concurrent.FutureTask.run(FutureTask.java:264)
	at java.base/java.util.concurrent.ThreadPoolExecutor.runWorker(ThreadPoolExecutor.java:1136)
	at java.base/java.util.concurrent.ThreadPoolExecutor$Worker.run(ThreadPoolExecutor.java:635)
	at java.base/java.lang.Thread.run(Thread.java:842)

2025-01-20 04:47:50.594 [DiscoveryClient-CacheRefreshExecutor-0] WARN  RetryableEurekaHttpClient - Request execution failed with message: Connection pool shut down
2025-01-20 04:47:50.615 [DiscoveryClient-CacheRefreshExecutor-0] INFO  RedirectingEurekaHttpClient - Request execution error. endpoint=DefaultEndpoint{ serviceUrl='http://localhost:8761/eureka/}, exception=Connection pool shut down stacktrace=java.lang.IllegalStateException: Connection pool shut down
	at org.apache.hc.core5.util.Asserts.check(Asserts.java:38)
	at org.apache.hc.core5.pool.StrictConnPool.lease(StrictConnPool.java:176)
	at org.apache.hc.client5.http.impl.io.PoolingHttpClientConnectionManager.lease(PoolingHttpClientConnectionManager.java:297)
	at org.apache.hc.client5.http.impl.classic.InternalExecRuntime.acquireEndpoint(InternalExecRuntime.java:103)
	at org.apache.hc.client5.http.impl.classic.ConnectExec.execute(ConnectExec.java:125)
	at org.apache.hc.client5.http.impl.classic.ExecChainElement.execute(ExecChainElement.java:51)
	at org.apache.hc.client5.http.impl.classic.ProtocolExec.execute(ProtocolExec.java:192)
	at org.apache.hc.client5.http.impl.classic.ExecChainElement.execute(ExecChainElement.java:51)
	at org.apache.hc.client5.http.impl.classic.HttpRequestRetryExec.execute(HttpRequestRetryExec.java:113)
	at org.apache.hc.client5.http.impl.classic.ExecChainElement.execute(ExecChainElement.java:51)
	at org.apache.hc.client5.http.impl.classic.ContentCompressionExec.execute(ContentCompressionExec.java:152)
	at org.apache.hc.client5.http.impl.classic.ExecChainElement.execute(ExecChainElement.java:51)
	at org.apache.hc.client5.http.impl.classic.RedirectExec.execute(RedirectExec.java:116)
	at org.apache.hc.client5.http.impl.classic.ExecChainElement.execute(ExecChainElement.java:51)
	at org.apache.hc.client5.http.impl.classic.InternalHttpClient.doExecute(InternalHttpClient.java:170)
	at org.apache.hc.client5.http.impl.classic.CloseableHttpClient.execute(CloseableHttpClient.java:87)
	at org.apache.hc.client5.http.impl.classic.CloseableHttpClient.execute(CloseableHttpClient.java:55)
	at org.apache.hc.client5.http.classic.HttpClient.executeOpen(HttpClient.java:183)
	at org.springframework.http.client.HttpComponentsClientHttpRequest.executeInternal(HttpComponentsClientHttpRequest.java:99)
	at org.springframework.http.client.AbstractStreamingClientHttpRequest.executeInternal(AbstractStreamingClientHttpRequest.java:70)
	at org.springframework.http.client.AbstractClientHttpRequest.execute(AbstractClientHttpRequest.java:66)
	at org.springframework.http.client.InterceptingClientHttpRequest$InterceptingRequestExecution.execute(InterceptingClientHttpRequest.java:112)
	at org.springframework.cloud.netflix.eureka.http.RestTemplateTransportClientFactory.lambda$restTemplate$0(RestTemplateTransportClientFactory.java:143)
	at org.springframework.http.client.InterceptingClientHttpRequest$InterceptingRequestExecution.execute(InterceptingClientHttpRequest.java:88)
	at org.springframework.http.client.InterceptingClientHttpRequest.executeInternal(InterceptingClientHttpRequest.java:72)
	at org.springframework.http.client.AbstractBufferingClientHttpRequest.executeInternal(AbstractBufferingClientHttpRequest.java:48)
	at org.springframework.http.client.AbstractClientHttpRequest.execute(AbstractClientHttpRequest.java:66)
	at org.springframework.web.client.RestTemplate.doExecute(RestTemplate.java:889)
	at org.springframework.web.client.RestTemplate.execute(RestTemplate.java:790)
	at org.springframework.web.client.RestTemplate.exchange(RestTemplate.java:672)
	at org.springframework.cloud.netflix.eureka.http.RestTemplateEurekaHttpClient.getApplicationsInternal(RestTemplateEurekaHttpClient.java:145)
	at org.springframework.cloud.netflix.eureka.http.RestTemplateEurekaHttpClient.getDelta(RestTemplateEurekaHttpClient.java:155)
	at com.netflix.discovery.shared.transport.decorator.EurekaHttpClientDecorator$7.execute(EurekaHttpClientDecorator.java:152)
	at com.netflix.discovery.shared.transport.decorator.RedirectingEurekaHttpClient.executeOnNewServer(RedirectingEurekaHttpClient.java:121)
	at com.netflix.discovery.shared.transport.decorator.RedirectingEurekaHttpClient.execute(RedirectingEurekaHttpClient.java:80)
	at com.netflix.discovery.shared.transport.decorator.EurekaHttpClientDecorator.getDelta(EurekaHttpClientDecorator.java:149)
	at com.netflix.discovery.shared.transport.decorator.EurekaHttpClientDecorator$7.execute(EurekaHttpClientDecorator.java:152)
	at com.netflix.discovery.shared.transport.decorator.RetryableEurekaHttpClient.execute(RetryableEurekaHttpClient.java:120)
	at com.netflix.discovery.shared.transport.decorator.EurekaHttpClientDecorator.getDelta(EurekaHttpClientDecorator.java:149)
	at com.netflix.discovery.shared.transport.decorator.EurekaHttpClientDecorator$7.execute(EurekaHttpClientDecorator.java:152)
	at com.netflix.discovery.shared.transport.decorator.SessionedEurekaHttpClient.execute(SessionedEurekaHttpClient.java:77)
	at com.netflix.discovery.shared.transport.decorator.EurekaHttpClientDecorator.getDelta(EurekaHttpClientDecorator.java:149)
	at com.netflix.discovery.DiscoveryClient.getAndUpdateDelta(DiscoveryClient.java:1079)
	at com.netflix.discovery.DiscoveryClient.fetchRegistry(DiscoveryClient.java:960)
	at com.netflix.discovery.DiscoveryClient.refreshRegistry(DiscoveryClient.java:1475)
	at com.netflix.discovery.DiscoveryClient$CacheRefreshThread.run(DiscoveryClient.java:1442)
	at java.base/java.util.concurrent.Executors$RunnableAdapter.call(Executors.java:539)
	at java.base/java.util.concurrent.FutureTask.run(FutureTask.java:264)
	at java.base/java.util.concurrent.ThreadPoolExecutor.runWorker(ThreadPoolExecutor.java:1136)
	at java.base/java.util.concurrent.ThreadPoolExecutor$Worker.run(ThreadPoolExecutor.java:635)
	at java.base/java.lang.Thread.run(Thread.java:842)

2025-01-20 04:47:50.616 [DiscoveryClient-CacheRefreshExecutor-0] WARN  RetryableEurekaHttpClient - Request execution failed with message: Connection pool shut down
2025-01-20 04:47:50.616 [DiscoveryClient-CacheRefreshExecutor-0] INFO  DiscoveryClient - DiscoveryClient_AUTH-SERVICE/asaf:auth-service:8081 - was unable to refresh its cache! This periodic background refresh will be retried in 30 seconds. status = Cannot execute request on any known server stacktrace = com.netflix.discovery.shared.transport.TransportException: Cannot execute request on any known server
	at com.netflix.discovery.shared.transport.decorator.RetryableEurekaHttpClient.execute(RetryableEurekaHttpClient.java:112)
	at com.netflix.discovery.shared.transport.decorator.EurekaHttpClientDecorator.getDelta(EurekaHttpClientDecorator.java:149)
	at com.netflix.discovery.shared.transport.decorator.EurekaHttpClientDecorator$7.execute(EurekaHttpClientDecorator.java:152)
	at com.netflix.discovery.shared.transport.decorator.SessionedEurekaHttpClient.execute(SessionedEurekaHttpClient.java:77)
	at com.netflix.discovery.shared.transport.decorator.EurekaHttpClientDecorator.getDelta(EurekaHttpClientDecorator.java:149)
	at com.netflix.discovery.DiscoveryClient.getAndUpdateDelta(DiscoveryClient.java:1079)
	at com.netflix.discovery.DiscoveryClient.fetchRegistry(DiscoveryClient.java:960)
	at com.netflix.discovery.DiscoveryClient.refreshRegistry(DiscoveryClient.java:1475)
	at com.netflix.discovery.DiscoveryClient$CacheRefreshThread.run(DiscoveryClient.java:1442)
	at java.base/java.util.concurrent.Executors$RunnableAdapter.call(Executors.java:539)
	at java.base/java.util.concurrent.FutureTask.run(FutureTask.java:264)
	at java.base/java.util.concurrent.ThreadPoolExecutor.runWorker(ThreadPoolExecutor.java:1136)
	at java.base/java.util.concurrent.ThreadPoolExecutor$Worker.run(ThreadPoolExecutor.java:635)
	at java.base/java.lang.Thread.run(Thread.java:842)

2025-01-20 04:47:51.012 [DiscoveryClient-HeartbeatExecutor-0] INFO  RedirectingEurekaHttpClient - Request execution error. endpoint=DefaultEndpoint{ serviceUrl='http://localhost:8761/eureka/} exception=Connection pool shut down stacktrace=java.lang.IllegalStateException: Connection pool shut down
	at org.apache.hc.core5.util.Asserts.check(Asserts.java:38)
	at org.apache.hc.core5.pool.StrictConnPool.lease(StrictConnPool.java:176)
	at org.apache.hc.client5.http.impl.io.PoolingHttpClientConnectionManager.lease(PoolingHttpClientConnectionManager.java:297)
	at org.apache.hc.client5.http.impl.classic.InternalExecRuntime.acquireEndpoint(InternalExecRuntime.java:103)
	at org.apache.hc.client5.http.impl.classic.ConnectExec.execute(ConnectExec.java:125)
	at org.apache.hc.client5.http.impl.classic.ExecChainElement.execute(ExecChainElement.java:51)
	at org.apache.hc.client5.http.impl.classic.ProtocolExec.execute(ProtocolExec.java:192)
	at org.apache.hc.client5.http.impl.classic.ExecChainElement.execute(ExecChainElement.java:51)
	at org.apache.hc.client5.http.impl.classic.HttpRequestRetryExec.execute(HttpRequestRetryExec.java:113)
	at org.apache.hc.client5.http.impl.classic.ExecChainElement.execute(ExecChainElement.java:51)
	at org.apache.hc.client5.http.impl.classic.ContentCompressionExec.execute(ContentCompressionExec.java:152)
	at org.apache.hc.client5.http.impl.classic.ExecChainElement.execute(ExecChainElement.java:51)
	at org.apache.hc.client5.http.impl.classic.RedirectExec.execute(RedirectExec.java:116)
	at org.apache.hc.client5.http.impl.classic.ExecChainElement.execute(ExecChainElement.java:51)
	at org.apache.hc.client5.http.impl.classic.InternalHttpClient.doExecute(InternalHttpClient.java:170)
	at org.apache.hc.client5.http.impl.classic.CloseableHttpClient.execute(CloseableHttpClient.java:87)
	at org.apache.hc.client5.http.impl.classic.CloseableHttpClient.execute(CloseableHttpClient.java:55)
	at org.apache.hc.client5.http.classic.HttpClient.executeOpen(HttpClient.java:183)
	at org.springframework.http.client.HttpComponentsClientHttpRequest.executeInternal(HttpComponentsClientHttpRequest.java:99)
	at org.springframework.http.client.AbstractStreamingClientHttpRequest.executeInternal(AbstractStreamingClientHttpRequest.java:70)
	at org.springframework.http.client.AbstractClientHttpRequest.execute(AbstractClientHttpRequest.java:66)
	at org.springframework.http.client.InterceptingClientHttpRequest$InterceptingRequestExecution.execute(InterceptingClientHttpRequest.java:112)
	at org.springframework.cloud.netflix.eureka.http.RestTemplateTransportClientFactory.lambda$restTemplate$0(RestTemplateTransportClientFactory.java:143)
	at org.springframework.http.client.InterceptingClientHttpRequest$InterceptingRequestExecution.execute(InterceptingClientHttpRequest.java:88)
	at org.springframework.http.client.InterceptingClientHttpRequest.executeInternal(InterceptingClientHttpRequest.java:72)
	at org.springframework.http.client.AbstractBufferingClientHttpRequest.executeInternal(AbstractBufferingClientHttpRequest.java:48)
	at org.springframework.http.client.AbstractClientHttpRequest.execute(AbstractClientHttpRequest.java:66)
	at org.springframework.web.client.RestTemplate.doExecute(RestTemplate.java:889)
	at org.springframework.web.client.RestTemplate.execute(RestTemplate.java:790)
	at org.springframework.web.client.RestTemplate.exchange(RestTemplate.java:672)
	at org.springframework.cloud.netflix.eureka.http.RestTemplateEurekaHttpClient.sendHeartBeat(RestTemplateEurekaHttpClient.java:99)
	at com.netflix.discovery.shared.transport.decorator.EurekaHttpClientDecorator$3.execute(EurekaHttpClientDecorator.java:92)
	at com.netflix.discovery.shared.transport.decorator.RedirectingEurekaHttpClient.execute(RedirectingEurekaHttpClient.java:91)
	at com.netflix.discovery.shared.transport.decorator.EurekaHttpClientDecorator.sendHeartBeat(EurekaHttpClientDecorator.java:89)
	at com.netflix.discovery.shared.transport.decorator.EurekaHttpClientDecorator$3.execute(EurekaHttpClientDecorator.java:92)
	at com.netflix.discovery.shared.transport.decorator.RetryableEurekaHttpClient.execute(RetryableEurekaHttpClient.java:120)
	at com.netflix.discovery.shared.transport.decorator.EurekaHttpClientDecorator.sendHeartBeat(EurekaHttpClientDecorator.java:89)
	at com.netflix.discovery.shared.transport.decorator.EurekaHttpClientDecorator$3.execute(EurekaHttpClientDecorator.java:92)
	at com.netflix.discovery.shared.transport.decorator.SessionedEurekaHttpClient.execute(SessionedEurekaHttpClient.java:77)
	at com.netflix.discovery.shared.transport.decorator.EurekaHttpClientDecorator.sendHeartBeat(EurekaHttpClientDecorator.java:89)
	at com.netflix.discovery.DiscoveryClient.renew(DiscoveryClient.java:837)
	at com.netflix.discovery.DiscoveryClient$HeartbeatThread.run(DiscoveryClient.java:1401)
	at java.base/java.util.concurrent.Executors$RunnableAdapter.call(Executors.java:539)
	at java.base/java.util.concurrent.FutureTask.run(FutureTask.java:264)
	at java.base/java.util.concurrent.ThreadPoolExecutor.runWorker(ThreadPoolExecutor.java:1136)
	at java.base/java.util.concurrent.ThreadPoolExecutor$Worker.run(ThreadPoolExecutor.java:635)
	at java.base/java.lang.Thread.run(Thread.java:842)

2025-01-20 04:47:51.012 [DiscoveryClient-HeartbeatExecutor-0] WARN  RetryableEurekaHttpClient - Request execution failed with message: Connection pool shut down
2025-01-20 04:47:51.031 [DiscoveryClient-HeartbeatExecutor-0] INFO  RedirectingEurekaHttpClient - Request execution error. endpoint=DefaultEndpoint{ serviceUrl='http://localhost:8761/eureka/}, exception=Connection pool shut down stacktrace=java.lang.IllegalStateException: Connection pool shut down
	at org.apache.hc.core5.util.Asserts.check(Asserts.java:38)
	at org.apache.hc.core5.pool.StrictConnPool.lease(StrictConnPool.java:176)
	at org.apache.hc.client5.http.impl.io.PoolingHttpClientConnectionManager.lease(PoolingHttpClientConnectionManager.java:297)
	at org.apache.hc.client5.http.impl.classic.InternalExecRuntime.acquireEndpoint(InternalExecRuntime.java:103)
	at org.apache.hc.client5.http.impl.classic.ConnectExec.execute(ConnectExec.java:125)
	at org.apache.hc.client5.http.impl.classic.ExecChainElement.execute(ExecChainElement.java:51)
	at org.apache.hc.client5.http.impl.classic.ProtocolExec.execute(ProtocolExec.java:192)
	at org.apache.hc.client5.http.impl.classic.ExecChainElement.execute(ExecChainElement.java:51)
	at org.apache.hc.client5.http.impl.classic.HttpRequestRetryExec.execute(HttpRequestRetryExec.java:113)
	at org.apache.hc.client5.http.impl.classic.ExecChainElement.execute(ExecChainElement.java:51)
	at org.apache.hc.client5.http.impl.classic.ContentCompressionExec.execute(ContentCompressionExec.java:152)
	at org.apache.hc.client5.http.impl.classic.ExecChainElement.execute(ExecChainElement.java:51)
	at org.apache.hc.client5.http.impl.classic.RedirectExec.execute(RedirectExec.java:116)
	at org.apache.hc.client5.http.impl.classic.ExecChainElement.execute(ExecChainElement.java:51)
	at org.apache.hc.client5.http.impl.classic.InternalHttpClient.doExecute(InternalHttpClient.java:170)
	at org.apache.hc.client5.http.impl.classic.CloseableHttpClient.execute(CloseableHttpClient.java:87)
	at org.apache.hc.client5.http.impl.classic.CloseableHttpClient.execute(CloseableHttpClient.java:55)
	at org.apache.hc.client5.http.classic.HttpClient.executeOpen(HttpClient.java:183)
	at org.springframework.http.client.HttpComponentsClientHttpRequest.executeInternal(HttpComponentsClientHttpRequest.java:99)
	at org.springframework.http.client.AbstractStreamingClientHttpRequest.executeInternal(AbstractStreamingClientHttpRequest.java:70)
	at org.springframework.http.client.AbstractClientHttpRequest.execute(AbstractClientHttpRequest.java:66)
	at org.springframework.http.client.InterceptingClientHttpRequest$InterceptingRequestExecution.execute(InterceptingClientHttpRequest.java:112)
	at org.springframework.cloud.netflix.eureka.http.RestTemplateTransportClientFactory.lambda$restTemplate$0(RestTemplateTransportClientFactory.java:143)
	at org.springframework.http.client.InterceptingClientHttpRequest$InterceptingRequestExecution.execute(InterceptingClientHttpRequest.java:88)
	at org.springframework.http.client.InterceptingClientHttpRequest.executeInternal(InterceptingClientHttpRequest.java:72)
	at org.springframework.http.client.AbstractBufferingClientHttpRequest.executeInternal(AbstractBufferingClientHttpRequest.java:48)
	at org.springframework.http.client.AbstractClientHttpRequest.execute(AbstractClientHttpRequest.java:66)
	at org.springframework.web.client.RestTemplate.doExecute(RestTemplate.java:889)
	at org.springframework.web.client.RestTemplate.execute(RestTemplate.java:790)
	at org.springframework.web.client.RestTemplate.exchange(RestTemplate.java:672)
	at org.springframework.cloud.netflix.eureka.http.RestTemplateEurekaHttpClient.sendHeartBeat(RestTemplateEurekaHttpClient.java:99)
	at com.netflix.discovery.shared.transport.decorator.EurekaHttpClientDecorator$3.execute(EurekaHttpClientDecorator.java:92)
	at com.netflix.discovery.shared.transport.decorator.RedirectingEurekaHttpClient.executeOnNewServer(RedirectingEurekaHttpClient.java:121)
	at com.netflix.discovery.shared.transport.decorator.RedirectingEurekaHttpClient.execute(RedirectingEurekaHttpClient.java:80)
	at com.netflix.discovery.shared.transport.decorator.EurekaHttpClientDecorator.sendHeartBeat(EurekaHttpClientDecorator.java:89)
	at com.netflix.discovery.shared.transport.decorator.EurekaHttpClientDecorator$3.execute(EurekaHttpClientDecorator.java:92)
	at com.netflix.discovery.shared.transport.decorator.RetryableEurekaHttpClient.execute(RetryableEurekaHttpClient.java:120)
	at com.netflix.discovery.shared.transport.decorator.EurekaHttpClientDecorator.sendHeartBeat(EurekaHttpClientDecorator.java:89)
	at com.netflix.discovery.shared.transport.decorator.EurekaHttpClientDecorator$3.execute(EurekaHttpClientDecorator.java:92)
	at com.netflix.discovery.shared.transport.decorator.SessionedEurekaHttpClient.execute(SessionedEurekaHttpClient.java:77)
	at com.netflix.discovery.shared.transport.decorator.EurekaHttpClientDecorator.sendHeartBeat(EurekaHttpClientDecorator.java:89)
	at com.netflix.discovery.DiscoveryClient.renew(DiscoveryClient.java:837)
	at com.netflix.discovery.DiscoveryClient$HeartbeatThread.run(DiscoveryClient.java:1401)
	at java.base/java.util.concurrent.Executors$RunnableAdapter.call(Executors.java:539)
	at java.base/java.util.concurrent.FutureTask.run(FutureTask.java:264)
	at java.base/java.util.concurrent.ThreadPoolExecutor.runWorker(ThreadPoolExecutor.java:1136)
	at java.base/java.util.concurrent.ThreadPoolExecutor$Worker.run(ThreadPoolExecutor.java:635)
	at java.base/java.lang.Thread.run(Thread.java:842)

2025-01-20 04:47:51.031 [DiscoveryClient-HeartbeatExecutor-0] WARN  RetryableEurekaHttpClient - Request execution failed with message: Connection pool shut down
2025-01-20 04:47:51.031 [DiscoveryClient-HeartbeatExecutor-0] ERROR DiscoveryClient - DiscoveryClient_AUTH-SERVICE/asaf:auth-service:8081 - was unable to send heartbeat!
com.netflix.discovery.shared.transport.TransportException: Cannot execute request on any known server
	at com.netflix.discovery.shared.transport.decorator.RetryableEurekaHttpClient.execute(RetryableEurekaHttpClient.java:112) ~[eureka-client-2.0.2.jar:2.0.2]
	at com.netflix.discovery.shared.transport.decorator.EurekaHttpClientDecorator.sendHeartBeat(EurekaHttpClientDecorator.java:89) ~[eureka-client-2.0.2.jar:2.0.2]
	at com.netflix.discovery.shared.transport.decorator.EurekaHttpClientDecorator$3.execute(EurekaHttpClientDecorator.java:92) ~[eureka-client-2.0.2.jar:2.0.2]
	at com.netflix.discovery.shared.transport.decorator.SessionedEurekaHttpClient.execute(SessionedEurekaHttpClient.java:77) ~[eureka-client-2.0.2.jar:2.0.2]
	at com.netflix.discovery.shared.transport.decorator.EurekaHttpClientDecorator.sendHeartBeat(EurekaHttpClientDecorator.java:89) ~[eureka-client-2.0.2.jar:2.0.2]
	at com.netflix.discovery.DiscoveryClient.renew(DiscoveryClient.java:837) [eureka-client-2.0.2.jar:2.0.2]
	at com.netflix.discovery.DiscoveryClient$HeartbeatThread.run(DiscoveryClient.java:1401) [eureka-client-2.0.2.jar:2.0.2]
	at java.base/java.util.concurrent.Executors$RunnableAdapter.call(Executors.java:539) [?:?]
	at java.base/java.util.concurrent.FutureTask.run(FutureTask.java:264) [?:?]
	at java.base/java.util.concurrent.ThreadPoolExecutor.runWorker(ThreadPoolExecutor.java:1136) [?:?]
	at java.base/java.util.concurrent.ThreadPoolExecutor$Worker.run(ThreadPoolExecutor.java:635) [?:?]
	at java.base/java.lang.Thread.run(Thread.java:842) [?:?]
2025-01-20 04:47:53.262 [SpringApplicationShutdownHook] INFO  DiscoveryClient - Unregistering ...
2025-01-20 04:47:53.275 [SpringApplicationShutdownHook] INFO  RedirectingEurekaHttpClient - Request execution error. endpoint=DefaultEndpoint{ serviceUrl='http://localhost:8761/eureka/}, exception=Connection pool shut down stacktrace=java.lang.IllegalStateException: Connection pool shut down
	at org.apache.hc.core5.util.Asserts.check(Asserts.java:38)
	at org.apache.hc.core5.pool.StrictConnPool.lease(StrictConnPool.java:176)
	at org.apache.hc.client5.http.impl.io.PoolingHttpClientConnectionManager.lease(PoolingHttpClientConnectionManager.java:297)
	at org.apache.hc.client5.http.impl.classic.InternalExecRuntime.acquireEndpoint(InternalExecRuntime.java:103)
	at org.apache.hc.client5.http.impl.classic.ConnectExec.execute(ConnectExec.java:125)
	at org.apache.hc.client5.http.impl.classic.ExecChainElement.execute(ExecChainElement.java:51)
	at org.apache.hc.client5.http.impl.classic.ProtocolExec.execute(ProtocolExec.java:192)
	at org.apache.hc.client5.http.impl.classic.ExecChainElement.execute(ExecChainElement.java:51)
	at org.apache.hc.client5.http.impl.classic.HttpRequestRetryExec.execute(HttpRequestRetryExec.java:113)
	at org.apache.hc.client5.http.impl.classic.ExecChainElement.execute(ExecChainElement.java:51)
	at org.apache.hc.client5.http.impl.classic.ContentCompressionExec.execute(ContentCompressionExec.java:152)
	at org.apache.hc.client5.http.impl.classic.ExecChainElement.execute(ExecChainElement.java:51)
	at org.apache.hc.client5.http.impl.classic.RedirectExec.execute(RedirectExec.java:116)
	at org.apache.hc.client5.http.impl.classic.ExecChainElement.execute(ExecChainElement.java:51)
	at org.apache.hc.client5.http.impl.classic.InternalHttpClient.doExecute(InternalHttpClient.java:170)
	at org.apache.hc.client5.http.impl.classic.CloseableHttpClient.execute(CloseableHttpClient.java:87)
	at org.apache.hc.client5.http.impl.classic.CloseableHttpClient.execute(CloseableHttpClient.java:55)
	at org.apache.hc.client5.http.classic.HttpClient.executeOpen(HttpClient.java:183)
	at org.springframework.http.client.HttpComponentsClientHttpRequest.executeInternal(HttpComponentsClientHttpRequest.java:99)
	at org.springframework.http.client.AbstractStreamingClientHttpRequest.executeInternal(AbstractStreamingClientHttpRequest.java:70)
	at org.springframework.http.client.AbstractClientHttpRequest.execute(AbstractClientHttpRequest.java:66)
	at org.springframework.http.client.InterceptingClientHttpRequest$InterceptingRequestExecution.execute(InterceptingClientHttpRequest.java:112)
	at org.springframework.cloud.netflix.eureka.http.RestTemplateTransportClientFactory.lambda$restTemplate$0(RestTemplateTransportClientFactory.java:143)
	at org.springframework.http.client.InterceptingClientHttpRequest$InterceptingRequestExecution.execute(InterceptingClientHttpRequest.java:88)
	at org.springframework.http.client.InterceptingClientHttpRequest.executeInternal(InterceptingClientHttpRequest.java:72)
	at org.springframework.http.client.AbstractBufferingClientHttpRequest.executeInternal(AbstractBufferingClientHttpRequest.java:48)
	at org.springframework.http.client.AbstractClientHttpRequest.execute(AbstractClientHttpRequest.java:66)
	at org.springframework.web.client.RestTemplate.doExecute(RestTemplate.java:889)
	at org.springframework.web.client.RestTemplate.execute(RestTemplate.java:790)
	at org.springframework.web.client.RestTemplate.exchange(RestTemplate.java:672)
	at org.springframework.cloud.netflix.eureka.http.RestTemplateEurekaHttpClient.cancel(RestTemplateEurekaHttpClient.java:87)
	at com.netflix.discovery.shared.transport.decorator.EurekaHttpClientDecorator$2.execute(EurekaHttpClientDecorator.java:74)
	at com.netflix.discovery.shared.transport.decorator.RedirectingEurekaHttpClient.executeOnNewServer(RedirectingEurekaHttpClient.java:121)
	at com.netflix.discovery.shared.transport.decorator.RedirectingEurekaHttpClient.execute(RedirectingEurekaHttpClient.java:80)
	at com.netflix.discovery.shared.transport.decorator.EurekaHttpClientDecorator.cancel(EurekaHttpClientDecorator.java:71)
	at com.netflix.discovery.shared.transport.decorator.EurekaHttpClientDecorator$2.execute(EurekaHttpClientDecorator.java:74)
	at com.netflix.discovery.shared.transport.decorator.RetryableEurekaHttpClient.execute(RetryableEurekaHttpClient.java:120)
	at com.netflix.discovery.shared.transport.decorator.EurekaHttpClientDecorator.cancel(EurekaHttpClientDecorator.java:71)
	at com.netflix.discovery.shared.transport.decorator.EurekaHttpClientDecorator$2.execute(EurekaHttpClientDecorator.java:74)
	at com.netflix.discovery.shared.transport.decorator.SessionedEurekaHttpClient.execute(SessionedEurekaHttpClient.java:77)
	at com.netflix.discovery.shared.transport.decorator.EurekaHttpClientDecorator.cancel(EurekaHttpClientDecorator.java:71)
	at com.netflix.discovery.DiscoveryClient.unregister(DiscoveryClient.java:916)
	at com.netflix.discovery.DiscoveryClient.shutdown(DiscoveryClient.java:892)
	at java.base/jdk.internal.reflect.NativeMethodAccessorImpl.invoke0(Native Method)
	at java.base/jdk.internal.reflect.NativeMethodAccessorImpl.invoke(NativeMethodAccessorImpl.java:77)
	at java.base/jdk.internal.reflect.DelegatingMethodAccessorImpl.invoke(DelegatingMethodAccessorImpl.java:43)
	at java.base/java.lang.reflect.Method.invoke(Method.java:568)
	at org.springframework.beans.factory.annotation.InitDestroyAnnotationBeanPostProcessor$LifecycleMethod.invoke(InitDestroyAnnotationBeanPostProcessor.java:457)
	at org.springframework.beans.factory.annotation.InitDestroyAnnotationBeanPostProcessor$LifecycleMetadata.invokeDestroyMethods(InitDestroyAnnotationBeanPostProcessor.java:415)
	at org.springframework.beans.factory.annotation.InitDestroyAnnotationBeanPostProcessor.postProcessBeforeDestruction(InitDestroyAnnotationBeanPostProcessor.java:239)
	at org.springframework.beans.factory.support.DisposableBeanAdapter.destroy(DisposableBeanAdapter.java:202)
	at org.springframework.beans.factory.support.DisposableBeanAdapter.run(DisposableBeanAdapter.java:195)
	at org.springframework.cloud.context.scope.GenericScope$BeanLifecycleWrapper.destroy(GenericScope.java:389)
	at org.springframework.cloud.context.scope.GenericScope.destroy(GenericScope.java:136)
	at org.springframework.beans.factory.support.DisposableBeanAdapter.destroy(DisposableBeanAdapter.java:211)
	at org.springframework.beans.factory.support.DefaultSingletonBeanRegistry.destroyBean(DefaultSingletonBeanRegistry.java:587)
	at org.springframework.beans.factory.support.DefaultSingletonBeanRegistry.destroySingleton(DefaultSingletonBeanRegistry.java:559)
	at org.springframework.beans.factory.support.DefaultListableBeanFactory.destroySingleton(DefaultListableBeanFactory.java:1202)
	at org.springframework.beans.factory.support.DefaultSingletonBeanRegistry.destroySingletons(DefaultSingletonBeanRegistry.java:520)
	at org.springframework.beans.factory.support.DefaultListableBeanFactory.destroySingletons(DefaultListableBeanFactory.java:1195)
	at org.springframework.context.support.AbstractApplicationContext.destroyBeans(AbstractApplicationContext.java:1195)
	at org.springframework.context.support.AbstractApplicationContext.doClose(AbstractApplicationContext.java:1156)
	at org.springframework.boot.web.servlet.context.ServletWebServerApplicationContext.doClose(ServletWebServerApplicationContext.java:174)
	at org.springframework.context.support.AbstractApplicationContext.close(AbstractApplicationContext.java:1102)
	at org.springframework.boot.SpringApplicationShutdownHook.closeAndWait(SpringApplicationShutdownHook.java:145)
	at java.base/java.lang.Iterable.forEach(Iterable.java:75)
	at org.springframework.boot.SpringApplicationShutdownHook.run(SpringApplicationShutdownHook.java:114)
	at java.base/java.lang.Thread.run(Thread.java:842)

2025-01-20 04:47:53.275 [SpringApplicationShutdownHook] WARN  RetryableEurekaHttpClient - Request execution failed with message: Connection pool shut down
2025-01-20 04:47:53.275 [SpringApplicationShutdownHook] ERROR DiscoveryClient - DiscoveryClient_AUTH-SERVICE/asaf:auth-service:8081 - de-registration failedCannot execute request on any known server
com.netflix.discovery.shared.transport.TransportException: Cannot execute request on any known server
	at com.netflix.discovery.shared.transport.decorator.RetryableEurekaHttpClient.execute(RetryableEurekaHttpClient.java:112) ~[eureka-client-2.0.2.jar:2.0.2]
	at com.netflix.discovery.shared.transport.decorator.EurekaHttpClientDecorator.cancel(EurekaHttpClientDecorator.java:71) ~[eureka-client-2.0.2.jar:2.0.2]
	at com.netflix.discovery.shared.transport.decorator.EurekaHttpClientDecorator$2.execute(EurekaHttpClientDecorator.java:74) ~[eureka-client-2.0.2.jar:2.0.2]
	at com.netflix.discovery.shared.transport.decorator.SessionedEurekaHttpClient.execute(SessionedEurekaHttpClient.java:77) ~[eureka-client-2.0.2.jar:2.0.2]
	at com.netflix.discovery.shared.transport.decorator.EurekaHttpClientDecorator.cancel(EurekaHttpClientDecorator.java:71) ~[eureka-client-2.0.2.jar:2.0.2]
	at com.netflix.discovery.DiscoveryClient.unregister(DiscoveryClient.java:916) ~[eureka-client-2.0.2.jar:2.0.2]
	at com.netflix.discovery.DiscoveryClient.shutdown(DiscoveryClient.java:892) ~[eureka-client-2.0.2.jar:2.0.2]
	at java.base/jdk.internal.reflect.NativeMethodAccessorImpl.invoke0(Native Method) ~[?:?]
	at java.base/jdk.internal.reflect.NativeMethodAccessorImpl.invoke(NativeMethodAccessorImpl.java:77) ~[?:?]
	at java.base/jdk.internal.reflect.DelegatingMethodAccessorImpl.invoke(DelegatingMethodAccessorImpl.java:43) ~[?:?]
	at java.base/java.lang.reflect.Method.invoke(Method.java:568) ~[?:?]
	at org.springframework.beans.factory.annotation.InitDestroyAnnotationBeanPostProcessor$LifecycleMethod.invoke(InitDestroyAnnotationBeanPostProcessor.java:457) ~[spring-beans-6.1.12.jar:6.1.12]
	at org.springframework.beans.factory.annotation.InitDestroyAnnotationBeanPostProcessor$LifecycleMetadata.invokeDestroyMethods(InitDestroyAnnotationBeanPostProcessor.java:415) ~[spring-beans-6.1.12.jar:6.1.12]
	at org.springframework.beans.factory.annotation.InitDestroyAnnotationBeanPostProcessor.postProcessBeforeDestruction(InitDestroyAnnotationBeanPostProcessor.java:239) ~[spring-beans-6.1.12.jar:6.1.12]
	at org.springframework.beans.factory.support.DisposableBeanAdapter.destroy(DisposableBeanAdapter.java:202) ~[spring-beans-6.1.12.jar:6.1.12]
	at org.springframework.beans.factory.support.DisposableBeanAdapter.run(DisposableBeanAdapter.java:195) ~[spring-beans-6.1.12.jar:6.1.12]
	at org.springframework.cloud.context.scope.GenericScope$BeanLifecycleWrapper.destroy(GenericScope.java:389) ~[spring-cloud-context-4.1.2.jar:4.1.2]
	at org.springframework.cloud.context.scope.GenericScope.destroy(GenericScope.java:136) ~[spring-cloud-context-4.1.2.jar:4.1.2]
	at org.springframework.beans.factory.support.DisposableBeanAdapter.destroy(DisposableBeanAdapter.java:211) ~[spring-beans-6.1.12.jar:6.1.12]
	at org.springframework.beans.factory.support.DefaultSingletonBeanRegistry.destroyBean(DefaultSingletonBeanRegistry.java:587) ~[spring-beans-6.1.12.jar:6.1.12]
	at org.springframework.beans.factory.support.DefaultSingletonBeanRegistry.destroySingleton(DefaultSingletonBeanRegistry.java:559) ~[spring-beans-6.1.12.jar:6.1.12]
	at org.springframework.beans.factory.support.DefaultListableBeanFactory.destroySingleton(DefaultListableBeanFactory.java:1202) ~[spring-beans-6.1.12.jar:6.1.12]
	at org.springframework.beans.factory.support.DefaultSingletonBeanRegistry.destroySingletons(DefaultSingletonBeanRegistry.java:520) ~[spring-beans-6.1.12.jar:6.1.12]
	at org.springframework.beans.factory.support.DefaultListableBeanFactory.destroySingletons(DefaultListableBeanFactory.java:1195) ~[spring-beans-6.1.12.jar:6.1.12]
	at org.springframework.context.support.AbstractApplicationContext.destroyBeans(AbstractApplicationContext.java:1195) ~[spring-context-6.1.12.jar:6.1.12]
	at org.springframework.context.support.AbstractApplicationContext.doClose(AbstractApplicationContext.java:1156) ~[spring-context-6.1.12.jar:6.1.12]
	at org.springframework.boot.web.servlet.context.ServletWebServerApplicationContext.doClose(ServletWebServerApplicationContext.java:174) ~[spring-boot-3.3.3.jar:3.3.3]
	at org.springframework.context.support.AbstractApplicationContext.close(AbstractApplicationContext.java:1102) ~[spring-context-6.1.12.jar:6.1.12]
	at org.springframework.boot.SpringApplicationShutdownHook.closeAndWait(SpringApplicationShutdownHook.java:145) ~[spring-boot-3.3.3.jar:3.3.3]
	at java.base/java.lang.Iterable.forEach(Iterable.java:75) [?:?]
	at org.springframework.boot.SpringApplicationShutdownHook.run(SpringApplicationShutdownHook.java:114) [spring-boot-3.3.3.jar:3.3.3]
	at java.base/java.lang.Thread.run(Thread.java:842) [?:?]
2025-01-20 04:47:53.302 [SpringApplicationShutdownHook] INFO  DiscoveryClient - Completed shut down of DiscoveryClient
