2024-12-06 18:55:22.212 [main] TRACE UserController - Entering addRole method in UserController class
2024-12-06 18:55:22.235 [main] INFO  UserController - Adding role to user with id: 1
2024-12-06 18:55:22.268 [main] INFO  UserController - Role added to user with id 1 successfully
2024-12-06 18:55:22.268 [main] TRACE UserController - Exiting addRole method in UserController class
2024-12-06 18:55:22.362 [main] TRACE UserController - Entering getUsernameByEmail method in UserController class
2024-12-06 18:55:22.362 [main] INFO  UserController - Fetching username by email: test@example.com
2024-12-06 18:55:22.362 [main] TRACE UserController - Exiting getUsernameByEmail method in UserController class
2024-12-06 18:55:22.372 [main] TRACE UserController - Entering getCurrentUser method in UserController class
2024-12-06 18:55:22.372 [main] INFO  UserController - Fetching current user by username: testUser
2024-12-06 18:55:22.372 [main] INFO  UserController - Current user retrieved successfully
2024-12-06 18:55:22.372 [main] TRACE UserController - Exiting getCurrentUser method in UserController class
2024-12-06 18:55:22.379 [main] TRACE UserController - Entering updateUser method in UserController class
2024-12-06 18:55:22.379 [main] INFO  UserController - Updating user with details: UpdateUserRequest(id=null, firstName=null, lastName=null, username=null, email=null, gender=null)
2024-12-06 18:55:22.388 [main] INFO  UserController - User updated successfully
2024-12-06 18:55:22.388 [main] TRACE UserController - Exiting updateUser method in UserController class
2024-12-06 18:55:22.394 [main] TRACE UserController - Entering restoreUser method in UserController class
2024-12-06 18:55:22.394 [main] INFO  UserController - Restoring user with id: 1
2024-12-06 18:55:22.394 [main] INFO  UserController - User with id 1 restored successfully
2024-12-06 18:55:22.394 [main] TRACE UserController - Exiting restoreUser method in UserController class
2024-12-06 18:55:22.399 [main] TRACE UserController - Entering getAllUsersFilteredAndSorted method in UserController class
2024-12-06 18:55:22.399 [main] INFO  UserController - Fetching users with filters - page: 0, size: 3, sortBy: id, direction: ASC, firstName: null, lastName: null, username: null, hospitalId: null, email: null, role: null, gender: null, deleted: null
2024-12-06 18:55:22.399 [main] INFO  UserController - Users filtered and sorted fetched successfully
2024-12-06 18:55:22.399 [main] TRACE UserController - Exiting getAllUsersFilteredAndSorted method in UserController class
2024-12-06 18:55:22.399 [main] TRACE UserController - Entering removeRole method in UserController class
2024-12-06 18:55:22.399 [main] INFO  UserController - Removing role from user with id: 1
2024-12-06 18:55:22.399 [main] INFO  UserController - Role removed from user with id 1 successfully
2024-12-06 18:55:22.399 [main] TRACE UserController - Exiting removeRole method in UserController class
2024-12-06 18:55:22.410 [main] TRACE UserController - Entering createUser method in UserController class
2024-12-06 18:55:22.410 [main] INFO  UserController - Creating a new user with details: CreateUserRequest(firstName=null, lastName=null, username=null, email=null, password=null, roles=null, gender=null)
2024-12-06 18:55:22.417 [main] INFO  UserController - User created successfully
2024-12-06 18:55:22.418 [main] TRACE UserController - Exiting createUser method in UserController class
2024-12-06 18:55:22.419 [main] TRACE UserController - Entering deleteUser method in UserController class
2024-12-06 18:55:22.419 [main] INFO  UserController - Deleting user with id: 1
2024-12-06 18:55:22.419 [main] INFO  UserController - User with id 1 deleted successfully
2024-12-06 18:55:22.419 [main] TRACE UserController - Exiting deleteUser method in UserController class
2024-12-06 18:55:22.428 [main] TRACE UserController - Entering getUserById method in UserController class
2024-12-06 18:55:22.428 [main] INFO  UserController - Fetching user by id: 1
2024-12-06 18:55:22.428 [main] INFO  UserController - User with id 1 retrieved successfully
2024-12-06 18:55:22.428 [main] TRACE UserController - Exiting getUserById method in UserController class
2024-12-06 18:55:22.439 [main] TRACE UserController - Entering updateCurrentUser method in UserController class
2024-12-06 18:55:22.441 [main] INFO  UserController - Updating current user with username: testUser
2024-12-06 18:55:22.441 [main] INFO  UserController - Current user updated successfully
2024-12-06 18:55:22.441 [main] TRACE UserController - Exiting updateCurrentUser method in UserController class
2024-12-06 18:55:23.428 [main] TRACE UserServiceImpl - Entering updateCurrentUser method in UserServiceImpl
2024-12-06 18:55:23.428 [main] INFO  UserServiceImpl - Updating current user: testUser
2024-12-06 18:55:23.428 [main] DEBUG UserServiceImpl - Updated first name for user: com.lab.backend.usermanagement.entity.User@328e687e
2024-12-06 18:55:23.428 [main] DEBUG UserServiceImpl - Saved updated user: com.lab.backend.usermanagement.entity.User@328e687e
2024-12-06 18:55:23.428 [main] TRACE UserServiceImpl - Exiting updateCurrentUser method in UserServiceImpl
2024-12-06 18:55:23.448 [main] TRACE UserServiceImpl - Entering getAllUsersFilteredAndSorted method in UserServiceImpl
2024-12-06 18:55:23.448 [main] INFO  UserServiceImpl - Fetching users with filters: page=0, size=10, sortBy=username, direction=ASC
2024-12-06 18:55:23.477 [main] DEBUG UserServiceImpl - Fetched 1 users
2024-12-06 18:55:23.477 [main] TRACE UserServiceImpl - Exiting getAllUsersFilteredAndSorted method in UserServiceImpl
2024-12-06 18:55:23.488 [main] TRACE UserServiceImpl - Entering updateUser method in UserServiceImpl
2024-12-06 18:55:23.488 [main] DEBUG UserServiceImpl - Updating user with id: 1
2024-12-06 18:55:23.489 [main] ERROR UserServiceImpl - User doesn't exist with id 1
2024-12-06 18:55:23.499 [main] TRACE UserServiceImpl - Entering createUser method in UserServiceImpl
2024-12-06 18:55:23.499 [main] DEBUG UserServiceImpl - Creating user with username: newUser
2024-12-06 18:55:23.539 [main] INFO  UserServiceImpl - Sent create message to RabbitMQ for user: newUser
2024-12-06 18:55:23.539 [main] INFO  UserServiceImpl - User created successfully: newUser
2024-12-06 18:55:23.539 [main] TRACE UserServiceImpl - Exiting createUser method in UserServiceImpl
2024-12-06 18:55:23.548 [main] TRACE UserServiceImpl - Entering getUsernameByEmail method in UserServiceImpl
2024-12-06 18:55:23.548 [main] INFO  UserServiceImpl - Fetching username by email: test@example.com
2024-12-06 18:55:23.548 [main] DEBUG UserServiceImpl - Found username: testUser
2024-12-06 18:55:23.548 [main] TRACE UserServiceImpl - Exiting getUsernameByEmail method in UserServiceImpl
2024-12-06 18:55:23.553 [main] TRACE UserServiceImpl - Entering createUser method in UserServiceImpl
2024-12-06 18:55:23.553 [main] DEBUG UserServiceImpl - Creating user with username: null
2024-12-06 18:55:23.553 [main] ERROR UserServiceImpl - Email 'existingEmail@example.com' is already taken
2024-12-06 18:55:23.559 [main] TRACE UserServiceImpl - Entering getUserById method in UserServiceImpl
2024-12-06 18:55:23.559 [main] INFO  UserServiceImpl - Fetching user by ID: 1
2024-12-06 18:55:23.559 [main] DEBUG UserServiceImpl - Fetched user: GetUserResponse(id=null, firstName=null, lastName=null, username=testUser, hospitalId=null, email=null, roles=null, gender=null)
2024-12-06 18:55:23.569 [main] TRACE UserServiceImpl - Exiting getUserById method in UserServiceImpl
2024-12-06 18:55:23.579 [main] TRACE UserServiceImpl - Entering getCurrentUser method in UserServiceImpl
2024-12-06 18:55:23.579 [main] INFO  UserServiceImpl - Fetching current user by username: testUser
2024-12-06 18:55:23.579 [main] DEBUG UserServiceImpl - Fetched current user: GetUserResponse(id=null, firstName=null, lastName=null, username=testUser, hospitalId=null, email=null, roles=null, gender=null)
2024-12-06 18:55:23.579 [main] TRACE UserServiceImpl - Exiting getCurrentUser method in UserServiceImpl
2024-12-06 18:55:23.588 [main] TRACE UserServiceImpl - Entering updateUser method in UserServiceImpl
2024-12-06 18:55:23.588 [main] DEBUG UserServiceImpl - Updating user with id: null
2024-12-06 18:55:23.588 [main] ERROR UserServiceImpl - Id must not be null
2024-12-06 18:55:23.588 [main] TRACE UserServiceImpl - Entering restoreUser method in UserServiceImpl
2024-12-06 18:55:23.588 [main] DEBUG UserServiceImpl - Restoring user with id: 1
2024-12-06 18:55:23.588 [main] INFO  UserServiceImpl - Sent restore message to RabbitMQ for user: userToRestore
2024-12-06 18:55:23.588 [main] INFO  UserServiceImpl - User restored successfully: userToRestore
2024-12-06 18:55:23.588 [main] TRACE UserServiceImpl - Exiting restoreUser method in UserServiceImpl
2024-12-06 18:55:23.601 [main] TRACE UserServiceImpl - Entering getUserById method in UserServiceImpl
2024-12-06 18:55:23.601 [main] INFO  UserServiceImpl - Fetching user by ID: 1
2024-12-06 18:55:23.601 [main] ERROR UserServiceImpl - User not found with ID: 1
2024-12-06 18:55:23.608 [main] TRACE UserServiceImpl - Entering updateUser method in UserServiceImpl
2024-12-06 18:55:23.608 [main] DEBUG UserServiceImpl - Updating user with id: 1
2024-12-06 18:55:23.608 [main] ERROR UserServiceImpl - Email is already taken newEmail@example.com
2024-12-06 18:55:23.608 [main] TRACE UserServiceImpl - Entering removeRole method in UserServiceImpl
2024-12-06 18:55:23.608 [main] INFO  UserServiceImpl - Removing role 'ADMIN' from user with id '1'
2024-12-06 18:55:23.619 [main] INFO  UserServiceImpl - Successfully sent remove role message for user 'existingUser'
2024-12-06 18:55:23.619 [main] INFO  UserServiceImpl - Role 'ADMIN' removed successfully from user 'existingUser'
2024-12-06 18:55:23.619 [main] TRACE UserServiceImpl - Exiting removeRole method in UserServiceImpl
2024-12-06 18:55:23.619 [main] TRACE UserServiceImpl - Entering addRole method in UserServiceImpl
2024-12-06 18:55:23.627 [main] INFO  UserServiceImpl - Adding role 'ADMIN' to user with id '1'
2024-12-06 18:55:23.628 [main] ERROR UserServiceImpl - User not found with id '1'
2024-12-06 18:55:23.633 [main] TRACE UserServiceImpl - Entering addRole method in UserServiceImpl
2024-12-06 18:55:23.633 [main] INFO  UserServiceImpl - Adding role 'ADMIN' to user with id '1'
2024-12-06 18:55:23.633 [main] ERROR UserServiceImpl - User 'existingUser' already has this role: 'ADMIN'
2024-12-06 18:55:23.639 [main] TRACE UserServiceImpl - Entering removeRole method in UserServiceImpl
2024-12-06 18:55:23.639 [main] INFO  UserServiceImpl - Removing role 'ADMIN' from user with id '1'
2024-12-06 18:55:23.639 [main] ERROR UserServiceImpl - Cannot remove role. User 'existingUser' must have at least one role
2024-12-06 18:55:23.648 [main] TRACE UserServiceImpl - Entering removeRole method in UserServiceImpl
2024-12-06 18:55:23.648 [main] INFO  UserServiceImpl - Removing role 'ADMIN' from user with id '1'
2024-12-06 18:55:23.648 [main] ERROR UserServiceImpl - User not found with id: '1'
2024-12-06 18:55:23.659 [main] TRACE UserServiceImpl - Entering restoreUser method in UserServiceImpl
2024-12-06 18:55:23.659 [main] DEBUG UserServiceImpl - Restoring user with id: 1
2024-12-06 18:55:23.659 [main] ERROR UserServiceImpl - User does not exist with id 1
2024-12-06 18:55:23.664 [main] TRACE UserServiceImpl - Entering getUsernameByEmail method in UserServiceImpl
2024-12-06 18:55:23.664 [main] INFO  UserServiceImpl - Fetching username by email: test@example.com
2024-12-06 18:55:23.667 [main] ERROR UserServiceImpl - No users registered to this email address: test@example.com
2024-12-06 18:55:23.668 [main] TRACE UserServiceImpl - Entering updateUser method in UserServiceImpl
2024-12-06 18:55:23.668 [main] DEBUG UserServiceImpl - Updating user with id: 1
2024-12-06 18:55:23.668 [main] ERROR UserServiceImpl - Username is taken newUsername
2024-12-06 18:55:23.679 [main] TRACE UserServiceImpl - Entering deleteUser method in UserServiceImpl
2024-12-06 18:55:23.679 [main] DEBUG UserServiceImpl - Deleting user with id: 1
2024-12-06 18:55:23.679 [main] ERROR UserServiceImpl - User doesn't exist with id: 1
2024-12-06 18:55:23.695 [main] TRACE UserServiceImpl - Entering addRole method in UserServiceImpl
2024-12-06 18:55:23.695 [main] INFO  UserServiceImpl - Adding role 'TECHNICIAN' to user with id '1'
2024-12-06 18:55:23.698 [main] INFO  UserServiceImpl - Successfully sent add role message for user 'existingUser'
2024-12-06 18:55:23.699 [main] INFO  UserServiceImpl - Role 'TECHNICIAN' added successfully to user 'existingUser'
2024-12-06 18:55:23.699 [main] TRACE UserServiceImpl - Exiting addRole method in UserServiceImpl
2024-12-06 18:55:23.708 [main] TRACE UserServiceImpl - Entering deleteUser method in UserServiceImpl
2024-12-06 18:55:23.708 [main] DEBUG UserServiceImpl - Deleting user with id: 1
2024-12-06 18:55:23.711 [main] INFO  UserServiceImpl - Sent delete message to RabbitMQ for user: userToDelete
2024-12-06 18:55:23.711 [main] INFO  UserServiceImpl - User deleted successfully: userToDelete
2024-12-06 18:55:23.711 [main] TRACE UserServiceImpl - Exiting deleteUser method in UserServiceImpl
2024-12-06 18:55:23.719 [main] TRACE UserServiceImpl - Entering createUser method in UserServiceImpl
2024-12-06 18:55:23.719 [main] DEBUG UserServiceImpl - Creating user with username: existingUser
2024-12-06 18:55:23.719 [main] ERROR UserServiceImpl - Username 'existingUser' is already taken
2024-12-06 18:55:23.728 [main] TRACE UserServiceImpl - Entering updateCurrentUser method in UserServiceImpl
2024-12-06 18:55:23.728 [main] INFO  UserServiceImpl - Updating current user: testUser
2024-12-06 18:55:23.728 [main] ERROR UserServiceImpl - User doesn't exist with username: testUser
2024-12-06 18:55:23.738 [main] TRACE UserServiceImpl - Entering getCurrentUser method in UserServiceImpl
2024-12-06 18:55:23.739 [main] INFO  UserServiceImpl - Fetching current user by username: testUser
2024-12-06 18:55:23.739 [main] ERROR UserServiceImpl - User not found with username: testUser
