2024-12-09 04:03:12.821 [main] TRACE UserController - Entering addRole method in UserController class
2024-12-09 04:03:12.838 [main] INFO  UserController - Adding role to user with id: 1
2024-12-09 04:03:12.854 [main] INFO  UserController - Role added to user with id 1 successfully
2024-12-09 04:03:12.854 [main] TRACE UserController - Exiting addRole method in UserController class
2024-12-09 04:03:13.009 [main] TRACE UserController - Entering getUsernameByEmail method in UserController class
2024-12-09 04:03:13.009 [main] INFO  UserController - Fetching username by email: test@example.com
2024-12-09 04:03:13.011 [main] TRACE UserController - Exiting getUsernameByEmail method in UserController class
2024-12-09 04:03:13.021 [main] TRACE UserController - Entering getCurrentUser method in UserController class
2024-12-09 04:03:13.021 [main] INFO  UserController - Fetching current user by username: testUser
2024-12-09 04:03:13.022 [main] INFO  UserController - Current user retrieved successfully
2024-12-09 04:03:13.023 [main] TRACE UserController - Exiting getCurrentUser method in UserController class
2024-12-09 04:03:13.031 [main] TRACE UserController - Entering updateUser method in UserController class
2024-12-09 04:03:13.031 [main] INFO  UserController - Updating user with details: UpdateUserRequest(id=null, firstName=null, lastName=null, username=null, email=null, gender=null)
2024-12-09 04:03:13.043 [main] INFO  UserController - User updated successfully
2024-12-09 04:03:13.043 [main] TRACE UserController - Exiting updateUser method in UserController class
2024-12-09 04:03:13.048 [main] TRACE UserController - Entering restoreUser method in UserController class
2024-12-09 04:03:13.048 [main] INFO  UserController - Restoring user with id: 1
2024-12-09 04:03:13.049 [main] INFO  UserController - User with id 1 restored successfully
2024-12-09 04:03:13.049 [main] TRACE UserController - Exiting restoreUser method in UserController class
2024-12-09 04:03:13.055 [main] TRACE UserController - Entering getAllUsersFilteredAndSorted method in UserController class
2024-12-09 04:03:13.056 [main] INFO  UserController - Fetching users with filters - page: 0, size: 3, sortBy: id, direction: ASC, firstName: null, lastName: null, username: null, hospitalId: null, email: null, role: null, gender: null, deleted: null
2024-12-09 04:03:13.057 [main] INFO  UserController - Users filtered and sorted fetched successfully
2024-12-09 04:03:13.057 [main] TRACE UserController - Exiting getAllUsersFilteredAndSorted method in UserController class
2024-12-09 04:03:13.064 [main] TRACE UserController - Entering removeRole method in UserController class
2024-12-09 04:03:13.064 [main] INFO  UserController - Removing role from user with id: 1
2024-12-09 04:03:13.064 [main] INFO  UserController - Role removed from user with id 1 successfully
2024-12-09 04:03:13.064 [main] TRACE UserController - Exiting removeRole method in UserController class
2024-12-09 04:03:13.069 [main] TRACE UserController - Entering createUser method in UserController class
2024-12-09 04:03:13.070 [main] INFO  UserController - Creating a new user with details: CreateUserRequest(firstName=null, lastName=null, username=null, email=null, password=null, roles=null, gender=null)
2024-12-09 04:03:13.078 [main] INFO  UserController - User created successfully
2024-12-09 04:03:13.078 [main] TRACE UserController - Exiting createUser method in UserController class
2024-12-09 04:03:13.083 [main] TRACE UserController - Entering deleteUser method in UserController class
2024-12-09 04:03:13.083 [main] INFO  UserController - Deleting user with id: 1
2024-12-09 04:03:13.084 [main] INFO  UserController - User with id 1 deleted successfully
2024-12-09 04:03:13.084 [main] TRACE UserController - Exiting deleteUser method in UserController class
2024-12-09 04:03:13.089 [main] TRACE UserController - Entering getUserById method in UserController class
2024-12-09 04:03:13.089 [main] INFO  UserController - Fetching user by id: 1
2024-12-09 04:03:13.090 [main] INFO  UserController - User with id 1 retrieved successfully
2024-12-09 04:03:13.091 [main] TRACE UserController - Exiting getUserById method in UserController class
2024-12-09 04:03:13.097 [main] TRACE UserController - Entering updateCurrentUser method in UserController class
2024-12-09 04:03:13.097 [main] INFO  UserController - Updating current user with username: testUser
2024-12-09 04:03:13.097 [main] INFO  UserController - Current user updated successfully
2024-12-09 04:03:13.098 [main] TRACE UserController - Exiting updateCurrentUser method in UserController class
2024-12-09 04:03:13.951 [main] TRACE UserServiceImpl - Entering updateCurrentUser method in UserServiceImpl
2024-12-09 04:03:13.951 [main] INFO  UserServiceImpl - Updating current user: testUser
2024-12-09 04:03:13.952 [main] DEBUG UserServiceImpl - Updated first name for user: com.lab.backend.usermanagement.entity.User@36a8ebca
2024-12-09 04:03:13.952 [main] DEBUG UserServiceImpl - Saved updated user: com.lab.backend.usermanagement.entity.User@36a8ebca
2024-12-09 04:03:13.952 [main] TRACE UserServiceImpl - Exiting updateCurrentUser method in UserServiceImpl
2024-12-09 04:03:13.967 [main] TRACE UserServiceImpl - Entering getAllUsersFilteredAndSorted method in UserServiceImpl
2024-12-09 04:03:13.967 [main] INFO  UserServiceImpl - Fetching users with filters: page=0, size=10, sortBy=username, direction=ASC
2024-12-09 04:03:13.981 [main] DEBUG UserServiceImpl - Fetched 1 users
2024-12-09 04:03:13.981 [main] TRACE UserServiceImpl - Exiting getAllUsersFilteredAndSorted method in UserServiceImpl
2024-12-09 04:03:13.988 [main] TRACE UserServiceImpl - Entering updateUser method in UserServiceImpl
2024-12-09 04:03:13.988 [main] DEBUG UserServiceImpl - Updating user with id: 1
2024-12-09 04:03:13.989 [main] ERROR UserServiceImpl - User doesn't exist with id 1
2024-12-09 04:03:13.994 [main] TRACE UserServiceImpl - Entering createUser method in UserServiceImpl
2024-12-09 04:03:13.995 [main] DEBUG UserServiceImpl - Creating user with username: newUser
2024-12-09 04:03:14.011 [main] INFO  UserServiceImpl - Sent create message to RabbitMQ for user: newUser
2024-12-09 04:03:14.011 [main] INFO  UserServiceImpl - User created successfully: newUser
2024-12-09 04:03:14.012 [main] TRACE UserServiceImpl - Exiting createUser method in UserServiceImpl
2024-12-09 04:03:14.017 [main] TRACE UserServiceImpl - Entering getUsernameByEmail method in UserServiceImpl
2024-12-09 04:03:14.017 [main] INFO  UserServiceImpl - Fetching username by email: test@example.com
2024-12-09 04:03:14.017 [main] DEBUG UserServiceImpl - Found username: testUser
2024-12-09 04:03:14.017 [main] TRACE UserServiceImpl - Exiting getUsernameByEmail method in UserServiceImpl
2024-12-09 04:03:14.022 [main] TRACE UserServiceImpl - Entering createUser method in UserServiceImpl
2024-12-09 04:03:14.022 [main] DEBUG UserServiceImpl - Creating user with username: null
2024-12-09 04:03:14.022 [main] ERROR UserServiceImpl - Email 'existingEmail@example.com' is already taken
2024-12-09 04:03:14.029 [main] TRACE UserServiceImpl - Entering getUserById method in UserServiceImpl
2024-12-09 04:03:14.029 [main] INFO  UserServiceImpl - Fetching user by ID: 1
2024-12-09 04:03:14.030 [main] DEBUG UserServiceImpl - Fetched user: GetUserResponse(id=null, firstName=null, lastName=null, username=testUser, hospitalId=null, email=null, roles=null, gender=null)
2024-12-09 04:03:14.040 [main] TRACE UserServiceImpl - Exiting getUserById method in UserServiceImpl
2024-12-09 04:03:14.045 [main] TRACE UserServiceImpl - Entering getCurrentUser method in UserServiceImpl
2024-12-09 04:03:14.045 [main] INFO  UserServiceImpl - Fetching current user by username: testUser
2024-12-09 04:03:14.046 [main] DEBUG UserServiceImpl - Fetched current user: GetUserResponse(id=null, firstName=null, lastName=null, username=testUser, hospitalId=null, email=null, roles=null, gender=null)
2024-12-09 04:03:14.046 [main] TRACE UserServiceImpl - Exiting getCurrentUser method in UserServiceImpl
2024-12-09 04:03:14.050 [main] TRACE UserServiceImpl - Entering updateUser method in UserServiceImpl
2024-12-09 04:03:14.050 [main] DEBUG UserServiceImpl - Updating user with id: null
2024-12-09 04:03:14.050 [main] ERROR UserServiceImpl - Id must not be null
2024-12-09 04:03:14.055 [main] TRACE UserServiceImpl - Entering restoreUser method in UserServiceImpl
2024-12-09 04:03:14.056 [main] DEBUG UserServiceImpl - Restoring user with id: 1
2024-12-09 04:03:14.057 [main] INFO  UserServiceImpl - Sent restore message to RabbitMQ for user: userToRestore
2024-12-09 04:03:14.058 [main] INFO  UserServiceImpl - User restored successfully: userToRestore
2024-12-09 04:03:14.059 [main] TRACE UserServiceImpl - Exiting restoreUser method in UserServiceImpl
2024-12-09 04:03:14.064 [main] TRACE UserServiceImpl - Entering getUserById method in UserServiceImpl
2024-12-09 04:03:14.064 [main] INFO  UserServiceImpl - Fetching user by ID: 1
2024-12-09 04:03:14.064 [main] ERROR UserServiceImpl - User not found with ID: 1
2024-12-09 04:03:14.070 [main] TRACE UserServiceImpl - Entering updateUser method in UserServiceImpl
2024-12-09 04:03:14.070 [main] DEBUG UserServiceImpl - Updating user with id: 1
2024-12-09 04:03:14.071 [main] ERROR UserServiceImpl - Email is already taken newEmail@example.com
2024-12-09 04:03:14.076 [main] TRACE UserServiceImpl - Entering removeRole method in UserServiceImpl
2024-12-09 04:03:14.076 [main] INFO  UserServiceImpl - Removing role 'ADMIN' from user with id '1'
2024-12-09 04:03:14.078 [main] INFO  UserServiceImpl - Successfully sent remove role message for user 'existingUser'
2024-12-09 04:03:14.078 [main] INFO  UserServiceImpl - Role 'ADMIN' removed successfully from user 'existingUser'
2024-12-09 04:03:14.079 [main] TRACE UserServiceImpl - Exiting removeRole method in UserServiceImpl
2024-12-09 04:03:14.083 [main] TRACE UserServiceImpl - Entering addRole method in UserServiceImpl
2024-12-09 04:03:14.084 [main] INFO  UserServiceImpl - Adding role 'ADMIN' to user with id '1'
2024-12-09 04:03:14.084 [main] ERROR UserServiceImpl - User not found with id '1'
2024-12-09 04:03:14.089 [main] TRACE UserServiceImpl - Entering addRole method in UserServiceImpl
2024-12-09 04:03:14.089 [main] INFO  UserServiceImpl - Adding role 'ADMIN' to user with id '1'
2024-12-09 04:03:14.089 [main] ERROR UserServiceImpl - User 'existingUser' already has this role: 'ADMIN'
2024-12-09 04:03:14.094 [main] TRACE UserServiceImpl - Entering removeRole method in UserServiceImpl
2024-12-09 04:03:14.094 [main] INFO  UserServiceImpl - Removing role 'ADMIN' from user with id '1'
2024-12-09 04:03:14.095 [main] ERROR UserServiceImpl - Cannot remove role. User 'existingUser' must have at least one role
2024-12-09 04:03:14.096 [main] TRACE UserServiceImpl - Entering removeRole method in UserServiceImpl
2024-12-09 04:03:14.096 [main] INFO  UserServiceImpl - Removing role 'ADMIN' from user with id '1'
2024-12-09 04:03:14.096 [main] ERROR UserServiceImpl - User not found with id: '1'
2024-12-09 04:03:14.105 [main] TRACE UserServiceImpl - Entering restoreUser method in UserServiceImpl
2024-12-09 04:03:14.105 [main] DEBUG UserServiceImpl - Restoring user with id: 1
2024-12-09 04:03:14.105 [main] ERROR UserServiceImpl - User does not exist with id 1
2024-12-09 04:03:14.109 [main] TRACE UserServiceImpl - Entering getUsernameByEmail method in UserServiceImpl
2024-12-09 04:03:14.110 [main] INFO  UserServiceImpl - Fetching username by email: test@example.com
2024-12-09 04:03:14.110 [main] ERROR UserServiceImpl - No users registered to this email address: test@example.com
2024-12-09 04:03:14.114 [main] TRACE UserServiceImpl - Entering updateUser method in UserServiceImpl
2024-12-09 04:03:14.114 [main] DEBUG UserServiceImpl - Updating user with id: 1
2024-12-09 04:03:14.114 [main] ERROR UserServiceImpl - Username is taken newUsername
2024-12-09 04:03:14.118 [main] TRACE UserServiceImpl - Entering deleteUser method in UserServiceImpl
2024-12-09 04:03:14.118 [main] DEBUG UserServiceImpl - Deleting user with id: 1
2024-12-09 04:03:14.119 [main] ERROR UserServiceImpl - User doesn't exist with id: 1
2024-12-09 04:03:14.125 [main] TRACE UserServiceImpl - Entering addRole method in UserServiceImpl
2024-12-09 04:03:14.125 [main] INFO  UserServiceImpl - Adding role 'TECHNICIAN' to user with id '1'
2024-12-09 04:03:14.126 [main] INFO  UserServiceImpl - Successfully sent add role message for user 'existingUser'
2024-12-09 04:03:14.126 [main] INFO  UserServiceImpl - Role 'TECHNICIAN' added successfully to user 'existingUser'
2024-12-09 04:03:14.126 [main] TRACE UserServiceImpl - Exiting addRole method in UserServiceImpl
2024-12-09 04:03:14.131 [main] TRACE UserServiceImpl - Entering deleteUser method in UserServiceImpl
2024-12-09 04:03:14.132 [main] DEBUG UserServiceImpl - Deleting user with id: 1
2024-12-09 04:03:14.132 [main] INFO  UserServiceImpl - Sent delete message to RabbitMQ for user: userToDelete
2024-12-09 04:03:14.132 [main] INFO  UserServiceImpl - User deleted successfully: userToDelete
2024-12-09 04:03:14.132 [main] TRACE UserServiceImpl - Exiting deleteUser method in UserServiceImpl
2024-12-09 04:03:14.137 [main] TRACE UserServiceImpl - Entering createUser method in UserServiceImpl
2024-12-09 04:03:14.138 [main] DEBUG UserServiceImpl - Creating user with username: existingUser
2024-12-09 04:03:14.138 [main] ERROR UserServiceImpl - Username 'existingUser' is already taken
2024-12-09 04:03:14.144 [main] TRACE UserServiceImpl - Entering updateCurrentUser method in UserServiceImpl
2024-12-09 04:03:14.144 [main] INFO  UserServiceImpl - Updating current user: testUser
2024-12-09 04:03:14.144 [main] ERROR UserServiceImpl - User doesn't exist with username: testUser
2024-12-09 04:03:14.149 [main] TRACE UserServiceImpl - Entering getCurrentUser method in UserServiceImpl
2024-12-09 04:03:14.149 [main] INFO  UserServiceImpl - Fetching current user by username: testUser
2024-12-09 04:03:14.149 [main] ERROR UserServiceImpl - User not found with username: testUser
