2024-10-17 00:15:59.497 [main] TRACE FallbackController - Entering fallbackReport method in FallbackController
2024-10-17 00:15:59.497 [main] ERROR FallbackController - Report service is unavailable, executing fallback method
2024-10-17 00:15:59.497 [main] TRACE FallbackController - Exiting fallbackReport method in FallbackController
2024-10-17 00:15:59.512 [main] TRACE FallbackController - Entering fallbackUser method in FallbackController
2024-10-17 00:15:59.512 [main] ERROR FallbackController - User service is unavailable, executing fallback method
2024-10-17 00:15:59.512 [main] TRACE FallbackController - Exiting fallbackUser method in FallbackController
2024-10-17 00:15:59.528 [main] TRACE FallbackController - Entering fallbackAuth method in FallbackController
2024-10-17 00:15:59.528 [main] ERROR FallbackController - Auth service is unavailable, executing fallback method
2024-10-17 00:15:59.528 [main] TRACE FallbackController - Exiting fallbackAuth method in FallbackController
2024-10-17 00:15:59.528 [main] TRACE FallbackController - Entering fallbackPatient method in FallbackController
2024-10-17 00:15:59.528 [main] ERROR FallbackController - Patient service is unavailable, executing fallback method
2024-10-17 00:15:59.528 [main] TRACE FallbackController - Exiting fallbackPatient method in FallbackController
2024-10-17 00:16:55.882 [main] TRACE FallbackController - Entering fallbackReport method in FallbackController
2024-10-17 00:16:55.882 [main] ERROR FallbackController - Report service is unavailable, executing fallback method
2024-10-17 00:16:55.882 [main] TRACE FallbackController - Exiting fallbackReport method in FallbackController
2024-10-17 00:16:55.897 [main] TRACE FallbackController - Entering fallbackUser method in FallbackController
2024-10-17 00:16:55.897 [main] ERROR FallbackController - User service is unavailable, executing fallback method
2024-10-17 00:16:55.897 [main] TRACE FallbackController - Exiting fallbackUser method in FallbackController
2024-10-17 00:16:55.913 [main] TRACE FallbackController - Entering fallbackAuth method in FallbackController
2024-10-17 00:16:55.913 [main] ERROR FallbackController - Auth service is unavailable, executing fallback method
2024-10-17 00:16:55.913 [main] TRACE FallbackController - Exiting fallbackAuth method in FallbackController
2024-10-17 00:16:55.913 [main] TRACE FallbackController - Entering fallbackPatient method in FallbackController
2024-10-17 00:16:55.913 [main] ERROR FallbackController - Patient service is unavailable, executing fallback method
2024-10-17 00:16:55.913 [main] TRACE FallbackController - Exiting fallbackPatient method in FallbackController
2024-10-17 21:57:27.615 [main] TRACE JwtUtil - Initializing Redis connection pool with host: localhost, port: 6379
2024-10-17 21:57:27.637 [main] TRACE JwtUtil - Redis connection pool initialized successfully.
2024-10-17 21:58:52.826 [main] TRACE JwtUtil - Initializing Redis connection pool with host: localhost, port: 6379
2024-10-17 21:58:52.847 [main] TRACE JwtUtil - Redis connection pool initialized successfully.
2024-10-17 21:59:58.478 [main] TRACE JwtUtil - Initializing Redis connection pool with host: localhost, port: 6379
2024-10-17 21:59:58.494 [main] TRACE JwtUtil - Redis connection pool initialized successfully.
2024-10-17 22:15:06.711 [main] TRACE JwtUtil - Initializing Redis connection pool with host: localhost, port: invalidPort
2024-10-17 22:15:45.627 [main] TRACE JwtUtil - Initializing Redis connection pool with host: localhost, port: 6379
2024-10-17 22:15:45.643 [main] TRACE JwtUtil - Redis connection pool initialized successfully.
2024-10-17 22:32:31.719 [main] TRACE JwtUtil - Entering getClaimsAndValidate method in JwtUtils
2024-10-17 22:32:31.735 [main] DEBUG JwtUtil - Validating token: null
2024-10-17 22:32:31.860 [main] TRACE JwtUtil - Entering getSignInKey method in JwtUtils
2024-10-17 22:32:31.860 [main] DEBUG JwtUtil - Retrieving secret key for JWT validation.
2024-10-17 22:32:31.860 [main] DEBUG JwtUtil - Secret key retrieved successfully.
2024-10-17 22:32:31.860 [main] TRACE JwtUtil - Exiting getSignInKey method in JwtUtils
2024-10-17 22:32:31.923 [main] ERROR JwtUtil - Invalid token: null
java.lang.IllegalArgumentException: CharSequence cannot be null or empty.
	at io.jsonwebtoken.lang.Assert.hasText(Assert.java:151) ~[jjwt-api-0.12.6.jar:0.12.6]
	at io.jsonwebtoken.impl.io.AbstractParser.parse(AbstractParser.java:28) ~[jjwt-impl-0.12.6.jar:0.12.6]
	at io.jsonwebtoken.impl.DefaultJwtParser.parseSignedClaims(DefaultJwtParser.java:830) ~[jjwt-impl-0.12.6.jar:0.12.6]
	at com.lab.backend.gateway.utilities.JwtUtil.getClaimsAndValidate(JwtUtil.java:74) ~[classes/:?]
	at com.lab.backend.gateway.utilities.JwtUtilTest.lambda$testGetClaimsAndValidate_shouldThrowInvalidTokenException_whenTokenIsNull$1(JwtUtilTest.java:59) ~[test-classes/:?]
	at org.junit.jupiter.api.AssertThrows.assertThrows(AssertThrows.java:53) ~[junit-jupiter-api-5.10.3.jar:5.10.3]
	at org.junit.jupiter.api.AssertThrows.assertThrows(AssertThrows.java:35) ~[junit-jupiter-api-5.10.3.jar:5.10.3]
	at org.junit.jupiter.api.Assertions.assertThrows(Assertions.java:3115) ~[junit-jupiter-api-5.10.3.jar:5.10.3]
	at com.lab.backend.gateway.utilities.JwtUtilTest.testGetClaimsAndValidate_shouldThrowInvalidTokenException_whenTokenIsNull(JwtUtilTest.java:59) ~[test-classes/:?]
	at java.base/jdk.internal.reflect.NativeMethodAccessorImpl.invoke0(Native Method) ~[?:?]
	at java.base/jdk.internal.reflect.NativeMethodAccessorImpl.invoke(NativeMethodAccessorImpl.java:77) ~[?:?]
	at java.base/jdk.internal.reflect.DelegatingMethodAccessorImpl.invoke(DelegatingMethodAccessorImpl.java:43) ~[?:?]
	at java.base/java.lang.reflect.Method.invoke(Method.java:568) ~[?:?]
	at org.junit.platform.commons.util.ReflectionUtils.invokeMethod(ReflectionUtils.java:728) ~[junit-platform-commons-1.10.3.jar:1.10.3]
	at org.junit.jupiter.engine.execution.MethodInvocation.proceed(MethodInvocation.java:60) ~[junit-jupiter-engine-5.10.3.jar:5.10.3]
	at org.junit.jupiter.engine.execution.InvocationInterceptorChain$ValidatingInvocation.proceed(InvocationInterceptorChain.java:131) ~[junit-jupiter-engine-5.10.3.jar:5.10.3]
	at org.junit.jupiter.engine.extension.TimeoutExtension.intercept(TimeoutExtension.java:156) ~[junit-jupiter-engine-5.10.3.jar:5.10.3]
	at org.junit.jupiter.engine.extension.TimeoutExtension.interceptTestableMethod(TimeoutExtension.java:147) ~[junit-jupiter-engine-5.10.3.jar:5.10.3]
	at org.junit.jupiter.engine.extension.TimeoutExtension.interceptTestMethod(TimeoutExtension.java:86) ~[junit-jupiter-engine-5.10.3.jar:5.10.3]
	at org.junit.jupiter.engine.execution.InterceptingExecutableInvoker$ReflectiveInterceptorCall.lambda$ofVoidMethod$0(InterceptingExecutableInvoker.java:103) ~[junit-jupiter-engine-5.10.3.jar:5.10.3]
	at org.junit.jupiter.engine.execution.InterceptingExecutableInvoker.lambda$invoke$0(InterceptingExecutableInvoker.java:93) ~[junit-jupiter-engine-5.10.3.jar:5.10.3]
	at org.junit.jupiter.engine.execution.InvocationInterceptorChain$InterceptedInvocation.proceed(InvocationInterceptorChain.java:106) ~[junit-jupiter-engine-5.10.3.jar:5.10.3]
	at org.junit.jupiter.engine.execution.InvocationInterceptorChain.proceed(InvocationInterceptorChain.java:64) ~[junit-jupiter-engine-5.10.3.jar:5.10.3]
	at org.junit.jupiter.engine.execution.InvocationInterceptorChain.chainAndInvoke(InvocationInterceptorChain.java:45) ~[junit-jupiter-engine-5.10.3.jar:5.10.3]
	at org.junit.jupiter.engine.execution.InvocationInterceptorChain.invoke(InvocationInterceptorChain.java:37) ~[junit-jupiter-engine-5.10.3.jar:5.10.3]
	at org.junit.jupiter.engine.execution.InterceptingExecutableInvoker.invoke(InterceptingExecutableInvoker.java:92) ~[junit-jupiter-engine-5.10.3.jar:5.10.3]
	at org.junit.jupiter.engine.execution.InterceptingExecutableInvoker.invoke(InterceptingExecutableInvoker.java:86) ~[junit-jupiter-engine-5.10.3.jar:5.10.3]
	at org.junit.jupiter.engine.descriptor.TestMethodTestDescriptor.lambda$invokeTestMethod$7(TestMethodTestDescriptor.java:218) ~[junit-jupiter-engine-5.10.3.jar:5.10.3]
	at org.junit.platform.engine.support.hierarchical.ThrowableCollector.execute(ThrowableCollector.java:73) ~[junit-platform-engine-1.10.3.jar:1.10.3]
	at org.junit.jupiter.engine.descriptor.TestMethodTestDescriptor.invokeTestMethod(TestMethodTestDescriptor.java:214) ~[junit-jupiter-engine-5.10.3.jar:5.10.3]
	at org.junit.jupiter.engine.descriptor.TestMethodTestDescriptor.execute(TestMethodTestDescriptor.java:139) ~[junit-jupiter-engine-5.10.3.jar:5.10.3]
	at org.junit.jupiter.engine.descriptor.TestMethodTestDescriptor.execute(TestMethodTestDescriptor.java:69) ~[junit-jupiter-engine-5.10.3.jar:5.10.3]
	at org.junit.platform.engine.support.hierarchical.NodeTestTask.lambda$executeRecursively$6(NodeTestTask.java:151) ~[junit-platform-engine-1.10.3.jar:1.10.3]
	at org.junit.platform.engine.support.hierarchical.ThrowableCollector.execute(ThrowableCollector.java:73) ~[junit-platform-engine-1.10.3.jar:1.10.3]
	at org.junit.platform.engine.support.hierarchical.NodeTestTask.lambda$executeRecursively$8(NodeTestTask.java:141) ~[junit-platform-engine-1.10.3.jar:1.10.3]
	at org.junit.platform.engine.support.hierarchical.Node.around(Node.java:137) ~[junit-platform-engine-1.10.3.jar:1.10.3]
	at org.junit.platform.engine.support.hierarchical.NodeTestTask.lambda$executeRecursively$9(NodeTestTask.java:139) ~[junit-platform-engine-1.10.3.jar:1.10.3]
	at org.junit.platform.engine.support.hierarchical.ThrowableCollector.execute(ThrowableCollector.java:73) ~[junit-platform-engine-1.10.3.jar:1.10.3]
	at org.junit.platform.engine.support.hierarchical.NodeTestTask.executeRecursively(NodeTestTask.java:138) ~[junit-platform-engine-1.10.3.jar:1.10.3]
	at org.junit.platform.engine.support.hierarchical.NodeTestTask.execute(NodeTestTask.java:95) ~[junit-platform-engine-1.10.3.jar:1.10.3]
	at java.base/java.util.ArrayList.forEach(ArrayList.java:1511) ~[?:?]
	at org.junit.platform.engine.support.hierarchical.SameThreadHierarchicalTestExecutorService.invokeAll(SameThreadHierarchicalTestExecutorService.java:41) ~[junit-platform-engine-1.10.3.jar:1.10.3]
	at org.junit.platform.engine.support.hierarchical.NodeTestTask.lambda$executeRecursively$6(NodeTestTask.java:155) ~[junit-platform-engine-1.10.3.jar:1.10.3]
	at org.junit.platform.engine.support.hierarchical.ThrowableCollector.execute(ThrowableCollector.java:73) ~[junit-platform-engine-1.10.3.jar:1.10.3]
	at org.junit.platform.engine.support.hierarchical.NodeTestTask.lambda$executeRecursively$8(NodeTestTask.java:141) ~[junit-platform-engine-1.10.3.jar:1.10.3]
	at org.junit.platform.engine.support.hierarchical.Node.around(Node.java:137) ~[junit-platform-engine-1.10.3.jar:1.10.3]
	at org.junit.platform.engine.support.hierarchical.NodeTestTask.lambda$executeRecursively$9(NodeTestTask.java:139) ~[junit-platform-engine-1.10.3.jar:1.10.3]
	at org.junit.platform.engine.support.hierarchical.ThrowableCollector.execute(ThrowableCollector.java:73) ~[junit-platform-engine-1.10.3.jar:1.10.3]
	at org.junit.platform.engine.support.hierarchical.NodeTestTask.executeRecursively(NodeTestTask.java:138) ~[junit-platform-engine-1.10.3.jar:1.10.3]
	at org.junit.platform.engine.support.hierarchical.NodeTestTask.execute(NodeTestTask.java:95) ~[junit-platform-engine-1.10.3.jar:1.10.3]
	at java.base/java.util.ArrayList.forEach(ArrayList.java:1511) ~[?:?]
	at org.junit.platform.engine.support.hierarchical.SameThreadHierarchicalTestExecutorService.invokeAll(SameThreadHierarchicalTestExecutorService.java:41) ~[junit-platform-engine-1.10.3.jar:1.10.3]
	at org.junit.platform.engine.support.hierarchical.NodeTestTask.lambda$executeRecursively$6(NodeTestTask.java:155) ~[junit-platform-engine-1.10.3.jar:1.10.3]
	at org.junit.platform.engine.support.hierarchical.ThrowableCollector.execute(ThrowableCollector.java:73) ~[junit-platform-engine-1.10.3.jar:1.10.3]
	at org.junit.platform.engine.support.hierarchical.NodeTestTask.lambda$executeRecursively$8(NodeTestTask.java:141) ~[junit-platform-engine-1.10.3.jar:1.10.3]
	at org.junit.platform.engine.support.hierarchical.Node.around(Node.java:137) ~[junit-platform-engine-1.10.3.jar:1.10.3]
	at org.junit.platform.engine.support.hierarchical.NodeTestTask.lambda$executeRecursively$9(NodeTestTask.java:139) ~[junit-platform-engine-1.10.3.jar:1.10.3]
	at org.junit.platform.engine.support.hierarchical.ThrowableCollector.execute(ThrowableCollector.java:73) ~[junit-platform-engine-1.10.3.jar:1.10.3]
	at org.junit.platform.engine.support.hierarchical.NodeTestTask.executeRecursively(NodeTestTask.java:138) ~[junit-platform-engine-1.10.3.jar:1.10.3]
	at org.junit.platform.engine.support.hierarchical.NodeTestTask.execute(NodeTestTask.java:95) ~[junit-platform-engine-1.10.3.jar:1.10.3]
	at org.junit.platform.engine.support.hierarchical.SameThreadHierarchicalTestExecutorService.submit(SameThreadHierarchicalTestExecutorService.java:35) ~[junit-platform-engine-1.10.3.jar:1.10.3]
	at org.junit.platform.engine.support.hierarchical.HierarchicalTestExecutor.execute(HierarchicalTestExecutor.java:57) ~[junit-platform-engine-1.10.3.jar:1.10.3]
	at org.junit.platform.engine.support.hierarchical.HierarchicalTestEngine.execute(HierarchicalTestEngine.java:54) ~[junit-platform-engine-1.10.3.jar:1.10.3]
	at org.junit.platform.launcher.core.EngineExecutionOrchestrator.execute(EngineExecutionOrchestrator.java:198) ~[junit-platform-launcher-1.10.3.jar:1.10.3]
	at org.junit.platform.launcher.core.EngineExecutionOrchestrator.execute(EngineExecutionOrchestrator.java:169) ~[junit-platform-launcher-1.10.3.jar:1.10.3]
	at org.junit.platform.launcher.core.EngineExecutionOrchestrator.execute(EngineExecutionOrchestrator.java:93) ~[junit-platform-launcher-1.10.3.jar:1.10.3]
	at org.junit.platform.launcher.core.EngineExecutionOrchestrator.lambda$execute$0(EngineExecutionOrchestrator.java:58) ~[junit-platform-launcher-1.10.3.jar:1.10.3]
	at org.junit.platform.launcher.core.EngineExecutionOrchestrator.withInterceptedStreams(EngineExecutionOrchestrator.java:141) [junit-platform-launcher-1.10.3.jar:1.10.3]
	at org.junit.platform.launcher.core.EngineExecutionOrchestrator.execute(EngineExecutionOrchestrator.java:57) [junit-platform-launcher-1.10.3.jar:1.10.3]
	at org.junit.platform.launcher.core.DefaultLauncher.execute(DefaultLauncher.java:103) [junit-platform-launcher-1.10.3.jar:1.10.3]
	at org.junit.platform.launcher.core.DefaultLauncher.execute(DefaultLauncher.java:85) [junit-platform-launcher-1.10.3.jar:1.10.3]
	at org.junit.platform.launcher.core.DelegatingLauncher.execute(DelegatingLauncher.java:47) [junit-platform-launcher-1.10.3.jar:1.10.3]
	at org.junit.platform.launcher.core.SessionPerRequestLauncher.execute(SessionPerRequestLauncher.java:63) [junit-platform-launcher-1.10.3.jar:1.10.3]
	at com.intellij.junit5.JUnit5IdeaTestRunner.startRunnerWithArgs(JUnit5IdeaTestRunner.java:57) [junit5-rt.jar:?]
	at com.intellij.rt.junit.IdeaTestRunner$Repeater$1.execute(IdeaTestRunner.java:38) [junit-rt.jar:?]
	at com.intellij.rt.execution.junit.TestsRepeater.repeat(TestsRepeater.java:11) [idea_rt.jar:?]
	at com.intellij.rt.junit.IdeaTestRunner$Repeater.startRunnerWithArgs(IdeaTestRunner.java:35) [junit-rt.jar:?]
	at com.intellij.rt.junit.JUnitStarter.prepareStreamsAndStart(JUnitStarter.java:232) [junit-rt.jar:?]
	at com.intellij.rt.junit.JUnitStarter.main(JUnitStarter.java:55) [junit-rt.jar:?]
2024-10-17 22:32:31.923 [main] TRACE JwtUtil - Exiting getClaimsAndValidate method in JwtUtils
2024-10-17 22:40:44.828 [main] TRACE JwtUtil - Entering getClaimsAndValidate method in JwtUtils
2024-10-17 22:40:44.844 [main] DEBUG JwtUtil - Validating token: null
2024-10-17 22:40:44.938 [main] TRACE JwtUtil - Entering getSignInKey method in JwtUtils
2024-10-17 22:40:44.938 [main] DEBUG JwtUtil - Retrieving secret key for JWT validation.
2024-10-17 22:40:44.938 [main] DEBUG JwtUtil - Secret key retrieved successfully.
2024-10-17 22:40:44.938 [main] TRACE JwtUtil - Exiting getSignInKey method in JwtUtils
2024-10-17 22:40:44.984 [main] ERROR JwtUtil - Error while parsing token: CharSequence cannot be null or empty.
2024-10-17 22:40:44.984 [main] TRACE JwtUtil - Exiting getClaimsAndValidate method in JwtUtils
2024-10-17 23:50:58.073 [main] TRACE JwtUtil - Entering getClaimsAndValidate method in JwtUtils
2024-10-17 23:50:58.089 [main] DEBUG JwtUtil - Validating token: invalidToken
2024-10-17 23:50:58.183 [main] TRACE JwtUtil - Entering getSignInKey method in JwtUtils
2024-10-17 23:50:58.183 [main] DEBUG JwtUtil - Retrieving secret key for JWT validation.
2024-10-17 23:50:58.183 [main] DEBUG JwtUtil - Secret key retrieved successfully.
2024-10-17 23:50:58.198 [main] TRACE JwtUtil - Exiting getSignInKey method in JwtUtils
2024-10-17 23:50:58.229 [main] ERROR JwtUtil - Error while parsing token: Invalid compact JWT string: Compact JWSs must contain exactly 2 period characters, and compact JWEs must contain exactly 4.  Found: 0
2024-10-17 23:50:58.229 [main] TRACE JwtUtil - Exiting getClaimsAndValidate method in JwtUtils
