2024-10-27 23:20:02.885 [main] TRACE AuthGatewayFilterFactory - Entering apply method in AuthGatewayFilterFactory class
2024-10-27 23:20:02.907 [main] INFO  AuthGatewayFilterFactory - Processing request for path: null
2024-10-27 23:20:02.909 [main] DEBUG AuthGatewayFilterFactory - Request is to a secured route: null
2024-10-27 23:20:02.910 [main] DEBUG AuthGatewayFilterFactory - Extracted token: ValidToken
2024-10-27 23:20:02.912 [main] INFO  AuthGatewayFilterFactory - Authenticated user: testuser
2024-10-27 23:20:02.913 [main] DEBUG AuthGatewayFilterFactory - Role-based authorization needed for path: null
2024-10-27 23:20:02.919 [main] ERROR AuthGatewayFilterFactory - No roles found in token for user: testuser
2024-10-27 23:20:02.982 [main] TRACE AuthGatewayFilterFactory - Entering apply method in AuthGatewayFilterFactory class
2024-10-27 23:20:02.982 [main] INFO  AuthGatewayFilterFactory - Processing request for path: null
2024-10-27 23:20:02.983 [main] DEBUG AuthGatewayFilterFactory - Request is to a secured route: null
2024-10-27 23:20:02.983 [main] DEBUG AuthGatewayFilterFactory - Extracted token: ValidToken
2024-10-27 23:20:02.984 [main] INFO  AuthGatewayFilterFactory - Authenticated user: testuser
2024-10-27 23:20:02.984 [main] TRACE AuthGatewayFilterFactory - Exiting apply method in AuthGatewayFilterFactory class with successful authentication
2024-10-27 23:20:03.053 [main] TRACE AuthGatewayFilterFactory - Entering apply method in AuthGatewayFilterFactory class
2024-10-27 23:20:03.054 [main] INFO  AuthGatewayFilterFactory - Processing request for path: /user/me
2024-10-27 23:20:03.054 [main] DEBUG AuthGatewayFilterFactory - Request is to a secured route: /user/me
2024-10-27 23:20:03.054 [main] DEBUG AuthGatewayFilterFactory - Extracted token: ValidToken
2024-10-27 23:20:03.055 [main] INFO  AuthGatewayFilterFactory - Authenticated user: testuser
2024-10-27 23:20:03.056 [main] DEBUG AuthGatewayFilterFactory - Role-based authorization needed for path: /user/me
2024-10-27 23:20:03.057 [main] ERROR AuthGatewayFilterFactory - User testuser does not have sufficient roles for path: /user/me
2024-10-27 23:20:03.066 [main] TRACE AuthGatewayFilterFactory - Entering apply method in AuthGatewayFilterFactory class
2024-10-27 23:20:03.068 [main] INFO  AuthGatewayFilterFactory - Processing request for path: null
2024-10-27 23:20:03.068 [main] DEBUG AuthGatewayFilterFactory - Request is to a secured route: null
2024-10-27 23:20:03.069 [main] ERROR AuthGatewayFilterFactory - Missing or invalid authorization header for request path: null
2024-10-27 23:20:03.076 [main] TRACE AuthGatewayFilterFactory - Entering apply method in AuthGatewayFilterFactory class
2024-10-27 23:20:03.076 [main] INFO  AuthGatewayFilterFactory - Processing request for path: null
2024-10-27 23:20:03.077 [main] DEBUG AuthGatewayFilterFactory - Request is to a secured route: null
2024-10-27 23:20:03.077 [main] DEBUG AuthGatewayFilterFactory - Extracted token: InvalidToken
2024-10-27 23:20:03.078 [main] ERROR AuthGatewayFilterFactory - Invalid token for request path: null
2024-10-27 23:20:03.087 [main] TRACE AuthGatewayFilterFactory - Entering apply method in AuthGatewayFilterFactory class
2024-10-27 23:20:03.088 [main] INFO  AuthGatewayFilterFactory - Processing request for path: null
2024-10-27 23:20:03.088 [main] DEBUG AuthGatewayFilterFactory - Request is to a secured route: null
2024-10-27 23:20:03.089 [main] ERROR AuthGatewayFilterFactory - Missing or invalid authorization header for request path: null
2024-10-27 23:20:03.095 [main] TRACE AuthGatewayFilterFactory - Entering apply method in AuthGatewayFilterFactory class
2024-10-27 23:20:03.096 [main] INFO  AuthGatewayFilterFactory - Processing request for path: null
2024-10-27 23:20:03.097 [main] DEBUG AuthGatewayFilterFactory - Request is to a secured route: null
2024-10-27 23:20:03.097 [main] DEBUG AuthGatewayFilterFactory - Extracted token: LoggedOutToken
2024-10-27 23:20:03.098 [main] ERROR AuthGatewayFilterFactory - Token is logged out: LoggedOutToken
2024-10-27 23:20:03.105 [main] TRACE AuthGatewayFilterFactory - Entering apply method in AuthGatewayFilterFactory class
2024-10-27 23:20:03.106 [main] INFO  AuthGatewayFilterFactory - Processing request for path: null
2024-10-27 23:20:03.107 [main] DEBUG AuthGatewayFilterFactory - Request is to an unsecured route: null
2024-10-27 23:20:03.487 [main] TRACE FallbackController - Entering fallbackReport method in FallbackController
2024-10-27 23:20:03.488 [main] ERROR FallbackController - Report service is unavailable, executing fallback method
2024-10-27 23:20:03.488 [main] TRACE FallbackController - Exiting fallbackReport method in FallbackController
2024-10-27 23:20:03.503 [main] TRACE FallbackController - Entering fallbackUser method in FallbackController
2024-10-27 23:20:03.503 [main] ERROR FallbackController - User service is unavailable, executing fallback method
2024-10-27 23:20:03.504 [main] TRACE FallbackController - Exiting fallbackUser method in FallbackController
2024-10-27 23:20:03.508 [main] TRACE FallbackController - Entering fallbackAuth method in FallbackController
2024-10-27 23:20:03.508 [main] ERROR FallbackController - Auth service is unavailable, executing fallback method
2024-10-27 23:20:03.508 [main] TRACE FallbackController - Exiting fallbackAuth method in FallbackController
2024-10-27 23:20:03.512 [main] TRACE FallbackController - Entering fallbackPatient method in FallbackController
2024-10-27 23:20:03.512 [main] ERROR FallbackController - Patient service is unavailable, executing fallback method
2024-10-27 23:20:03.512 [main] TRACE FallbackController - Exiting fallbackPatient method in FallbackController
2024-10-27 23:20:04.001 [main] TRACE JwtUtil - Entering getRoles method in JwtUtils
2024-10-27 23:20:04.001 [main] DEBUG JwtUtil - Extracting roles from claims: {}
2024-10-27 23:20:04.002 [main] INFO  JwtUtil - Roles extracted: [ROLE_ADMIN]
2024-10-27 23:20:04.002 [main] TRACE JwtUtil - Exiting getRoles method in JwtUtils
2024-10-27 23:20:06.370 [main] TRACE JwtUtil - Entering isLoggedOut method in JwtUtils
2024-10-27 23:20:06.370 [main] DEBUG JwtUtil - Checking if token is logged out: nonExistentToken
2024-10-27 23:20:06.371 [main] ERROR JwtUtil - Token not found in Redis: nonExistentToken
2024-10-27 23:20:06.372 [main] TRACE JwtUtil - Exiting isLoggedOut method in JwtUtils
2024-10-27 23:20:06.382 [main] TRACE JwtUtil - Entering isLoggedOut method in JwtUtils
2024-10-27 23:20:06.382 [main] DEBUG JwtUtil - Checking if token is logged out: loggedOutToken
2024-10-27 23:20:06.385 [main] INFO  JwtUtil - Token loggedOutToken logout status: true
2024-10-27 23:20:06.386 [main] TRACE JwtUtil - Exiting isLoggedOut method in JwtUtils
2024-10-27 23:20:06.391 [main] TRACE JwtUtil - Entering isLoggedOut method in JwtUtils
2024-10-27 23:20:06.392 [main] DEBUG JwtUtil - Checking if token is logged out: token
2024-10-27 23:20:06.392 [main] ERROR JwtUtil - Logout status information not found for token: token
2024-10-27 23:20:06.392 [main] TRACE JwtUtil - Exiting isLoggedOut method in JwtUtils
2024-10-27 23:20:06.396 [main] TRACE JwtUtil - Entering getClaimsAndValidate method in JwtUtils
2024-10-27 23:20:06.397 [main] DEBUG JwtUtil - Validating token: null
2024-10-27 23:20:06.518 [main] TRACE JwtUtil - Entering getSignInKey method in JwtUtils
2024-10-27 23:20:06.519 [main] DEBUG JwtUtil - Retrieving secret key for JWT validation.
2024-10-27 23:20:06.521 [main] DEBUG JwtUtil - Secret key retrieved successfully.
2024-10-27 23:20:06.522 [main] TRACE JwtUtil - Exiting getSignInKey method in JwtUtils
2024-10-27 23:20:06.564 [main] ERROR JwtUtil - Error while parsing token: CharSequence cannot be null or empty.
2024-10-27 23:20:06.564 [main] TRACE JwtUtil - Exiting getClaimsAndValidate method in JwtUtils
2024-10-27 23:20:06.571 [main] TRACE JwtUtil - Entering isLoggedOut method in JwtUtils
2024-10-27 23:20:06.571 [main] DEBUG JwtUtil - Checking if token is logged out: notLoggedOutToken
2024-10-27 23:20:06.572 [main] INFO  JwtUtil - Token notLoggedOutToken logout status: false
2024-10-27 23:20:06.572 [main] TRACE JwtUtil - Exiting isLoggedOut method in JwtUtils
2024-10-27 23:20:06.577 [main] TRACE JwtUtil - Initializing Redis connection pool with host: localhost, port: invalidPort
2024-10-27 23:20:06.740 [main] TRACE JwtUtil - Entering getClaimsAndValidate method in JwtUtils
2024-10-27 23:20:06.741 [main] DEBUG JwtUtil - Validating token: invalidToken
2024-10-27 23:20:06.741 [main] TRACE JwtUtil - Entering getSignInKey method in JwtUtils
2024-10-27 23:20:06.741 [main] DEBUG JwtUtil - Retrieving secret key for JWT validation.
2024-10-27 23:20:06.741 [main] DEBUG JwtUtil - Secret key retrieved successfully.
2024-10-27 23:20:06.741 [main] TRACE JwtUtil - Exiting getSignInKey method in JwtUtils
2024-10-27 23:20:06.745 [main] ERROR JwtUtil - Error while parsing token: Invalid compact JWT string: Compact JWSs must contain exactly 2 period characters, and compact JWEs must contain exactly 4.  Found: 0
2024-10-27 23:20:06.745 [main] TRACE JwtUtil - Exiting getClaimsAndValidate method in JwtUtils
2024-10-27 23:20:06.749 [main] TRACE JwtUtil - Initializing Redis connection pool with host: localhost, port: 6379
2024-10-27 23:20:06.765 [main] TRACE JwtUtil - Redis connection pool initialized successfully.
