2024-10-19 03:09:23.704 [main] TRACE JwtUtil - Entering getRoles method in JwtUtils
2024-10-19 03:09:23.704 [main] DEBUG JwtUtil - Extracting roles from claims: {}
2024-10-19 03:09:23.704 [main] INFO  JwtUtil - Roles extracted: [ROLE_ADMIN]
2024-10-19 03:09:23.704 [main] TRACE JwtUtil - Exiting getRoles method in JwtUtils
2024-10-19 03:09:24.371 [main] TRACE JwtUtil - Entering isLoggedOut method in JwtUtils
2024-10-19 03:09:24.371 [main] DEBUG JwtUtil - Checking if token is logged out: nonExistentToken
2024-10-19 03:09:24.371 [main] ERROR JwtUtil - Token not found in Redis: nonExistentToken
2024-10-19 03:09:24.371 [main] TRACE JwtUtil - Exiting isLoggedOut method in JwtUtils
2024-10-19 03:09:24.371 [main] TRACE JwtUtil - Entering isLoggedOut method in JwtUtils
2024-10-19 03:09:24.371 [main] DEBUG JwtUtil - Checking if token is logged out: loggedOutToken
2024-10-19 03:09:24.386 [main] INFO  JwtUtil - Token loggedOutToken logout status: true
2024-10-19 03:09:24.386 [main] TRACE JwtUtil - Exiting isLoggedOut method in JwtUtils
2024-10-19 03:09:24.402 [main] TRACE JwtUtil - Entering isLoggedOut method in JwtUtils
2024-10-19 03:09:24.402 [main] DEBUG JwtUtil - Checking if token is logged out: token
2024-10-19 03:09:24.402 [main] ERROR JwtUtil - Logout status information not found for token: token
2024-10-19 03:09:24.402 [main] TRACE JwtUtil - Exiting isLoggedOut method in JwtUtils
2024-10-19 03:09:24.402 [main] TRACE JwtUtil - Entering getClaimsAndValidate method in JwtUtils
2024-10-19 03:09:24.402 [main] DEBUG JwtUtil - Validating token: null
2024-10-19 03:09:24.496 [main] TRACE JwtUtil - Entering getSignInKey method in JwtUtils
2024-10-19 03:09:24.496 [main] DEBUG JwtUtil - Retrieving secret key for JWT validation.
2024-10-19 03:09:24.496 [main] DEBUG JwtUtil - Secret key retrieved successfully.
2024-10-19 03:09:24.496 [main] TRACE JwtUtil - Exiting getSignInKey method in JwtUtils
2024-10-19 03:09:24.527 [main] ERROR JwtUtil - Error while parsing token: CharSequence cannot be null or empty.
2024-10-19 03:09:24.527 [main] TRACE JwtUtil - Exiting getClaimsAndValidate method in JwtUtils
2024-10-19 03:09:24.527 [main] TRACE JwtUtil - Entering isLoggedOut method in JwtUtils
2024-10-19 03:09:24.527 [main] DEBUG JwtUtil - Checking if token is logged out: notLoggedOutToken
2024-10-19 03:09:24.527 [main] INFO  JwtUtil - Token notLoggedOutToken logout status: false
2024-10-19 03:09:24.527 [main] TRACE JwtUtil - Exiting isLoggedOut method in JwtUtils
2024-10-19 03:09:24.527 [main] TRACE JwtUtil - Initializing Redis connection pool with host: localhost, port: invalidPort
2024-10-19 03:09:24.621 [main] TRACE JwtUtil - Entering getClaimsAndValidate method in JwtUtils
2024-10-19 03:09:24.621 [main] DEBUG JwtUtil - Validating token: invalidToken
2024-10-19 03:09:24.621 [main] TRACE JwtUtil - Entering getSignInKey method in JwtUtils
2024-10-19 03:09:24.621 [main] DEBUG JwtUtil - Retrieving secret key for JWT validation.
2024-10-19 03:09:24.621 [main] DEBUG JwtUtil - Secret key retrieved successfully.
2024-10-19 03:09:24.621 [main] TRACE JwtUtil - Exiting getSignInKey method in JwtUtils
2024-10-19 03:09:24.636 [main] ERROR JwtUtil - Error while parsing token: Invalid compact JWT string: Compact JWSs must contain exactly 2 period characters, and compact JWEs must contain exactly 4.  Found: 0
2024-10-19 03:09:24.636 [main] TRACE JwtUtil - Exiting getClaimsAndValidate method in JwtUtils
2024-10-19 03:09:24.636 [main] TRACE JwtUtil - Initializing Redis connection pool with host: localhost, port: 6379
2024-10-19 03:09:24.652 [main] TRACE JwtUtil - Redis connection pool initialized successfully.
2024-10-19 03:10:32.487 [main] TRACE FallbackController - Entering fallbackReport method in FallbackController
2024-10-19 03:10:32.487 [main] ERROR FallbackController - Report service is unavailable, executing fallback method
2024-10-19 03:10:32.487 [main] TRACE FallbackController - Exiting fallbackReport method in FallbackController
2024-10-19 03:10:32.503 [main] TRACE FallbackController - Entering fallbackUser method in FallbackController
2024-10-19 03:10:32.503 [main] ERROR FallbackController - User service is unavailable, executing fallback method
2024-10-19 03:10:32.503 [main] TRACE FallbackController - Exiting fallbackUser method in FallbackController
2024-10-19 03:10:32.503 [main] TRACE FallbackController - Entering fallbackAuth method in FallbackController
2024-10-19 03:10:32.503 [main] ERROR FallbackController - Auth service is unavailable, executing fallback method
2024-10-19 03:10:32.503 [main] TRACE FallbackController - Exiting fallbackAuth method in FallbackController
2024-10-19 03:10:32.503 [main] TRACE FallbackController - Entering fallbackPatient method in FallbackController
2024-10-19 03:10:32.503 [main] ERROR FallbackController - Patient service is unavailable, executing fallback method
2024-10-19 03:10:32.503 [main] TRACE FallbackController - Exiting fallbackPatient method in FallbackController
2024-10-19 03:11:02.297 [main] TRACE AuthGatewayFilterFactory - Entering apply method in AuthGatewayFilterFactory class
2024-10-19 03:11:02.312 [main] INFO  AuthGatewayFilterFactory - Processing request for path: null
2024-10-19 03:11:02.312 [main] DEBUG AuthGatewayFilterFactory - Request is to a secured route: null
2024-10-19 03:11:02.312 [main] DEBUG AuthGatewayFilterFactory - Extracted token: ValidToken
2024-10-19 03:11:02.312 [main] INFO  AuthGatewayFilterFactory - Authenticated user: testuser
2024-10-19 03:11:02.312 [main] DEBUG AuthGatewayFilterFactory - Role-based authorization needed for path: null
2024-10-19 03:11:02.312 [main] ERROR AuthGatewayFilterFactory - No roles found in token for user: testuser
2024-10-19 03:11:02.359 [main] TRACE AuthGatewayFilterFactory - Entering apply method in AuthGatewayFilterFactory class
2024-10-19 03:11:02.359 [main] INFO  AuthGatewayFilterFactory - Processing request for path: null
2024-10-19 03:11:02.359 [main] DEBUG AuthGatewayFilterFactory - Request is to a secured route: null
2024-10-19 03:11:02.359 [main] DEBUG AuthGatewayFilterFactory - Extracted token: ValidToken
2024-10-19 03:11:02.375 [main] INFO  AuthGatewayFilterFactory - Authenticated user: testuser
2024-10-19 03:11:02.375 [main] TRACE AuthGatewayFilterFactory - Exiting apply method in AuthGatewayFilterFactory class with successful authentication
2024-10-19 03:11:02.437 [main] TRACE AuthGatewayFilterFactory - Entering apply method in AuthGatewayFilterFactory class
2024-10-19 03:11:02.437 [main] INFO  AuthGatewayFilterFactory - Processing request for path: /user/me
2024-10-19 03:11:02.437 [main] DEBUG AuthGatewayFilterFactory - Request is to a secured route: /user/me
2024-10-19 03:11:02.437 [main] DEBUG AuthGatewayFilterFactory - Extracted token: ValidToken
2024-10-19 03:11:02.437 [main] INFO  AuthGatewayFilterFactory - Authenticated user: testuser
2024-10-19 03:11:02.437 [main] DEBUG AuthGatewayFilterFactory - Role-based authorization needed for path: /user/me
2024-10-19 03:11:02.437 [main] ERROR AuthGatewayFilterFactory - User testuser does not have sufficient roles for path: /user/me
2024-10-19 03:11:02.453 [main] TRACE AuthGatewayFilterFactory - Entering apply method in AuthGatewayFilterFactory class
2024-10-19 03:11:02.453 [main] INFO  AuthGatewayFilterFactory - Processing request for path: null
2024-10-19 03:11:02.453 [main] DEBUG AuthGatewayFilterFactory - Request is to a secured route: null
2024-10-19 03:11:02.453 [main] ERROR AuthGatewayFilterFactory - Missing or invalid authorization header for request path: null
2024-10-19 03:11:02.469 [main] TRACE AuthGatewayFilterFactory - Entering apply method in AuthGatewayFilterFactory class
2024-10-19 03:11:02.469 [main] INFO  AuthGatewayFilterFactory - Processing request for path: null
2024-10-19 03:11:02.469 [main] DEBUG AuthGatewayFilterFactory - Request is to a secured route: null
2024-10-19 03:11:02.469 [main] DEBUG AuthGatewayFilterFactory - Extracted token: InvalidToken
2024-10-19 03:11:02.469 [main] ERROR AuthGatewayFilterFactory - Invalid token for request path: null
2024-10-19 03:11:02.469 [main] TRACE AuthGatewayFilterFactory - Entering apply method in AuthGatewayFilterFactory class
2024-10-19 03:11:02.469 [main] INFO  AuthGatewayFilterFactory - Processing request for path: null
2024-10-19 03:11:02.469 [main] DEBUG AuthGatewayFilterFactory - Request is to a secured route: null
2024-10-19 03:11:02.469 [main] ERROR AuthGatewayFilterFactory - Missing or invalid authorization header for request path: null
2024-10-19 03:11:02.484 [main] TRACE AuthGatewayFilterFactory - Entering apply method in AuthGatewayFilterFactory class
2024-10-19 03:11:02.484 [main] INFO  AuthGatewayFilterFactory - Processing request for path: null
2024-10-19 03:11:02.484 [main] DEBUG AuthGatewayFilterFactory - Request is to a secured route: null
2024-10-19 03:11:02.484 [main] DEBUG AuthGatewayFilterFactory - Extracted token: LoggedOutToken
2024-10-19 03:11:02.484 [main] ERROR AuthGatewayFilterFactory - Token is logged out: LoggedOutToken
2024-10-19 03:11:02.500 [main] TRACE AuthGatewayFilterFactory - Entering apply method in AuthGatewayFilterFactory class
2024-10-19 03:11:02.500 [main] INFO  AuthGatewayFilterFactory - Processing request for path: null
2024-10-19 03:11:02.500 [main] DEBUG AuthGatewayFilterFactory - Request is to an unsecured route: null
