2024-10-22 01:26:06.680 [main] TRACE AuthGatewayFilterFactory - Entering apply method in AuthGatewayFilterFactory class
2024-10-22 01:26:06.695 [main] INFO  AuthGatewayFilterFactory - Processing request for path: null
2024-10-22 01:26:06.697 [main] DEBUG AuthGatewayFilterFactory - Request is to a secured route: null
2024-10-22 01:26:06.697 [main] DEBUG AuthGatewayFilterFactory - Extracted token: ValidToken
2024-10-22 01:26:06.698 [main] INFO  AuthGatewayFilterFactory - Authenticated user: testuser
2024-10-22 01:26:06.699 [main] DEBUG AuthGatewayFilterFactory - Role-based authorization needed for path: null
2024-10-22 01:26:06.705 [main] ERROR AuthGatewayFilterFactory - No roles found in token for user: testuser
2024-10-22 01:26:06.736 [main] TRACE AuthGatewayFilterFactory - Entering apply method in AuthGatewayFilterFactory class
2024-10-22 01:26:06.736 [main] INFO  AuthGatewayFilterFactory - Processing request for path: null
2024-10-22 01:26:06.737 [main] DEBUG AuthGatewayFilterFactory - Request is to a secured route: null
2024-10-22 01:26:06.737 [main] DEBUG AuthGatewayFilterFactory - Extracted token: ValidToken
2024-10-22 01:26:06.738 [main] INFO  AuthGatewayFilterFactory - Authenticated user: testuser
2024-10-22 01:26:06.739 [main] TRACE AuthGatewayFilterFactory - Exiting apply method in AuthGatewayFilterFactory class with successful authentication
2024-10-22 01:26:06.790 [main] TRACE AuthGatewayFilterFactory - Entering apply method in AuthGatewayFilterFactory class
2024-10-22 01:26:06.791 [main] INFO  AuthGatewayFilterFactory - Processing request for path: /user/me
2024-10-22 01:26:06.792 [main] DEBUG AuthGatewayFilterFactory - Request is to a secured route: /user/me
2024-10-22 01:26:06.792 [main] DEBUG AuthGatewayFilterFactory - Extracted token: ValidToken
2024-10-22 01:26:06.792 [main] INFO  AuthGatewayFilterFactory - Authenticated user: testuser
2024-10-22 01:26:06.793 [main] DEBUG AuthGatewayFilterFactory - Role-based authorization needed for path: /user/me
2024-10-22 01:26:06.794 [main] ERROR AuthGatewayFilterFactory - User testuser does not have sufficient roles for path: /user/me
2024-10-22 01:26:06.804 [main] TRACE AuthGatewayFilterFactory - Entering apply method in AuthGatewayFilterFactory class
2024-10-22 01:26:06.805 [main] INFO  AuthGatewayFilterFactory - Processing request for path: null
2024-10-22 01:26:06.806 [main] DEBUG AuthGatewayFilterFactory - Request is to a secured route: null
2024-10-22 01:26:06.806 [main] ERROR AuthGatewayFilterFactory - Missing or invalid authorization header for request path: null
2024-10-22 01:26:06.815 [main] TRACE AuthGatewayFilterFactory - Entering apply method in AuthGatewayFilterFactory class
2024-10-22 01:26:06.816 [main] INFO  AuthGatewayFilterFactory - Processing request for path: null
2024-10-22 01:26:06.816 [main] DEBUG AuthGatewayFilterFactory - Request is to a secured route: null
2024-10-22 01:26:06.816 [main] DEBUG AuthGatewayFilterFactory - Extracted token: InvalidToken
2024-10-22 01:26:06.816 [main] ERROR AuthGatewayFilterFactory - Invalid token for request path: null
2024-10-22 01:26:06.824 [main] TRACE AuthGatewayFilterFactory - Entering apply method in AuthGatewayFilterFactory class
2024-10-22 01:26:06.826 [main] INFO  AuthGatewayFilterFactory - Processing request for path: null
2024-10-22 01:26:06.826 [main] DEBUG AuthGatewayFilterFactory - Request is to a secured route: null
2024-10-22 01:26:06.826 [main] ERROR AuthGatewayFilterFactory - Missing or invalid authorization header for request path: null
2024-10-22 01:26:06.834 [main] TRACE AuthGatewayFilterFactory - Entering apply method in AuthGatewayFilterFactory class
2024-10-22 01:26:06.835 [main] INFO  AuthGatewayFilterFactory - Processing request for path: null
2024-10-22 01:26:06.835 [main] DEBUG AuthGatewayFilterFactory - Request is to a secured route: null
2024-10-22 01:26:06.836 [main] DEBUG AuthGatewayFilterFactory - Extracted token: LoggedOutToken
2024-10-22 01:26:06.836 [main] ERROR AuthGatewayFilterFactory - Token is logged out: LoggedOutToken
2024-10-22 01:26:06.843 [main] TRACE AuthGatewayFilterFactory - Entering apply method in AuthGatewayFilterFactory class
2024-10-22 01:26:06.843 [main] INFO  AuthGatewayFilterFactory - Processing request for path: null
2024-10-22 01:26:06.844 [main] DEBUG AuthGatewayFilterFactory - Request is to an unsecured route: null
2024-10-22 01:26:07.088 [main] TRACE FallbackController - Entering fallbackReport method in FallbackController
2024-10-22 01:26:07.088 [main] ERROR FallbackController - Report service is unavailable, executing fallback method
2024-10-22 01:26:07.089 [main] TRACE FallbackController - Exiting fallbackReport method in FallbackController
2024-10-22 01:26:07.097 [main] TRACE FallbackController - Entering fallbackUser method in FallbackController
2024-10-22 01:26:07.097 [main] ERROR FallbackController - User service is unavailable, executing fallback method
2024-10-22 01:26:07.098 [main] TRACE FallbackController - Exiting fallbackUser method in FallbackController
2024-10-22 01:26:07.102 [main] TRACE FallbackController - Entering fallbackAuth method in FallbackController
2024-10-22 01:26:07.102 [main] ERROR FallbackController - Auth service is unavailable, executing fallback method
2024-10-22 01:26:07.102 [main] TRACE FallbackController - Exiting fallbackAuth method in FallbackController
2024-10-22 01:26:07.107 [main] TRACE FallbackController - Entering fallbackPatient method in FallbackController
2024-10-22 01:26:07.107 [main] ERROR FallbackController - Patient service is unavailable, executing fallback method
2024-10-22 01:26:07.107 [main] TRACE FallbackController - Exiting fallbackPatient method in FallbackController
2024-10-22 01:26:07.329 [main] TRACE JwtUtil - Entering getRoles method in JwtUtils
2024-10-22 01:26:07.330 [main] DEBUG JwtUtil - Extracting roles from claims: {}
2024-10-22 01:26:07.331 [main] INFO  JwtUtil - Roles extracted: [ROLE_ADMIN]
2024-10-22 01:26:07.331 [main] TRACE JwtUtil - Exiting getRoles method in JwtUtils
2024-10-22 01:26:08.017 [main] TRACE JwtUtil - Entering isLoggedOut method in JwtUtils
2024-10-22 01:26:08.018 [main] DEBUG JwtUtil - Checking if token is logged out: nonExistentToken
2024-10-22 01:26:08.018 [main] ERROR JwtUtil - Token not found in Redis: nonExistentToken
2024-10-22 01:26:08.019 [main] TRACE JwtUtil - Exiting isLoggedOut method in JwtUtils
2024-10-22 01:26:08.026 [main] TRACE JwtUtil - Entering isLoggedOut method in JwtUtils
2024-10-22 01:26:08.026 [main] DEBUG JwtUtil - Checking if token is logged out: loggedOutToken
2024-10-22 01:26:08.031 [main] INFO  JwtUtil - Token loggedOutToken logout status: true
2024-10-22 01:26:08.032 [main] TRACE JwtUtil - Exiting isLoggedOut method in JwtUtils
2024-10-22 01:26:08.041 [main] TRACE JwtUtil - Entering isLoggedOut method in JwtUtils
2024-10-22 01:26:08.042 [main] DEBUG JwtUtil - Checking if token is logged out: token
2024-10-22 01:26:08.043 [main] ERROR JwtUtil - Logout status information not found for token: token
2024-10-22 01:26:08.044 [main] TRACE JwtUtil - Exiting isLoggedOut method in JwtUtils
2024-10-22 01:26:08.051 [main] TRACE JwtUtil - Entering getClaimsAndValidate method in JwtUtils
2024-10-22 01:26:08.051 [main] DEBUG JwtUtil - Validating token: null
2024-10-22 01:26:08.172 [main] TRACE JwtUtil - Entering getSignInKey method in JwtUtils
2024-10-22 01:26:08.173 [main] DEBUG JwtUtil - Retrieving secret key for JWT validation.
2024-10-22 01:26:08.175 [main] DEBUG JwtUtil - Secret key retrieved successfully.
2024-10-22 01:26:08.175 [main] TRACE JwtUtil - Exiting getSignInKey method in JwtUtils
2024-10-22 01:26:08.213 [main] ERROR JwtUtil - Error while parsing token: CharSequence cannot be null or empty.
2024-10-22 01:26:08.213 [main] TRACE JwtUtil - Exiting getClaimsAndValidate method in JwtUtils
2024-10-22 01:26:08.219 [main] TRACE JwtUtil - Entering isLoggedOut method in JwtUtils
2024-10-22 01:26:08.219 [main] DEBUG JwtUtil - Checking if token is logged out: notLoggedOutToken
2024-10-22 01:26:08.220 [main] INFO  JwtUtil - Token notLoggedOutToken logout status: false
2024-10-22 01:26:08.220 [main] TRACE JwtUtil - Exiting isLoggedOut method in JwtUtils
2024-10-22 01:26:08.227 [main] TRACE JwtUtil - Initializing Redis connection pool with host: localhost, port: invalidPort
2024-10-22 01:26:08.342 [main] TRACE JwtUtil - Entering getClaimsAndValidate method in JwtUtils
2024-10-22 01:26:08.342 [main] DEBUG JwtUtil - Validating token: invalidToken
2024-10-22 01:26:08.342 [main] TRACE JwtUtil - Entering getSignInKey method in JwtUtils
2024-10-22 01:26:08.342 [main] DEBUG JwtUtil - Retrieving secret key for JWT validation.
2024-10-22 01:26:08.342 [main] DEBUG JwtUtil - Secret key retrieved successfully.
2024-10-22 01:26:08.342 [main] TRACE JwtUtil - Exiting getSignInKey method in JwtUtils
2024-10-22 01:26:08.348 [main] ERROR JwtUtil - Error while parsing token: Invalid compact JWT string: Compact JWSs must contain exactly 2 period characters, and compact JWEs must contain exactly 4.  Found: 0
2024-10-22 01:26:08.348 [main] TRACE JwtUtil - Exiting getClaimsAndValidate method in JwtUtils
2024-10-22 01:26:08.352 [main] TRACE JwtUtil - Initializing Redis connection pool with host: localhost, port: 6379
2024-10-22 01:26:08.374 [main] TRACE JwtUtil - Redis connection pool initialized successfully.
2024-10-22 01:30:13.592 [main] TRACE AuthGatewayFilterFactory - Entering apply method in AuthGatewayFilterFactory class
2024-10-22 01:30:13.627 [main] INFO  AuthGatewayFilterFactory - Processing request for path: null
2024-10-22 01:30:13.629 [main] DEBUG AuthGatewayFilterFactory - Request is to a secured route: null
2024-10-22 01:30:13.630 [main] DEBUG AuthGatewayFilterFactory - Extracted token: ValidToken
2024-10-22 01:30:13.633 [main] INFO  AuthGatewayFilterFactory - Authenticated user: testuser
2024-10-22 01:30:13.634 [main] DEBUG AuthGatewayFilterFactory - Role-based authorization needed for path: null
2024-10-22 01:30:13.637 [main] ERROR AuthGatewayFilterFactory - No roles found in token for user: testuser
2024-10-22 01:30:13.710 [main] TRACE AuthGatewayFilterFactory - Entering apply method in AuthGatewayFilterFactory class
2024-10-22 01:30:13.711 [main] INFO  AuthGatewayFilterFactory - Processing request for path: null
2024-10-22 01:30:13.711 [main] DEBUG AuthGatewayFilterFactory - Request is to a secured route: null
2024-10-22 01:30:13.712 [main] DEBUG AuthGatewayFilterFactory - Extracted token: ValidToken
2024-10-22 01:30:13.712 [main] INFO  AuthGatewayFilterFactory - Authenticated user: testuser
2024-10-22 01:30:13.713 [main] TRACE AuthGatewayFilterFactory - Exiting apply method in AuthGatewayFilterFactory class with successful authentication
2024-10-22 01:30:13.791 [main] TRACE AuthGatewayFilterFactory - Entering apply method in AuthGatewayFilterFactory class
2024-10-22 01:30:13.792 [main] INFO  AuthGatewayFilterFactory - Processing request for path: /user/me
2024-10-22 01:30:13.793 [main] DEBUG AuthGatewayFilterFactory - Request is to a secured route: /user/me
2024-10-22 01:30:13.793 [main] DEBUG AuthGatewayFilterFactory - Extracted token: ValidToken
2024-10-22 01:30:13.794 [main] INFO  AuthGatewayFilterFactory - Authenticated user: testuser
2024-10-22 01:30:13.795 [main] DEBUG AuthGatewayFilterFactory - Role-based authorization needed for path: /user/me
2024-10-22 01:30:13.796 [main] ERROR AuthGatewayFilterFactory - User testuser does not have sufficient roles for path: /user/me
2024-10-22 01:30:13.813 [main] TRACE AuthGatewayFilterFactory - Entering apply method in AuthGatewayFilterFactory class
2024-10-22 01:30:13.815 [main] INFO  AuthGatewayFilterFactory - Processing request for path: null
2024-10-22 01:30:13.815 [main] DEBUG AuthGatewayFilterFactory - Request is to a secured route: null
2024-10-22 01:30:13.816 [main] ERROR AuthGatewayFilterFactory - Missing or invalid authorization header for request path: null
2024-10-22 01:30:13.827 [main] TRACE AuthGatewayFilterFactory - Entering apply method in AuthGatewayFilterFactory class
2024-10-22 01:30:13.829 [main] INFO  AuthGatewayFilterFactory - Processing request for path: null
2024-10-22 01:30:13.829 [main] DEBUG AuthGatewayFilterFactory - Request is to a secured route: null
2024-10-22 01:30:13.830 [main] DEBUG AuthGatewayFilterFactory - Extracted token: InvalidToken
2024-10-22 01:30:13.830 [main] ERROR AuthGatewayFilterFactory - Invalid token for request path: null
2024-10-22 01:30:13.841 [main] TRACE AuthGatewayFilterFactory - Entering apply method in AuthGatewayFilterFactory class
2024-10-22 01:30:13.843 [main] INFO  AuthGatewayFilterFactory - Processing request for path: null
2024-10-22 01:30:13.843 [main] DEBUG AuthGatewayFilterFactory - Request is to a secured route: null
2024-10-22 01:30:13.844 [main] ERROR AuthGatewayFilterFactory - Missing or invalid authorization header for request path: null
2024-10-22 01:30:13.856 [main] TRACE AuthGatewayFilterFactory - Entering apply method in AuthGatewayFilterFactory class
2024-10-22 01:30:13.858 [main] INFO  AuthGatewayFilterFactory - Processing request for path: null
2024-10-22 01:30:13.859 [main] DEBUG AuthGatewayFilterFactory - Request is to a secured route: null
2024-10-22 01:30:13.859 [main] DEBUG AuthGatewayFilterFactory - Extracted token: LoggedOutToken
2024-10-22 01:30:13.860 [main] ERROR AuthGatewayFilterFactory - Token is logged out: LoggedOutToken
2024-10-22 01:30:13.873 [main] TRACE AuthGatewayFilterFactory - Entering apply method in AuthGatewayFilterFactory class
2024-10-22 01:30:13.873 [main] INFO  AuthGatewayFilterFactory - Processing request for path: null
2024-10-22 01:30:13.874 [main] DEBUG AuthGatewayFilterFactory - Request is to an unsecured route: null
2024-10-22 01:30:14.438 [main] TRACE FallbackController - Entering fallbackReport method in FallbackController
2024-10-22 01:30:14.439 [main] ERROR FallbackController - Report service is unavailable, executing fallback method
2024-10-22 01:30:14.440 [main] TRACE FallbackController - Exiting fallbackReport method in FallbackController
2024-10-22 01:30:14.457 [main] TRACE FallbackController - Entering fallbackUser method in FallbackController
2024-10-22 01:30:14.457 [main] ERROR FallbackController - User service is unavailable, executing fallback method
2024-10-22 01:30:14.458 [main] TRACE FallbackController - Exiting fallbackUser method in FallbackController
2024-10-22 01:30:14.461 [main] TRACE FallbackController - Entering fallbackAuth method in FallbackController
2024-10-22 01:30:14.462 [main] ERROR FallbackController - Auth service is unavailable, executing fallback method
2024-10-22 01:30:14.462 [main] TRACE FallbackController - Exiting fallbackAuth method in FallbackController
2024-10-22 01:30:14.465 [main] TRACE FallbackController - Entering fallbackPatient method in FallbackController
2024-10-22 01:30:14.467 [main] ERROR FallbackController - Patient service is unavailable, executing fallback method
2024-10-22 01:30:14.471 [main] TRACE FallbackController - Exiting fallbackPatient method in FallbackController
2024-10-22 01:30:15.126 [main] TRACE JwtUtil - Entering getRoles method in JwtUtils
2024-10-22 01:30:15.127 [main] DEBUG JwtUtil - Extracting roles from claims: {}
2024-10-22 01:30:15.128 [main] INFO  JwtUtil - Roles extracted: [ROLE_ADMIN]
2024-10-22 01:30:15.128 [main] TRACE JwtUtil - Exiting getRoles method in JwtUtils
2024-10-22 01:30:18.535 [main] TRACE JwtUtil - Entering isLoggedOut method in JwtUtils
2024-10-22 01:30:18.535 [main] DEBUG JwtUtil - Checking if token is logged out: nonExistentToken
2024-10-22 01:30:18.536 [main] ERROR JwtUtil - Token not found in Redis: nonExistentToken
2024-10-22 01:30:18.536 [main] TRACE JwtUtil - Exiting isLoggedOut method in JwtUtils
2024-10-22 01:30:18.536 [main] TRACE JwtUtil - Entering isLoggedOut method in JwtUtils
2024-10-22 01:30:18.544 [main] DEBUG JwtUtil - Checking if token is logged out: loggedOutToken
2024-10-22 01:30:18.549 [main] INFO  JwtUtil - Token loggedOutToken logout status: true
2024-10-22 01:30:18.549 [main] TRACE JwtUtil - Exiting isLoggedOut method in JwtUtils
2024-10-22 01:30:18.557 [main] TRACE JwtUtil - Entering isLoggedOut method in JwtUtils
2024-10-22 01:30:18.557 [main] DEBUG JwtUtil - Checking if token is logged out: token
2024-10-22 01:30:18.557 [main] ERROR JwtUtil - Logout status information not found for token: token
2024-10-22 01:30:18.557 [main] TRACE JwtUtil - Exiting isLoggedOut method in JwtUtils
2024-10-22 01:30:18.557 [main] TRACE JwtUtil - Entering getClaimsAndValidate method in JwtUtils
2024-10-22 01:30:18.564 [main] DEBUG JwtUtil - Validating token: null
2024-10-22 01:30:18.695 [main] TRACE JwtUtil - Entering getSignInKey method in JwtUtils
2024-10-22 01:30:18.695 [main] DEBUG JwtUtil - Retrieving secret key for JWT validation.
2024-10-22 01:30:18.704 [main] DEBUG JwtUtil - Secret key retrieved successfully.
2024-10-22 01:30:18.706 [main] TRACE JwtUtil - Exiting getSignInKey method in JwtUtils
2024-10-22 01:30:18.747 [main] ERROR JwtUtil - Error while parsing token: CharSequence cannot be null or empty.
2024-10-22 01:30:18.747 [main] TRACE JwtUtil - Exiting getClaimsAndValidate method in JwtUtils
2024-10-22 01:30:18.756 [main] TRACE JwtUtil - Entering isLoggedOut method in JwtUtils
2024-10-22 01:30:18.756 [main] DEBUG JwtUtil - Checking if token is logged out: notLoggedOutToken
2024-10-22 01:30:18.756 [main] INFO  JwtUtil - Token notLoggedOutToken logout status: false
2024-10-22 01:30:18.756 [main] TRACE JwtUtil - Exiting isLoggedOut method in JwtUtils
2024-10-22 01:30:18.765 [main] TRACE JwtUtil - Initializing Redis connection pool with host: localhost, port: invalidPort
2024-10-22 01:30:18.966 [main] TRACE JwtUtil - Entering getClaimsAndValidate method in JwtUtils
2024-10-22 01:30:18.966 [main] DEBUG JwtUtil - Validating token: invalidToken
2024-10-22 01:30:18.966 [main] TRACE JwtUtil - Entering getSignInKey method in JwtUtils
2024-10-22 01:30:18.966 [main] DEBUG JwtUtil - Retrieving secret key for JWT validation.
2024-10-22 01:30:18.966 [main] DEBUG JwtUtil - Secret key retrieved successfully.
2024-10-22 01:30:18.966 [main] TRACE JwtUtil - Exiting getSignInKey method in JwtUtils
2024-10-22 01:30:18.966 [main] ERROR JwtUtil - Error while parsing token: Invalid compact JWT string: Compact JWSs must contain exactly 2 period characters, and compact JWEs must contain exactly 4.  Found: 0
2024-10-22 01:30:18.966 [main] TRACE JwtUtil - Exiting getClaimsAndValidate method in JwtUtils
2024-10-22 01:30:18.978 [main] TRACE JwtUtil - Initializing Redis connection pool with host: localhost, port: 6379
2024-10-22 01:30:19.003 [main] TRACE JwtUtil - Redis connection pool initialized successfully.
2024-10-22 01:35:52.461 [main] TRACE AuthGatewayFilterFactory - Entering apply method in AuthGatewayFilterFactory class
2024-10-22 01:35:52.509 [main] INFO  AuthGatewayFilterFactory - Processing request for path: null
2024-10-22 01:35:52.511 [main] DEBUG AuthGatewayFilterFactory - Request is to a secured route: null
2024-10-22 01:35:52.512 [main] DEBUG AuthGatewayFilterFactory - Extracted token: ValidToken
2024-10-22 01:35:52.514 [main] INFO  AuthGatewayFilterFactory - Authenticated user: testuser
2024-10-22 01:35:52.515 [main] DEBUG AuthGatewayFilterFactory - Role-based authorization needed for path: null
2024-10-22 01:35:52.516 [main] ERROR AuthGatewayFilterFactory - No roles found in token for user: testuser
2024-10-22 01:35:52.566 [main] TRACE AuthGatewayFilterFactory - Entering apply method in AuthGatewayFilterFactory class
2024-10-22 01:35:52.567 [main] INFO  AuthGatewayFilterFactory - Processing request for path: null
2024-10-22 01:35:52.567 [main] DEBUG AuthGatewayFilterFactory - Request is to a secured route: null
2024-10-22 01:35:52.567 [main] DEBUG AuthGatewayFilterFactory - Extracted token: ValidToken
2024-10-22 01:35:52.568 [main] INFO  AuthGatewayFilterFactory - Authenticated user: testuser
2024-10-22 01:35:52.569 [main] TRACE AuthGatewayFilterFactory - Exiting apply method in AuthGatewayFilterFactory class with successful authentication
2024-10-22 01:35:52.629 [main] TRACE AuthGatewayFilterFactory - Entering apply method in AuthGatewayFilterFactory class
2024-10-22 01:35:52.630 [main] INFO  AuthGatewayFilterFactory - Processing request for path: /user/me
2024-10-22 01:35:52.631 [main] DEBUG AuthGatewayFilterFactory - Request is to a secured route: /user/me
2024-10-22 01:35:52.631 [main] DEBUG AuthGatewayFilterFactory - Extracted token: ValidToken
2024-10-22 01:35:52.632 [main] INFO  AuthGatewayFilterFactory - Authenticated user: testuser
2024-10-22 01:35:52.632 [main] DEBUG AuthGatewayFilterFactory - Role-based authorization needed for path: /user/me
2024-10-22 01:35:52.634 [main] ERROR AuthGatewayFilterFactory - User testuser does not have sufficient roles for path: /user/me
2024-10-22 01:35:52.642 [main] TRACE AuthGatewayFilterFactory - Entering apply method in AuthGatewayFilterFactory class
2024-10-22 01:35:52.643 [main] INFO  AuthGatewayFilterFactory - Processing request for path: null
2024-10-22 01:35:52.643 [main] DEBUG AuthGatewayFilterFactory - Request is to a secured route: null
2024-10-22 01:35:52.643 [main] ERROR AuthGatewayFilterFactory - Missing or invalid authorization header for request path: null
2024-10-22 01:35:52.650 [main] TRACE AuthGatewayFilterFactory - Entering apply method in AuthGatewayFilterFactory class
2024-10-22 01:35:52.652 [main] INFO  AuthGatewayFilterFactory - Processing request for path: null
2024-10-22 01:35:52.653 [main] DEBUG AuthGatewayFilterFactory - Request is to a secured route: null
2024-10-22 01:35:52.653 [main] DEBUG AuthGatewayFilterFactory - Extracted token: InvalidToken
2024-10-22 01:35:52.653 [main] ERROR AuthGatewayFilterFactory - Invalid token for request path: null
2024-10-22 01:35:52.661 [main] TRACE AuthGatewayFilterFactory - Entering apply method in AuthGatewayFilterFactory class
2024-10-22 01:35:52.662 [main] INFO  AuthGatewayFilterFactory - Processing request for path: null
2024-10-22 01:35:52.663 [main] DEBUG AuthGatewayFilterFactory - Request is to a secured route: null
2024-10-22 01:35:52.663 [main] ERROR AuthGatewayFilterFactory - Missing or invalid authorization header for request path: null
2024-10-22 01:35:52.670 [main] TRACE AuthGatewayFilterFactory - Entering apply method in AuthGatewayFilterFactory class
2024-10-22 01:35:52.671 [main] INFO  AuthGatewayFilterFactory - Processing request for path: null
2024-10-22 01:35:52.672 [main] DEBUG AuthGatewayFilterFactory - Request is to a secured route: null
2024-10-22 01:35:52.672 [main] DEBUG AuthGatewayFilterFactory - Extracted token: LoggedOutToken
2024-10-22 01:35:52.673 [main] ERROR AuthGatewayFilterFactory - Token is logged out: LoggedOutToken
2024-10-22 01:35:52.680 [main] TRACE AuthGatewayFilterFactory - Entering apply method in AuthGatewayFilterFactory class
2024-10-22 01:35:52.681 [main] INFO  AuthGatewayFilterFactory - Processing request for path: null
2024-10-22 01:35:52.681 [main] DEBUG AuthGatewayFilterFactory - Request is to an unsecured route: null
2024-10-22 01:35:53.119 [main] TRACE FallbackController - Entering fallbackReport method in FallbackController
2024-10-22 01:35:53.120 [main] ERROR FallbackController - Report service is unavailable, executing fallback method
2024-10-22 01:35:53.120 [main] TRACE FallbackController - Exiting fallbackReport method in FallbackController
2024-10-22 01:35:53.127 [main] TRACE FallbackController - Entering fallbackUser method in FallbackController
2024-10-22 01:35:53.128 [main] ERROR FallbackController - User service is unavailable, executing fallback method
2024-10-22 01:35:53.128 [main] TRACE FallbackController - Exiting fallbackUser method in FallbackController
2024-10-22 01:35:53.132 [main] TRACE FallbackController - Entering fallbackAuth method in FallbackController
2024-10-22 01:35:53.132 [main] ERROR FallbackController - Auth service is unavailable, executing fallback method
2024-10-22 01:35:53.133 [main] TRACE FallbackController - Exiting fallbackAuth method in FallbackController
2024-10-22 01:35:53.136 [main] TRACE FallbackController - Entering fallbackPatient method in FallbackController
2024-10-22 01:35:53.136 [main] ERROR FallbackController - Patient service is unavailable, executing fallback method
2024-10-22 01:35:53.137 [main] TRACE FallbackController - Exiting fallbackPatient method in FallbackController
2024-10-22 01:35:53.605 [main] TRACE JwtUtil - Entering getRoles method in JwtUtils
2024-10-22 01:35:53.606 [main] DEBUG JwtUtil - Extracting roles from claims: {}
2024-10-22 01:35:53.607 [main] INFO  JwtUtil - Roles extracted: [ROLE_ADMIN]
2024-10-22 01:35:53.607 [main] TRACE JwtUtil - Exiting getRoles method in JwtUtils
2024-10-22 01:35:55.885 [main] TRACE JwtUtil - Entering isLoggedOut method in JwtUtils
2024-10-22 01:35:55.885 [main] DEBUG JwtUtil - Checking if token is logged out: nonExistentToken
2024-10-22 01:35:55.887 [main] ERROR JwtUtil - Token not found in Redis: nonExistentToken
2024-10-22 01:35:55.888 [main] TRACE JwtUtil - Exiting isLoggedOut method in JwtUtils
2024-10-22 01:35:55.893 [main] TRACE JwtUtil - Entering isLoggedOut method in JwtUtils
2024-10-22 01:35:55.893 [main] DEBUG JwtUtil - Checking if token is logged out: loggedOutToken
2024-10-22 01:35:55.897 [main] INFO  JwtUtil - Token loggedOutToken logout status: true
2024-10-22 01:35:55.897 [main] TRACE JwtUtil - Exiting isLoggedOut method in JwtUtils
2024-10-22 01:35:55.903 [main] TRACE JwtUtil - Entering isLoggedOut method in JwtUtils
2024-10-22 01:35:55.904 [main] DEBUG JwtUtil - Checking if token is logged out: token
2024-10-22 01:35:55.904 [main] ERROR JwtUtil - Logout status information not found for token: token
2024-10-22 01:35:55.904 [main] TRACE JwtUtil - Exiting isLoggedOut method in JwtUtils
2024-10-22 01:35:55.909 [main] TRACE JwtUtil - Entering getClaimsAndValidate method in JwtUtils
2024-10-22 01:35:55.909 [main] DEBUG JwtUtil - Validating token: null
2024-10-22 01:35:56.040 [main] TRACE JwtUtil - Entering getSignInKey method in JwtUtils
2024-10-22 01:35:56.042 [main] DEBUG JwtUtil - Retrieving secret key for JWT validation.
2024-10-22 01:35:56.045 [main] DEBUG JwtUtil - Secret key retrieved successfully.
2024-10-22 01:35:56.046 [main] TRACE JwtUtil - Exiting getSignInKey method in JwtUtils
2024-10-22 01:35:56.099 [main] ERROR JwtUtil - Error while parsing token: CharSequence cannot be null or empty.
2024-10-22 01:35:56.100 [main] TRACE JwtUtil - Exiting getClaimsAndValidate method in JwtUtils
2024-10-22 01:35:56.110 [main] TRACE JwtUtil - Entering isLoggedOut method in JwtUtils
2024-10-22 01:35:56.110 [main] DEBUG JwtUtil - Checking if token is logged out: notLoggedOutToken
2024-10-22 01:35:56.113 [main] INFO  JwtUtil - Token notLoggedOutToken logout status: false
2024-10-22 01:35:56.114 [main] TRACE JwtUtil - Exiting isLoggedOut method in JwtUtils
2024-10-22 01:35:56.125 [main] TRACE JwtUtil - Initializing Redis connection pool with host: localhost, port: invalidPort
2024-10-22 01:35:56.304 [main] TRACE JwtUtil - Entering getClaimsAndValidate method in JwtUtils
2024-10-22 01:35:56.304 [main] DEBUG JwtUtil - Validating token: invalidToken
2024-10-22 01:35:56.305 [main] TRACE JwtUtil - Entering getSignInKey method in JwtUtils
2024-10-22 01:35:56.305 [main] DEBUG JwtUtil - Retrieving secret key for JWT validation.
2024-10-22 01:35:56.305 [main] DEBUG JwtUtil - Secret key retrieved successfully.
2024-10-22 01:35:56.306 [main] TRACE JwtUtil - Exiting getSignInKey method in JwtUtils
2024-10-22 01:35:56.310 [main] ERROR JwtUtil - Error while parsing token: Invalid compact JWT string: Compact JWSs must contain exactly 2 period characters, and compact JWEs must contain exactly 4.  Found: 0
2024-10-22 01:35:56.311 [main] TRACE JwtUtil - Exiting getClaimsAndValidate method in JwtUtils
2024-10-22 01:35:56.316 [main] TRACE JwtUtil - Initializing Redis connection pool with host: localhost, port: 6379
2024-10-22 01:35:56.347 [main] TRACE JwtUtil - Redis connection pool initialized successfully.
