2024-12-05 21:55:16.411 [background-preinit] INFO  Version - HV000001: Hibernate Validator 8.0.1.Final
2024-12-05 21:55:16.461 [main] INFO  PatientServiceApplication - Starting PatientServiceApplication using Java 17.0.11 with PID 1668 (C:\Users\omera\Desktop\laboratory-reporting-project\backend\patient-service\target\classes started by asaf in C:\Users\omera\Desktop\laboratory-reporting-project)
2024-12-05 21:55:16.466 [main] DEBUG PatientServiceApplication - Running with Spring Boot v3.3.3, Spring v6.1.12
2024-12-05 21:55:16.467 [main] INFO  PatientServiceApplication - No active profile set, falling back to 1 default profile: "default"
2024-12-05 21:55:16.517 [main] INFO  ConfigServerConfigDataLoader - Fetching config from server at : http://localhost:8888
2024-12-05 21:55:16.517 [main] INFO  ConfigServerConfigDataLoader - Located environment: name=patient-service, profiles=[default], label=null, version=a767abdc35d745c50f4555eafb10639fe4cfb72b, state=null
2024-12-05 21:55:17.614 [main] INFO  RepositoryConfigurationDelegate - Multiple Spring Data modules found, entering strict repository configuration mode
2024-12-05 21:55:17.616 [main] INFO  RepositoryConfigurationDelegate - Bootstrapping Spring Data JPA repositories in DEFAULT mode.
2024-12-05 21:55:17.807 [main] INFO  RepositoryConfigurationDelegate - Finished Spring Data repository scanning in 173 ms. Found 1 JPA repository interface.
2024-12-05 21:55:17.822 [main] INFO  RepositoryConfigurationDelegate - Multiple Spring Data modules found, entering strict repository configuration mode
2024-12-05 21:55:17.824 [main] INFO  RepositoryConfigurationDelegate - Bootstrapping Spring Data Redis repositories in DEFAULT mode.
2024-12-05 21:55:17.850 [main] INFO  RepositoryConfigurationExtensionSupport - Spring Data Redis - Could not safely identify store assignment for repository candidate interface com.lab.backend.patient.repository.PatientRepository; If you want this repository to be a Redis repository, consider annotating your entities with one of these annotations: org.springframework.data.redis.core.RedisHash (preferred), or consider extending one of the following types with your repository: org.springframework.data.keyvalue.repository.KeyValueRepository
2024-12-05 21:55:17.850 [main] INFO  RepositoryConfigurationDelegate - Finished Spring Data repository scanning in 15 ms. Found 0 Redis repository interfaces.
2024-12-05 21:55:18.204 [main] INFO  GenericScope - BeanFactory id=e11d8003-7574-3212-850d-8d12e827f2ed
2024-12-05 21:55:18.575 [main] WARN  PostProcessorRegistrationDelegate$BeanPostProcessorChecker - Bean 'org.springframework.cloud.client.loadbalancer.LoadBalancerAutoConfiguration$DeferringLoadBalancerInterceptorConfig' of type [org.springframework.cloud.client.loadbalancer.LoadBalancerAutoConfiguration$DeferringLoadBalancerInterceptorConfig] is not eligible for getting processed by all BeanPostProcessors (for example: not eligible for auto-proxying). The currently created BeanPostProcessor [lbRestClientPostProcessor] is declared through a non-static factory method on that class; consider declaring it as static instead.
2024-12-05 21:55:18.579 [main] WARN  PostProcessorRegistrationDelegate$BeanPostProcessorChecker - Bean 'deferringLoadBalancerInterceptor' of type [org.springframework.cloud.client.loadbalancer.DeferringLoadBalancerInterceptor] is not eligible for getting processed by all BeanPostProcessors (for example: not eligible for auto-proxying). Is this bean getting eagerly injected into a currently created BeanPostProcessor [lbRestClientPostProcessor]? Check the corresponding BeanPostProcessor declaration and its dependencies.
2024-12-05 21:55:18.959 [main] INFO  TomcatWebServer - Tomcat initialized with port 8083 (http)
2024-12-05 21:55:18.974 [main] INFO  Http11NioProtocol - Initializing ProtocolHandler ["http-nio-8083"]
2024-12-05 21:55:18.978 [main] INFO  StandardService - Starting service [Tomcat]
2024-12-05 21:55:18.978 [main] INFO  StandardEngine - Starting Servlet engine: [Apache Tomcat/10.1.28]
2024-12-05 21:55:19.068 [main] INFO  [/] - Initializing Spring embedded WebApplicationContext
2024-12-05 21:55:19.070 [main] INFO  ServletWebServerApplicationContext - Root WebApplicationContext: initialization completed in 2549 ms
2024-12-05 21:55:20.096 [main] INFO  LogHelper - HHH000204: Processing PersistenceUnitInfo [name: default]
2024-12-05 21:55:20.197 [main] INFO  Version - HHH000412: Hibernate ORM core version 6.5.2.Final
2024-12-05 21:55:20.258 [main] INFO  RegionFactoryInitiator - HHH000026: Second-level cache disabled
2024-12-05 21:55:20.719 [main] INFO  SpringPersistenceUnitInfo - No LoadTimeWeaver setup: ignoring JPA class transformer
2024-12-05 21:55:20.757 [main] INFO  HikariDataSource - HikariPool-1 - Starting...
2024-12-05 21:55:20.983 [main] INFO  HikariPool - HikariPool-1 - Added connection org.postgresql.jdbc.PgConnection@77a14911
2024-12-05 21:55:20.985 [main] INFO  HikariDataSource - HikariPool-1 - Start completed.
2024-12-05 21:55:22.557 [main] INFO  JtaPlatformInitiator - HHH000489: No JTA platform available (set 'hibernate.transaction.jta.platform' to enable JTA platform integration)
2024-12-05 21:55:22.727 [main] INFO  LocalContainerEntityManagerFactoryBean - Initialized JPA EntityManagerFactory for persistence unit 'default'
2024-12-05 21:55:23.147 [main] INFO  QueryEnhancerFactory - Hibernate is in classpath; If applicable, HQL parser will be used.
2024-12-05 21:55:24.651 [main] TRACE KafkaProducerConfig - Kafka Producer Config - compression.type: snappy
2024-12-05 21:55:24.652 [main] TRACE KafkaProducerConfig - Kafka Producer Config - retries: 2147483647
2024-12-05 21:55:24.652 [main] TRACE KafkaProducerConfig - Kafka Producer Config - value.serializer: class org.springframework.kafka.support.serializer.JsonSerializer
2024-12-05 21:55:24.652 [main] TRACE KafkaProducerConfig - Kafka Producer Config - enable.idempotence: true
2024-12-05 21:55:24.652 [main] TRACE KafkaProducerConfig - Kafka Producer Config - acks: all
2024-12-05 21:55:24.652 [main] TRACE KafkaProducerConfig - Kafka Producer Config - batch.size: 32768
2024-12-05 21:55:24.652 [main] TRACE KafkaProducerConfig - Kafka Producer Config - bootstrap.servers: localhost:9092
2024-12-05 21:55:24.652 [main] TRACE KafkaProducerConfig - Kafka Producer Config - max.in.flight.requests.per.connection: 5
2024-12-05 21:55:24.652 [main] TRACE KafkaProducerConfig - Kafka Producer Config - key.serializer: class org.apache.kafka.common.serialization.StringSerializer
2024-12-05 21:55:24.652 [main] TRACE KafkaProducerConfig - Kafka Producer Config - spring.json.type.mapping: weeklyStats:com.lab.backend.patient.dto.requests.WeeklyStats
2024-12-05 21:55:24.652 [main] TRACE KafkaProducerConfig - Kafka Producer Config - linger.ms: 20
2024-12-05 21:55:26.266 [main] INFO  DiscoveryClientOptionalArgsConfiguration - Eureka HTTP Client uses RestTemplate.
2024-12-05 21:55:26.346 [main] WARN  LoadBalancerCacheAutoConfiguration$LoadBalancerCaffeineWarnLogger - Spring Cloud LoadBalancer is currently working with the default cache. While this cache implementation is useful for development and tests, it's recommended to use Caffeine cache in production.You can switch to using Caffeine cache, by adding it and org.springframework.cache.caffeine.CaffeineCacheManager to the classpath.
2024-12-05 21:55:26.359 [main] INFO  EndpointLinksResolver - Exposing 1 endpoint beneath base path '/actuator'
2024-12-05 21:55:26.473 [main] INFO  InstanceInfoFactory - Setting initial instance status as: STARTING
2024-12-05 21:55:26.524 [main] INFO  DiscoveryClient - Initializing Eureka in region us-east-1
2024-12-05 21:55:26.528 [main] INFO  ConfigClusterResolver - Resolving eureka endpoints via configuration
2024-12-05 21:55:26.551 [main] INFO  DiscoveryClient - Disable delta property : false
2024-12-05 21:55:26.551 [main] INFO  DiscoveryClient - Single vip registry refresh property : null
2024-12-05 21:55:26.552 [main] INFO  DiscoveryClient - Force full registry fetch : false
2024-12-05 21:55:26.552 [main] INFO  DiscoveryClient - Application is null : false
2024-12-05 21:55:26.552 [main] INFO  DiscoveryClient - Registered Applications size is zero : true
2024-12-05 21:55:26.552 [main] INFO  DiscoveryClient - Application version is -1: true
2024-12-05 21:55:26.552 [main] INFO  DiscoveryClient - Getting all instance registry info from the eureka server
2024-12-05 21:55:26.667 [main] INFO  DiscoveryClient - The response status is 200
2024-12-05 21:55:26.669 [main] INFO  DiscoveryClient - Starting heartbeat executor: renew interval is: 30
2024-12-05 21:55:26.672 [main] INFO  InstanceInfoReplicator - InstanceInfoReplicator onDemand update allowed rate per min is 4
2024-12-05 21:55:26.676 [main] INFO  DiscoveryClient - Discovery Client initialized at timestamp 1733424926675 with initial instances count: 3
2024-12-05 21:55:26.683 [main] INFO  EurekaServiceRegistry - Registering application PATIENT-SERVICE with eureka with status UP
2024-12-05 21:55:26.683 [main] INFO  DiscoveryClient - Saw local status change event StatusChangeEvent [timestamp=1733424926683, current=UP, previous=STARTING]
2024-12-05 21:55:26.692 [main] INFO  Http11NioProtocol - Starting ProtocolHandler ["http-nio-8083"]
2024-12-05 21:55:26.692 [DiscoveryClient-InstanceInfoReplicator-0] INFO  DiscoveryClient - DiscoveryClient_PATIENT-SERVICE/10.7.85.246:patient-service:8083: registering service...
2024-12-05 21:55:26.742 [main] INFO  TomcatWebServer - Tomcat started on port 8083 (http) with context path '/'
2024-12-05 21:55:26.743 [main] INFO  EurekaAutoServiceRegistration - Updating port to 8083
2024-12-05 21:55:26.774 [DiscoveryClient-InstanceInfoReplicator-0] INFO  DiscoveryClient - DiscoveryClient_PATIENT-SERVICE/10.7.85.246:patient-service:8083 - registration status: 204
2024-12-05 21:55:26.940 [main] INFO  PatientServiceApplication - Started PatientServiceApplication in 12.409 seconds (process running for 16.622)
2024-12-05 21:55:30.013 [scheduling-1] TRACE WeeklyStatsScheduler - Starting scheduleWeeklyStatsTask in WeeklyStatsScheduler.
2024-12-05 21:55:30.013 [scheduling-1] TRACE PatientServiceImpl - Entering sendWeeklyPatientRegistrationStats method in PatientServiceImpl
2024-12-05 21:55:30.077 [scheduling-1] TRACE PatientAnalyticsProducer - Preparing to send weekly patient registration stats to topic: patient-stats
2024-12-05 21:55:30.131 [scheduling-1] INFO  ProducerConfig - ProducerConfig values: 
	acks = -1
	auto.include.jmx.reporter = true
	batch.size = 32768
	bootstrap.servers = [localhost:9092]
	buffer.memory = 33554432
	client.dns.lookup = use_all_dns_ips
	client.id = patient-service-producer-1
	compression.type = snappy
	connections.max.idle.ms = 540000
	delivery.timeout.ms = 120000
	enable.idempotence = true
	enable.metrics.push = true
	interceptor.classes = []
	key.serializer = class org.apache.kafka.common.serialization.StringSerializer
	linger.ms = 20
	max.block.ms = 60000
	max.in.flight.requests.per.connection = 5
	max.request.size = 1048576
	metadata.max.age.ms = 300000
	metadata.max.idle.ms = 300000
	metric.reporters = []
	metrics.num.samples = 2
	metrics.recording.level = INFO
	metrics.sample.window.ms = 30000
	partitioner.adaptive.partitioning.enable = true
	partitioner.availability.timeout.ms = 0
	partitioner.class = null
	partitioner.ignore.keys = false
	receive.buffer.bytes = 32768
	reconnect.backoff.max.ms = 1000
	reconnect.backoff.ms = 50
	request.timeout.ms = 30000
	retries = 2147483647
	retry.backoff.max.ms = 1000
	retry.backoff.ms = 100
	sasl.client.callback.handler.class = null
	sasl.jaas.config = null
	sasl.kerberos.kinit.cmd = /usr/bin/kinit
	sasl.kerberos.min.time.before.relogin = 60000
	sasl.kerberos.service.name = null
	sasl.kerberos.ticket.renew.jitter = 0.05
	sasl.kerberos.ticket.renew.window.factor = 0.8
	sasl.login.callback.handler.class = null
	sasl.login.class = null
	sasl.login.connect.timeout.ms = null
	sasl.login.read.timeout.ms = null
	sasl.login.refresh.buffer.seconds = 300
	sasl.login.refresh.min.period.seconds = 60
	sasl.login.refresh.window.factor = 0.8
	sasl.login.refresh.window.jitter = 0.05
	sasl.login.retry.backoff.max.ms = 10000
	sasl.login.retry.backoff.ms = 100
	sasl.mechanism = GSSAPI
	sasl.oauthbearer.clock.skew.seconds = 30
	sasl.oauthbearer.expected.audience = null
	sasl.oauthbearer.expected.issuer = null
	sasl.oauthbearer.jwks.endpoint.refresh.ms = 3600000
	sasl.oauthbearer.jwks.endpoint.retry.backoff.max.ms = 10000
	sasl.oauthbearer.jwks.endpoint.retry.backoff.ms = 100
	sasl.oauthbearer.jwks.endpoint.url = null
	sasl.oauthbearer.scope.claim.name = scope
	sasl.oauthbearer.sub.claim.name = sub
	sasl.oauthbearer.token.endpoint.url = null
	security.protocol = PLAINTEXT
	security.providers = null
	send.buffer.bytes = 131072
	socket.connection.setup.timeout.max.ms = 30000
	socket.connection.setup.timeout.ms = 10000
	ssl.cipher.suites = null
	ssl.enabled.protocols = [TLSv1.2, TLSv1.3]
	ssl.endpoint.identification.algorithm = https
	ssl.engine.factory.class = null
	ssl.key.password = null
	ssl.keymanager.algorithm = SunX509
	ssl.keystore.certificate.chain = null
	ssl.keystore.key = null
	ssl.keystore.location = null
	ssl.keystore.password = null
	ssl.keystore.type = JKS
	ssl.protocol = TLSv1.3
	ssl.provider = null
	ssl.secure.random.implementation = null
	ssl.trustmanager.algorithm = PKIX
	ssl.truststore.certificates = null
	ssl.truststore.location = null
	ssl.truststore.password = null
	ssl.truststore.type = JKS
	transaction.timeout.ms = 60000
	transactional.id = null
	value.serializer = class org.springframework.kafka.support.serializer.JsonSerializer

2024-12-05 21:55:30.204 [scheduling-1] INFO  KafkaMetricsCollector - initializing Kafka metrics collector
2024-12-05 21:55:30.233 [scheduling-1] INFO  KafkaProducer - [Producer clientId=patient-service-producer-1] Instantiated an idempotent producer.
2024-12-05 21:55:30.300 [scheduling-1] INFO  AppInfoParser - Kafka version: 3.7.1
2024-12-05 21:55:30.300 [scheduling-1] INFO  AppInfoParser - Kafka commitId: e2494e6ffb89f828
2024-12-05 21:55:30.300 [scheduling-1] INFO  AppInfoParser - Kafka startTimeMs: 1733424930298
2024-12-05 21:55:30.932 [kafka-producer-network-thread | patient-service-producer-1] INFO  Metadata - [Producer clientId=patient-service-producer-1] Cluster ID: DhPAyrJESYSqPFOSNVoyDg
2024-12-05 21:55:31.018 [scheduling-1] TRACE PatientServiceImpl - Exiting sendWeeklyPatientRegistrationStats method in PatientServiceImpl
2024-12-05 21:55:31.018 [scheduling-1] TRACE WeeklyStatsScheduler - Completed scheduleWeeklyStatsTask in WeeklyStatsScheduler.
2024-12-05 21:55:31.047 [kafka-producer-network-thread | patient-service-producer-1] INFO  TransactionManager - [Producer clientId=patient-service-producer-1] ProducerId set to 2000 with epoch 0
2024-12-05 21:56:00.001 [scheduling-1] TRACE WeeklyStatsScheduler - Starting scheduleWeeklyStatsTask in WeeklyStatsScheduler.
2024-12-05 21:56:00.002 [scheduling-1] TRACE PatientServiceImpl - Entering sendWeeklyPatientRegistrationStats method in PatientServiceImpl
2024-12-05 21:56:00.031 [scheduling-1] TRACE PatientAnalyticsProducer - Preparing to send weekly patient registration stats to topic: patient-stats
2024-12-05 21:56:00.033 [scheduling-1] TRACE PatientServiceImpl - Exiting sendWeeklyPatientRegistrationStats method in PatientServiceImpl
2024-12-05 21:56:00.033 [scheduling-1] TRACE WeeklyStatsScheduler - Completed scheduleWeeklyStatsTask in WeeklyStatsScheduler.
2024-12-05 21:56:30.009 [scheduling-1] TRACE WeeklyStatsScheduler - Starting scheduleWeeklyStatsTask in WeeklyStatsScheduler.
2024-12-05 21:56:30.010 [scheduling-1] TRACE PatientServiceImpl - Entering sendWeeklyPatientRegistrationStats method in PatientServiceImpl
2024-12-05 21:56:30.045 [scheduling-1] TRACE PatientAnalyticsProducer - Preparing to send weekly patient registration stats to topic: patient-stats
2024-12-05 21:56:30.046 [scheduling-1] TRACE PatientServiceImpl - Exiting sendWeeklyPatientRegistrationStats method in PatientServiceImpl
2024-12-05 21:56:30.046 [scheduling-1] TRACE WeeklyStatsScheduler - Completed scheduleWeeklyStatsTask in WeeklyStatsScheduler.
2024-12-05 21:57:00.017 [scheduling-1] TRACE WeeklyStatsScheduler - Starting scheduleWeeklyStatsTask in WeeklyStatsScheduler.
2024-12-05 21:57:00.018 [scheduling-1] TRACE PatientServiceImpl - Entering sendWeeklyPatientRegistrationStats method in PatientServiceImpl
2024-12-05 21:57:00.054 [scheduling-1] TRACE PatientAnalyticsProducer - Preparing to send weekly patient registration stats to topic: patient-stats
2024-12-05 21:57:00.054 [scheduling-1] TRACE PatientServiceImpl - Exiting sendWeeklyPatientRegistrationStats method in PatientServiceImpl
2024-12-05 21:57:00.054 [scheduling-1] TRACE WeeklyStatsScheduler - Completed scheduleWeeklyStatsTask in WeeklyStatsScheduler.
2024-12-05 21:57:30.013 [scheduling-1] TRACE WeeklyStatsScheduler - Starting scheduleWeeklyStatsTask in WeeklyStatsScheduler.
2024-12-05 21:57:30.013 [scheduling-1] TRACE PatientServiceImpl - Entering sendWeeklyPatientRegistrationStats method in PatientServiceImpl
2024-12-05 21:57:30.034 [scheduling-1] TRACE PatientAnalyticsProducer - Preparing to send weekly patient registration stats to topic: patient-stats
2024-12-05 21:57:30.034 [scheduling-1] TRACE PatientServiceImpl - Exiting sendWeeklyPatientRegistrationStats method in PatientServiceImpl
2024-12-05 21:57:30.034 [scheduling-1] TRACE WeeklyStatsScheduler - Completed scheduleWeeklyStatsTask in WeeklyStatsScheduler.
2024-12-05 21:58:00.013 [scheduling-1] TRACE WeeklyStatsScheduler - Starting scheduleWeeklyStatsTask in WeeklyStatsScheduler.
2024-12-05 21:58:00.014 [scheduling-1] TRACE PatientServiceImpl - Entering sendWeeklyPatientRegistrationStats method in PatientServiceImpl
2024-12-05 21:58:00.052 [scheduling-1] TRACE PatientAnalyticsProducer - Preparing to send weekly patient registration stats to topic: patient-stats
2024-12-05 21:58:00.053 [scheduling-1] TRACE PatientServiceImpl - Exiting sendWeeklyPatientRegistrationStats method in PatientServiceImpl
2024-12-05 21:58:00.053 [scheduling-1] TRACE WeeklyStatsScheduler - Completed scheduleWeeklyStatsTask in WeeklyStatsScheduler.
2024-12-05 21:58:30.006 [scheduling-1] TRACE WeeklyStatsScheduler - Starting scheduleWeeklyStatsTask in WeeklyStatsScheduler.
2024-12-05 21:58:30.006 [scheduling-1] TRACE PatientServiceImpl - Entering sendWeeklyPatientRegistrationStats method in PatientServiceImpl
2024-12-05 21:58:30.024 [scheduling-1] TRACE PatientAnalyticsProducer - Preparing to send weekly patient registration stats to topic: patient-stats
2024-12-05 21:58:30.024 [scheduling-1] TRACE PatientServiceImpl - Exiting sendWeeklyPatientRegistrationStats method in PatientServiceImpl
2024-12-05 21:58:30.024 [scheduling-1] TRACE WeeklyStatsScheduler - Completed scheduleWeeklyStatsTask in WeeklyStatsScheduler.
2024-12-05 21:59:00.001 [scheduling-1] TRACE WeeklyStatsScheduler - Starting scheduleWeeklyStatsTask in WeeklyStatsScheduler.
2024-12-05 21:59:00.002 [scheduling-1] TRACE PatientServiceImpl - Entering sendWeeklyPatientRegistrationStats method in PatientServiceImpl
2024-12-05 21:59:00.027 [scheduling-1] TRACE PatientAnalyticsProducer - Preparing to send weekly patient registration stats to topic: patient-stats
2024-12-05 21:59:00.028 [scheduling-1] TRACE PatientServiceImpl - Exiting sendWeeklyPatientRegistrationStats method in PatientServiceImpl
2024-12-05 21:59:00.029 [scheduling-1] TRACE WeeklyStatsScheduler - Completed scheduleWeeklyStatsTask in WeeklyStatsScheduler.
2024-12-05 21:59:30.002 [scheduling-1] TRACE WeeklyStatsScheduler - Starting scheduleWeeklyStatsTask in WeeklyStatsScheduler.
2024-12-05 21:59:30.002 [scheduling-1] TRACE PatientServiceImpl - Entering sendWeeklyPatientRegistrationStats method in PatientServiceImpl
2024-12-05 21:59:30.044 [scheduling-1] TRACE PatientAnalyticsProducer - Preparing to send weekly patient registration stats to topic: patient-stats
2024-12-05 21:59:30.044 [scheduling-1] TRACE PatientServiceImpl - Exiting sendWeeklyPatientRegistrationStats method in PatientServiceImpl
2024-12-05 21:59:30.045 [scheduling-1] TRACE WeeklyStatsScheduler - Completed scheduleWeeklyStatsTask in WeeklyStatsScheduler.
2024-12-05 22:00:00.010 [scheduling-1] TRACE WeeklyStatsScheduler - Starting scheduleWeeklyStatsTask in WeeklyStatsScheduler.
2024-12-05 22:00:00.012 [scheduling-1] TRACE PatientServiceImpl - Entering sendWeeklyPatientRegistrationStats method in PatientServiceImpl
2024-12-05 22:00:00.052 [scheduling-1] TRACE PatientAnalyticsProducer - Preparing to send weekly patient registration stats to topic: patient-stats
2024-12-05 22:00:00.053 [scheduling-1] TRACE PatientServiceImpl - Exiting sendWeeklyPatientRegistrationStats method in PatientServiceImpl
2024-12-05 22:00:00.054 [scheduling-1] TRACE WeeklyStatsScheduler - Completed scheduleWeeklyStatsTask in WeeklyStatsScheduler.
2024-12-05 22:00:26.571 [AsyncResolver-bootstrap-executor-0] INFO  ConfigClusterResolver - Resolving eureka endpoints via configuration
2024-12-05 22:00:30.005 [scheduling-1] TRACE WeeklyStatsScheduler - Starting scheduleWeeklyStatsTask in WeeklyStatsScheduler.
2024-12-05 22:00:30.007 [scheduling-1] TRACE PatientServiceImpl - Entering sendWeeklyPatientRegistrationStats method in PatientServiceImpl
2024-12-05 22:00:30.047 [scheduling-1] TRACE PatientAnalyticsProducer - Preparing to send weekly patient registration stats to topic: patient-stats
2024-12-05 22:00:30.048 [scheduling-1] TRACE PatientServiceImpl - Exiting sendWeeklyPatientRegistrationStats method in PatientServiceImpl
2024-12-05 22:00:30.048 [scheduling-1] TRACE WeeklyStatsScheduler - Completed scheduleWeeklyStatsTask in WeeklyStatsScheduler.
2024-12-05 22:01:00.001 [scheduling-1] TRACE WeeklyStatsScheduler - Starting scheduleWeeklyStatsTask in WeeklyStatsScheduler.
2024-12-05 22:01:00.002 [scheduling-1] TRACE PatientServiceImpl - Entering sendWeeklyPatientRegistrationStats method in PatientServiceImpl
2024-12-05 22:01:00.044 [scheduling-1] TRACE PatientAnalyticsProducer - Preparing to send weekly patient registration stats to topic: patient-stats
2024-12-05 22:01:00.045 [scheduling-1] TRACE PatientServiceImpl - Exiting sendWeeklyPatientRegistrationStats method in PatientServiceImpl
2024-12-05 22:01:00.046 [scheduling-1] TRACE WeeklyStatsScheduler - Completed scheduleWeeklyStatsTask in WeeklyStatsScheduler.
2024-12-05 22:01:30.011 [scheduling-1] TRACE WeeklyStatsScheduler - Starting scheduleWeeklyStatsTask in WeeklyStatsScheduler.
2024-12-05 22:01:30.012 [scheduling-1] TRACE PatientServiceImpl - Entering sendWeeklyPatientRegistrationStats method in PatientServiceImpl
2024-12-05 22:01:30.026 [scheduling-1] TRACE PatientAnalyticsProducer - Preparing to send weekly patient registration stats to topic: patient-stats
2024-12-05 22:01:30.027 [scheduling-1] TRACE PatientServiceImpl - Exiting sendWeeklyPatientRegistrationStats method in PatientServiceImpl
2024-12-05 22:01:30.027 [scheduling-1] TRACE WeeklyStatsScheduler - Completed scheduleWeeklyStatsTask in WeeklyStatsScheduler.
2024-12-05 22:02:00.011 [scheduling-1] TRACE WeeklyStatsScheduler - Starting scheduleWeeklyStatsTask in WeeklyStatsScheduler.
2024-12-05 22:02:00.012 [scheduling-1] TRACE PatientServiceImpl - Entering sendWeeklyPatientRegistrationStats method in PatientServiceImpl
2024-12-05 22:02:00.032 [scheduling-1] TRACE PatientAnalyticsProducer - Preparing to send weekly patient registration stats to topic: patient-stats
2024-12-05 22:02:00.033 [scheduling-1] TRACE PatientServiceImpl - Exiting sendWeeklyPatientRegistrationStats method in PatientServiceImpl
2024-12-05 22:02:00.033 [scheduling-1] TRACE WeeklyStatsScheduler - Completed scheduleWeeklyStatsTask in WeeklyStatsScheduler.
2024-12-05 22:02:30.004 [scheduling-1] TRACE WeeklyStatsScheduler - Starting scheduleWeeklyStatsTask in WeeklyStatsScheduler.
2024-12-05 22:02:30.004 [scheduling-1] TRACE PatientServiceImpl - Entering sendWeeklyPatientRegistrationStats method in PatientServiceImpl
2024-12-05 22:02:30.022 [scheduling-1] TRACE PatientAnalyticsProducer - Preparing to send weekly patient registration stats to topic: patient-stats
2024-12-05 22:02:30.022 [scheduling-1] TRACE PatientServiceImpl - Exiting sendWeeklyPatientRegistrationStats method in PatientServiceImpl
2024-12-05 22:02:30.023 [scheduling-1] TRACE WeeklyStatsScheduler - Completed scheduleWeeklyStatsTask in WeeklyStatsScheduler.
2024-12-05 22:03:00.012 [scheduling-1] TRACE WeeklyStatsScheduler - Starting scheduleWeeklyStatsTask in WeeklyStatsScheduler.
2024-12-05 22:03:00.015 [scheduling-1] TRACE PatientServiceImpl - Entering sendWeeklyPatientRegistrationStats method in PatientServiceImpl
2024-12-05 22:03:00.053 [scheduling-1] TRACE PatientAnalyticsProducer - Preparing to send weekly patient registration stats to topic: patient-stats
2024-12-05 22:03:00.055 [scheduling-1] TRACE PatientServiceImpl - Exiting sendWeeklyPatientRegistrationStats method in PatientServiceImpl
2024-12-05 22:03:00.055 [scheduling-1] TRACE WeeklyStatsScheduler - Completed scheduleWeeklyStatsTask in WeeklyStatsScheduler.
2024-12-05 22:03:30.009 [scheduling-1] TRACE WeeklyStatsScheduler - Starting scheduleWeeklyStatsTask in WeeklyStatsScheduler.
2024-12-05 22:03:30.009 [scheduling-1] TRACE PatientServiceImpl - Entering sendWeeklyPatientRegistrationStats method in PatientServiceImpl
2024-12-05 22:03:30.030 [scheduling-1] TRACE PatientAnalyticsProducer - Preparing to send weekly patient registration stats to topic: patient-stats
2024-12-05 22:03:30.031 [scheduling-1] TRACE PatientServiceImpl - Exiting sendWeeklyPatientRegistrationStats method in PatientServiceImpl
2024-12-05 22:03:30.031 [scheduling-1] TRACE WeeklyStatsScheduler - Completed scheduleWeeklyStatsTask in WeeklyStatsScheduler.
2024-12-05 22:04:00.004 [scheduling-1] TRACE WeeklyStatsScheduler - Starting scheduleWeeklyStatsTask in WeeklyStatsScheduler.
2024-12-05 22:04:00.005 [scheduling-1] TRACE PatientServiceImpl - Entering sendWeeklyPatientRegistrationStats method in PatientServiceImpl
2024-12-05 22:04:00.028 [scheduling-1] TRACE PatientAnalyticsProducer - Preparing to send weekly patient registration stats to topic: patient-stats
2024-12-05 22:04:00.029 [scheduling-1] TRACE PatientServiceImpl - Exiting sendWeeklyPatientRegistrationStats method in PatientServiceImpl
2024-12-05 22:04:00.029 [scheduling-1] TRACE WeeklyStatsScheduler - Completed scheduleWeeklyStatsTask in WeeklyStatsScheduler.
2024-12-05 22:04:30.024 [scheduling-1] TRACE WeeklyStatsScheduler - Starting scheduleWeeklyStatsTask in WeeklyStatsScheduler.
2024-12-05 22:04:30.028 [scheduling-1] TRACE PatientServiceImpl - Entering sendWeeklyPatientRegistrationStats method in PatientServiceImpl
2024-12-05 22:04:30.043 [scheduling-1] TRACE PatientAnalyticsProducer - Preparing to send weekly patient registration stats to topic: patient-stats
2024-12-05 22:04:30.043 [scheduling-1] TRACE PatientServiceImpl - Exiting sendWeeklyPatientRegistrationStats method in PatientServiceImpl
2024-12-05 22:04:30.043 [scheduling-1] TRACE WeeklyStatsScheduler - Completed scheduleWeeklyStatsTask in WeeklyStatsScheduler.
2024-12-05 22:04:31.152 [AsyncReporter{ZipkinRestTemplateSender{http://localhost:9411/api/v2/spans}}] WARN  AsyncReporter$BoundedAsyncReporter - Spans were dropped due to exceptions. All subsequent errors will be logged at FINE level.
2024-12-05 22:04:31.153 [AsyncReporter{ZipkinRestTemplateSender{http://localhost:9411/api/v2/spans}}] WARN  AsyncReporter$BoundedAsyncReporter - Dropped 1 spans due to ResourceAccessException(I/O error on POST request for "http://localhost:9411/api/v2/spans": Connect to http://localhost:9411 [localhost/127.0.0.1, localhost/0:0:0:0:0:0:0:1] failed: Connection refused: no further information)
org.springframework.web.client.ResourceAccessException: I/O error on POST request for "http://localhost:9411/api/v2/spans": Connect to http://localhost:9411 [localhost/127.0.0.1, localhost/0:0:0:0:0:0:0:1] failed: Connection refused: no further information
	at org.springframework.web.client.RestTemplate.createResourceAccessException(RestTemplate.java:915) ~[spring-web-6.1.12.jar:6.1.12]
	at org.springframework.web.client.RestTemplate.doExecute(RestTemplate.java:895) ~[spring-web-6.1.12.jar:6.1.12]
	at org.springframework.web.client.RestTemplate.execute(RestTemplate.java:830) ~[spring-web-6.1.12.jar:6.1.12]
	at org.springframework.web.client.RestTemplate.exchange(RestTemplate.java:691) ~[spring-web-6.1.12.jar:6.1.12]
	at org.springframework.boot.actuate.autoconfigure.tracing.zipkin.ZipkinRestTemplateSender.postSpans(ZipkinRestTemplateSender.java:50) ~[spring-boot-actuator-autoconfigure-3.3.3.jar:3.3.3]
	at org.springframework.boot.actuate.autoconfigure.tracing.zipkin.HttpSender.postSpans(HttpSender.java:68) ~[spring-boot-actuator-autoconfigure-3.3.3.jar:3.3.3]
	at org.springframework.boot.actuate.autoconfigure.tracing.zipkin.HttpSender.postSpans(HttpSender.java:40) ~[spring-boot-actuator-autoconfigure-3.3.3.jar:3.3.3]
	at zipkin2.reporter.BaseHttpSender.send(BaseHttpSender.java:123) ~[zipkin-reporter-3.4.0.jar:?]
	at zipkin2.reporter.internal.AsyncReporter$BoundedAsyncReporter.flush(AsyncReporter.java:266) [zipkin-reporter-3.4.0.jar:?]
	at zipkin2.reporter.internal.AsyncReporter$Flusher.run(AsyncReporter.java:352) [zipkin-reporter-3.4.0.jar:?]
	at java.base/java.lang.Thread.run(Thread.java:842) [?:?]
Caused by: org.apache.hc.client5.http.HttpHostConnectException: Connect to http://localhost:9411 [localhost/127.0.0.1, localhost/0:0:0:0:0:0:0:1] failed: Connection refused: no further information
	at java.base/sun.nio.ch.Net.pollConnect(Native Method) ~[?:?]
	at java.base/sun.nio.ch.Net.pollConnectNow(Net.java:672) ~[?:?]
	at java.base/sun.nio.ch.NioSocketImpl.timedFinishConnect(NioSocketImpl.java:547) ~[?:?]
	at java.base/sun.nio.ch.NioSocketImpl.connect(NioSocketImpl.java:602) ~[?:?]
	at java.base/java.net.SocksSocketImpl.connect(SocksSocketImpl.java:327) ~[?:?]
	at java.base/java.net.Socket.connect(Socket.java:633) ~[?:?]
	at org.apache.hc.client5.http.socket.PlainConnectionSocketFactory.lambda$connectSocket$0(PlainConnectionSocketFactory.java:91) ~[httpclient5-5.3.1.jar:5.3.1]
	at java.base/java.security.AccessController.doPrivileged(AccessController.java:569) ~[?:?]
	at org.apache.hc.client5.http.socket.PlainConnectionSocketFactory.connectSocket(PlainConnectionSocketFactory.java:90) ~[httpclient5-5.3.1.jar:5.3.1]
	at org.apache.hc.client5.http.socket.ConnectionSocketFactory.connectSocket(ConnectionSocketFactory.java:123) ~[httpclient5-5.3.1.jar:5.3.1]
	at org.apache.hc.client5.http.impl.io.DefaultHttpClientConnectionOperator.connect(DefaultHttpClientConnectionOperator.java:189) ~[httpclient5-5.3.1.jar:5.3.1]
	at org.apache.hc.client5.http.impl.io.PoolingHttpClientConnectionManager.connect(PoolingHttpClientConnectionManager.java:450) ~[httpclient5-5.3.1.jar:5.3.1]
	at org.apache.hc.client5.http.impl.classic.InternalExecRuntime.connectEndpoint(InternalExecRuntime.java:162) ~[httpclient5-5.3.1.jar:5.3.1]
	at org.apache.hc.client5.http.impl.classic.InternalExecRuntime.connectEndpoint(InternalExecRuntime.java:172) ~[httpclient5-5.3.1.jar:5.3.1]
	at org.apache.hc.client5.http.impl.classic.ConnectExec.execute(ConnectExec.java:142) ~[httpclient5-5.3.1.jar:5.3.1]
	at org.apache.hc.client5.http.impl.classic.ExecChainElement.execute(ExecChainElement.java:51) ~[httpclient5-5.3.1.jar:5.3.1]
	at org.apache.hc.client5.http.impl.classic.ProtocolExec.execute(ProtocolExec.java:192) ~[httpclient5-5.3.1.jar:5.3.1]
	at org.apache.hc.client5.http.impl.classic.ExecChainElement.execute(ExecChainElement.java:51) ~[httpclient5-5.3.1.jar:5.3.1]
	at org.apache.hc.client5.http.impl.classic.HttpRequestRetryExec.execute(HttpRequestRetryExec.java:113) ~[httpclient5-5.3.1.jar:5.3.1]
	at org.apache.hc.client5.http.impl.classic.ExecChainElement.execute(ExecChainElement.java:51) ~[httpclient5-5.3.1.jar:5.3.1]
	at org.apache.hc.client5.http.impl.classic.ContentCompressionExec.execute(ContentCompressionExec.java:152) ~[httpclient5-5.3.1.jar:5.3.1]
	at org.apache.hc.client5.http.impl.classic.ExecChainElement.execute(ExecChainElement.java:51) ~[httpclient5-5.3.1.jar:5.3.1]
	at org.apache.hc.client5.http.impl.classic.RedirectExec.execute(RedirectExec.java:116) ~[httpclient5-5.3.1.jar:5.3.1]
	at org.apache.hc.client5.http.impl.classic.ExecChainElement.execute(ExecChainElement.java:51) ~[httpclient5-5.3.1.jar:5.3.1]
	at org.apache.hc.client5.http.impl.classic.InternalHttpClient.doExecute(InternalHttpClient.java:170) ~[httpclient5-5.3.1.jar:5.3.1]
	at org.apache.hc.client5.http.impl.classic.CloseableHttpClient.execute(CloseableHttpClient.java:87) ~[httpclient5-5.3.1.jar:5.3.1]
	at org.apache.hc.client5.http.impl.classic.CloseableHttpClient.execute(CloseableHttpClient.java:55) ~[httpclient5-5.3.1.jar:5.3.1]
	at org.apache.hc.client5.http.classic.HttpClient.executeOpen(HttpClient.java:183) ~[httpclient5-5.3.1.jar:5.3.1]
	at org.springframework.http.client.HttpComponentsClientHttpRequest.executeInternal(HttpComponentsClientHttpRequest.java:99) ~[spring-web-6.1.12.jar:6.1.12]
	at org.springframework.http.client.AbstractStreamingClientHttpRequest.executeInternal(AbstractStreamingClientHttpRequest.java:70) ~[spring-web-6.1.12.jar:6.1.12]
	at org.springframework.http.client.AbstractClientHttpRequest.execute(AbstractClientHttpRequest.java:66) ~[spring-web-6.1.12.jar:6.1.12]
	at org.springframework.web.client.RestTemplate.doExecute(RestTemplate.java:889) ~[spring-web-6.1.12.jar:6.1.12]
	... 9 more
2024-12-05 22:05:00.016 [scheduling-1] TRACE WeeklyStatsScheduler - Starting scheduleWeeklyStatsTask in WeeklyStatsScheduler.
2024-12-05 22:05:00.017 [scheduling-1] TRACE PatientServiceImpl - Entering sendWeeklyPatientRegistrationStats method in PatientServiceImpl
2024-12-05 22:05:00.053 [scheduling-1] TRACE PatientAnalyticsProducer - Preparing to send weekly patient registration stats to topic: patient-stats
2024-12-05 22:05:00.053 [scheduling-1] TRACE PatientServiceImpl - Exiting sendWeeklyPatientRegistrationStats method in PatientServiceImpl
2024-12-05 22:05:00.054 [scheduling-1] TRACE WeeklyStatsScheduler - Completed scheduleWeeklyStatsTask in WeeklyStatsScheduler.
2024-12-05 22:05:00.061 [kafka-producer-network-thread | patient-service-producer-1] INFO  NetworkClient - [Producer clientId=patient-service-producer-1] Node -1 disconnected.
2024-12-05 22:05:26.576 [AsyncResolver-bootstrap-executor-0] INFO  ConfigClusterResolver - Resolving eureka endpoints via configuration
2024-12-05 22:05:30.010 [scheduling-1] TRACE WeeklyStatsScheduler - Starting scheduleWeeklyStatsTask in WeeklyStatsScheduler.
2024-12-05 22:05:30.010 [scheduling-1] TRACE PatientServiceImpl - Entering sendWeeklyPatientRegistrationStats method in PatientServiceImpl
2024-12-05 22:05:30.034 [scheduling-1] TRACE PatientAnalyticsProducer - Preparing to send weekly patient registration stats to topic: patient-stats
2024-12-05 22:05:30.035 [scheduling-1] TRACE PatientServiceImpl - Exiting sendWeeklyPatientRegistrationStats method in PatientServiceImpl
2024-12-05 22:05:30.035 [scheduling-1] TRACE WeeklyStatsScheduler - Completed scheduleWeeklyStatsTask in WeeklyStatsScheduler.
2024-12-05 22:06:00.008 [scheduling-1] TRACE WeeklyStatsScheduler - Starting scheduleWeeklyStatsTask in WeeklyStatsScheduler.
2024-12-05 22:06:00.009 [scheduling-1] TRACE PatientServiceImpl - Entering sendWeeklyPatientRegistrationStats method in PatientServiceImpl
2024-12-05 22:06:00.046 [scheduling-1] TRACE PatientAnalyticsProducer - Preparing to send weekly patient registration stats to topic: patient-stats
2024-12-05 22:06:00.047 [scheduling-1] TRACE PatientServiceImpl - Exiting sendWeeklyPatientRegistrationStats method in PatientServiceImpl
2024-12-05 22:06:00.048 [scheduling-1] TRACE WeeklyStatsScheduler - Completed scheduleWeeklyStatsTask in WeeklyStatsScheduler.
2024-12-05 22:06:30.002 [scheduling-1] TRACE WeeklyStatsScheduler - Starting scheduleWeeklyStatsTask in WeeklyStatsScheduler.
2024-12-05 22:06:30.003 [scheduling-1] TRACE PatientServiceImpl - Entering sendWeeklyPatientRegistrationStats method in PatientServiceImpl
2024-12-05 22:06:30.021 [scheduling-1] TRACE PatientAnalyticsProducer - Preparing to send weekly patient registration stats to topic: patient-stats
2024-12-05 22:06:30.022 [scheduling-1] TRACE PatientServiceImpl - Exiting sendWeeklyPatientRegistrationStats method in PatientServiceImpl
2024-12-05 22:06:30.022 [scheduling-1] TRACE WeeklyStatsScheduler - Completed scheduleWeeklyStatsTask in WeeklyStatsScheduler.
2024-12-05 22:07:00.013 [scheduling-1] TRACE WeeklyStatsScheduler - Starting scheduleWeeklyStatsTask in WeeklyStatsScheduler.
2024-12-05 22:07:00.013 [scheduling-1] TRACE PatientServiceImpl - Entering sendWeeklyPatientRegistrationStats method in PatientServiceImpl
2024-12-05 22:07:00.049 [scheduling-1] TRACE PatientAnalyticsProducer - Preparing to send weekly patient registration stats to topic: patient-stats
2024-12-05 22:07:00.051 [scheduling-1] TRACE PatientServiceImpl - Exiting sendWeeklyPatientRegistrationStats method in PatientServiceImpl
2024-12-05 22:07:00.051 [scheduling-1] TRACE WeeklyStatsScheduler - Completed scheduleWeeklyStatsTask in WeeklyStatsScheduler.
2024-12-05 22:07:30.010 [scheduling-1] TRACE WeeklyStatsScheduler - Starting scheduleWeeklyStatsTask in WeeklyStatsScheduler.
2024-12-05 22:07:30.010 [scheduling-1] TRACE PatientServiceImpl - Entering sendWeeklyPatientRegistrationStats method in PatientServiceImpl
2024-12-05 22:07:30.036 [scheduling-1] TRACE PatientAnalyticsProducer - Preparing to send weekly patient registration stats to topic: patient-stats
2024-12-05 22:07:30.037 [scheduling-1] TRACE PatientServiceImpl - Exiting sendWeeklyPatientRegistrationStats method in PatientServiceImpl
2024-12-05 22:07:30.037 [scheduling-1] TRACE WeeklyStatsScheduler - Completed scheduleWeeklyStatsTask in WeeklyStatsScheduler.
2024-12-05 22:08:00.005 [scheduling-1] TRACE WeeklyStatsScheduler - Starting scheduleWeeklyStatsTask in WeeklyStatsScheduler.
2024-12-05 22:08:00.006 [scheduling-1] TRACE PatientServiceImpl - Entering sendWeeklyPatientRegistrationStats method in PatientServiceImpl
2024-12-05 22:08:00.035 [scheduling-1] TRACE PatientAnalyticsProducer - Preparing to send weekly patient registration stats to topic: patient-stats
2024-12-05 22:08:00.035 [scheduling-1] TRACE PatientServiceImpl - Exiting sendWeeklyPatientRegistrationStats method in PatientServiceImpl
2024-12-05 22:08:00.036 [scheduling-1] TRACE WeeklyStatsScheduler - Completed scheduleWeeklyStatsTask in WeeklyStatsScheduler.
2024-12-05 22:08:30.008 [scheduling-1] TRACE WeeklyStatsScheduler - Starting scheduleWeeklyStatsTask in WeeklyStatsScheduler.
2024-12-05 22:08:30.009 [scheduling-1] TRACE PatientServiceImpl - Entering sendWeeklyPatientRegistrationStats method in PatientServiceImpl
2024-12-05 22:08:30.033 [scheduling-1] TRACE PatientAnalyticsProducer - Preparing to send weekly patient registration stats to topic: patient-stats
2024-12-05 22:08:30.034 [scheduling-1] TRACE PatientServiceImpl - Exiting sendWeeklyPatientRegistrationStats method in PatientServiceImpl
2024-12-05 22:08:30.034 [scheduling-1] TRACE WeeklyStatsScheduler - Completed scheduleWeeklyStatsTask in WeeklyStatsScheduler.
2024-12-05 22:09:00.013 [scheduling-1] TRACE WeeklyStatsScheduler - Starting scheduleWeeklyStatsTask in WeeklyStatsScheduler.
2024-12-05 22:09:00.013 [scheduling-1] TRACE PatientServiceImpl - Entering sendWeeklyPatientRegistrationStats method in PatientServiceImpl
2024-12-05 22:09:00.179 [scheduling-1] TRACE PatientAnalyticsProducer - Preparing to send weekly patient registration stats to topic: patient-stats
2024-12-05 22:09:00.211 [scheduling-1] TRACE PatientServiceImpl - Exiting sendWeeklyPatientRegistrationStats method in PatientServiceImpl
2024-12-05 22:09:00.211 [scheduling-1] TRACE WeeklyStatsScheduler - Completed scheduleWeeklyStatsTask in WeeklyStatsScheduler.
2024-12-05 22:09:30.058 [scheduling-1] TRACE WeeklyStatsScheduler - Starting scheduleWeeklyStatsTask in WeeklyStatsScheduler.
2024-12-05 22:09:30.060 [scheduling-1] TRACE PatientServiceImpl - Entering sendWeeklyPatientRegistrationStats method in PatientServiceImpl
2024-12-05 22:09:30.113 [scheduling-1] TRACE PatientAnalyticsProducer - Preparing to send weekly patient registration stats to topic: patient-stats
2024-12-05 22:09:30.119 [scheduling-1] TRACE PatientServiceImpl - Exiting sendWeeklyPatientRegistrationStats method in PatientServiceImpl
2024-12-05 22:09:30.119 [scheduling-1] TRACE WeeklyStatsScheduler - Completed scheduleWeeklyStatsTask in WeeklyStatsScheduler.
2024-12-05 22:10:00.283 [scheduling-1] TRACE WeeklyStatsScheduler - Starting scheduleWeeklyStatsTask in WeeklyStatsScheduler.
2024-12-05 22:10:00.290 [scheduling-1] TRACE PatientServiceImpl - Entering sendWeeklyPatientRegistrationStats method in PatientServiceImpl
2024-12-05 22:10:00.368 [scheduling-1] TRACE PatientAnalyticsProducer - Preparing to send weekly patient registration stats to topic: patient-stats
2024-12-05 22:10:00.368 [scheduling-1] TRACE PatientServiceImpl - Exiting sendWeeklyPatientRegistrationStats method in PatientServiceImpl
2024-12-05 22:10:00.369 [scheduling-1] TRACE WeeklyStatsScheduler - Completed scheduleWeeklyStatsTask in WeeklyStatsScheduler.
2024-12-05 22:10:26.589 [AsyncResolver-bootstrap-executor-0] INFO  ConfigClusterResolver - Resolving eureka endpoints via configuration
2024-12-05 22:10:30.023 [scheduling-1] TRACE WeeklyStatsScheduler - Starting scheduleWeeklyStatsTask in WeeklyStatsScheduler.
2024-12-05 22:10:30.025 [scheduling-1] TRACE PatientServiceImpl - Entering sendWeeklyPatientRegistrationStats method in PatientServiceImpl
2024-12-05 22:10:30.055 [scheduling-1] TRACE PatientAnalyticsProducer - Preparing to send weekly patient registration stats to topic: patient-stats
2024-12-05 22:10:30.056 [scheduling-1] TRACE PatientServiceImpl - Exiting sendWeeklyPatientRegistrationStats method in PatientServiceImpl
2024-12-05 22:10:30.056 [scheduling-1] TRACE WeeklyStatsScheduler - Completed scheduleWeeklyStatsTask in WeeklyStatsScheduler.
2024-12-05 22:11:00.048 [scheduling-1] TRACE WeeklyStatsScheduler - Starting scheduleWeeklyStatsTask in WeeklyStatsScheduler.
2024-12-05 22:11:00.048 [scheduling-1] TRACE PatientServiceImpl - Entering sendWeeklyPatientRegistrationStats method in PatientServiceImpl
2024-12-05 22:11:00.090 [scheduling-1] TRACE PatientAnalyticsProducer - Preparing to send weekly patient registration stats to topic: patient-stats
2024-12-05 22:11:00.094 [scheduling-1] TRACE PatientServiceImpl - Exiting sendWeeklyPatientRegistrationStats method in PatientServiceImpl
2024-12-05 22:11:00.094 [scheduling-1] TRACE WeeklyStatsScheduler - Completed scheduleWeeklyStatsTask in WeeklyStatsScheduler.
2024-12-05 22:11:30.017 [scheduling-1] TRACE WeeklyStatsScheduler - Starting scheduleWeeklyStatsTask in WeeklyStatsScheduler.
2024-12-05 22:11:30.017 [scheduling-1] TRACE PatientServiceImpl - Entering sendWeeklyPatientRegistrationStats method in PatientServiceImpl
2024-12-05 22:11:30.039 [scheduling-1] TRACE PatientAnalyticsProducer - Preparing to send weekly patient registration stats to topic: patient-stats
2024-12-05 22:11:30.040 [scheduling-1] TRACE PatientServiceImpl - Exiting sendWeeklyPatientRegistrationStats method in PatientServiceImpl
2024-12-05 22:11:30.040 [scheduling-1] TRACE WeeklyStatsScheduler - Completed scheduleWeeklyStatsTask in WeeklyStatsScheduler.
2024-12-05 22:12:00.011 [scheduling-1] TRACE WeeklyStatsScheduler - Starting scheduleWeeklyStatsTask in WeeklyStatsScheduler.
2024-12-05 22:12:00.012 [scheduling-1] TRACE PatientServiceImpl - Entering sendWeeklyPatientRegistrationStats method in PatientServiceImpl
2024-12-05 22:12:00.029 [scheduling-1] TRACE PatientAnalyticsProducer - Preparing to send weekly patient registration stats to topic: patient-stats
2024-12-05 22:12:00.029 [scheduling-1] TRACE PatientServiceImpl - Exiting sendWeeklyPatientRegistrationStats method in PatientServiceImpl
2024-12-05 22:12:00.029 [scheduling-1] TRACE WeeklyStatsScheduler - Completed scheduleWeeklyStatsTask in WeeklyStatsScheduler.
2024-12-05 22:12:30.004 [scheduling-1] TRACE WeeklyStatsScheduler - Starting scheduleWeeklyStatsTask in WeeklyStatsScheduler.
2024-12-05 22:12:30.005 [scheduling-1] TRACE PatientServiceImpl - Entering sendWeeklyPatientRegistrationStats method in PatientServiceImpl
2024-12-05 22:12:30.042 [scheduling-1] TRACE PatientAnalyticsProducer - Preparing to send weekly patient registration stats to topic: patient-stats
2024-12-05 22:12:30.043 [scheduling-1] TRACE PatientServiceImpl - Exiting sendWeeklyPatientRegistrationStats method in PatientServiceImpl
2024-12-05 22:12:30.048 [scheduling-1] TRACE WeeklyStatsScheduler - Completed scheduleWeeklyStatsTask in WeeklyStatsScheduler.
2024-12-05 22:13:00.007 [scheduling-1] TRACE WeeklyStatsScheduler - Starting scheduleWeeklyStatsTask in WeeklyStatsScheduler.
2024-12-05 22:13:00.008 [scheduling-1] TRACE PatientServiceImpl - Entering sendWeeklyPatientRegistrationStats method in PatientServiceImpl
2024-12-05 22:13:00.037 [scheduling-1] TRACE PatientAnalyticsProducer - Preparing to send weekly patient registration stats to topic: patient-stats
2024-12-05 22:13:00.039 [scheduling-1] TRACE PatientServiceImpl - Exiting sendWeeklyPatientRegistrationStats method in PatientServiceImpl
2024-12-05 22:13:00.039 [scheduling-1] TRACE WeeklyStatsScheduler - Completed scheduleWeeklyStatsTask in WeeklyStatsScheduler.
2024-12-05 22:13:30.012 [scheduling-1] TRACE WeeklyStatsScheduler - Starting scheduleWeeklyStatsTask in WeeklyStatsScheduler.
2024-12-05 22:13:30.013 [scheduling-1] TRACE PatientServiceImpl - Entering sendWeeklyPatientRegistrationStats method in PatientServiceImpl
2024-12-05 22:13:30.059 [scheduling-1] TRACE PatientAnalyticsProducer - Preparing to send weekly patient registration stats to topic: patient-stats
2024-12-05 22:13:30.060 [scheduling-1] TRACE PatientServiceImpl - Exiting sendWeeklyPatientRegistrationStats method in PatientServiceImpl
2024-12-05 22:13:30.061 [scheduling-1] TRACE WeeklyStatsScheduler - Completed scheduleWeeklyStatsTask in WeeklyStatsScheduler.
2024-12-05 22:14:00.002 [scheduling-1] TRACE WeeklyStatsScheduler - Starting scheduleWeeklyStatsTask in WeeklyStatsScheduler.
2024-12-05 22:14:00.003 [scheduling-1] TRACE PatientServiceImpl - Entering sendWeeklyPatientRegistrationStats method in PatientServiceImpl
2024-12-05 22:14:00.050 [scheduling-1] TRACE PatientAnalyticsProducer - Preparing to send weekly patient registration stats to topic: patient-stats
2024-12-05 22:14:00.051 [scheduling-1] TRACE PatientServiceImpl - Exiting sendWeeklyPatientRegistrationStats method in PatientServiceImpl
2024-12-05 22:14:00.051 [scheduling-1] TRACE WeeklyStatsScheduler - Completed scheduleWeeklyStatsTask in WeeklyStatsScheduler.
2024-12-05 22:14:30.003 [scheduling-1] TRACE WeeklyStatsScheduler - Starting scheduleWeeklyStatsTask in WeeklyStatsScheduler.
2024-12-05 22:14:30.003 [scheduling-1] TRACE PatientServiceImpl - Entering sendWeeklyPatientRegistrationStats method in PatientServiceImpl
2024-12-05 22:14:30.045 [scheduling-1] TRACE PatientAnalyticsProducer - Preparing to send weekly patient registration stats to topic: patient-stats
2024-12-05 22:14:30.046 [scheduling-1] TRACE PatientServiceImpl - Exiting sendWeeklyPatientRegistrationStats method in PatientServiceImpl
2024-12-05 22:14:30.046 [scheduling-1] TRACE WeeklyStatsScheduler - Completed scheduleWeeklyStatsTask in WeeklyStatsScheduler.
2024-12-05 22:15:00.001 [scheduling-1] TRACE WeeklyStatsScheduler - Starting scheduleWeeklyStatsTask in WeeklyStatsScheduler.
2024-12-05 22:15:00.001 [scheduling-1] TRACE PatientServiceImpl - Entering sendWeeklyPatientRegistrationStats method in PatientServiceImpl
2024-12-05 22:15:00.027 [scheduling-1] TRACE PatientAnalyticsProducer - Preparing to send weekly patient registration stats to topic: patient-stats
2024-12-05 22:15:00.027 [scheduling-1] TRACE PatientServiceImpl - Exiting sendWeeklyPatientRegistrationStats method in PatientServiceImpl
2024-12-05 22:15:00.028 [scheduling-1] TRACE WeeklyStatsScheduler - Completed scheduleWeeklyStatsTask in WeeklyStatsScheduler.
2024-12-05 22:15:00.033 [kafka-producer-network-thread | patient-service-producer-1] INFO  NetworkClient - [Producer clientId=patient-service-producer-1] Node -1 disconnected.
2024-12-05 22:15:26.606 [AsyncResolver-bootstrap-executor-0] INFO  ConfigClusterResolver - Resolving eureka endpoints via configuration
2024-12-05 22:15:30.013 [scheduling-1] TRACE WeeklyStatsScheduler - Starting scheduleWeeklyStatsTask in WeeklyStatsScheduler.
2024-12-05 22:15:30.013 [scheduling-1] TRACE PatientServiceImpl - Entering sendWeeklyPatientRegistrationStats method in PatientServiceImpl
2024-12-05 22:15:30.034 [scheduling-1] TRACE PatientAnalyticsProducer - Preparing to send weekly patient registration stats to topic: patient-stats
2024-12-05 22:15:30.035 [scheduling-1] TRACE PatientServiceImpl - Exiting sendWeeklyPatientRegistrationStats method in PatientServiceImpl
2024-12-05 22:15:30.035 [scheduling-1] TRACE WeeklyStatsScheduler - Completed scheduleWeeklyStatsTask in WeeklyStatsScheduler.
2024-12-05 22:15:35.253 [SpringApplicationShutdownHook] INFO  EurekaServiceRegistry - Unregistering application PATIENT-SERVICE with eureka with status DOWN
2024-12-05 22:15:35.256 [SpringApplicationShutdownHook] INFO  DiscoveryClient - Saw local status change event StatusChangeEvent [timestamp=1733426135256, current=DOWN, previous=UP]
2024-12-05 22:15:35.259 [DiscoveryClient-InstanceInfoReplicator-0] INFO  DiscoveryClient - DiscoveryClient_PATIENT-SERVICE/10.7.85.246:patient-service:8083: registering service...
2024-12-05 22:15:35.636 [DiscoveryClient-InstanceInfoReplicator-0] INFO  RedirectingEurekaHttpClient - Request execution error. endpoint=DefaultEndpoint{ serviceUrl='http://localhost:8761/eureka/} exception=I/O error on POST request for "http://localhost:8761/eureka/apps/PATIENT-SERVICE": localhost:8761 failed to respond stacktrace=org.springframework.web.client.ResourceAccessException: I/O error on POST request for "http://localhost:8761/eureka/apps/PATIENT-SERVICE": localhost:8761 failed to respond
	at org.springframework.web.client.RestTemplate.createResourceAccessException(RestTemplate.java:915)
	at org.springframework.web.client.RestTemplate.doExecute(RestTemplate.java:895)
	at org.springframework.web.client.RestTemplate.execute(RestTemplate.java:790)
	at org.springframework.web.client.RestTemplate.exchange(RestTemplate.java:672)
	at org.springframework.cloud.netflix.eureka.http.RestTemplateEurekaHttpClient.register(RestTemplateEurekaHttpClient.java:77)
	at com.netflix.discovery.shared.transport.decorator.EurekaHttpClientDecorator$1.execute(EurekaHttpClientDecorator.java:59)
	at com.netflix.discovery.shared.transport.decorator.RedirectingEurekaHttpClient.execute(RedirectingEurekaHttpClient.java:91)
	at com.netflix.discovery.shared.transport.decorator.EurekaHttpClientDecorator.register(EurekaHttpClientDecorator.java:56)
	at com.netflix.discovery.shared.transport.decorator.EurekaHttpClientDecorator$1.execute(EurekaHttpClientDecorator.java:59)
	at com.netflix.discovery.shared.transport.decorator.RetryableEurekaHttpClient.execute(RetryableEurekaHttpClient.java:120)
	at com.netflix.discovery.shared.transport.decorator.EurekaHttpClientDecorator.register(EurekaHttpClientDecorator.java:56)
	at com.netflix.discovery.shared.transport.decorator.EurekaHttpClientDecorator$1.execute(EurekaHttpClientDecorator.java:59)
	at com.netflix.discovery.shared.transport.decorator.SessionedEurekaHttpClient.execute(SessionedEurekaHttpClient.java:77)
	at com.netflix.discovery.shared.transport.decorator.EurekaHttpClientDecorator.register(EurekaHttpClientDecorator.java:56)
	at com.netflix.discovery.DiscoveryClient.register(DiscoveryClient.java:820)
	at com.netflix.discovery.InstanceInfoReplicator.run(InstanceInfoReplicator.java:121)
	at com.netflix.discovery.InstanceInfoReplicator$1.run(InstanceInfoReplicator.java:101)
	at java.base/java.util.concurrent.Executors$RunnableAdapter.call(Executors.java:539)
	at java.base/java.util.concurrent.FutureTask.run(FutureTask.java:264)
	at java.base/java.util.concurrent.ScheduledThreadPoolExecutor$ScheduledFutureTask.run(ScheduledThreadPoolExecutor.java:304)
	at java.base/java.util.concurrent.ThreadPoolExecutor.runWorker(ThreadPoolExecutor.java:1136)
	at java.base/java.util.concurrent.ThreadPoolExecutor$Worker.run(ThreadPoolExecutor.java:635)
	at java.base/java.lang.Thread.run(Thread.java:842)
Caused by: org.apache.hc.core5.http.NoHttpResponseException: localhost:8761 failed to respond
	at org.apache.hc.core5.http.impl.io.DefaultBHttpClientConnection.receiveResponseHeader(DefaultBHttpClientConnection.java:306)
	at org.apache.hc.core5.http.impl.io.HttpRequestExecutor.execute(HttpRequestExecutor.java:175)
	at org.apache.hc.core5.http.impl.io.HttpRequestExecutor.execute(HttpRequestExecutor.java:218)
	at org.apache.hc.client5.http.impl.io.PoolingHttpClientConnectionManager$InternalConnectionEndpoint.execute(PoolingHttpClientConnectionManager.java:717)
	at org.apache.hc.client5.http.impl.classic.InternalExecRuntime.execute(InternalExecRuntime.java:216)
	at org.apache.hc.client5.http.impl.classic.MainClientExec.execute(MainClientExec.java:116)
	at org.apache.hc.client5.http.impl.classic.ExecChainElement.execute(ExecChainElement.java:51)
	at org.apache.hc.client5.http.impl.classic.ConnectExec.execute(ConnectExec.java:188)
	at org.apache.hc.client5.http.impl.classic.ExecChainElement.execute(ExecChainElement.java:51)
	at org.apache.hc.client5.http.impl.classic.ProtocolExec.execute(ProtocolExec.java:192)
	at org.apache.hc.client5.http.impl.classic.ExecChainElement.execute(ExecChainElement.java:51)
	at org.apache.hc.client5.http.impl.classic.HttpRequestRetryExec.execute(HttpRequestRetryExec.java:113)
	at org.apache.hc.client5.http.impl.classic.ExecChainElement.execute(ExecChainElement.java:51)
	at org.apache.hc.client5.http.impl.classic.ContentCompressionExec.execute(ContentCompressionExec.java:152)
	at org.apache.hc.client5.http.impl.classic.ExecChainElement.execute(ExecChainElement.java:51)
	at org.apache.hc.client5.http.impl.classic.RedirectExec.execute(RedirectExec.java:116)
	at org.apache.hc.client5.http.impl.classic.ExecChainElement.execute(ExecChainElement.java:51)
	at org.apache.hc.client5.http.impl.classic.InternalHttpClient.doExecute(InternalHttpClient.java:170)
	at org.apache.hc.client5.http.impl.classic.CloseableHttpClient.execute(CloseableHttpClient.java:87)
	at org.apache.hc.client5.http.impl.classic.CloseableHttpClient.execute(CloseableHttpClient.java:55)
	at org.apache.hc.client5.http.classic.HttpClient.executeOpen(HttpClient.java:183)
	at org.springframework.http.client.HttpComponentsClientHttpRequest.executeInternal(HttpComponentsClientHttpRequest.java:99)
	at org.springframework.http.client.AbstractStreamingClientHttpRequest.executeInternal(AbstractStreamingClientHttpRequest.java:70)
	at org.springframework.http.client.AbstractClientHttpRequest.execute(AbstractClientHttpRequest.java:66)
	at org.springframework.http.client.InterceptingClientHttpRequest$InterceptingRequestExecution.execute(InterceptingClientHttpRequest.java:112)
	at org.springframework.cloud.netflix.eureka.http.RestTemplateTransportClientFactory.lambda$restTemplate$0(RestTemplateTransportClientFactory.java:143)
	at org.springframework.http.client.InterceptingClientHttpRequest$InterceptingRequestExecution.execute(InterceptingClientHttpRequest.java:88)
	at org.springframework.http.client.InterceptingClientHttpRequest.executeInternal(InterceptingClientHttpRequest.java:72)
	at org.springframework.http.client.AbstractBufferingClientHttpRequest.executeInternal(AbstractBufferingClientHttpRequest.java:48)
	at org.springframework.http.client.AbstractClientHttpRequest.execute(AbstractClientHttpRequest.java:66)
	at org.springframework.web.client.RestTemplate.doExecute(RestTemplate.java:889)
	... 21 more

2024-12-05 22:15:35.638 [DiscoveryClient-InstanceInfoReplicator-0] WARN  RetryableEurekaHttpClient - Request execution failed with message: I/O error on POST request for "http://localhost:8761/eureka/apps/PATIENT-SERVICE": localhost:8761 failed to respond
2024-12-05 22:15:35.947 [DiscoveryClient-InstanceInfoReplicator-0] INFO  RedirectingEurekaHttpClient - Request execution error. endpoint=DefaultEndpoint{ serviceUrl='http://localhost:8761/eureka/}, exception=I/O error on POST request for "http://localhost:8761/eureka/apps/PATIENT-SERVICE": Connection reset stacktrace=org.springframework.web.client.ResourceAccessException: I/O error on POST request for "http://localhost:8761/eureka/apps/PATIENT-SERVICE": Connection reset
	at org.springframework.web.client.RestTemplate.createResourceAccessException(RestTemplate.java:915)
	at org.springframework.web.client.RestTemplate.doExecute(RestTemplate.java:895)
	at org.springframework.web.client.RestTemplate.execute(RestTemplate.java:790)
	at org.springframework.web.client.RestTemplate.exchange(RestTemplate.java:672)
	at org.springframework.cloud.netflix.eureka.http.RestTemplateEurekaHttpClient.register(RestTemplateEurekaHttpClient.java:77)
	at com.netflix.discovery.shared.transport.decorator.EurekaHttpClientDecorator$1.execute(EurekaHttpClientDecorator.java:59)
	at com.netflix.discovery.shared.transport.decorator.RedirectingEurekaHttpClient.executeOnNewServer(RedirectingEurekaHttpClient.java:121)
	at com.netflix.discovery.shared.transport.decorator.RedirectingEurekaHttpClient.execute(RedirectingEurekaHttpClient.java:80)
	at com.netflix.discovery.shared.transport.decorator.EurekaHttpClientDecorator.register(EurekaHttpClientDecorator.java:56)
	at com.netflix.discovery.shared.transport.decorator.EurekaHttpClientDecorator$1.execute(EurekaHttpClientDecorator.java:59)
	at com.netflix.discovery.shared.transport.decorator.RetryableEurekaHttpClient.execute(RetryableEurekaHttpClient.java:120)
	at com.netflix.discovery.shared.transport.decorator.EurekaHttpClientDecorator.register(EurekaHttpClientDecorator.java:56)
	at com.netflix.discovery.shared.transport.decorator.EurekaHttpClientDecorator$1.execute(EurekaHttpClientDecorator.java:59)
	at com.netflix.discovery.shared.transport.decorator.SessionedEurekaHttpClient.execute(SessionedEurekaHttpClient.java:77)
	at com.netflix.discovery.shared.transport.decorator.EurekaHttpClientDecorator.register(EurekaHttpClientDecorator.java:56)
	at com.netflix.discovery.DiscoveryClient.register(DiscoveryClient.java:820)
	at com.netflix.discovery.InstanceInfoReplicator.run(InstanceInfoReplicator.java:121)
	at com.netflix.discovery.InstanceInfoReplicator$1.run(InstanceInfoReplicator.java:101)
	at java.base/java.util.concurrent.Executors$RunnableAdapter.call(Executors.java:539)
	at java.base/java.util.concurrent.FutureTask.run(FutureTask.java:264)
	at java.base/java.util.concurrent.ScheduledThreadPoolExecutor$ScheduledFutureTask.run(ScheduledThreadPoolExecutor.java:304)
	at java.base/java.util.concurrent.ThreadPoolExecutor.runWorker(ThreadPoolExecutor.java:1136)
	at java.base/java.util.concurrent.ThreadPoolExecutor$Worker.run(ThreadPoolExecutor.java:635)
	at java.base/java.lang.Thread.run(Thread.java:842)
Caused by: java.net.SocketException: Connection reset
	at java.base/sun.nio.ch.NioSocketImpl.implRead(NioSocketImpl.java:328)
	at java.base/sun.nio.ch.NioSocketImpl.read(NioSocketImpl.java:355)
	at java.base/sun.nio.ch.NioSocketImpl$1.read(NioSocketImpl.java:808)
	at java.base/java.net.Socket$SocketInputStream.read(Socket.java:966)
	at org.apache.hc.core5.http.impl.io.SessionInputBufferImpl.fillBuffer(SessionInputBufferImpl.java:149)
	at org.apache.hc.core5.http.impl.io.SessionInputBufferImpl.readLine(SessionInputBufferImpl.java:280)
	at org.apache.hc.core5.http.impl.io.AbstractMessageParser.parse(AbstractMessageParser.java:247)
	at org.apache.hc.core5.http.impl.io.AbstractMessageParser.parse(AbstractMessageParser.java:54)
	at org.apache.hc.core5.http.impl.io.DefaultBHttpClientConnection.receiveResponseHeader(DefaultBHttpClientConnection.java:304)
	at org.apache.hc.core5.http.impl.io.HttpRequestExecutor.execute(HttpRequestExecutor.java:175)
	at org.apache.hc.core5.http.impl.io.HttpRequestExecutor.execute(HttpRequestExecutor.java:218)
	at org.apache.hc.client5.http.impl.io.PoolingHttpClientConnectionManager$InternalConnectionEndpoint.execute(PoolingHttpClientConnectionManager.java:717)
	at org.apache.hc.client5.http.impl.classic.InternalExecRuntime.execute(InternalExecRuntime.java:216)
	at org.apache.hc.client5.http.impl.classic.MainClientExec.execute(MainClientExec.java:116)
	at org.apache.hc.client5.http.impl.classic.ExecChainElement.execute(ExecChainElement.java:51)
	at org.apache.hc.client5.http.impl.classic.ConnectExec.execute(ConnectExec.java:188)
	at org.apache.hc.client5.http.impl.classic.ExecChainElement.execute(ExecChainElement.java:51)
	at org.apache.hc.client5.http.impl.classic.ProtocolExec.execute(ProtocolExec.java:192)
	at org.apache.hc.client5.http.impl.classic.ExecChainElement.execute(ExecChainElement.java:51)
	at org.apache.hc.client5.http.impl.classic.HttpRequestRetryExec.execute(HttpRequestRetryExec.java:113)
	at org.apache.hc.client5.http.impl.classic.ExecChainElement.execute(ExecChainElement.java:51)
	at org.apache.hc.client5.http.impl.classic.ContentCompressionExec.execute(ContentCompressionExec.java:152)
	at org.apache.hc.client5.http.impl.classic.ExecChainElement.execute(ExecChainElement.java:51)
	at org.apache.hc.client5.http.impl.classic.RedirectExec.execute(RedirectExec.java:116)
	at org.apache.hc.client5.http.impl.classic.ExecChainElement.execute(ExecChainElement.java:51)
	at org.apache.hc.client5.http.impl.classic.InternalHttpClient.doExecute(InternalHttpClient.java:170)
	at org.apache.hc.client5.http.impl.classic.CloseableHttpClient.execute(CloseableHttpClient.java:87)
	at org.apache.hc.client5.http.impl.classic.CloseableHttpClient.execute(CloseableHttpClient.java:55)
	at org.apache.hc.client5.http.classic.HttpClient.executeOpen(HttpClient.java:183)
	at org.springframework.http.client.HttpComponentsClientHttpRequest.executeInternal(HttpComponentsClientHttpRequest.java:99)
	at org.springframework.http.client.AbstractStreamingClientHttpRequest.executeInternal(AbstractStreamingClientHttpRequest.java:70)
	at org.springframework.http.client.AbstractClientHttpRequest.execute(AbstractClientHttpRequest.java:66)
	at org.springframework.http.client.InterceptingClientHttpRequest$InterceptingRequestExecution.execute(InterceptingClientHttpRequest.java:112)
	at org.springframework.cloud.netflix.eureka.http.RestTemplateTransportClientFactory.lambda$restTemplate$0(RestTemplateTransportClientFactory.java:143)
	at org.springframework.http.client.InterceptingClientHttpRequest$InterceptingRequestExecution.execute(InterceptingClientHttpRequest.java:88)
	at org.springframework.http.client.InterceptingClientHttpRequest.executeInternal(InterceptingClientHttpRequest.java:72)
	at org.springframework.http.client.AbstractBufferingClientHttpRequest.executeInternal(AbstractBufferingClientHttpRequest.java:48)
	at org.springframework.http.client.AbstractClientHttpRequest.execute(AbstractClientHttpRequest.java:66)
	at org.springframework.web.client.RestTemplate.doExecute(RestTemplate.java:889)
	... 22 more

2024-12-05 22:15:35.947 [DiscoveryClient-InstanceInfoReplicator-0] WARN  RetryableEurekaHttpClient - Request execution failed with message: I/O error on POST request for "http://localhost:8761/eureka/apps/PATIENT-SERVICE": Connection reset
2024-12-05 22:15:35.949 [DiscoveryClient-InstanceInfoReplicator-0] WARN  DiscoveryClient - DiscoveryClient_PATIENT-SERVICE/10.7.85.246:patient-service:8083 - registration failed Cannot execute request on any known server
com.netflix.discovery.shared.transport.TransportException: Cannot execute request on any known server
	at com.netflix.discovery.shared.transport.decorator.RetryableEurekaHttpClient.execute(RetryableEurekaHttpClient.java:112) ~[eureka-client-2.0.2.jar:2.0.2]
	at com.netflix.discovery.shared.transport.decorator.EurekaHttpClientDecorator.register(EurekaHttpClientDecorator.java:56) ~[eureka-client-2.0.2.jar:2.0.2]
	at com.netflix.discovery.shared.transport.decorator.EurekaHttpClientDecorator$1.execute(EurekaHttpClientDecorator.java:59) ~[eureka-client-2.0.2.jar:2.0.2]
	at com.netflix.discovery.shared.transport.decorator.SessionedEurekaHttpClient.execute(SessionedEurekaHttpClient.java:77) ~[eureka-client-2.0.2.jar:2.0.2]
	at com.netflix.discovery.shared.transport.decorator.EurekaHttpClientDecorator.register(EurekaHttpClientDecorator.java:56) ~[eureka-client-2.0.2.jar:2.0.2]
	at com.netflix.discovery.DiscoveryClient.register(DiscoveryClient.java:820) [eureka-client-2.0.2.jar:2.0.2]
	at com.netflix.discovery.InstanceInfoReplicator.run(InstanceInfoReplicator.java:121) [eureka-client-2.0.2.jar:2.0.2]
	at com.netflix.discovery.InstanceInfoReplicator$1.run(InstanceInfoReplicator.java:101) [eureka-client-2.0.2.jar:2.0.2]
	at java.base/java.util.concurrent.Executors$RunnableAdapter.call(Executors.java:539) [?:?]
	at java.base/java.util.concurrent.FutureTask.run(FutureTask.java:264) [?:?]
	at java.base/java.util.concurrent.ScheduledThreadPoolExecutor$ScheduledFutureTask.run(ScheduledThreadPoolExecutor.java:304) [?:?]
	at java.base/java.util.concurrent.ThreadPoolExecutor.runWorker(ThreadPoolExecutor.java:1136) [?:?]
	at java.base/java.util.concurrent.ThreadPoolExecutor$Worker.run(ThreadPoolExecutor.java:635) [?:?]
	at java.base/java.lang.Thread.run(Thread.java:842) [?:?]
2024-12-05 22:15:35.958 [DiscoveryClient-InstanceInfoReplicator-0] WARN  InstanceInfoReplicator - There was a problem with the instance info replicator
com.netflix.discovery.shared.transport.TransportException: Cannot execute request on any known server
	at com.netflix.discovery.shared.transport.decorator.RetryableEurekaHttpClient.execute(RetryableEurekaHttpClient.java:112) ~[eureka-client-2.0.2.jar:2.0.2]
	at com.netflix.discovery.shared.transport.decorator.EurekaHttpClientDecorator.register(EurekaHttpClientDecorator.java:56) ~[eureka-client-2.0.2.jar:2.0.2]
	at com.netflix.discovery.shared.transport.decorator.EurekaHttpClientDecorator$1.execute(EurekaHttpClientDecorator.java:59) ~[eureka-client-2.0.2.jar:2.0.2]
	at com.netflix.discovery.shared.transport.decorator.SessionedEurekaHttpClient.execute(SessionedEurekaHttpClient.java:77) ~[eureka-client-2.0.2.jar:2.0.2]
	at com.netflix.discovery.shared.transport.decorator.EurekaHttpClientDecorator.register(EurekaHttpClientDecorator.java:56) ~[eureka-client-2.0.2.jar:2.0.2]
	at com.netflix.discovery.DiscoveryClient.register(DiscoveryClient.java:820) ~[eureka-client-2.0.2.jar:2.0.2]
	at com.netflix.discovery.InstanceInfoReplicator.run(InstanceInfoReplicator.java:121) [eureka-client-2.0.2.jar:2.0.2]
	at com.netflix.discovery.InstanceInfoReplicator$1.run(InstanceInfoReplicator.java:101) [eureka-client-2.0.2.jar:2.0.2]
	at java.base/java.util.concurrent.Executors$RunnableAdapter.call(Executors.java:539) [?:?]
	at java.base/java.util.concurrent.FutureTask.run(FutureTask.java:264) [?:?]
	at java.base/java.util.concurrent.ScheduledThreadPoolExecutor$ScheduledFutureTask.run(ScheduledThreadPoolExecutor.java:304) [?:?]
	at java.base/java.util.concurrent.ThreadPoolExecutor.runWorker(ThreadPoolExecutor.java:1136) [?:?]
	at java.base/java.util.concurrent.ThreadPoolExecutor$Worker.run(ThreadPoolExecutor.java:635) [?:?]
	at java.base/java.lang.Thread.run(Thread.java:842) [?:?]
2024-12-05 22:15:36.851 [SpringApplicationShutdownHook] INFO  KafkaProducer - [Producer clientId=patient-service-producer-1] Closing the Kafka producer with timeoutMillis = 30000 ms.
2024-12-05 22:15:36.940 [SpringApplicationShutdownHook] INFO  Metrics - Metrics scheduler closed
2024-12-05 22:15:36.941 [SpringApplicationShutdownHook] INFO  Metrics - Closing reporter org.apache.kafka.common.metrics.JmxReporter
2024-12-05 22:15:36.943 [SpringApplicationShutdownHook] INFO  Metrics - Closing reporter org.apache.kafka.common.telemetry.internals.ClientTelemetryReporter
2024-12-05 22:15:36.944 [SpringApplicationShutdownHook] INFO  Metrics - Metrics reporters closed
2024-12-05 22:15:36.959 [SpringApplicationShutdownHook] INFO  AppInfoParser - App info kafka.producer for patient-service-producer-1 unregistered
2024-12-05 22:15:37.533 [SpringApplicationShutdownHook] INFO  LocalContainerEntityManagerFactoryBean - Closing JPA EntityManagerFactory for persistence unit 'default'
2024-12-05 22:15:37.643 [SpringApplicationShutdownHook] INFO  HikariDataSource - HikariPool-1 - Shutdown initiated...
2024-12-05 22:15:37.667 [SpringApplicationShutdownHook] INFO  HikariDataSource - HikariPool-1 - Shutdown completed.
2024-12-05 22:15:38.531 [SpringApplicationShutdownHook] INFO  DiscoveryClient - Shutting down DiscoveryClient ...
2024-12-05 22:15:41.543 [SpringApplicationShutdownHook] INFO  DiscoveryClient - Unregistering ...
2024-12-05 22:15:41.562 [SpringApplicationShutdownHook] INFO  RedirectingEurekaHttpClient - Request execution error. endpoint=DefaultEndpoint{ serviceUrl='http://localhost:8761/eureka/}, exception=Connection pool shut down stacktrace=java.lang.IllegalStateException: Connection pool shut down
	at org.apache.hc.core5.util.Asserts.check(Asserts.java:38)
	at org.apache.hc.core5.pool.StrictConnPool.lease(StrictConnPool.java:176)
	at org.apache.hc.client5.http.impl.io.PoolingHttpClientConnectionManager.lease(PoolingHttpClientConnectionManager.java:297)
	at org.apache.hc.client5.http.impl.classic.InternalExecRuntime.acquireEndpoint(InternalExecRuntime.java:103)
	at org.apache.hc.client5.http.impl.classic.ConnectExec.execute(ConnectExec.java:125)
	at org.apache.hc.client5.http.impl.classic.ExecChainElement.execute(ExecChainElement.java:51)
	at org.apache.hc.client5.http.impl.classic.ProtocolExec.execute(ProtocolExec.java:192)
	at org.apache.hc.client5.http.impl.classic.ExecChainElement.execute(ExecChainElement.java:51)
	at org.apache.hc.client5.http.impl.classic.HttpRequestRetryExec.execute(HttpRequestRetryExec.java:113)
	at org.apache.hc.client5.http.impl.classic.ExecChainElement.execute(ExecChainElement.java:51)
	at org.apache.hc.client5.http.impl.classic.ContentCompressionExec.execute(ContentCompressionExec.java:152)
	at org.apache.hc.client5.http.impl.classic.ExecChainElement.execute(ExecChainElement.java:51)
	at org.apache.hc.client5.http.impl.classic.RedirectExec.execute(RedirectExec.java:116)
	at org.apache.hc.client5.http.impl.classic.ExecChainElement.execute(ExecChainElement.java:51)
	at org.apache.hc.client5.http.impl.classic.InternalHttpClient.doExecute(InternalHttpClient.java:170)
	at org.apache.hc.client5.http.impl.classic.CloseableHttpClient.execute(CloseableHttpClient.java:87)
	at org.apache.hc.client5.http.impl.classic.CloseableHttpClient.execute(CloseableHttpClient.java:55)
	at org.apache.hc.client5.http.classic.HttpClient.executeOpen(HttpClient.java:183)
	at org.springframework.http.client.HttpComponentsClientHttpRequest.executeInternal(HttpComponentsClientHttpRequest.java:99)
	at org.springframework.http.client.AbstractStreamingClientHttpRequest.executeInternal(AbstractStreamingClientHttpRequest.java:70)
	at org.springframework.http.client.AbstractClientHttpRequest.execute(AbstractClientHttpRequest.java:66)
	at org.springframework.http.client.InterceptingClientHttpRequest$InterceptingRequestExecution.execute(InterceptingClientHttpRequest.java:112)
	at org.springframework.cloud.netflix.eureka.http.RestTemplateTransportClientFactory.lambda$restTemplate$0(RestTemplateTransportClientFactory.java:143)
	at org.springframework.http.client.InterceptingClientHttpRequest$InterceptingRequestExecution.execute(InterceptingClientHttpRequest.java:88)
	at org.springframework.http.client.InterceptingClientHttpRequest.executeInternal(InterceptingClientHttpRequest.java:72)
	at org.springframework.http.client.AbstractBufferingClientHttpRequest.executeInternal(AbstractBufferingClientHttpRequest.java:48)
	at org.springframework.http.client.AbstractClientHttpRequest.execute(AbstractClientHttpRequest.java:66)
	at org.springframework.web.client.RestTemplate.doExecute(RestTemplate.java:889)
	at org.springframework.web.client.RestTemplate.execute(RestTemplate.java:790)
	at org.springframework.web.client.RestTemplate.exchange(RestTemplate.java:672)
	at org.springframework.cloud.netflix.eureka.http.RestTemplateEurekaHttpClient.cancel(RestTemplateEurekaHttpClient.java:87)
	at com.netflix.discovery.shared.transport.decorator.EurekaHttpClientDecorator$2.execute(EurekaHttpClientDecorator.java:74)
	at com.netflix.discovery.shared.transport.decorator.RedirectingEurekaHttpClient.executeOnNewServer(RedirectingEurekaHttpClient.java:121)
	at com.netflix.discovery.shared.transport.decorator.RedirectingEurekaHttpClient.execute(RedirectingEurekaHttpClient.java:80)
	at com.netflix.discovery.shared.transport.decorator.EurekaHttpClientDecorator.cancel(EurekaHttpClientDecorator.java:71)
	at com.netflix.discovery.shared.transport.decorator.EurekaHttpClientDecorator$2.execute(EurekaHttpClientDecorator.java:74)
	at com.netflix.discovery.shared.transport.decorator.RetryableEurekaHttpClient.execute(RetryableEurekaHttpClient.java:120)
	at com.netflix.discovery.shared.transport.decorator.EurekaHttpClientDecorator.cancel(EurekaHttpClientDecorator.java:71)
	at com.netflix.discovery.shared.transport.decorator.EurekaHttpClientDecorator$2.execute(EurekaHttpClientDecorator.java:74)
	at com.netflix.discovery.shared.transport.decorator.SessionedEurekaHttpClient.execute(SessionedEurekaHttpClient.java:77)
	at com.netflix.discovery.shared.transport.decorator.EurekaHttpClientDecorator.cancel(EurekaHttpClientDecorator.java:71)
	at com.netflix.discovery.DiscoveryClient.unregister(DiscoveryClient.java:916)
	at com.netflix.discovery.DiscoveryClient.shutdown(DiscoveryClient.java:892)
	at java.base/jdk.internal.reflect.NativeMethodAccessorImpl.invoke0(Native Method)
	at java.base/jdk.internal.reflect.NativeMethodAccessorImpl.invoke(NativeMethodAccessorImpl.java:77)
	at java.base/jdk.internal.reflect.DelegatingMethodAccessorImpl.invoke(DelegatingMethodAccessorImpl.java:43)
	at java.base/java.lang.reflect.Method.invoke(Method.java:568)
	at org.springframework.beans.factory.annotation.InitDestroyAnnotationBeanPostProcessor$LifecycleMethod.invoke(InitDestroyAnnotationBeanPostProcessor.java:457)
	at org.springframework.beans.factory.annotation.InitDestroyAnnotationBeanPostProcessor$LifecycleMetadata.invokeDestroyMethods(InitDestroyAnnotationBeanPostProcessor.java:415)
	at org.springframework.beans.factory.annotation.InitDestroyAnnotationBeanPostProcessor.postProcessBeforeDestruction(InitDestroyAnnotationBeanPostProcessor.java:239)
	at org.springframework.beans.factory.support.DisposableBeanAdapter.destroy(DisposableBeanAdapter.java:202)
	at org.springframework.beans.factory.support.DisposableBeanAdapter.run(DisposableBeanAdapter.java:195)
	at org.springframework.cloud.context.scope.GenericScope$BeanLifecycleWrapper.destroy(GenericScope.java:389)
	at org.springframework.cloud.context.scope.GenericScope.destroy(GenericScope.java:136)
	at org.springframework.beans.factory.support.DisposableBeanAdapter.destroy(DisposableBeanAdapter.java:211)
	at org.springframework.beans.factory.support.DefaultSingletonBeanRegistry.destroyBean(DefaultSingletonBeanRegistry.java:587)
	at org.springframework.beans.factory.support.DefaultSingletonBeanRegistry.destroySingleton(DefaultSingletonBeanRegistry.java:559)
	at org.springframework.beans.factory.support.DefaultListableBeanFactory.destroySingleton(DefaultListableBeanFactory.java:1202)
	at org.springframework.beans.factory.support.DefaultSingletonBeanRegistry.destroySingletons(DefaultSingletonBeanRegistry.java:520)
	at org.springframework.beans.factory.support.DefaultListableBeanFactory.destroySingletons(DefaultListableBeanFactory.java:1195)
	at org.springframework.context.support.AbstractApplicationContext.destroyBeans(AbstractApplicationContext.java:1195)
	at org.springframework.context.support.AbstractApplicationContext.doClose(AbstractApplicationContext.java:1156)
	at org.springframework.boot.web.servlet.context.ServletWebServerApplicationContext.doClose(ServletWebServerApplicationContext.java:174)
	at org.springframework.context.support.AbstractApplicationContext.close(AbstractApplicationContext.java:1102)
	at org.springframework.boot.SpringApplicationShutdownHook.closeAndWait(SpringApplicationShutdownHook.java:145)
	at java.base/java.lang.Iterable.forEach(Iterable.java:75)
	at org.springframework.boot.SpringApplicationShutdownHook.run(SpringApplicationShutdownHook.java:114)
	at java.base/java.lang.Thread.run(Thread.java:842)

2024-12-05 22:15:41.563 [SpringApplicationShutdownHook] WARN  RetryableEurekaHttpClient - Request execution failed with message: Connection pool shut down
2024-12-05 22:15:41.563 [SpringApplicationShutdownHook] ERROR DiscoveryClient - DiscoveryClient_PATIENT-SERVICE/10.7.85.246:patient-service:8083 - de-registration failedCannot execute request on any known server
com.netflix.discovery.shared.transport.TransportException: Cannot execute request on any known server
	at com.netflix.discovery.shared.transport.decorator.RetryableEurekaHttpClient.execute(RetryableEurekaHttpClient.java:112) ~[eureka-client-2.0.2.jar:2.0.2]
	at com.netflix.discovery.shared.transport.decorator.EurekaHttpClientDecorator.cancel(EurekaHttpClientDecorator.java:71) ~[eureka-client-2.0.2.jar:2.0.2]
	at com.netflix.discovery.shared.transport.decorator.EurekaHttpClientDecorator$2.execute(EurekaHttpClientDecorator.java:74) ~[eureka-client-2.0.2.jar:2.0.2]
	at com.netflix.discovery.shared.transport.decorator.SessionedEurekaHttpClient.execute(SessionedEurekaHttpClient.java:77) ~[eureka-client-2.0.2.jar:2.0.2]
	at com.netflix.discovery.shared.transport.decorator.EurekaHttpClientDecorator.cancel(EurekaHttpClientDecorator.java:71) ~[eureka-client-2.0.2.jar:2.0.2]
	at com.netflix.discovery.DiscoveryClient.unregister(DiscoveryClient.java:916) ~[eureka-client-2.0.2.jar:2.0.2]
	at com.netflix.discovery.DiscoveryClient.shutdown(DiscoveryClient.java:892) ~[eureka-client-2.0.2.jar:2.0.2]
	at java.base/jdk.internal.reflect.NativeMethodAccessorImpl.invoke0(Native Method) ~[?:?]
	at java.base/jdk.internal.reflect.NativeMethodAccessorImpl.invoke(NativeMethodAccessorImpl.java:77) ~[?:?]
	at java.base/jdk.internal.reflect.DelegatingMethodAccessorImpl.invoke(DelegatingMethodAccessorImpl.java:43) ~[?:?]
	at java.base/java.lang.reflect.Method.invoke(Method.java:568) ~[?:?]
	at org.springframework.beans.factory.annotation.InitDestroyAnnotationBeanPostProcessor$LifecycleMethod.invoke(InitDestroyAnnotationBeanPostProcessor.java:457) ~[spring-beans-6.1.12.jar:6.1.12]
	at org.springframework.beans.factory.annotation.InitDestroyAnnotationBeanPostProcessor$LifecycleMetadata.invokeDestroyMethods(InitDestroyAnnotationBeanPostProcessor.java:415) ~[spring-beans-6.1.12.jar:6.1.12]
	at org.springframework.beans.factory.annotation.InitDestroyAnnotationBeanPostProcessor.postProcessBeforeDestruction(InitDestroyAnnotationBeanPostProcessor.java:239) ~[spring-beans-6.1.12.jar:6.1.12]
	at org.springframework.beans.factory.support.DisposableBeanAdapter.destroy(DisposableBeanAdapter.java:202) ~[spring-beans-6.1.12.jar:6.1.12]
	at org.springframework.beans.factory.support.DisposableBeanAdapter.run(DisposableBeanAdapter.java:195) ~[spring-beans-6.1.12.jar:6.1.12]
	at org.springframework.cloud.context.scope.GenericScope$BeanLifecycleWrapper.destroy(GenericScope.java:389) ~[spring-cloud-context-4.1.2.jar:4.1.2]
	at org.springframework.cloud.context.scope.GenericScope.destroy(GenericScope.java:136) ~[spring-cloud-context-4.1.2.jar:4.1.2]
	at org.springframework.beans.factory.support.DisposableBeanAdapter.destroy(DisposableBeanAdapter.java:211) ~[spring-beans-6.1.12.jar:6.1.12]
	at org.springframework.beans.factory.support.DefaultSingletonBeanRegistry.destroyBean(DefaultSingletonBeanRegistry.java:587) ~[spring-beans-6.1.12.jar:6.1.12]
	at org.springframework.beans.factory.support.DefaultSingletonBeanRegistry.destroySingleton(DefaultSingletonBeanRegistry.java:559) ~[spring-beans-6.1.12.jar:6.1.12]
	at org.springframework.beans.factory.support.DefaultListableBeanFactory.destroySingleton(DefaultListableBeanFactory.java:1202) ~[spring-beans-6.1.12.jar:6.1.12]
	at org.springframework.beans.factory.support.DefaultSingletonBeanRegistry.destroySingletons(DefaultSingletonBeanRegistry.java:520) ~[spring-beans-6.1.12.jar:6.1.12]
	at org.springframework.beans.factory.support.DefaultListableBeanFactory.destroySingletons(DefaultListableBeanFactory.java:1195) ~[spring-beans-6.1.12.jar:6.1.12]
	at org.springframework.context.support.AbstractApplicationContext.destroyBeans(AbstractApplicationContext.java:1195) ~[spring-context-6.1.12.jar:6.1.12]
	at org.springframework.context.support.AbstractApplicationContext.doClose(AbstractApplicationContext.java:1156) ~[spring-context-6.1.12.jar:6.1.12]
	at org.springframework.boot.web.servlet.context.ServletWebServerApplicationContext.doClose(ServletWebServerApplicationContext.java:174) ~[spring-boot-3.3.3.jar:3.3.3]
	at org.springframework.context.support.AbstractApplicationContext.close(AbstractApplicationContext.java:1102) ~[spring-context-6.1.12.jar:6.1.12]
	at org.springframework.boot.SpringApplicationShutdownHook.closeAndWait(SpringApplicationShutdownHook.java:145) ~[spring-boot-3.3.3.jar:3.3.3]
	at java.base/java.lang.Iterable.forEach(Iterable.java:75) [?:?]
	at org.springframework.boot.SpringApplicationShutdownHook.run(SpringApplicationShutdownHook.java:114) [spring-boot-3.3.3.jar:3.3.3]
	at java.base/java.lang.Thread.run(Thread.java:842) [?:?]
2024-12-05 22:15:41.587 [SpringApplicationShutdownHook] INFO  DiscoveryClient - Completed shut down of DiscoveryClient
