2024-12-06 22:35:00.966 [main] TRACE AnalyticsController - Entering getPatientChart method in AnalyticsController class
2024-12-06 22:35:00.988 [main] TRACE AnalyticsController - Exiting getPatientChart method in AnalyticsController class
2024-12-06 22:35:27.667 [main] TRACE AnalyticsController - Entering getReportChart method in AnalyticsController class
2024-12-06 22:35:27.683 [main] TRACE AnalyticsController - Exiting getReportChart method in AnalyticsController class
2024-12-06 22:36:15.019 [main] TRACE AnalyticsController - Entering getPatientChart method in AnalyticsController class
2024-12-06 22:36:15.051 [main] TRACE AnalyticsController - Exiting getPatientChart method in AnalyticsController class
2024-12-06 22:36:15.082 [main] TRACE AnalyticsController - Entering getReportChart method in AnalyticsController class
2024-12-06 22:36:15.082 [main] TRACE AnalyticsController - Exiting getReportChart method in AnalyticsController class
2024-12-06 22:43:03.364 [main] TRACE AnalyticsController - Entering getPatientChart method in AnalyticsController class
2024-12-06 22:43:03.374 [main] TRACE AnalyticsController - Exiting getPatientChart method in AnalyticsController class
2024-12-06 22:43:03.416 [main] TRACE AnalyticsController - Entering getReportChart method in AnalyticsController class
2024-12-06 22:43:03.416 [main] TRACE AnalyticsController - Exiting getReportChart method in AnalyticsController class
2024-12-06 22:45:31.674 [main] TRACE AnalyticsServiceImpl - Entering getPatientChart method in AnalyticsServiceImpl
2024-12-06 22:45:31.705 [main] TRACE AnalyticsServiceImpl - Exiting getPatientChart method in AnalyticsServiceImpl
2024-12-06 22:45:44.911 [main] TRACE AnalyticsServiceImpl - Entering getPatientChart method in AnalyticsServiceImpl
2024-12-06 22:45:44.926 [main] ERROR AnalyticsServiceImpl - No weekly patient stats available
2024-12-06 22:46:03.454 [main] TRACE AnalyticsServiceImpl - Entering getReportChart method in AnalyticsServiceImpl
2024-12-06 22:46:03.485 [main] TRACE AnalyticsServiceImpl - Exiting getReportChart method in AnalyticsServiceImpl
2024-12-06 22:46:32.028 [main] TRACE AnalyticsServiceImpl - Entering getReportChart method in AnalyticsServiceImpl
2024-12-06 22:46:32.044 [main] ERROR AnalyticsServiceImpl - No weekly report stats available
2024-12-06 22:46:48.848 [main] TRACE AnalyticsServiceImpl - Entering sendPatientSatisfactionSurvey method with email: test@example.com
2024-12-06 22:46:48.910 [main] INFO  AnalyticsServiceImpl - Survey email sent to: test@example.com
2024-12-06 22:46:48.910 [main] TRACE AnalyticsServiceImpl - Exiting sendPatientSatisfactionSurvey method in AnalyticsServiceImpl
2024-12-06 22:47:13.974 [main] TRACE AnalyticsServiceImpl - Entering getReportChart method in AnalyticsServiceImpl
2024-12-06 22:47:14.006 [main] ERROR AnalyticsServiceImpl - No weekly report stats available
2024-12-06 22:47:14.068 [main] TRACE AnalyticsServiceImpl - Entering sendPatientSatisfactionSurvey method with email: test@example.com
2024-12-06 22:47:14.084 [main] INFO  AnalyticsServiceImpl - Survey email sent to: test@example.com
2024-12-06 22:47:14.084 [main] TRACE AnalyticsServiceImpl - Exiting sendPatientSatisfactionSurvey method in AnalyticsServiceImpl
2024-12-06 22:47:14.099 [main] TRACE AnalyticsServiceImpl - Entering getPatientChart method in AnalyticsServiceImpl
2024-12-06 22:47:14.099 [main] ERROR AnalyticsServiceImpl - No weekly patient stats available
2024-12-06 22:47:14.115 [main] TRACE AnalyticsServiceImpl - Entering getReportChart method in AnalyticsServiceImpl
2024-12-06 22:47:14.115 [main] TRACE AnalyticsServiceImpl - Exiting getReportChart method in AnalyticsServiceImpl
2024-12-06 22:47:14.115 [main] TRACE AnalyticsServiceImpl - Entering getPatientChart method in AnalyticsServiceImpl
2024-12-06 22:47:14.131 [main] TRACE AnalyticsServiceImpl - Exiting getPatientChart method in AnalyticsServiceImpl
